[ 2019-06-14T18:42:35+08:00 ] 14.17.21.58 /daili.php
INFO: [ app_init ] --START--
INFO: Run Behavior\BuildLiteBehavior [ RunTime:0.000009s ]
INFO: [ app_init ] --END-- [ RunTime:0.000190s ]
INFO: [ app_begin ] --START--
INFO: Run Behavior\ReadHtmlCacheBehavior [ RunTime:0.000259s ]
INFO: [ app_begin ] --END-- [ RunTime:0.000307s ]
INFO: [ view_parse ] --START--
INFO: [ template_filter ] --START--
INFO: Run Behavior\ContentReplaceBehavior [ RunTime:0.000026s ]
INFO: [ template_filter ] --END-- [ RunTime:0.000059s ]
INFO: Run Behavior\ParseTemplateBehavior [ RunTime:0.003062s ]
INFO: [ view_parse ] --END-- [ RunTime:0.003086s ]
INFO: [ view_filter ] --START--
INFO: Run Behavior\WriteHtmlCacheBehavior [ RunTime:0.000142s ]
INFO: [ view_filter ] --END-- [ RunTime:0.000158s ]

[ 2019-06-14T18:43:34+08:00 ] 223.166.151.197 /daili.php
INFO: [ app_init ] --START--
INFO: Run Behavior\BuildLiteBehavior [ RunTime:0.000032s ]
INFO: [ app_init ] --END-- [ RunTime:0.000220s ]
INFO: [ app_begin ] --START--
INFO: Run Behavior\ReadHtmlCacheBehavior [ RunTime:0.000287s ]
INFO: [ app_begin ] --END-- [ RunTime:0.000313s ]
INFO: [ view_parse ] --START--
INFO: [ template_filter ] --START--
INFO: Run Behavior\ContentReplaceBehavior [ RunTime:0.000028s ]
INFO: [ template_filter ] --END-- [ RunTime:0.000052s ]
INFO: Run Behavior\ParseTemplateBehavior [ RunTime:0.003123s ]
INFO: [ view_parse ] --END-- [ RunTime:0.003150s ]
INFO: [ view_filter ] --START--
INFO: Run Behavior\WriteHtmlCacheBehavior [ RunTime:0.000125s ]
INFO: [ view_filter ] --END-- [ RunTime:0.000141s ]

[ 2019-06-14T18:44:19+08:00 ] 163.179.49.100 /daili.php?tdsourcetag=s_pcqq_aiomsg
INFO: [ app_init ] --START--
INFO: Run Behavior\BuildLiteBehavior [ RunTime:0.000009s ]
INFO: [ app_init ] --END-- [ RunTime:0.000239s ]
INFO: [ app_begin ] --START--
INFO: Run Behavior\ReadHtmlCacheBehavior [ RunTime:0.000291s ]
INFO: [ app_begin ] --END-- [ RunTime:0.000315s ]
INFO: [ view_parse ] --START--
INFO: [ template_filter ] --START--
INFO: Run Behavior\ContentReplaceBehavior [ RunTime:0.000027s ]
INFO: [ template_filter ] --END-- [ RunTime:0.000052s ]
INFO: Run Behavior\ParseTemplateBehavior [ RunTime:0.003218s ]
INFO: [ view_parse ] --END-- [ RunTime:0.003243s ]
INFO: [ view_filter ] --START--
INFO: Run Behavior\WriteHtmlCacheBehavior [ RunTime:0.000125s ]
INFO: [ view_filter ] --END-- [ RunTime:0.000142s ]

[ 2019-06-14T18:44:22+08:00 ] 163.179.49.100 /daili.php?m=Mch&c=Index&a=login
INFO: [ app_init ] --START--
INFO: Run Behavior\BuildLiteBehavior [ RunTime:0.000009s ]
INFO: [ app_init ] --END-- [ RunTime:0.000185s ]
INFO: [ app_begin ] --START--
INFO: Run Behavior\ReadHtmlCacheBehavior [ RunTime:0.000259s ]
INFO: [ app_begin ] --END-- [ RunTime:0.000292s ]
SQL: SHOW COLUMNS FROM `vv_config` [ RunTime:0.0004s ]
SQL: SELECT * FROM `vv_config`  [ RunTime:0.0001s ]
NOTIC: [8] unserialize(): Error at offset 75 of 79 bytes /www/wwwroot/book.88guoji.cn/Application/Mch/Controller/AdminController.class.php 第 36 行.
NOTIC: [8] unserialize(): Error at offset 45 of 108 bytes /www/wwwroot/book.88guoji.cn/Application/Mch/Controller/AdminController.class.php 第 36 行.
INFO: [ view_parse ] --START--
INFO: [ template_filter ] --START--
INFO: Run Behavior\ContentReplaceBehavior [ RunTime:0.000028s ]
INFO: [ template_filter ] --END-- [ RunTime:0.000051s ]
INFO: Run Behavior\ParseTemplateBehavior [ RunTime:0.003297s ]
INFO: [ view_parse ] --END-- [ RunTime:0.003321s ]
INFO: [ view_filter ] --START--
INFO: Run Behavior\WriteHtmlCacheBehavior [ RunTime:0.000130s ]
INFO: [ view_filter ] --END-- [ RunTime:0.000148s ]
INFO: [ app_end ] --START--
INFO: Run Behavior\ShowPageTraceBehavior [ RunTime:0.000289s ]
INFO: [ app_end ] --END-- [ RunTime:0.000308s ]

[ 2019-06-14T18:44:26+08:00 ] 180.163.220.4 /daili.php?m=Mch&c=Index&a=login
INFO: [ app_init ] --START--
INFO: Run Behavior\BuildLiteBehavior [ RunTime:0.000008s ]
INFO: [ app_init ] --END-- [ RunTime:0.000186s ]
INFO: [ app_begin ] --START--
INFO: Run Behavior\ReadHtmlCacheBehavior [ RunTime:0.000263s ]
INFO: [ app_begin ] --END-- [ RunTime:0.000288s ]
SQL: SHOW COLUMNS FROM `vv_config` [ RunTime:0.0004s ]
SQL: SELECT * FROM `vv_config`  [ RunTime:0.0001s ]
NOTIC: [8] unserialize(): Error at offset 75 of 79 bytes /www/wwwroot/book.88guoji.cn/Application/Mch/Controller/AdminController.class.php 第 36 行.
NOTIC: [8] unserialize(): Error at offset 45 of 108 bytes /www/wwwroot/book.88guoji.cn/Application/Mch/Controller/AdminController.class.php 第 36 行.
INFO: [ view_parse ] --START--
INFO: [ template_filter ] --START--
INFO: Run Behavior\ContentReplaceBehavior [ RunTime:0.000028s ]
INFO: [ template_filter ] --END-- [ RunTime:0.000051s ]
INFO: Run Behavior\ParseTemplateBehavior [ RunTime:0.003345s ]
INFO: [ view_parse ] --END-- [ RunTime:0.003371s ]
INFO: [ view_filter ] --START--
INFO: Run Behavior\WriteHtmlCacheBehavior [ RunTime:0.000145s ]
INFO: [ view_filter ] --END-- [ RunTime:0.000162s ]
INFO: [ app_end ] --START--
INFO: Run Behavior\ShowPageTraceBehavior [ RunTime:0.000289s ]
INFO: [ app_end ] --END-- [ RunTime:0.000309s ]

[ 2019-06-14T18:44:26+08:00 ] 42.236.10.125 /daili.php?tdsourcetag=s_pcqq_aiomsg
INFO: [ app_init ] --START--
INFO: Run Behavior\BuildLiteBehavior [ RunTime:0.000008s ]
INFO: [ app_init ] --END-- [ RunTime:0.000189s ]
INFO: [ app_begin ] --START--
INFO: Run Behavior\ReadHtmlCacheBehavior [ RunTime:0.000258s ]
INFO: [ app_begin ] --END-- [ RunTime:0.000285s ]
INFO: [ view_parse ] --START--
INFO: [ template_filter ] --START--
INFO: Run Behavior\ContentReplaceBehavior [ RunTime:0.000026s ]
INFO: [ template_filter ] --END-- [ RunTime:0.000049s ]
INFO: Run Behavior\ParseTemplateBehavior [ RunTime:0.003080s ]
INFO: [ view_parse ] --END-- [ RunTime:0.003106s ]
INFO: [ view_filter ] --START--
INFO: Run Behavior\WriteHtmlCacheBehavior [ RunTime:0.000122s ]
INFO: [ view_filter ] --END-- [ RunTime:0.000138s ]

[ 2019-06-14T18:44:27+08:00 ] 42.236.10.114 /daili.php?m=Mch&c=Index&a=login
INFO: [ app_init ] --START--
INFO: Run Behavior\BuildLiteBehavior [ RunTime:0.000011s ]
INFO: [ app_init ] --END-- [ RunTime:0.000196s ]
INFO: [ app_begin ] --START--
INFO: Run Behavior\ReadHtmlCacheBehavior [ RunTime:0.000264s ]
INFO: [ app_begin ] --END-- [ RunTime:0.000291s ]
SQL: SHOW COLUMNS FROM `vv_config` [ RunTime:0.0004s ]
SQL: SELECT * FROM `vv_config`  [ RunTime:0.0001s ]
NOTIC: [8] unserialize(): Error at offset 75 of 79 bytes /www/wwwroot/book.88guoji.cn/Application/Mch/Controller/AdminController.class.php 第 36 行.
NOTIC: [8] unserialize(): Error at offset 45 of 108 bytes /www/wwwroot/book.88guoji.cn/Application/Mch/Controller/AdminController.class.php 第 36 行.
INFO: [ view_parse ] --START--
INFO: [ template_filter ] --START--
INFO: Run Behavior\ContentReplaceBehavior [ RunTime:0.000038s ]
INFO: [ template_filter ] --END-- [ RunTime:0.000063s ]
INFO: Run Behavior\ParseTemplateBehavior [ RunTime:0.003302s ]
INFO: [ view_parse ] --END-- [ RunTime:0.003326s ]
INFO: [ view_filter ] --START--
INFO: Run Behavior\WriteHtmlCacheBehavior [ RunTime:0.000122s ]
INFO: [ view_filter ] --END-- [ RunTime:0.000139s ]
INFO: [ app_end ] --START--
INFO: Run Behavior\ShowPageTraceBehavior [ RunTime:0.000275s ]
INFO: [ app_end ] --END-- [ RunTime:0.000294s ]

[ 2019-06-14T18:44:32+08:00 ] 163.179.49.100 /daili.php?m=Mch&c=Index&a=login
INFO: [ app_init ] --START--
INFO: Run Behavior\BuildLiteBehavior [ RunTime:0.000008s ]
INFO: [ app_init ] --END-- [ RunTime:0.000188s ]
INFO: [ app_begin ] --START--
INFO: Run Behavior\ReadHtmlCacheBehavior [ RunTime:0.000255s ]
INFO: [ app_begin ] --END-- [ RunTime:0.000280s ]
SQL: SHOW COLUMNS FROM `vv_config` [ RunTime:0.0004s ]
SQL: SELECT * FROM `vv_config`  [ RunTime:0.0001s ]
NOTIC: [8] unserialize(): Error at offset 75 of 79 bytes /www/wwwroot/book.88guoji.cn/Application/Mch/Controller/AdminController.class.php 第 36 行.
NOTIC: [8] unserialize(): Error at offset 45 of 108 bytes /www/wwwroot/book.88guoji.cn/Application/Mch/Controller/AdminController.class.php 第 36 行.
SQL: SHOW COLUMNS FROM `vv_member` [ RunTime:0.0004s ]
SQL: SELECT * FROM `vv_member` WHERE `username` = 'yiyi' LIMIT 1   [ RunTime:0.0002s ]
INFO: [ view_parse ] --START--
INFO: [ template_filter ] --START--
INFO: Run Behavior\ContentReplaceBehavior [ RunTime:0.000028s ]
INFO: [ template_filter ] --END-- [ RunTime:0.000051s ]
INFO: Run Behavior\ParseTemplateBehavior [ RunTime:0.003291s ]
INFO: [ view_parse ] --END-- [ RunTime:0.003315s ]
INFO: [ view_filter ] --START--
INFO: Run Behavior\WriteHtmlCacheBehavior [ RunTime:0.000121s ]
INFO: [ view_filter ] --END-- [ RunTime:0.000138s ]
INFO: [ app_end ] --START--
INFO: Run Behavior\ShowPageTraceBehavior [ RunTime:0.000264s ]
INFO: [ app_end ] --END-- [ RunTime:0.000283s ]

[ 2019-06-14T18:44:57+08:00 ] 180.163.220.3 /daili.php?m=Mch&c=Index&a=login
INFO: [ app_init ] --START--
INFO: Run Behavior\BuildLiteBehavior [ RunTime:0.000009s ]
INFO: [ app_init ] --END-- [ RunTime:0.000206s ]
INFO: [ app_begin ] --START--
INFO: Run Behavior\ReadHtmlCacheBehavior [ RunTime:0.000302s ]
INFO: [ app_begin ] --END-- [ RunTime:0.000328s ]
SQL: SHOW COLUMNS FROM `vv_config` [ RunTime:0.0004s ]
SQL: SELECT * FROM `vv_config`  [ RunTime:0.0001s ]
NOTIC: [8] unserialize(): Error at offset 75 of 79 bytes /www/wwwroot/book.88guoji.cn/Application/Mch/Controller/AdminController.class.php 第 36 行.
NOTIC: [8] unserialize(): Error at offset 45 of 108 bytes /www/wwwroot/book.88guoji.cn/Application/Mch/Controller/AdminController.class.php 第 36 行.
INFO: [ view_parse ] --START--
INFO: [ template_filter ] --START--
INFO: Run Behavior\ContentReplaceBehavior [ RunTime:0.000041s ]
INFO: [ template_filter ] --END-- [ RunTime:0.000066s ]
INFO: Run Behavior\ParseTemplateBehavior [ RunTime:0.003413s ]
INFO: [ view_parse ] --END-- [ RunTime:0.003437s ]
INFO: [ view_filter ] --START--
INFO: Run Behavior\WriteHtmlCacheBehavior [ RunTime:0.000123s ]
INFO: [ view_filter ] --END-- [ RunTime:0.000141s ]
INFO: [ app_end ] --START--
INFO: Run Behavior\ShowPageTraceBehavior [ RunTime:0.000276s ]
INFO: [ app_end ] --END-- [ RunTime:0.000294s ]

[ 2019-06-14T18:45:19+08:00 ] 58.247.212.141 /daili.php?tdsourcetag=s_pcqq_aiomsg
INFO: [ app_init ] --START--
INFO: Run Behavior\BuildLiteBehavior [ RunTime:0.000007s ]
INFO: [ app_init ] --END-- [ RunTime:0.000192s ]
INFO: [ app_begin ] --START--
INFO: Run Behavior\ReadHtmlCacheBehavior [ RunTime:0.000260s ]
INFO: [ app_begin ] --END-- [ RunTime:0.000285s ]
INFO: [ view_parse ] --START--
INFO: [ template_filter ] --START--
INFO: Run Behavior\ContentReplaceBehavior [ RunTime:0.000025s ]
INFO: [ template_filter ] --END-- [ RunTime:0.000050s ]
INFO: Run Behavior\ParseTemplateBehavior [ RunTime:0.003075s ]
INFO: [ view_parse ] --END-- [ RunTime:0.003101s ]
INFO: [ view_filter ] --START--
INFO: Run Behavior\WriteHtmlCacheBehavior [ RunTime:0.000122s ]
INFO: [ view_filter ] --END-- [ RunTime:0.000138s ]

[ 2019-06-14T18:45:23+08:00 ] 116.128.128.79 /daili.php?m=Mch&c=Index&a=login
INFO: [ app_init ] --START--
INFO: Run Behavior\BuildLiteBehavior [ RunTime:0.000008s ]
INFO: [ app_init ] --END-- [ RunTime:0.000186s ]
INFO: [ app_begin ] --START--
INFO: Run Behavior\ReadHtmlCacheBehavior [ RunTime:0.000258s ]
INFO: [ app_begin ] --END-- [ RunTime:0.000284s ]
SQL: SHOW COLUMNS FROM `vv_config` [ RunTime:0.0004s ]
SQL: SELECT * FROM `vv_config`  [ RunTime:0.0001s ]
NOTIC: [8] unserialize(): Error at offset 75 of 79 bytes /www/wwwroot/book.88guoji.cn/Application/Mch/Controller/AdminController.class.php 第 36 行.
NOTIC: [8] unserialize(): Error at offset 45 of 108 bytes /www/wwwroot/book.88guoji.cn/Application/Mch/Controller/AdminController.class.php 第 36 行.
INFO: [ view_parse ] --START--
INFO: [ template_filter ] --START--
INFO: Run Behavior\ContentReplaceBehavior [ RunTime:0.000029s ]
INFO: [ template_filter ] --END-- [ RunTime:0.000054s ]
INFO: Run Behavior\ParseTemplateBehavior [ RunTime:0.003391s ]
INFO: [ view_parse ] --END-- [ RunTime:0.003415s ]
INFO: [ view_filter ] --START--
INFO: Run Behavior\WriteHtmlCacheBehavior [ RunTime:0.000123s ]
INFO: [ view_filter ] --END-- [ RunTime:0.000141s ]
INFO: [ app_end ] --START--
INFO: Run Behavior\ShowPageTraceBehavior [ RunTime:0.000299s ]
INFO: [ app_end ] --END-- [ RunTime:0.000317s ]

[ 2019-06-14T18:46:47+08:00 ] 163.179.49.100 /daili.php?m=Mch&c=Index&a=login
INFO: [ app_init ] --START--
INFO: Run Behavior\BuildLiteBehavior [ RunTime:0.000008s ]
INFO: [ app_init ] --END-- [ RunTime:0.000188s ]
INFO: [ app_begin ] --START--
INFO: Run Behavior\ReadHtmlCacheBehavior [ RunTime:0.000257s ]
INFO: [ app_begin ] --END-- [ RunTime:0.000283s ]
SQL: SHOW COLUMNS FROM `vv_config` [ RunTime:0.0004s ]
SQL: SELECT * FROM `vv_config`  [ RunTime:0.0001s ]
NOTIC: [8] unserialize(): Error at offset 75 of 79 bytes /www/wwwroot/book.88guoji.cn/Application/Mch/Controller/AdminController.class.php 第 36 行.
NOTIC: [8] unserialize(): Error at offset 45 of 108 bytes /www/wwwroot/book.88guoji.cn/Application/Mch/Controller/AdminController.class.php 第 36 行.
SQL: SHOW COLUMNS FROM `vv_member` [ RunTime:0.0003s ]
SQL: SELECT * FROM `vv_member` WHERE `username` = '依依' LIMIT 1   [ RunTime:0.0001s ]
INFO: [ view_parse ] --START--
INFO: [ template_filter ] --START--
INFO: Run Behavior\ContentReplaceBehavior [ RunTime:0.000028s ]
INFO: [ template_filter ] --END-- [ RunTime:0.000076s ]
INFO: Run Behavior\ParseTemplateBehavior [ RunTime:0.003343s ]
INFO: [ view_parse ] --END-- [ RunTime:0.003370s ]
INFO: [ view_filter ] --START--
INFO: Run Behavior\WriteHtmlCacheBehavior [ RunTime:0.000124s ]
INFO: [ view_filter ] --END-- [ RunTime:0.000141s ]
INFO: [ app_end ] --START--
INFO: Run Behavior\ShowPageTraceBehavior [ RunTime:0.000282s ]
INFO: [ app_end ] --END-- [ RunTime:0.000301s ]

[ 2019-06-14T18:50:47+08:00 ] 163.179.49.100 /daili.php?m=Mch&c=Index&a=login
INFO: [ app_init ] --START--
INFO: Run Behavior\BuildLiteBehavior [ RunTime:0.000008s ]
INFO: [ app_init ] --END-- [ RunTime:0.000185s ]
INFO: [ app_begin ] --START--
INFO: Run Behavior\ReadHtmlCacheBehavior [ RunTime:0.000257s ]
INFO: [ app_begin ] --END-- [ RunTime:0.000283s ]
SQL: SHOW COLUMNS FROM `vv_config` [ RunTime:0.0004s ]
SQL: SELECT * FROM `vv_config`  [ RunTime:0.0001s ]
NOTIC: [8] unserialize(): Error at offset 75 of 79 bytes /www/wwwroot/book.88guoji.cn/Application/Mch/Controller/AdminController.class.php 第 36 行.
NOTIC: [8] unserialize(): Error at offset 45 of 108 bytes /www/wwwroot/book.88guoji.cn/Application/Mch/Controller/AdminController.class.php 第 36 行.
SQL: SHOW COLUMNS FROM `vv_member` [ RunTime:0.0004s ]
SQL: SELECT * FROM `vv_member` WHERE `username` = 'wangzitao' LIMIT 1   [ RunTime:0.0002s ]

[ 2019-06-14T18:50:47+08:00 ] 163.179.49.100 /daili.php?m=Mch&c=Admin&a=welcome
INFO: [ app_init ] --START--
INFO: Run Behavior\BuildLiteBehavior [ RunTime:0.000009s ]
INFO: [ app_init ] --END-- [ RunTime:0.000193s ]
INFO: [ app_begin ] --START--
INFO: Run Behavior\ReadHtmlCacheBehavior [ RunTime:0.000270s ]
INFO: [ app_begin ] --END-- [ RunTime:0.000296s ]
SQL: SHOW COLUMNS FROM `vv_config` [ RunTime:0.0004s ]
SQL: SELECT * FROM `vv_config`  [ RunTime:0.0001s ]
NOTIC: [8] unserialize(): Error at offset 75 of 79 bytes /www/wwwroot/book.88guoji.cn/Application/Mch/Controller/AdminController.class.php 第 36 行.
NOTIC: [8] unserialize(): Error at offset 45 of 108 bytes /www/wwwroot/book.88guoji.cn/Application/Mch/Controller/AdminController.class.php 第 36 行.
SQL: SHOW COLUMNS FROM `vv_notice` [ RunTime:0.0003s ]
SQL: SELECT * FROM `vv_notice` ORDER BY create_time desc  [ RunTime:0.0001s ]
NOTIC: [8] Undefined variable: info /www/wwwroot/book.88guoji.cn/Application/Mch/Controller/AdminController.class.php 第 48 行.
INFO: [ view_parse ] --START--
INFO: [ template_filter ] --START--
INFO: Run Behavior\ContentReplaceBehavior [ RunTime:0.000028s ]
INFO: [ template_filter ] --END-- [ RunTime:0.000052s ]
INFO: Run Behavior\ParseTemplateBehavior [ RunTime:0.004613s ]
INFO: [ view_parse ] --END-- [ RunTime:0.004637s ]
INFO: [ view_filter ] --START--
INFO: Run Behavior\WriteHtmlCacheBehavior [ RunTime:0.000153s ]
INFO: [ view_filter ] --END-- [ RunTime:0.000171s ]
INFO: [ app_end ] --START--
INFO: Run Behavior\ShowPageTraceBehavior [ RunTime:0.000267s ]
INFO: [ app_end ] --END-- [ RunTime:0.000285s ]

[ 2019-06-14T18:50:53+08:00 ] 163.179.49.100 /daili.php?m=Mch&c=Bhapter&a=index
INFO: [ app_init ] --START--
INFO: Run Behavior\BuildLiteBehavior [ RunTime:0.000010s ]
INFO: [ app_init ] --END-- [ RunTime:0.000227s ]
INFO: [ app_begin ] --START--
INFO: Run Behavior\ReadHtmlCacheBehavior [ RunTime:0.000297s ]
INFO: [ app_begin ] --END-- [ RunTime:0.000323s ]
SQL: SHOW COLUMNS FROM `vv_config` [ RunTime:0.0005s ]
SQL: SELECT * FROM `vv_config`  [ RunTime:0.0001s ]
NOTIC: [8] unserialize(): Error at offset 75 of 79 bytes /www/wwwroot/book.88guoji.cn/Application/Mch/Controller/AdminController.class.php 第 36 行.
NOTIC: [8] unserialize(): Error at offset 45 of 108 bytes /www/wwwroot/book.88guoji.cn/Application/Mch/Controller/AdminController.class.php 第 36 行.
NOTIC: [8] Undefined index: title /www/wwwroot/book.88guoji.cn/Application/Mch/Controller/BhapterController.class.php 第 7 行.
NOTIC: [8] Undefined variable: where /www/wwwroot/book.88guoji.cn/Application/Mch/Controller/BhapterController.class.php 第 11 行.
SQL: SHOW COLUMNS FROM `vv_book` [ RunTime:0.0004s ]
SQL: SELECT COUNT(*) AS tp_count FROM `vv_book` LIMIT 1   [ RunTime:0.0001s ]
SQL: SELECT * FROM `vv_book` ORDER BY sort desc,id desc LIMIT 0,25   [ RunTime:0.0002s ]
INFO: [ view_parse ] --START--
INFO: [ template_filter ] --START--
INFO: Run Behavior\ContentReplaceBehavior [ RunTime:0.000034s ]
INFO: [ template_filter ] --END-- [ RunTime:0.000057s ]
NOTIC: [8] Undefined index: title /www/wwwroot/book.88guoji.cn/Application/Runtime/Cache/Mch/9ce909e6077d2551fc2ea3fda52585f5.php 第 133 行.
INFO: Run Behavior\ParseTemplateBehavior [ RunTime:0.005353s ]
INFO: [ view_parse ] --END-- [ RunTime:0.005378s ]
INFO: [ view_filter ] --START--
INFO: Run Behavior\WriteHtmlCacheBehavior [ RunTime:0.000148s ]
INFO: [ view_filter ] --END-- [ RunTime:0.000165s ]
INFO: [ app_end ] --START--
INFO: Run Behavior\ShowPageTraceBehavior [ RunTime:0.000288s ]
INFO: [ app_end ] --END-- [ RunTime:0.000308s ]

[ 2019-06-14T18:50:59+08:00 ] 163.179.49.100 /daili.php?m=Mch&c=Bhapter&a=free&id=1044
INFO: [ app_init ] --START--
INFO: Run Behavior\BuildLiteBehavior [ RunTime:0.000009s ]
INFO: [ app_init ] --END-- [ RunTime:0.000193s ]
INFO: [ app_begin ] --START--
INFO: Run Behavior\ReadHtmlCacheBehavior [ RunTime:0.000261s ]
INFO: [ app_begin ] --END-- [ RunTime:0.000286s ]
SQL: SHOW COLUMNS FROM `vv_config` [ RunTime:0.0004s ]
SQL: SELECT * FROM `vv_config`  [ RunTime:0.0001s ]
NOTIC: [8] unserialize(): Error at offset 75 of 79 bytes /www/wwwroot/book.88guoji.cn/Application/Mch/Controller/AdminController.class.php 第 36 行.
NOTIC: [8] unserialize(): Error at offset 45 of 108 bytes /www/wwwroot/book.88guoji.cn/Application/Mch/Controller/AdminController.class.php 第 36 行.
SQL: SHOW COLUMNS FROM `vv_book` [ RunTime:0.0004s ]
SQL: SELECT * FROM `vv_book` WHERE ( id=1044 ) LIMIT 1   [ RunTime:0.0002s ]
SQL: SHOW COLUMNS FROM `vv_book_episodes` [ RunTime:0.0003s ]
SQL: SELECT COUNT(*) AS tp_count FROM `vv_book_episodes` WHERE `bid` = 1044 AND `ji_no` < '10' LIMIT 1   [ RunTime:0.0004s ]
SQL: SELECT * FROM `vv_book_episodes` WHERE `bid` = 1044 AND `ji_no` < '10' ORDER BY id asc LIMIT 0,25   [ RunTime:0.0006s ]
INFO: [ view_parse ] --START--
INFO: [ template_filter ] --START--
INFO: Run Behavior\ContentReplaceBehavior [ RunTime:0.000033s ]
INFO: [ template_filter ] --END-- [ RunTime:0.000057s ]
INFO: Run Behavior\ParseTemplateBehavior [ RunTime:0.005378s ]
INFO: [ view_parse ] --END-- [ RunTime:0.005403s ]
INFO: [ view_filter ] --START--
INFO: Run Behavior\WriteHtmlCacheBehavior [ RunTime:0.000147s ]
INFO: [ view_filter ] --END-- [ RunTime:0.000167s ]
INFO: [ app_end ] --START--
INFO: Run Behavior\ShowPageTraceBehavior [ RunTime:0.000315s ]
INFO: [ app_end ] --END-- [ RunTime:0.000340s ]

[ 2019-06-14T18:51:03+08:00 ] 42.236.10.93 /daili.php?m=Mch&c=Bhapter&a=free&id=1044
INFO: [ app_init ] --START--
INFO: Run Behavior\BuildLiteBehavior [ RunTime:0.000010s ]
INFO: [ app_init ] --END-- [ RunTime:0.000203s ]
INFO: [ app_begin ] --START--
INFO: Run Behavior\ReadHtmlCacheBehavior [ RunTime:0.000266s ]
INFO: [ app_begin ] --END-- [ RunTime:0.000299s ]
INFO: [ view_parse ] --START--
INFO: [ template_filter ] --START--
INFO: Run Behavior\ContentReplaceBehavior [ RunTime:0.000026s ]
INFO: [ template_filter ] --END-- [ RunTime:0.000053s ]
INFO: Run Behavior\ParseTemplateBehavior [ RunTime:0.003126s ]
INFO: [ view_parse ] --END-- [ RunTime:0.003153s ]
INFO: [ view_filter ] --START--
INFO: Run Behavior\WriteHtmlCacheBehavior [ RunTime:0.000123s ]
INFO: [ view_filter ] --END-- [ RunTime:0.000140s ]

[ 2019-06-14T18:51:06+08:00 ] 163.179.49.100 /daili.php?m=Mch&c=Bhapter&a=index
INFO: [ app_init ] --START--
INFO: Run Behavior\BuildLiteBehavior [ RunTime:0.000009s ]
INFO: [ app_init ] --END-- [ RunTime:0.000190s ]
INFO: [ app_begin ] --START--
INFO: Run Behavior\ReadHtmlCacheBehavior [ RunTime:0.000260s ]
INFO: [ app_begin ] --END-- [ RunTime:0.000287s ]
SQL: SHOW COLUMNS FROM `vv_config` [ RunTime:0.0005s ]
SQL: SELECT * FROM `vv_config`  [ RunTime:0.0001s ]
NOTIC: [8] unserialize(): Error at offset 75 of 79 bytes /www/wwwroot/book.88guoji.cn/Application/Mch/Controller/AdminController.class.php 第 36 行.
NOTIC: [8] unserialize(): Error at offset 45 of 108 bytes /www/wwwroot/book.88guoji.cn/Application/Mch/Controller/AdminController.class.php 第 36 行.
NOTIC: [8] Undefined index: title /www/wwwroot/book.88guoji.cn/Application/Mch/Controller/BhapterController.class.php 第 7 行.
NOTIC: [8] Undefined variable: where /www/wwwroot/book.88guoji.cn/Application/Mch/Controller/BhapterController.class.php 第 11 行.
SQL: SHOW COLUMNS FROM `vv_book` [ RunTime:0.0005s ]
SQL: SELECT COUNT(*) AS tp_count FROM `vv_book` LIMIT 1   [ RunTime:0.0000s ]
SQL: SELECT * FROM `vv_book` ORDER BY sort desc,id desc LIMIT 0,25   [ RunTime:0.0001s ]
INFO: [ view_parse ] --START--
INFO: [ template_filter ] --START--
INFO: Run Behavior\ContentReplaceBehavior [ RunTime:0.000034s ]
INFO: [ template_filter ] --END-- [ RunTime:0.000059s ]
NOTIC: [8] Undefined index: title /www/wwwroot/book.88guoji.cn/Application/Runtime/Cache/Mch/9ce909e6077d2551fc2ea3fda52585f5.php 第 133 行.
INFO: Run Behavior\ParseTemplateBehavior [ RunTime:0.005347s ]
INFO: [ view_parse ] --END-- [ RunTime:0.005370s ]
INFO: [ view_filter ] --START--
INFO: Run Behavior\WriteHtmlCacheBehavior [ RunTime:0.000141s ]
INFO: [ view_filter ] --END-- [ RunTime:0.000161s ]
INFO: [ app_end ] --START--
INFO: Run Behavior\ShowPageTraceBehavior [ RunTime:0.000278s ]
INFO: [ app_end ] --END-- [ RunTime:0.000299s ]

[ 2019-06-14T18:51:06+08:00 ] 42.236.10.78 /daili.php?m=Mch&c=Bhapter&a=free&id=1044
INFO: [ app_init ] --START--
INFO: Run Behavior\BuildLiteBehavior [ RunTime:0.000008s ]
INFO: [ app_init ] --END-- [ RunTime:0.000209s ]
INFO: [ app_begin ] --START--
INFO: Run Behavior\ReadHtmlCacheBehavior [ RunTime:0.000283s ]
INFO: [ app_begin ] --END-- [ RunTime:0.000308s ]
INFO: [ view_parse ] --START--
INFO: [ template_filter ] --START--
INFO: Run Behavior\ContentReplaceBehavior [ RunTime:0.000024s ]
INFO: [ template_filter ] --END-- [ RunTime:0.000049s ]
INFO: Run Behavior\ParseTemplateBehavior [ RunTime:0.003055s ]
INFO: [ view_parse ] --END-- [ RunTime:0.003087s ]
INFO: [ view_filter ] --START--
INFO: Run Behavior\WriteHtmlCacheBehavior [ RunTime:0.000123s ]
INFO: [ view_filter ] --END-- [ RunTime:0.000140s ]

[ 2019-06-14T18:51:12+08:00 ] 42.236.10.78 /daili.php?m=Mch&c=Index&a=login
INFO: [ app_init ] --START--
INFO: Run Behavior\BuildLiteBehavior [ RunTime:0.000009s ]
INFO: [ app_init ] --END-- [ RunTime:0.000190s ]
INFO: [ app_begin ] --START--
INFO: Run Behavior\ReadHtmlCacheBehavior [ RunTime:0.000260s ]
INFO: [ app_begin ] --END-- [ RunTime:0.000285s ]
SQL: SHOW COLUMNS FROM `vv_config` [ RunTime:0.0004s ]
SQL: SELECT * FROM `vv_config`  [ RunTime:0.0001s ]
NOTIC: [8] unserialize(): Error at offset 75 of 79 bytes /www/wwwroot/book.88guoji.cn/Application/Mch/Controller/AdminController.class.php 第 36 行.
NOTIC: [8] unserialize(): Error at offset 45 of 108 bytes /www/wwwroot/book.88guoji.cn/Application/Mch/Controller/AdminController.class.php 第 36 行.
INFO: [ view_parse ] --START--
INFO: [ template_filter ] --START--
INFO: Run Behavior\ContentReplaceBehavior [ RunTime:0.000029s ]
INFO: [ template_filter ] --END-- [ RunTime:0.000060s ]
INFO: Run Behavior\ParseTemplateBehavior [ RunTime:0.003326s ]
INFO: [ view_parse ] --END-- [ RunTime:0.003351s ]
INFO: [ view_filter ] --START--
INFO: Run Behavior\WriteHtmlCacheBehavior [ RunTime:0.000122s ]
INFO: [ view_filter ] --END-- [ RunTime:0.000139s ]
INFO: [ app_end ] --START--
INFO: Run Behavior\ShowPageTraceBehavior [ RunTime:0.000293s ]
INFO: [ app_end ] --END-- [ RunTime:0.000312s ]

[ 2019-06-14T18:51:14+08:00 ] 163.179.49.100 /daili.php?m=Mch&c=Bhapter&a=free&id=1036
INFO: [ app_init ] --START--
INFO: Run Behavior\BuildLiteBehavior [ RunTime:0.000009s ]
INFO: [ app_init ] --END-- [ RunTime:0.000189s ]
INFO: [ app_begin ] --START--
INFO: Run Behavior\ReadHtmlCacheBehavior [ RunTime:0.000280s ]
INFO: [ app_begin ] --END-- [ RunTime:0.000306s ]
SQL: SHOW COLUMNS FROM `vv_config` [ RunTime:0.0004s ]
SQL: SELECT * FROM `vv_config`  [ RunTime:0.0001s ]
NOTIC: [8] unserialize(): Error at offset 75 of 79 bytes /www/wwwroot/book.88guoji.cn/Application/Mch/Controller/AdminController.class.php 第 36 行.
NOTIC: [8] unserialize(): Error at offset 45 of 108 bytes /www/wwwroot/book.88guoji.cn/Application/Mch/Controller/AdminController.class.php 第 36 行.
SQL: SHOW COLUMNS FROM `vv_book` [ RunTime:0.0004s ]
SQL: SELECT * FROM `vv_book` WHERE ( id=1036 ) LIMIT 1   [ RunTime:0.0002s ]
SQL: SHOW COLUMNS FROM `vv_book_episodes` [ RunTime:0.0003s ]
SQL: SELECT COUNT(*) AS tp_count FROM `vv_book_episodes` WHERE `bid` = 1036 AND `ji_no` < '10' LIMIT 1   [ RunTime:0.0005s ]
SQL: SELECT * FROM `vv_book_episodes` WHERE `bid` = 1036 AND `ji_no` < '10' ORDER BY id asc LIMIT 0,25   [ RunTime:0.0007s ]
INFO: [ view_parse ] --START--
INFO: [ template_filter ] --START--
INFO: Run Behavior\ContentReplaceBehavior [ RunTime:0.000032s ]
INFO: [ template_filter ] --END-- [ RunTime:0.000057s ]
INFO: Run Behavior\ParseTemplateBehavior [ RunTime:0.005109s ]
INFO: [ view_parse ] --END-- [ RunTime:0.005135s ]
INFO: [ view_filter ] --START--
INFO: Run Behavior\WriteHtmlCacheBehavior [ RunTime:0.000126s ]
INFO: [ view_filter ] --END-- [ RunTime:0.000143s ]
INFO: [ app_end ] --START--
INFO: Run Behavior\ShowPageTraceBehavior [ RunTime:0.000285s ]
INFO: [ app_end ] --END-- [ RunTime:0.000303s ]

[ 2019-06-14T18:51:19+08:00 ] 163.179.49.100 /daili.php?m=Mch&c=Bhapter&a=doChapter&bid=1036&id=446
INFO: [ app_init ] --START--
INFO: Run Behavior\BuildLiteBehavior [ RunTime:0.000010s ]
INFO: [ app_init ] --END-- [ RunTime:0.000207s ]
INFO: [ app_begin ] --START--
INFO: Run Behavior\ReadHtmlCacheBehavior [ RunTime:0.000279s ]
INFO: [ app_begin ] --END-- [ RunTime:0.000303s ]
SQL: SHOW COLUMNS FROM `vv_config` [ RunTime:0.0004s ]
SQL: SELECT * FROM `vv_config`  [ RunTime:0.0001s ]
NOTIC: [8] unserialize(): Error at offset 75 of 79 bytes /www/wwwroot/book.88guoji.cn/Application/Mch/Controller/AdminController.class.php 第 36 行.
NOTIC: [8] unserialize(): Error at offset 45 of 108 bytes /www/wwwroot/book.88guoji.cn/Application/Mch/Controller/AdminController.class.php 第 36 行.
SQL: SHOW COLUMNS FROM `vv_book_episodes` [ RunTime:0.0003s ]
SQL: SELECT * FROM `vv_book_episodes` WHERE `id` = 446 LIMIT 1   [ RunTime:0.0002s ]
NOTIC: [8] Undefined index: pics /www/wwwroot/book.88guoji.cn/Application/Mch/Controller/BhapterController.class.php 第 35 行.
SQL: SHOW COLUMNS FROM `vv_book` [ RunTime:0.0004s ]
SQL: SELECT * FROM `vv_book` WHERE `id` = 1036 LIMIT 1   [ RunTime:0.0001s ]
SQL: SELECT * FROM `vv_book_episodes` WHERE `bid` = 1036 AND `ji_no` = 2 LIMIT 1   [ RunTime:0.0002s ]
INFO: [ view_parse ] --START--
INFO: [ template_filter ] --START--
INFO: Run Behavior\ContentReplaceBehavior [ RunTime:0.000032s ]
INFO: [ template_filter ] --END-- [ RunTime:0.000056s ]
INFO: Run Behavior\ParseTemplateBehavior [ RunTime:0.003609s ]
INFO: [ view_parse ] --END-- [ RunTime:0.003633s ]
INFO: [ view_filter ] --START--
INFO: Run Behavior\WriteHtmlCacheBehavior [ RunTime:0.000125s ]
INFO: [ view_filter ] --END-- [ RunTime:0.000142s ]
INFO: [ app_end ] --START--
INFO: Run Behavior\ShowPageTraceBehavior [ RunTime:0.000290s ]
INFO: [ app_end ] --END-- [ RunTime:0.000310s ]

[ 2019-06-14T18:51:35+08:00 ] 163.179.49.100 /daili.php?m=Mch&c=Bhapter&a=createUrl
INFO: [ app_init ] --START--
INFO: Run Behavior\BuildLiteBehavior [ RunTime:0.000008s ]
INFO: [ app_init ] --END-- [ RunTime:0.000210s ]
INFO: [ app_begin ] --START--
INFO: Run Behavior\ReadHtmlCacheBehavior [ RunTime:0.000285s ]
INFO: [ app_begin ] --END-- [ RunTime:0.000310s ]
SQL: SHOW COLUMNS FROM `vv_config` [ RunTime:0.0004s ]
SQL: SELECT * FROM `vv_config`  [ RunTime:0.0001s ]
NOTIC: [8] unserialize(): Error at offset 75 of 79 bytes /www/wwwroot/book.88guoji.cn/Application/Mch/Controller/AdminController.class.php 第 36 行.
NOTIC: [8] unserialize(): Error at offset 45 of 108 bytes /www/wwwroot/book.88guoji.cn/Application/Mch/Controller/AdminController.class.php 第 36 行.
SQL: SHOW COLUMNS FROM `vv_chapter` [ RunTime:0.0004s ]
SQL: INSERT INTO `vv_chapter` (`mbid`,`eid`,`title`,`etitle`,`pic`,`ji_no`,`name`,`isubscribe`,`type`,`memid`,`create_time`,`qrcode`) VALUES ('1036','447','网游之魔武双修','第002章：修炼技能 上','http://cdn.wbread.com/cover/1221/9ec755bbbcd07885c0e5985aea2dd5ad.jpeg','2','123','1','2','1','1560509495','./Public/upload/images/1905/02/234032115378001889.png') [ RunTime:0.0002s ]
SQL: UPDATE `vv_chapter` SET `url`='http://152.136.179.170/index.php?m=&c=Book&a=inforedit&bid=1036&ji_no=2&sub=&chapid=8',`burl`='http://152.136.179.170/index.php?m=&c=Book&a=inforedit&bid=1036&ji_no=1&sub=&chapid=8' WHERE `id` = 8 [ RunTime:0.0001s ]

[ 2019-06-14T18:51:37+08:00 ] 163.179.49.100 /daili.php?m=Mch&c=Chapurl&a=index
INFO: [ app_init ] --START--
INFO: Run Behavior\BuildLiteBehavior [ RunTime:0.000008s ]
INFO: [ app_init ] --END-- [ RunTime:0.000194s ]
INFO: [ app_begin ] --START--
INFO: Run Behavior\ReadHtmlCacheBehavior [ RunTime:0.000262s ]
INFO: [ app_begin ] --END-- [ RunTime:0.000287s ]
SQL: SHOW COLUMNS FROM `vv_config` [ RunTime:0.0004s ]
SQL: SELECT * FROM `vv_config`  [ RunTime:0.0001s ]
NOTIC: [8] unserialize(): Error at offset 75 of 79 bytes /www/wwwroot/book.88guoji.cn/Application/Mch/Controller/AdminController.class.php 第 36 行.
NOTIC: [8] unserialize(): Error at offset 45 of 108 bytes /www/wwwroot/book.88guoji.cn/Application/Mch/Controller/AdminController.class.php 第 36 行.
NOTIC: [8] Undefined index: title /www/wwwroot/book.88guoji.cn/Application/Mch/Controller/ChapurlController.class.php 第 7 行.
NOTIC: [8] Undefined index: type /www/wwwroot/book.88guoji.cn/Application/Mch/Controller/ChapurlController.class.php 第 12 行.
SQL: SHOW COLUMNS FROM `vv_chapter` [ RunTime:0.0004s ]
SQL: SELECT COUNT(*) AS tp_count FROM `vv_chapter` WHERE `memid` = 1 LIMIT 1   [ RunTime:0.0002s ]
SQL: SELECT * FROM `vv_chapter` WHERE `memid` = 1 ORDER BY create_time desc LIMIT 0,25   [ RunTime:0.0001s ]
INFO: [ view_parse ] --START--
INFO: [ template_filter ] --START--
INFO: Run Behavior\ContentReplaceBehavior [ RunTime:0.000041s ]
INFO: [ template_filter ] --END-- [ RunTime:0.000066s ]
NOTIC: [8] Undefined index: type /www/wwwroot/book.88guoji.cn/Application/Runtime/Cache/Mch/74b04ba537d0fef74fdf46aacd65f954.php 第 138 行.
NOTIC: [8] Undefined index: title /www/wwwroot/book.88guoji.cn/Application/Runtime/Cache/Mch/74b04ba537d0fef74fdf46aacd65f954.php 第 144 行.
INFO: Run Behavior\ParseTemplateBehavior [ RunTime:0.198828s ]
INFO: [ view_parse ] --END-- [ RunTime:0.198871s ]
INFO: [ view_filter ] --START--
INFO: Run Behavior\WriteHtmlCacheBehavior [ RunTime:0.000256s ]
INFO: [ view_filter ] --END-- [ RunTime:0.000290s ]
INFO: [ app_end ] --START--
INFO: Run Behavior\ShowPageTraceBehavior [ RunTime:0.000327s ]
INFO: [ app_end ] --END-- [ RunTime:0.000349s ]

[ 2019-06-14T18:51:44+08:00 ] 163.179.49.100 /daili.php?m=Mch&c=Chapurl&a=showQrcode&id=8
INFO: [ app_init ] --START--
INFO: Run Behavior\BuildLiteBehavior [ RunTime:0.000008s ]
INFO: [ app_init ] --END-- [ RunTime:0.000221s ]
INFO: [ app_begin ] --START--
INFO: Run Behavior\ReadHtmlCacheBehavior [ RunTime:0.000293s ]
INFO: [ app_begin ] --END-- [ RunTime:0.000319s ]
SQL: SHOW COLUMNS FROM `vv_config` [ RunTime:0.0004s ]
SQL: SELECT * FROM `vv_config`  [ RunTime:0.0001s ]
NOTIC: [8] unserialize(): Error at offset 75 of 79 bytes /www/wwwroot/book.88guoji.cn/Application/Mch/Controller/AdminController.class.php 第 36 行.
NOTIC: [8] unserialize(): Error at offset 45 of 108 bytes /www/wwwroot/book.88guoji.cn/Application/Mch/Controller/AdminController.class.php 第 36 行.
SQL: SHOW COLUMNS FROM `vv_chapter` [ RunTime:0.0004s ]
SQL: SELECT `url` FROM `vv_chapter` WHERE `id` = 8 LIMIT 1   [ RunTime:0.0001s ]
INFO: [ view_parse ] --START--
INFO: [ template_filter ] --START--
INFO: Run Behavior\ContentReplaceBehavior [ RunTime:0.000020s ]
INFO: [ template_filter ] --END-- [ RunTime:0.000044s ]
INFO: Run Behavior\ParseTemplateBehavior [ RunTime:0.002745s ]
INFO: [ view_parse ] --END-- [ RunTime:0.002772s ]
INFO: [ view_filter ] --START--
INFO: Run Behavior\WriteHtmlCacheBehavior [ RunTime:0.000130s ]
INFO: [ view_filter ] --END-- [ RunTime:0.000146s ]
INFO: [ app_end ] --START--
INFO: Run Behavior\ShowPageTraceBehavior [ RunTime:0.000265s ]
INFO: [ app_end ] --END-- [ RunTime:0.000282s ]

[ 2019-06-14T18:51:47+08:00 ] 223.166.151.199 /daili.php?m=Mch&c=Admin&a=welcome
INFO: [ app_init ] --START--
INFO: Run Behavior\BuildLiteBehavior [ RunTime:0.000008s ]
INFO: [ app_init ] --END-- [ RunTime:0.000186s ]
INFO: [ app_begin ] --START--
INFO: Run Behavior\ReadHtmlCacheBehavior [ RunTime:0.000260s ]
INFO: [ app_begin ] --END-- [ RunTime:0.000285s ]
INFO: [ view_parse ] --START--
INFO: [ template_filter ] --START--
INFO: Run Behavior\ContentReplaceBehavior [ RunTime:0.000025s ]
INFO: [ template_filter ] --END-- [ RunTime:0.000050s ]
INFO: Run Behavior\ParseTemplateBehavior [ RunTime:0.003078s ]
INFO: [ view_parse ] --END-- [ RunTime:0.003105s ]
INFO: [ view_filter ] --START--
INFO: Run Behavior\WriteHtmlCacheBehavior [ RunTime:0.000122s ]
INFO: [ view_filter ] --END-- [ RunTime:0.000139s ]

[ 2019-06-14T18:51:53+08:00 ] 58.246.221.162 /daili.php?m=Mch&c=Bhapter&a=index
INFO: [ app_init ] --START--
INFO: Run Behavior\BuildLiteBehavior [ RunTime:0.000009s ]
INFO: [ app_init ] --END-- [ RunTime:0.000187s ]
INFO: [ app_begin ] --START--
INFO: Run Behavior\ReadHtmlCacheBehavior [ RunTime:0.000261s ]
INFO: [ app_begin ] --END-- [ RunTime:0.000285s ]
INFO: [ view_parse ] --START--
INFO: [ template_filter ] --START--
INFO: Run Behavior\ContentReplaceBehavior [ RunTime:0.000032s ]
INFO: [ template_filter ] --END-- [ RunTime:0.000056s ]
INFO: Run Behavior\ParseTemplateBehavior [ RunTime:0.003112s ]
INFO: [ view_parse ] --END-- [ RunTime:0.003137s ]
INFO: [ view_filter ] --START--
INFO: Run Behavior\WriteHtmlCacheBehavior [ RunTime:0.000145s ]
INFO: [ view_filter ] --END-- [ RunTime:0.000161s ]

[ 2019-06-14T18:51:59+08:00 ] 223.167.152.53 /daili.php?m=Mch&c=Bhapter&a=free&id=1044
INFO: [ app_init ] --START--
INFO: Run Behavior\BuildLiteBehavior [ RunTime:0.000008s ]
INFO: [ app_init ] --END-- [ RunTime:0.000191s ]
INFO: [ app_begin ] --START--
INFO: Run Behavior\ReadHtmlCacheBehavior [ RunTime:0.000259s ]
INFO: [ app_begin ] --END-- [ RunTime:0.000283s ]
INFO: [ view_parse ] --START--
INFO: [ template_filter ] --START--
INFO: Run Behavior\ContentReplaceBehavior [ RunTime:0.000025s ]
INFO: [ template_filter ] --END-- [ RunTime:0.000050s ]
INFO: Run Behavior\ParseTemplateBehavior [ RunTime:0.003089s ]
INFO: [ view_parse ] --END-- [ RunTime:0.003115s ]
INFO: [ view_filter ] --START--
INFO: Run Behavior\WriteHtmlCacheBehavior [ RunTime:0.000123s ]
INFO: [ view_filter ] --END-- [ RunTime:0.000140s ]

[ 2019-06-14T18:52:14+08:00 ] 58.246.221.162 /daili.php?m=Mch&c=Bhapter&a=free&id=1036
INFO: [ app_init ] --START--
INFO: Run Behavior\BuildLiteBehavior [ RunTime:0.000009s ]
INFO: [ app_init ] --END-- [ RunTime:0.000208s ]
INFO: [ app_begin ] --START--
INFO: Run Behavior\ReadHtmlCacheBehavior [ RunTime:0.000278s ]
INFO: [ app_begin ] --END-- [ RunTime:0.000302s ]
INFO: [ view_parse ] --START--
INFO: [ template_filter ] --START--
INFO: Run Behavior\ContentReplaceBehavior [ RunTime:0.000043s ]
INFO: [ template_filter ] --END-- [ RunTime:0.000068s ]
INFO: Run Behavior\ParseTemplateBehavior [ RunTime:0.003111s ]
INFO: [ view_parse ] --END-- [ RunTime:0.003137s ]
INFO: [ view_filter ] --START--
INFO: Run Behavior\WriteHtmlCacheBehavior [ RunTime:0.000122s ]
INFO: [ view_filter ] --END-- [ RunTime:0.000138s ]

[ 2019-06-14T18:52:19+08:00 ] 58.246.221.61 /daili.php?m=Mch&c=Bhapter&a=doChapter&bid=1036&id=446
INFO: [ app_init ] --START--
INFO: Run Behavior\BuildLiteBehavior [ RunTime:0.000008s ]
INFO: [ app_init ] --END-- [ RunTime:0.000213s ]
INFO: [ app_begin ] --START--
INFO: Run Behavior\ReadHtmlCacheBehavior [ RunTime:0.000280s ]
INFO: [ app_begin ] --END-- [ RunTime:0.000305s ]
INFO: [ view_parse ] --START--
INFO: [ template_filter ] --START--
INFO: Run Behavior\ContentReplaceBehavior [ RunTime:0.000028s ]
INFO: [ template_filter ] --END-- [ RunTime:0.000072s ]
INFO: Run Behavior\ParseTemplateBehavior [ RunTime:0.003107s ]
INFO: [ view_parse ] --END-- [ RunTime:0.003132s ]
INFO: [ view_filter ] --START--
INFO: Run Behavior\WriteHtmlCacheBehavior [ RunTime:0.000123s ]
INFO: [ view_filter ] --END-- [ RunTime:0.000141s ]

[ 2019-06-14T18:52:37+08:00 ] 58.246.221.61 /daili.php?m=Mch&c=Chapurl&a=index
INFO: [ app_init ] --START--
INFO: Run Behavior\BuildLiteBehavior [ RunTime:0.000008s ]
INFO: [ app_init ] --END-- [ RunTime:0.000187s ]
INFO: [ app_begin ] --START--
INFO: Run Behavior\ReadHtmlCacheBehavior [ RunTime:0.000257s ]
INFO: [ app_begin ] --END-- [ RunTime:0.000282s ]
INFO: [ view_parse ] --START--
INFO: [ template_filter ] --START--
INFO: Run Behavior\ContentReplaceBehavior [ RunTime:0.000024s ]
INFO: [ template_filter ] --END-- [ RunTime:0.000048s ]
INFO: Run Behavior\ParseTemplateBehavior [ RunTime:0.003099s ]
INFO: [ view_parse ] --END-- [ RunTime:0.003125s ]
INFO: [ view_filter ] --START--
INFO: Run Behavior\WriteHtmlCacheBehavior [ RunTime:0.000124s ]
INFO: [ view_filter ] --END-- [ RunTime:0.000141s ]

[ 2019-06-14T18:52:44+08:00 ] 223.167.152.53 /daili.php?m=Mch&c=Chapurl&a=showQrcode&id=8
INFO: [ app_init ] --START--
INFO: Run Behavior\BuildLiteBehavior [ RunTime:0.000009s ]
INFO: [ app_init ] --END-- [ RunTime:0.000210s ]
INFO: [ app_begin ] --START--
INFO: Run Behavior\ReadHtmlCacheBehavior [ RunTime:0.000281s ]
INFO: [ app_begin ] --END-- [ RunTime:0.000305s ]
INFO: [ view_parse ] --START--
INFO: [ template_filter ] --START--
INFO: Run Behavior\ContentReplaceBehavior [ RunTime:0.000024s ]
INFO: [ template_filter ] --END-- [ RunTime:0.000048s ]
INFO: Run Behavior\ParseTemplateBehavior [ RunTime:0.003062s ]
INFO: [ view_parse ] --END-- [ RunTime:0.003087s ]
INFO: [ view_filter ] --START--
INFO: Run Behavior\WriteHtmlCacheBehavior [ RunTime:0.000130s ]
INFO: [ view_filter ] --END-- [ RunTime:0.000147s ]

[ 2019-06-14T18:53:44+08:00 ] 163.179.49.100 /daili.php?m=Mch&c=Finance&a=charge
INFO: [ app_init ] --START--
INFO: Run Behavior\BuildLiteBehavior [ RunTime:0.000009s ]
INFO: [ app_init ] --END-- [ RunTime:0.000192s ]
INFO: [ app_begin ] --START--
INFO: Run Behavior\ReadHtmlCacheBehavior [ RunTime:0.000260s ]
INFO: [ app_begin ] --END-- [ RunTime:0.000285s ]
SQL: SHOW COLUMNS FROM `vv_config` [ RunTime:0.0004s ]
SQL: SELECT * FROM `vv_config`  [ RunTime:0.0001s ]
NOTIC: [8] unserialize(): Error at offset 75 of 79 bytes /www/wwwroot/book.88guoji.cn/Application/Mch/Controller/AdminController.class.php 第 36 行.
NOTIC: [8] unserialize(): Error at offset 45 of 108 bytes /www/wwwroot/book.88guoji.cn/Application/Mch/Controller/AdminController.class.php 第 36 行.
SQL: SHOW COLUMNS FROM `vv_charge` [ RunTime:0.0004s ]
SQL: SELECT SUM(dmoney) AS tp_sum FROM `vv_charge` WHERE `mid` = 1 AND `is_status` = 1 AND ( `create_time` > 1560441600 AND `create_time` <= 1560509624  ) LIMIT 1   [ RunTime:0.0002s ]
SQL: SELECT SUM(dmoney) AS tp_sum FROM `vv_charge` WHERE `mid` = 1 AND `is_status` = 1 AND ( `create_time` > 1560441600 AND `create_time` <= 1560509624  ) AND `status` = 2 LIMIT 1   [ RunTime:0.0001s ]
SQL: SELECT SUM(dmoney) AS tp_sum FROM `vv_charge` WHERE `mid` = 1 AND `is_status` = 1 AND ( `create_time` > 1560441600 AND `create_time` <= 1560509624  ) AND `status` = 1 LIMIT 1   [ RunTime:0.0001s ]
SQL: SELECT SUM(dmoney) AS tp_sum FROM `vv_charge` WHERE `mid` = 1 AND `is_status` = 1 AND ( `create_time` > 1560355200 AND `create_time` < 1560441599  ) LIMIT 1   [ RunTime:0.0001s ]
SQL: SELECT SUM(dmoney) AS tp_sum FROM `vv_charge` WHERE `mid` = 1 AND `is_status` = 1 AND ( `create_time` > 1560355200 AND `create_time` < 1560441599  ) AND `status` = 2 LIMIT 1   [ RunTime:0.0001s ]
SQL: SELECT SUM(dmoney) AS tp_sum FROM `vv_charge` WHERE `mid` = 1 AND `is_status` = 1 AND ( `create_time` > 1560355200 AND `create_time` < 1560441599  ) AND `status` = 1 LIMIT 1   [ RunTime:0.0001s ]
SQL: SELECT SUM(dmoney) AS tp_sum FROM `vv_charge` WHERE `mid` = 1 AND `is_status` = 1 AND ( `create_time` > 1559318400 AND `create_time` < 1560509624  ) LIMIT 1   [ RunTime:0.0001s ]
SQL: SELECT SUM(dmoney) AS tp_sum FROM `vv_charge` WHERE `mid` = 1 AND `is_status` = 1 AND ( `create_time` > 1559318400 AND `create_time` < 1560509624  ) AND `status` = 2 LIMIT 1   [ RunTime:0.0002s ]
SQL: SELECT SUM(dmoney) AS tp_sum FROM `vv_charge` WHERE `mid` = 1 AND `is_status` = 1 AND ( `create_time` > 1559318400 AND `create_time` < 1560509624  ) AND `status` = 1 LIMIT 1   [ RunTime:0.0002s ]
SQL: SELECT SUM(dmoney) AS tp_sum FROM `vv_charge` WHERE `mid` = 1 AND `is_status` = 1 LIMIT 1   [ RunTime:0.0001s ]
SQL: SELECT SUM(dmoney) AS tp_sum FROM `vv_charge` WHERE `mid` = 1 AND `is_status` = 1 AND `status` = 2 LIMIT 1   [ RunTime:0.0001s ]
SQL: SELECT SUM(dmoney) AS tp_sum FROM `vv_charge` WHERE `mid` = 1 AND `is_status` = 1 AND `status` = 1 LIMIT 1   [ RunTime:0.0001s ]
SQL: SELECT COUNT(*) AS tp_count FROM `vv_charge` WHERE `mid` = 1 AND `is_status` = 1 LIMIT 1   [ RunTime:0.0001s ]
SQL: SELECT * FROM `vv_charge` WHERE `mid` = 1 AND `is_status` = 1 ORDER BY create_time desc LIMIT 0,25   [ RunTime:0.0003s ]
INFO: [ view_parse ] --START--
INFO: [ template_filter ] --START--
INFO: Run Behavior\ContentReplaceBehavior [ RunTime:0.000037s ]
INFO: [ template_filter ] --END-- [ RunTime:0.000060s ]
NOTIC: [8] Undefined index: status /www/wwwroot/book.88guoji.cn/Application/Runtime/Cache/Mch/f1d27332e4f7d627cceae241a332c56b.php 第 166 行.
NOTIC: [8] Undefined index: time1 /www/wwwroot/book.88guoji.cn/Application/Runtime/Cache/Mch/f1d27332e4f7d627cceae241a332c56b.php 第 172 行.
NOTIC: [8] Undefined index: time2 /www/wwwroot/book.88guoji.cn/Application/Runtime/Cache/Mch/f1d27332e4f7d627cceae241a332c56b.php 第 174 行.
INFO: Run Behavior\ParseTemplateBehavior [ RunTime:0.005752s ]
INFO: [ view_parse ] --END-- [ RunTime:0.005774s ]
INFO: [ view_filter ] --START--
INFO: Run Behavior\WriteHtmlCacheBehavior [ RunTime:0.000127s ]
INFO: [ view_filter ] --END-- [ RunTime:0.000144s ]
INFO: [ app_end ] --START--
INFO: Run Behavior\ShowPageTraceBehavior [ RunTime:0.000289s ]
INFO: [ app_end ] --END-- [ RunTime:0.000309s ]

[ 2019-06-14T18:53:49+08:00 ] 163.179.49.100 /daili.php?m=Mch&c=Chapter&a=index
INFO: [ app_init ] --START--
INFO: Run Behavior\BuildLiteBehavior [ RunTime:0.000009s ]
INFO: [ app_init ] --END-- [ RunTime:0.000196s ]
INFO: [ app_begin ] --START--
INFO: Run Behavior\ReadHtmlCacheBehavior [ RunTime:0.000264s ]
INFO: [ app_begin ] --END-- [ RunTime:0.000288s ]
SQL: SHOW COLUMNS FROM `vv_config` [ RunTime:0.0005s ]
SQL: SELECT * FROM `vv_config`  [ RunTime:0.0001s ]
NOTIC: [8] unserialize(): Error at offset 75 of 79 bytes /www/wwwroot/book.88guoji.cn/Application/Mch/Controller/AdminController.class.php 第 36 行.
NOTIC: [8] unserialize(): Error at offset 45 of 108 bytes /www/wwwroot/book.88guoji.cn/Application/Mch/Controller/AdminController.class.php 第 36 行.
NOTIC: [8] Undefined index: title /www/wwwroot/book.88guoji.cn/Application/Mch/Controller/ChapterController.class.php 第 7 行.
NOTIC: [8] Undefined variable: where /www/wwwroot/book.88guoji.cn/Application/Mch/Controller/ChapterController.class.php 第 11 行.
SQL: SHOW COLUMNS FROM `vv_mh_list` [ RunTime:0.0004s ]
SQL: SELECT COUNT(*) AS tp_count FROM `vv_mh_list` LIMIT 1   [ RunTime:0.0001s ]
SQL: SELECT * FROM `vv_mh_list` ORDER BY sort desc,id desc LIMIT 0,25   [ RunTime:0.0025s ]
INFO: [ view_parse ] --START--
INFO: [ template_filter ] --START--
INFO: Run Behavior\ContentReplaceBehavior [ RunTime:0.000036s ]
INFO: [ template_filter ] --END-- [ RunTime:0.000062s ]
NOTIC: [8] Undefined index: title /www/wwwroot/book.88guoji.cn/Application/Runtime/Cache/Mch/4705b36e1b34db39244190f0bd0276b4.php 第 133 行.
INFO: Run Behavior\ParseTemplateBehavior [ RunTime:0.005961s ]
INFO: [ view_parse ] --END-- [ RunTime:0.005995s ]
INFO: [ view_filter ] --START--
INFO: Run Behavior\WriteHtmlCacheBehavior [ RunTime:0.000136s ]
INFO: [ view_filter ] --END-- [ RunTime:0.000154s ]
INFO: [ app_end ] --START--
INFO: Run Behavior\ShowPageTraceBehavior [ RunTime:0.000335s ]
INFO: [ app_end ] --END-- [ RunTime:0.000358s ]

[ 2019-06-14T18:54:03+08:00 ] 163.179.49.100 /daili.php?m=Mch&c=Chapter&a=free&id=3969
INFO: [ app_init ] --START--
INFO: Run Behavior\BuildLiteBehavior [ RunTime:0.000009s ]
INFO: [ app_init ] --END-- [ RunTime:0.000193s ]
INFO: [ app_begin ] --START--
INFO: Run Behavior\ReadHtmlCacheBehavior [ RunTime:0.000266s ]
INFO: [ app_begin ] --END-- [ RunTime:0.000291s ]
SQL: SHOW COLUMNS FROM `vv_config` [ RunTime:0.0005s ]
SQL: SELECT * FROM `vv_config`  [ RunTime:0.0001s ]
NOTIC: [8] unserialize(): Error at offset 75 of 79 bytes /www/wwwroot/book.88guoji.cn/Application/Mch/Controller/AdminController.class.php 第 36 行.
NOTIC: [8] unserialize(): Error at offset 45 of 108 bytes /www/wwwroot/book.88guoji.cn/Application/Mch/Controller/AdminController.class.php 第 36 行.
SQL: SHOW COLUMNS FROM `vv_mh_list` [ RunTime:0.0004s ]
SQL: SELECT * FROM `vv_mh_list` WHERE ( id=3969 ) LIMIT 1   [ RunTime:0.0002s ]
SQL: SHOW COLUMNS FROM `vv_mh_episodes` [ RunTime:0.0003s ]
SQL: SELECT COUNT(*) AS tp_count FROM `vv_mh_episodes` WHERE `mhid` = 3969 AND `ji_no` < '10' LIMIT 1   [ RunTime:0.0003s ]
SQL: SELECT * FROM `vv_mh_episodes` WHERE `mhid` = 3969 AND `ji_no` < '10' ORDER BY id asc LIMIT 0,25   [ RunTime:0.0005s ]
INFO: [ view_parse ] --START--
INFO: [ template_filter ] --START--
INFO: Run Behavior\ContentReplaceBehavior [ RunTime:0.000034s ]
INFO: [ template_filter ] --END-- [ RunTime:0.000059s ]
INFO: Run Behavior\ParseTemplateBehavior [ RunTime:0.005075s ]
INFO: [ view_parse ] --END-- [ RunTime:0.005100s ]
INFO: [ view_filter ] --START--
INFO: Run Behavior\WriteHtmlCacheBehavior [ RunTime:0.000127s ]
INFO: [ view_filter ] --END-- [ RunTime:0.000144s ]
INFO: [ app_end ] --START--
INFO: Run Behavior\ShowPageTraceBehavior [ RunTime:0.000307s ]
INFO: [ app_end ] --END-- [ RunTime:0.000326s ]

[ 2019-06-14T18:54:12+08:00 ] 163.179.49.100 /daili.php?m=Mch&c=Chapter&a=doChapter&mhid=3969&id=272054
INFO: [ app_init ] --START--
INFO: Run Behavior\BuildLiteBehavior [ RunTime:0.000009s ]
INFO: [ app_init ] --END-- [ RunTime:0.000217s ]
INFO: [ app_begin ] --START--
INFO: Run Behavior\ReadHtmlCacheBehavior [ RunTime:0.000281s ]
INFO: [ app_begin ] --END-- [ RunTime:0.000305s ]
SQL: SHOW COLUMNS FROM `vv_config` [ RunTime:0.0004s ]
SQL: SELECT * FROM `vv_config`  [ RunTime:0.0001s ]
NOTIC: [8] unserialize(): Error at offset 75 of 79 bytes /www/wwwroot/book.88guoji.cn/Application/Mch/Controller/AdminController.class.php 第 36 行.
NOTIC: [8] unserialize(): Error at offset 45 of 108 bytes /www/wwwroot/book.88guoji.cn/Application/Mch/Controller/AdminController.class.php 第 36 行.
SQL: SHOW COLUMNS FROM `vv_mh_episodes` [ RunTime:0.0004s ]
SQL: SELECT * FROM `vv_mh_episodes` WHERE `id` = 272054 LIMIT 1   [ RunTime:0.0002s ]
SQL: SHOW COLUMNS FROM `vv_mh_list` [ RunTime:0.0003s ]
SQL: SELECT * FROM `vv_mh_list` WHERE `id` = 3969 LIMIT 1   [ RunTime:0.0001s ]
SQL: SELECT * FROM `vv_mh_episodes` WHERE `mhid` = '3969' AND `ji_no` = 2 LIMIT 1   [ RunTime:0.0002s ]
INFO: [ view_parse ] --START--
INFO: [ template_filter ] --START--
INFO: Run Behavior\ContentReplaceBehavior [ RunTime:0.000030s ]
INFO: [ template_filter ] --END-- [ RunTime:0.000053s ]
INFO: Run Behavior\ParseTemplateBehavior [ RunTime:0.003841s ]
INFO: [ view_parse ] --END-- [ RunTime:0.003865s ]
INFO: [ view_filter ] --START--
INFO: Run Behavior\WriteHtmlCacheBehavior [ RunTime:0.000145s ]
INFO: [ view_filter ] --END-- [ RunTime:0.000161s ]
INFO: [ app_end ] --START--
INFO: Run Behavior\ShowPageTraceBehavior [ RunTime:0.000267s ]
INFO: [ app_end ] --END-- [ RunTime:0.000285s ]

[ 2019-06-14T18:54:24+08:00 ] 163.179.49.100 /daili.php?m=Mch&c=Chapter&a=createUrl
INFO: [ app_init ] --START--
INFO: Run Behavior\BuildLiteBehavior [ RunTime:0.000009s ]
INFO: [ app_init ] --END-- [ RunTime:0.000194s ]
INFO: [ app_begin ] --START--
INFO: Run Behavior\ReadHtmlCacheBehavior [ RunTime:0.000260s ]
INFO: [ app_begin ] --END-- [ RunTime:0.000284s ]
SQL: SHOW COLUMNS FROM `vv_config` [ RunTime:0.0004s ]
SQL: SELECT * FROM `vv_config`  [ RunTime:0.0001s ]
NOTIC: [8] unserialize(): Error at offset 75 of 79 bytes /www/wwwroot/book.88guoji.cn/Application/Mch/Controller/AdminController.class.php 第 36 行.
NOTIC: [8] unserialize(): Error at offset 45 of 108 bytes /www/wwwroot/book.88guoji.cn/Application/Mch/Controller/AdminController.class.php 第 36 行.
SQL: SHOW COLUMNS FROM `vv_chapter` [ RunTime:0.0004s ]
SQL: INSERT INTO `vv_chapter` (`mbid`,`eid`,`title`,`etitle`,`pic`,`ji_no`,`name`,`isubscribe`,`type`,`memid`,`create_time`,`qrcode`) VALUES ('3969','272055','窗外芳邻','第2话 喜欢我','http://img.hanman8.net/static/upload/hanman8/0404/lcs3xzrvnpd.jpg','2','555','0','1','1','1560509664','./Public/upload/images/1905/02/234032115378001889.png') [ RunTime:0.0002s ]
SQL: UPDATE `vv_chapter` SET `url`='http://152.136.179.170/index.php?m=&c=Mh&a=inforedit&mhid=3969&ji_no=2&sub=&chapid=9',`burl`='http://152.136.179.170/index.php?m=&c=Mh&a=inforedit&mhid=3969&ji_no=1&sub=&chapid=9' WHERE `id` = 9 [ RunTime:0.0002s ]

[ 2019-06-14T18:54:27+08:00 ] 163.179.49.100 /daili.php?m=Mch&c=Chapurl&a=index
INFO: [ app_init ] --START--
INFO: Run Behavior\BuildLiteBehavior [ RunTime:0.000009s ]
INFO: [ app_init ] --END-- [ RunTime:0.000194s ]
INFO: [ app_begin ] --START--
INFO: Run Behavior\ReadHtmlCacheBehavior [ RunTime:0.000270s ]
INFO: [ app_begin ] --END-- [ RunTime:0.000295s ]
SQL: SHOW COLUMNS FROM `vv_config` [ RunTime:0.0004s ]
SQL: SELECT * FROM `vv_config`  [ RunTime:0.0001s ]
NOTIC: [8] unserialize(): Error at offset 75 of 79 bytes /www/wwwroot/book.88guoji.cn/Application/Mch/Controller/AdminController.class.php 第 36 行.
NOTIC: [8] unserialize(): Error at offset 45 of 108 bytes /www/wwwroot/book.88guoji.cn/Application/Mch/Controller/AdminController.class.php 第 36 行.
NOTIC: [8] Undefined index: title /www/wwwroot/book.88guoji.cn/Application/Mch/Controller/ChapurlController.class.php 第 7 行.
NOTIC: [8] Undefined index: type /www/wwwroot/book.88guoji.cn/Application/Mch/Controller/ChapurlController.class.php 第 12 行.
SQL: SHOW COLUMNS FROM `vv_chapter` [ RunTime:0.0004s ]
SQL: SELECT COUNT(*) AS tp_count FROM `vv_chapter` WHERE `memid` = 1 LIMIT 1   [ RunTime:0.0001s ]
SQL: SELECT * FROM `vv_chapter` WHERE `memid` = 1 ORDER BY create_time desc LIMIT 0,25   [ RunTime:0.0002s ]
INFO: [ view_parse ] --START--
INFO: [ template_filter ] --START--
INFO: Run Behavior\ContentReplaceBehavior [ RunTime:0.000042s ]
INFO: [ template_filter ] --END-- [ RunTime:0.000067s ]
NOTIC: [8] Undefined index: type /www/wwwroot/book.88guoji.cn/Application/Runtime/Cache/Mch/74b04ba537d0fef74fdf46aacd65f954.php 第 138 行.
NOTIC: [8] Undefined index: title /www/wwwroot/book.88guoji.cn/Application/Runtime/Cache/Mch/74b04ba537d0fef74fdf46aacd65f954.php 第 144 行.
INFO: Run Behavior\ParseTemplateBehavior [ RunTime:0.656373s ]
INFO: [ view_parse ] --END-- [ RunTime:0.656437s ]
INFO: [ view_filter ] --START--
INFO: Run Behavior\WriteHtmlCacheBehavior [ RunTime:0.000209s ]
INFO: [ view_filter ] --END-- [ RunTime:0.000228s ]
INFO: [ app_end ] --START--
INFO: Run Behavior\ShowPageTraceBehavior [ RunTime:0.000327s ]
INFO: [ app_end ] --END-- [ RunTime:0.000348s ]

[ 2019-06-14T18:54:35+08:00 ] 163.179.49.100 /daili.php?m=Mch&c=Chapter&a=index
INFO: [ app_init ] --START--
INFO: Run Behavior\BuildLiteBehavior [ RunTime:0.000009s ]
INFO: [ app_init ] --END-- [ RunTime:0.000198s ]
INFO: [ app_begin ] --START--
INFO: Run Behavior\ReadHtmlCacheBehavior [ RunTime:0.000277s ]
INFO: [ app_begin ] --END-- [ RunTime:0.000305s ]
SQL: SHOW COLUMNS FROM `vv_config` [ RunTime:0.0004s ]
SQL: SELECT * FROM `vv_config`  [ RunTime:0.0001s ]
NOTIC: [8] unserialize(): Error at offset 75 of 79 bytes /www/wwwroot/book.88guoji.cn/Application/Mch/Controller/AdminController.class.php 第 36 行.
NOTIC: [8] unserialize(): Error at offset 45 of 108 bytes /www/wwwroot/book.88guoji.cn/Application/Mch/Controller/AdminController.class.php 第 36 行.
NOTIC: [8] Undefined index: title /www/wwwroot/book.88guoji.cn/Application/Mch/Controller/ChapterController.class.php 第 7 行.
NOTIC: [8] Undefined variable: where /www/wwwroot/book.88guoji.cn/Application/Mch/Controller/ChapterController.class.php 第 11 行.
SQL: SHOW COLUMNS FROM `vv_mh_list` [ RunTime:0.0004s ]
SQL: SELECT COUNT(*) AS tp_count FROM `vv_mh_list` LIMIT 1   [ RunTime:0.0000s ]
SQL: SELECT * FROM `vv_mh_list` ORDER BY sort desc,id desc LIMIT 0,25   [ RunTime:0.0001s ]
INFO: [ view_parse ] --START--
INFO: [ template_filter ] --START--
INFO: Run Behavior\ContentReplaceBehavior [ RunTime:0.000030s ]
INFO: [ template_filter ] --END-- [ RunTime:0.000055s ]
NOTIC: [8] Undefined index: title /www/wwwroot/book.88guoji.cn/Application/Runtime/Cache/Mch/4705b36e1b34db39244190f0bd0276b4.php 第 133 行.
INFO: Run Behavior\ParseTemplateBehavior [ RunTime:0.005586s ]
INFO: [ view_parse ] --END-- [ RunTime:0.005611s ]
INFO: [ view_filter ] --START--
INFO: Run Behavior\WriteHtmlCacheBehavior [ RunTime:0.000130s ]
INFO: [ view_filter ] --END-- [ RunTime:0.000147s ]
INFO: [ app_end ] --START--
INFO: Run Behavior\ShowPageTraceBehavior [ RunTime:0.000276s ]
INFO: [ app_end ] --END-- [ RunTime:0.000296s ]

[ 2019-06-14T18:54:39+08:00 ] 163.179.49.100 /daili.php?m=Mch&c=Chapter&a=free&id=3964
INFO: [ app_init ] --START--
INFO: Run Behavior\BuildLiteBehavior [ RunTime:0.000009s ]
INFO: [ app_init ] --END-- [ RunTime:0.000189s ]
INFO: [ app_begin ] --START--
INFO: Run Behavior\ReadHtmlCacheBehavior [ RunTime:0.000255s ]
INFO: [ app_begin ] --END-- [ RunTime:0.000278s ]
SQL: SHOW COLUMNS FROM `vv_config` [ RunTime:0.0004s ]
SQL: SELECT * FROM `vv_config`  [ RunTime:0.0001s ]
NOTIC: [8] unserialize(): Error at offset 75 of 79 bytes /www/wwwroot/book.88guoji.cn/Application/Mch/Controller/AdminController.class.php 第 36 行.
NOTIC: [8] unserialize(): Error at offset 45 of 108 bytes /www/wwwroot/book.88guoji.cn/Application/Mch/Controller/AdminController.class.php 第 36 行.
SQL: SHOW COLUMNS FROM `vv_mh_list` [ RunTime:0.0004s ]
SQL: SELECT * FROM `vv_mh_list` WHERE ( id=3964 ) LIMIT 1   [ RunTime:0.0002s ]
SQL: SHOW COLUMNS FROM `vv_mh_episodes` [ RunTime:0.0003s ]
SQL: SELECT COUNT(*) AS tp_count FROM `vv_mh_episodes` WHERE `mhid` = 3964 AND `ji_no` < '10' LIMIT 1   [ RunTime:0.0002s ]
SQL: SELECT * FROM `vv_mh_episodes` WHERE `mhid` = 3964 AND `ji_no` < '10' ORDER BY id asc LIMIT 0,25   [ RunTime:0.0003s ]
INFO: [ view_parse ] --START--
INFO: [ template_filter ] --START--
INFO: Run Behavior\ContentReplaceBehavior [ RunTime:0.000033s ]
INFO: [ template_filter ] --END-- [ RunTime:0.000058s ]
INFO: Run Behavior\ParseTemplateBehavior [ RunTime:0.005136s ]
INFO: [ view_parse ] --END-- [ RunTime:0.005165s ]
INFO: [ view_filter ] --START--
INFO: Run Behavior\WriteHtmlCacheBehavior [ RunTime:0.000126s ]
INFO: [ view_filter ] --END-- [ RunTime:0.000144s ]
INFO: [ app_end ] --START--
INFO: Run Behavior\ShowPageTraceBehavior [ RunTime:0.000306s ]
INFO: [ app_end ] --END-- [ RunTime:0.000328s ]

[ 2019-06-14T18:54:43+08:00 ] 163.179.49.100 /daili.php?m=Mch&c=Chapter&a=doChapter&mhid=3964&id=271980
INFO: [ app_init ] --START--
INFO: Run Behavior\BuildLiteBehavior [ RunTime:0.000008s ]
INFO: [ app_init ] --END-- [ RunTime:0.000188s ]
INFO: [ app_begin ] --START--
INFO: Run Behavior\ReadHtmlCacheBehavior [ RunTime:0.000261s ]
INFO: [ app_begin ] --END-- [ RunTime:0.000285s ]
SQL: SHOW COLUMNS FROM `vv_config` [ RunTime:0.0004s ]
SQL: SELECT * FROM `vv_config`  [ RunTime:0.0001s ]
NOTIC: [8] unserialize(): Error at offset 75 of 79 bytes /www/wwwroot/book.88guoji.cn/Application/Mch/Controller/AdminController.class.php 第 36 行.
NOTIC: [8] unserialize(): Error at offset 45 of 108 bytes /www/wwwroot/book.88guoji.cn/Application/Mch/Controller/AdminController.class.php 第 36 行.
SQL: SHOW COLUMNS FROM `vv_mh_episodes` [ RunTime:0.0004s ]
SQL: SELECT * FROM `vv_mh_episodes` WHERE `id` = 271980 LIMIT 1   [ RunTime:0.0002s ]
SQL: SHOW COLUMNS FROM `vv_mh_list` [ RunTime:0.0004s ]
SQL: SELECT * FROM `vv_mh_list` WHERE `id` = 3964 LIMIT 1   [ RunTime:0.0001s ]
SQL: SELECT * FROM `vv_mh_episodes` WHERE `mhid` = '3964' AND `ji_no` = 1 LIMIT 1   [ RunTime:0.0002s ]
INFO: [ view_parse ] --START--
INFO: [ template_filter ] --START--
INFO: Run Behavior\ContentReplaceBehavior [ RunTime:0.000031s ]
INFO: [ template_filter ] --END-- [ RunTime:0.000060s ]
INFO: Run Behavior\ParseTemplateBehavior [ RunTime:0.003996s ]
INFO: [ view_parse ] --END-- [ RunTime:0.004022s ]
INFO: [ view_filter ] --START--
INFO: Run Behavior\WriteHtmlCacheBehavior [ RunTime:0.000137s ]
INFO: [ view_filter ] --END-- [ RunTime:0.000155s ]
INFO: [ app_end ] --START--
INFO: Run Behavior\ShowPageTraceBehavior [ RunTime:0.000296s ]
INFO: [ app_end ] --END-- [ RunTime:0.000317s ]

[ 2019-06-14T18:54:44+08:00 ] 223.166.151.191 /daili.php?m=Mch&c=Finance&a=charge
INFO: [ app_init ] --START--
INFO: Run Behavior\BuildLiteBehavior [ RunTime:0.000008s ]
INFO: [ app_init ] --END-- [ RunTime:0.000186s ]
INFO: [ app_begin ] --START--
INFO: Run Behavior\ReadHtmlCacheBehavior [ RunTime:0.000260s ]
INFO: [ app_begin ] --END-- [ RunTime:0.000285s ]
INFO: [ view_parse ] --START--
INFO: [ template_filter ] --START--
INFO: Run Behavior\ContentReplaceBehavior [ RunTime:0.000025s ]
INFO: [ template_filter ] --END-- [ RunTime:0.000050s ]
INFO: Run Behavior\ParseTemplateBehavior [ RunTime:0.003072s ]
INFO: [ view_parse ] --END-- [ RunTime:0.003098s ]
INFO: [ view_filter ] --START--
INFO: Run Behavior\WriteHtmlCacheBehavior [ RunTime:0.000131s ]
INFO: [ view_filter ] --END-- [ RunTime:0.000146s ]

[ 2019-06-14T18:54:49+08:00 ] 223.166.151.191 /daili.php?m=Mch&c=Chapter&a=index
INFO: [ app_init ] --START--
INFO: Run Behavior\BuildLiteBehavior [ RunTime:0.000009s ]
INFO: [ app_init ] --END-- [ RunTime:0.000197s ]
INFO: [ app_begin ] --START--
INFO: Run Behavior\ReadHtmlCacheBehavior [ RunTime:0.000265s ]
INFO: [ app_begin ] --END-- [ RunTime:0.000289s ]
INFO: [ view_parse ] --START--
INFO: [ template_filter ] --START--
INFO: Run Behavior\ContentReplaceBehavior [ RunTime:0.000025s ]
INFO: [ template_filter ] --END-- [ RunTime:0.000048s ]
INFO: Run Behavior\ParseTemplateBehavior [ RunTime:0.003065s ]
INFO: [ view_parse ] --END-- [ RunTime:0.003089s ]
INFO: [ view_filter ] --START--
INFO: Run Behavior\WriteHtmlCacheBehavior [ RunTime:0.000123s ]
INFO: [ view_filter ] --END-- [ RunTime:0.000138s ]

[ 2019-06-14T18:54:51+08:00 ] 163.179.49.100 /daili.php?m=Mch&c=Chapter&a=createUrl
INFO: [ app_init ] --START--
INFO: Run Behavior\BuildLiteBehavior [ RunTime:0.000008s ]
INFO: [ app_init ] --END-- [ RunTime:0.000187s ]
INFO: [ app_begin ] --START--
INFO: Run Behavior\ReadHtmlCacheBehavior [ RunTime:0.000256s ]
INFO: [ app_begin ] --END-- [ RunTime:0.000280s ]
SQL: SHOW COLUMNS FROM `vv_config` [ RunTime:0.0004s ]
SQL: SELECT * FROM `vv_config`  [ RunTime:0.0001s ]
NOTIC: [8] unserialize(): Error at offset 75 of 79 bytes /www/wwwroot/book.88guoji.cn/Application/Mch/Controller/AdminController.class.php 第 36 行.
NOTIC: [8] unserialize(): Error at offset 45 of 108 bytes /www/wwwroot/book.88guoji.cn/Application/Mch/Controller/AdminController.class.php 第 36 行.
SQL: SHOW COLUMNS FROM `vv_chapter` [ RunTime:0.0004s ]
SQL: INSERT INTO `vv_chapter` (`mbid`,`eid`,`title`,`etitle`,`pic`,`ji_no`,`name`,`isubscribe`,`type`,`memid`,`create_time`,`qrcode`) VALUES ('3964','0','能量戒指的使用法则','','https://oss.mkzcdn.com/zymkcover/000/000/691.jpg!cover-400','0','666','0','1','1','1560509691','./Public/upload/images/1905/02/234032115378001889.png') [ RunTime:0.0002s ]
SQL: UPDATE `vv_chapter` SET `url`='http://152.136.179.170/index.php?m=&c=Mh&a=inforedit&mhid=3964&ji_no=&sub=&chapid=10',`burl`='http://152.136.179.170/index.php?m=&c=Mh&a=inforedit&mhid=3964&ji_no=-1&sub=&chapid=10' WHERE `id` = 10 [ RunTime:0.0001s ]

[ 2019-06-14T18:54:53+08:00 ] 163.179.49.100 /daili.php?m=Mch&c=Chapurl&a=index
INFO: [ app_init ] --START--
INFO: Run Behavior\BuildLiteBehavior [ RunTime:0.000009s ]
INFO: [ app_init ] --END-- [ RunTime:0.000188s ]
INFO: [ app_begin ] --START--
INFO: Run Behavior\ReadHtmlCacheBehavior [ RunTime:0.000283s ]
INFO: [ app_begin ] --END-- [ RunTime:0.000308s ]
SQL: SHOW COLUMNS FROM `vv_config` [ RunTime:0.0004s ]
SQL: SELECT * FROM `vv_config`  [ RunTime:0.0001s ]
NOTIC: [8] unserialize(): Error at offset 75 of 79 bytes /www/wwwroot/book.88guoji.cn/Application/Mch/Controller/AdminController.class.php 第 36 行.
NOTIC: [8] unserialize(): Error at offset 45 of 108 bytes /www/wwwroot/book.88guoji.cn/Application/Mch/Controller/AdminController.class.php 第 36 行.
NOTIC: [8] Undefined index: title /www/wwwroot/book.88guoji.cn/Application/Mch/Controller/ChapurlController.class.php 第 7 行.
NOTIC: [8] Undefined index: type /www/wwwroot/book.88guoji.cn/Application/Mch/Controller/ChapurlController.class.php 第 12 行.
SQL: SHOW COLUMNS FROM `vv_chapter` [ RunTime:0.0003s ]
SQL: SELECT COUNT(*) AS tp_count FROM `vv_chapter` WHERE `memid` = 1 LIMIT 1   [ RunTime:0.0001s ]
SQL: SELECT * FROM `vv_chapter` WHERE `memid` = 1 ORDER BY create_time desc LIMIT 0,25   [ RunTime:0.0002s ]
INFO: [ view_parse ] --START--
INFO: [ template_filter ] --START--
INFO: Run Behavior\ContentReplaceBehavior [ RunTime:0.000038s ]
INFO: [ template_filter ] --END-- [ RunTime:0.000067s ]
NOTIC: [8] Undefined index: type /www/wwwroot/book.88guoji.cn/Application/Runtime/Cache/Mch/74b04ba537d0fef74fdf46aacd65f954.php 第 138 行.
NOTIC: [8] Undefined index: title /www/wwwroot/book.88guoji.cn/Application/Runtime/Cache/Mch/74b04ba537d0fef74fdf46aacd65f954.php 第 144 行.
INFO: Run Behavior\ParseTemplateBehavior [ RunTime:0.277437s ]
INFO: [ view_parse ] --END-- [ RunTime:0.277475s ]
INFO: [ view_filter ] --START--
INFO: Run Behavior\WriteHtmlCacheBehavior [ RunTime:0.000180s ]
INFO: [ view_filter ] --END-- [ RunTime:0.000200s ]
INFO: [ app_end ] --START--
INFO: Run Behavior\ShowPageTraceBehavior [ RunTime:0.000344s ]
INFO: [ app_end ] --END-- [ RunTime:0.000366s ]

[ 2019-06-14T18:55:12+08:00 ] 223.166.151.197 /daili.php?m=Mch&c=Chapter&a=doChapter&mhid=3969&id=272054
INFO: [ app_init ] --START--
INFO: Run Behavior\BuildLiteBehavior [ RunTime:0.000010s ]
INFO: [ app_init ] --END-- [ RunTime:0.000190s ]
INFO: [ app_begin ] --START--
INFO: Run Behavior\ReadHtmlCacheBehavior [ RunTime:0.000274s ]
INFO: [ app_begin ] --END-- [ RunTime:0.000300s ]
INFO: [ view_parse ] --START--
INFO: [ template_filter ] --START--
INFO: Run Behavior\ContentReplaceBehavior [ RunTime:0.000025s ]
INFO: [ template_filter ] --END-- [ RunTime:0.000048s ]
INFO: Run Behavior\ParseTemplateBehavior [ RunTime:0.003067s ]
INFO: [ view_parse ] --END-- [ RunTime:0.003093s ]
INFO: [ view_filter ] --START--
INFO: Run Behavior\WriteHtmlCacheBehavior [ RunTime:0.000121s ]
INFO: [ view_filter ] --END-- [ RunTime:0.000138s ]

[ 2019-06-14T18:55:32+08:00 ] 163.179.49.100 /daili.php?m=Mch&c=Chapurl&a=index
INFO: [ app_init ] --START--
INFO: Run Behavior\BuildLiteBehavior [ RunTime:0.000009s ]
INFO: [ app_init ] --END-- [ RunTime:0.000188s ]
INFO: [ app_begin ] --START--
INFO: Run Behavior\ReadHtmlCacheBehavior [ RunTime:0.000259s ]
INFO: [ app_begin ] --END-- [ RunTime:0.000284s ]
SQL: SHOW COLUMNS FROM `vv_config` [ RunTime:0.0005s ]
SQL: SELECT * FROM `vv_config`  [ RunTime:0.0001s ]
NOTIC: [8] unserialize(): Error at offset 75 of 79 bytes /www/wwwroot/book.88guoji.cn/Application/Mch/Controller/AdminController.class.php 第 36 行.
NOTIC: [8] unserialize(): Error at offset 45 of 108 bytes /www/wwwroot/book.88guoji.cn/Application/Mch/Controller/AdminController.class.php 第 36 行.
NOTIC: [8] Undefined index: title /www/wwwroot/book.88guoji.cn/Application/Mch/Controller/ChapurlController.class.php 第 7 行.
NOTIC: [8] Undefined index: type /www/wwwroot/book.88guoji.cn/Application/Mch/Controller/ChapurlController.class.php 第 12 行.
SQL: SHOW COLUMNS FROM `vv_chapter` [ RunTime:0.0004s ]
SQL: SELECT COUNT(*) AS tp_count FROM `vv_chapter` WHERE `memid` = 1 LIMIT 1   [ RunTime:0.0000s ]
SQL: SELECT * FROM `vv_chapter` WHERE `memid` = 1 ORDER BY create_time desc LIMIT 0,25   [ RunTime:0.0001s ]
INFO: [ view_parse ] --START--
INFO: [ template_filter ] --START--
INFO: Run Behavior\ContentReplaceBehavior [ RunTime:0.000040s ]
INFO: [ template_filter ] --END-- [ RunTime:0.000068s ]
NOTIC: [8] Undefined index: type /www/wwwroot/book.88guoji.cn/Application/Runtime/Cache/Mch/74b04ba537d0fef74fdf46aacd65f954.php 第 138 行.
NOTIC: [8] Undefined index: title /www/wwwroot/book.88guoji.cn/Application/Runtime/Cache/Mch/74b04ba537d0fef74fdf46aacd65f954.php 第 144 行.
INFO: Run Behavior\ParseTemplateBehavior [ RunTime:0.190424s ]
INFO: [ view_parse ] --END-- [ RunTime:0.190464s ]
INFO: [ view_filter ] --START--
INFO: Run Behavior\WriteHtmlCacheBehavior [ RunTime:0.000209s ]
INFO: [ view_filter ] --END-- [ RunTime:0.000231s ]
INFO: [ app_end ] --START--
INFO: Run Behavior\ShowPageTraceBehavior [ RunTime:0.000367s ]
INFO: [ app_end ] --END-- [ RunTime:0.000391s ]

[ 2019-06-14T18:55:40+08:00 ] 58.246.221.162 /daili.php?m=Mch&c=Chapter&a=free&id=3964
INFO: [ app_init ] --START--
INFO: Run Behavior\BuildLiteBehavior [ RunTime:0.000010s ]
INFO: [ app_init ] --END-- [ RunTime:0.000191s ]
INFO: [ app_begin ] --START--
INFO: Run Behavior\ReadHtmlCacheBehavior [ RunTime:0.000261s ]
INFO: [ app_begin ] --END-- [ RunTime:0.000287s ]
INFO: [ view_parse ] --START--
INFO: [ template_filter ] --START--
INFO: Run Behavior\ContentReplaceBehavior [ RunTime:0.000025s ]
INFO: [ template_filter ] --END-- [ RunTime:0.000050s ]
INFO: Run Behavior\ParseTemplateBehavior [ RunTime:0.003090s ]
INFO: [ view_parse ] --END-- [ RunTime:0.003117s ]
INFO: [ view_filter ] --START--
INFO: Run Behavior\WriteHtmlCacheBehavior [ RunTime:0.000122s ]
INFO: [ view_filter ] --END-- [ RunTime:0.000139s ]

[ 2019-06-14T18:55:43+08:00 ] 210.22.245.219 /daili.php?m=Mch&c=Chapter&a=doChapter&mhid=3964&id=271980
INFO: [ app_init ] --START--
INFO: Run Behavior\BuildLiteBehavior [ RunTime:0.000008s ]
INFO: [ app_init ] --END-- [ RunTime:0.000188s ]
INFO: [ app_begin ] --START--
INFO: Run Behavior\ReadHtmlCacheBehavior [ RunTime:0.000258s ]
INFO: [ app_begin ] --END-- [ RunTime:0.000283s ]
INFO: [ view_parse ] --START--
INFO: [ template_filter ] --START--
INFO: Run Behavior\ContentReplaceBehavior [ RunTime:0.000025s ]
INFO: [ template_filter ] --END-- [ RunTime:0.000049s ]
INFO: Run Behavior\ParseTemplateBehavior [ RunTime:0.003092s ]
INFO: [ view_parse ] --END-- [ RunTime:0.003118s ]
INFO: [ view_filter ] --START--
INFO: Run Behavior\WriteHtmlCacheBehavior [ RunTime:0.000125s ]
INFO: [ view_filter ] --END-- [ RunTime:0.000142s ]

[ 2019-06-14T18:56:20+08:00 ] 163.179.49.100 /daili.php?m=Mch&c=Chapurl&a=index
INFO: [ app_init ] --START--
INFO: Run Behavior\BuildLiteBehavior [ RunTime:0.000009s ]
INFO: [ app_init ] --END-- [ RunTime:0.000193s ]
INFO: [ app_begin ] --START--
INFO: Run Behavior\ReadHtmlCacheBehavior [ RunTime:0.000277s ]
INFO: [ app_begin ] --END-- [ RunTime:0.000304s ]
SQL: SHOW COLUMNS FROM `vv_config` [ RunTime:0.0004s ]
SQL: SELECT * FROM `vv_config`  [ RunTime:0.0001s ]
NOTIC: [8] unserialize(): Error at offset 75 of 79 bytes /www/wwwroot/book.88guoji.cn/Application/Mch/Controller/AdminController.class.php 第 36 行.
NOTIC: [8] unserialize(): Error at offset 45 of 108 bytes /www/wwwroot/book.88guoji.cn/Application/Mch/Controller/AdminController.class.php 第 36 行.
SQL: SHOW COLUMNS FROM `vv_chapter` [ RunTime:0.0004s ]
SQL: SELECT COUNT(*) AS tp_count FROM `vv_chapter` WHERE `type` = 1 AND `memid` = 1 LIMIT 1   [ RunTime:0.0010s ]
SQL: SELECT * FROM `vv_chapter` WHERE `type` = 1 AND `memid` = 1 ORDER BY create_time desc LIMIT 0,25   [ RunTime:0.0002s ]
INFO: [ view_parse ] --START--
INFO: [ template_filter ] --START--
INFO: Run Behavior\ContentReplaceBehavior [ RunTime:0.000042s ]
INFO: [ template_filter ] --END-- [ RunTime:0.000067s ]
NOTIC: [8] Undefined index: title /www/wwwroot/book.88guoji.cn/Application/Runtime/Cache/Mch/74b04ba537d0fef74fdf46aacd65f954.php 第 144 行.
INFO: Run Behavior\ParseTemplateBehavior [ RunTime:0.100911s ]
INFO: [ view_parse ] --END-- [ RunTime:0.100955s ]
INFO: [ view_filter ] --START--
INFO: Run Behavior\WriteHtmlCacheBehavior [ RunTime:0.000231s ]
INFO: [ view_filter ] --END-- [ RunTime:0.000252s ]
INFO: [ app_end ] --START--
INFO: Run Behavior\ShowPageTraceBehavior [ RunTime:0.000329s ]
INFO: [ app_end ] --END-- [ RunTime:0.000350s ]

[ 2019-06-14T18:56:26+08:00 ] 163.179.49.100 /daili.php?m=Mch&c=Chapurl&a=index
INFO: [ app_init ] --START--
INFO: Run Behavior\BuildLiteBehavior [ RunTime:0.000009s ]
INFO: [ app_init ] --END-- [ RunTime:0.000186s ]
INFO: [ app_begin ] --START--
INFO: Run Behavior\ReadHtmlCacheBehavior [ RunTime:0.000257s ]
INFO: [ app_begin ] --END-- [ RunTime:0.000283s ]
SQL: SHOW COLUMNS FROM `vv_config` [ RunTime:0.0004s ]
SQL: SELECT * FROM `vv_config`  [ RunTime:0.0001s ]
NOTIC: [8] unserialize(): Error at offset 75 of 79 bytes /www/wwwroot/book.88guoji.cn/Application/Mch/Controller/AdminController.class.php 第 36 行.
NOTIC: [8] unserialize(): Error at offset 45 of 108 bytes /www/wwwroot/book.88guoji.cn/Application/Mch/Controller/AdminController.class.php 第 36 行.
SQL: SHOW COLUMNS FROM `vv_chapter` [ RunTime:0.0004s ]
SQL: SELECT COUNT(*) AS tp_count FROM `vv_chapter` WHERE `type` = 2 AND `memid` = 1 LIMIT 1   [ RunTime:0.0002s ]
SQL: SELECT * FROM `vv_chapter` WHERE `type` = 2 AND `memid` = 1 ORDER BY create_time desc LIMIT 0,25   [ RunTime:0.0002s ]
INFO: [ view_parse ] --START--
INFO: [ template_filter ] --START--
INFO: Run Behavior\ContentReplaceBehavior [ RunTime:0.000041s ]
INFO: [ template_filter ] --END-- [ RunTime:0.000065s ]
NOTIC: [8] Undefined index: title /www/wwwroot/book.88guoji.cn/Application/Runtime/Cache/Mch/74b04ba537d0fef74fdf46aacd65f954.php 第 144 行.
INFO: Run Behavior\ParseTemplateBehavior [ RunTime:0.039173s ]
INFO: [ view_parse ] --END-- [ RunTime:0.039202s ]
INFO: [ view_filter ] --START--
INFO: Run Behavior\WriteHtmlCacheBehavior [ RunTime:0.000148s ]
INFO: [ view_filter ] --END-- [ RunTime:0.000166s ]
INFO: [ app_end ] --START--
INFO: Run Behavior\ShowPageTraceBehavior [ RunTime:0.000293s ]
INFO: [ app_end ] --END-- [ RunTime:0.000312s ]

[ 2019-06-14T18:56:32+08:00 ] 163.179.49.100 /daili.php?m=Mch&c=Chapurl&a=index
INFO: [ app_init ] --START--
INFO: Run Behavior\BuildLiteBehavior [ RunTime:0.000009s ]
INFO: [ app_init ] --END-- [ RunTime:0.000191s ]
INFO: [ app_begin ] --START--
INFO: Run Behavior\ReadHtmlCacheBehavior [ RunTime:0.000258s ]
INFO: [ app_begin ] --END-- [ RunTime:0.000285s ]
SQL: SHOW COLUMNS FROM `vv_config` [ RunTime:0.0004s ]
SQL: SELECT * FROM `vv_config`  [ RunTime:0.0001s ]
NOTIC: [8] unserialize(): Error at offset 75 of 79 bytes /www/wwwroot/book.88guoji.cn/Application/Mch/Controller/AdminController.class.php 第 36 行.
NOTIC: [8] unserialize(): Error at offset 45 of 108 bytes /www/wwwroot/book.88guoji.cn/Application/Mch/Controller/AdminController.class.php 第 36 行.
SQL: SHOW COLUMNS FROM `vv_chapter` [ RunTime:0.0003s ]
SQL: SELECT COUNT(*) AS tp_count FROM `vv_chapter` WHERE `memid` = 1 LIMIT 1   [ RunTime:0.0000s ]
SQL: SELECT * FROM `vv_chapter` WHERE `memid` = 1 ORDER BY create_time desc LIMIT 0,25   [ RunTime:0.0001s ]
INFO: [ view_parse ] --START--
INFO: [ template_filter ] --START--
INFO: Run Behavior\ContentReplaceBehavior [ RunTime:0.000042s ]
INFO: [ template_filter ] --END-- [ RunTime:0.000065s ]
NOTIC: [8] Undefined index: type /www/wwwroot/book.88guoji.cn/Application/Runtime/Cache/Mch/74b04ba537d0fef74fdf46aacd65f954.php 第 138 行.
NOTIC: [8] Undefined index: title /www/wwwroot/book.88guoji.cn/Application/Runtime/Cache/Mch/74b04ba537d0fef74fdf46aacd65f954.php 第 144 行.
INFO: Run Behavior\ParseTemplateBehavior [ RunTime:0.166787s ]
INFO: [ view_parse ] --END-- [ RunTime:0.166829s ]
INFO: [ view_filter ] --START--
INFO: Run Behavior\WriteHtmlCacheBehavior [ RunTime:0.000189s ]
INFO: [ view_filter ] --END-- [ RunTime:0.000209s ]
INFO: [ app_end ] --START--
INFO: Run Behavior\ShowPageTraceBehavior [ RunTime:0.000348s ]
INFO: [ app_end ] --END-- [ RunTime:0.000372s ]

[ 2019-06-14T18:57:57+08:00 ] 163.179.49.100 /daili.php?m=Mch&c=Admin&a=welcome
INFO: [ app_init ] --START--
INFO: Run Behavior\BuildLiteBehavior [ RunTime:0.000008s ]
INFO: [ app_init ] --END-- [ RunTime:0.000184s ]
INFO: [ app_begin ] --START--
INFO: Run Behavior\ReadHtmlCacheBehavior [ RunTime:0.000269s ]
INFO: [ app_begin ] --END-- [ RunTime:0.000294s ]
SQL: SHOW COLUMNS FROM `vv_config` [ RunTime:0.0004s ]
SQL: SELECT * FROM `vv_config`  [ RunTime:0.0001s ]
NOTIC: [8] unserialize(): Error at offset 75 of 79 bytes /www/wwwroot/book.88guoji.cn/Application/Mch/Controller/AdminController.class.php 第 36 行.
NOTIC: [8] unserialize(): Error at offset 45 of 108 bytes /www/wwwroot/book.88guoji.cn/Application/Mch/Controller/AdminController.class.php 第 36 行.
SQL: SHOW COLUMNS FROM `vv_notice` [ RunTime:0.0003s ]
SQL: SELECT * FROM `vv_notice` ORDER BY create_time desc  [ RunTime:0.0000s ]
NOTIC: [8] Undefined variable: info /www/wwwroot/book.88guoji.cn/Application/Mch/Controller/AdminController.class.php 第 48 行.
INFO: [ view_parse ] --START--
INFO: [ template_filter ] --START--
INFO: Run Behavior\ContentReplaceBehavior [ RunTime:0.000030s ]
INFO: [ template_filter ] --END-- [ RunTime:0.000053s ]
INFO: Run Behavior\ParseTemplateBehavior [ RunTime:0.004666s ]
INFO: [ view_parse ] --END-- [ RunTime:0.004689s ]
INFO: [ view_filter ] --START--
INFO: Run Behavior\WriteHtmlCacheBehavior [ RunTime:0.000127s ]
INFO: [ view_filter ] --END-- [ RunTime:0.000144s ]
INFO: [ app_end ] --START--
INFO: Run Behavior\ShowPageTraceBehavior [ RunTime:0.000281s ]
INFO: [ app_end ] --END-- [ RunTime:0.000299s ]

