[ 2019-06-25T07:24:28+08:00 ] 223.104.1.109 /daili.php
INFO: [ app_init ] --START--
INFO: Run Behavior\BuildLiteBehavior [ RunTime:0.000009s ]
INFO: [ app_init ] --END-- [ RunTime:0.000214s ]
INFO: [ app_begin ] --START--
INFO: Run Behavior\ReadHtmlCacheBehavior [ RunTime:0.000284s ]
INFO: [ app_begin ] --END-- [ RunTime:0.000309s ]
INFO: [ view_parse ] --START--
INFO: [ template_filter ] --START--
INFO: Run Behavior\ContentReplaceBehavior [ RunTime:0.000035s ]
INFO: [ template_filter ] --END-- [ RunTime:0.000059s ]
INFO: Run Behavior\ParseTemplateBehavior [ RunTime:0.003105s ]
INFO: [ view_parse ] --END-- [ RunTime:0.003153s ]
INFO: [ view_filter ] --START--
INFO: Run Behavior\WriteHtmlCacheBehavior [ RunTime:0.000125s ]
INFO: [ view_filter ] --END-- [ RunTime:0.000141s ]

[ 2019-06-25T07:24:31+08:00 ] 223.104.1.109 /daili.php?m=Mch&c=Index&a=login
INFO: [ app_init ] --START--
INFO: Run Behavior\BuildLiteBehavior [ RunTime:0.000009s ]
INFO: [ app_init ] --END-- [ RunTime:0.000222s ]
INFO: [ app_begin ] --START--
INFO: Run Behavior\ReadHtmlCacheBehavior [ RunTime:0.000285s ]
INFO: [ app_begin ] --END-- [ RunTime:0.000309s ]
SQL: SHOW COLUMNS FROM `vv_config` [ RunTime:0.0005s ]
SQL: SELECT * FROM `vv_config`  [ RunTime:0.0001s ]
NOTIC: [8] unserialize(): Error at offset 75 of 79 bytes /www/wwwroot/book.88guoji.cn/Application/Mch/Controller/AdminController.class.php 第 36 行.
NOTIC: [8] unserialize(): Error at offset 45 of 108 bytes /www/wwwroot/book.88guoji.cn/Application/Mch/Controller/AdminController.class.php 第 36 行.
INFO: [ view_parse ] --START--
INFO: [ template_filter ] --START--
INFO: Run Behavior\ContentReplaceBehavior [ RunTime:0.000029s ]
INFO: [ template_filter ] --END-- [ RunTime:0.000054s ]
INFO: Run Behavior\ParseTemplateBehavior [ RunTime:0.003413s ]
INFO: [ view_parse ] --END-- [ RunTime:0.003464s ]
INFO: [ view_filter ] --START--
INFO: Run Behavior\WriteHtmlCacheBehavior [ RunTime:0.000123s ]
INFO: [ view_filter ] --END-- [ RunTime:0.000140s ]
INFO: [ app_end ] --START--
INFO: Run Behavior\ShowPageTraceBehavior [ RunTime:0.000279s ]
INFO: [ app_end ] --END-- [ RunTime:0.000299s ]

[ 2019-06-25T07:24:35+08:00 ] 223.104.1.109 /daili.php?m=Mch&c=Index&a=login
INFO: [ app_init ] --START--
INFO: Run Behavior\BuildLiteBehavior [ RunTime:0.000016s ]
INFO: [ app_init ] --END-- [ RunTime:0.000196s ]
INFO: [ app_begin ] --START--
INFO: Run Behavior\ReadHtmlCacheBehavior [ RunTime:0.000269s ]
INFO: [ app_begin ] --END-- [ RunTime:0.000295s ]
SQL: SHOW COLUMNS FROM `vv_config` [ RunTime:0.0004s ]
SQL: SELECT * FROM `vv_config`  [ RunTime:0.0001s ]
NOTIC: [8] unserialize(): Error at offset 75 of 79 bytes /www/wwwroot/book.88guoji.cn/Application/Mch/Controller/AdminController.class.php 第 36 行.
NOTIC: [8] unserialize(): Error at offset 45 of 108 bytes /www/wwwroot/book.88guoji.cn/Application/Mch/Controller/AdminController.class.php 第 36 行.
SQL: SHOW COLUMNS FROM `vv_member` [ RunTime:0.0004s ]
SQL: SELECT * FROM `vv_member` WHERE `username` = 'boy007' LIMIT 1   [ RunTime:0.0002s ]
INFO: [ view_parse ] --START--
INFO: [ template_filter ] --START--
INFO: Run Behavior\ContentReplaceBehavior [ RunTime:0.000028s ]
INFO: [ template_filter ] --END-- [ RunTime:0.000052s ]
INFO: Run Behavior\ParseTemplateBehavior [ RunTime:0.003332s ]
INFO: [ view_parse ] --END-- [ RunTime:0.003356s ]
INFO: [ view_filter ] --START--
INFO: Run Behavior\WriteHtmlCacheBehavior [ RunTime:0.000123s ]
INFO: [ view_filter ] --END-- [ RunTime:0.000139s ]
INFO: [ app_end ] --START--
INFO: Run Behavior\ShowPageTraceBehavior [ RunTime:0.000292s ]
INFO: [ app_end ] --END-- [ RunTime:0.000312s ]

[ 2019-06-25T07:24:40+08:00 ] 223.104.1.109 /daili.php?m=Mch&c=Index&a=login
INFO: [ app_init ] --START--
INFO: Run Behavior\BuildLiteBehavior [ RunTime:0.000009s ]
INFO: [ app_init ] --END-- [ RunTime:0.000211s ]
INFO: [ app_begin ] --START--
INFO: Run Behavior\ReadHtmlCacheBehavior [ RunTime:0.000282s ]
INFO: [ app_begin ] --END-- [ RunTime:0.000308s ]
SQL: SHOW COLUMNS FROM `vv_config` [ RunTime:0.0004s ]
SQL: SELECT * FROM `vv_config`  [ RunTime:0.0001s ]
NOTIC: [8] unserialize(): Error at offset 75 of 79 bytes /www/wwwroot/book.88guoji.cn/Application/Mch/Controller/AdminController.class.php 第 36 行.
NOTIC: [8] unserialize(): Error at offset 45 of 108 bytes /www/wwwroot/book.88guoji.cn/Application/Mch/Controller/AdminController.class.php 第 36 行.
INFO: [ view_parse ] --START--
INFO: [ template_filter ] --START--
INFO: Run Behavior\ContentReplaceBehavior [ RunTime:0.000027s ]
INFO: [ template_filter ] --END-- [ RunTime:0.000050s ]
INFO: Run Behavior\ParseTemplateBehavior [ RunTime:0.003351s ]
INFO: [ view_parse ] --END-- [ RunTime:0.003375s ]
INFO: [ view_filter ] --START--
INFO: Run Behavior\WriteHtmlCacheBehavior [ RunTime:0.000122s ]
INFO: [ view_filter ] --END-- [ RunTime:0.000139s ]
INFO: [ app_end ] --START--
INFO: Run Behavior\ShowPageTraceBehavior [ RunTime:0.000271s ]
INFO: [ app_end ] --END-- [ RunTime:0.000290s ]

