[ 2019-08-18T22:15:24+08:00 ] 127.0.0.1 /
INFO: [ app_init ] --START--
INFO: Run Behavior\BuildLiteBehavior [ RunTime:0.000013s ]
INFO: [ app_init ] --END-- [ RunTime:0.000751s ]
INFO: [ app_begin ] --START--
INFO: Run Behavior\ReadHtmlCacheBehavior [ RunTime:0.000896s ]
INFO: [ app_begin ] --END-- [ RunTime:0.000935s ]
SQL: SHOW COLUMNS FROM `vv_config` [ RunTime:0.0174s ]
SQL: SELECT * FROM `vv_config`  [ RunTime:0.0003s ]
NOTIC: [8] Undefined index: imei D:\wwwroot\demo.52jscn.com\Application\Home\Controller\HomeController.class.php 第 32 行.
NOTIC: [8] Undefined index: chapid D:\wwwroot\demo.52jscn.com\Application\Home\Controller\HomeController.class.php 第 42 行.
NOTIC: [8] unserialize(): Error at offset 75 of 79 bytes D:\wwwroot\demo.52jscn.com\Application\Home\Controller\HomeController.class.php 第 63 行.
NOTIC: [8] unserialize(): Error at offset 45 of 108 bytes D:\wwwroot\demo.52jscn.com\Application\Home\Controller\HomeController.class.php 第 63 行.
NOTIC: [8] Undefined index: user_id D:\wwwroot\demo.52jscn.com\Application\Home\Controller\HomeController.class.php 第 71 行.
SQL: SHOW COLUMNS FROM `vv_user` [ RunTime:0.0215s ]
SQL: SELECT * FROM `vv_user` WHERE `id` = 781 LIMIT 1   [ RunTime:0.0016s ]
NOTIC: [8] Use of undefined constant id - assumed 'id' D:\wwwroot\demo.52jscn.com\Application\Home\Controller\HomeController.class.php 第 129 行.
SQL: SHOW COLUMNS FROM `vv_data` [ RunTime:0.0153s ]
SQL: SELECT * FROM `vv_data` WHERE ( date=20190817 ) LIMIT 1   [ RunTime:0.0004s ]
SQL: SHOW COLUMNS FROM `vv_order` [ RunTime:0.0158s ]
SQL: SELECT COUNT(*) AS tp_count FROM `vv_order` WHERE `create_time` BETWEEN 1565971200 AND 1566057600 LIMIT 1   [ RunTime:0.0005s ]
SQL: SELECT SUM(money) AS tp_sum FROM `vv_order` WHERE `create_time` BETWEEN 1565971200 AND 1566057600 LIMIT 1   [ RunTime:0.0003s ]
SQL: SELECT COUNT(*) AS tp_count FROM `vv_user` WHERE ( sub_time between 1565971200 and 1566057600 ) LIMIT 1   [ RunTime:0.0020s ]
SQL: INSERT INTO `vv_data` (`orders`,`total`,`subs`,`date`) VALUES ('0','0','1','20190817') [ RunTime:0.0007s ]
NOTIC: [8] Undefined index: isopen D:\wwwroot\demo.52jscn.com\Application\Home\Controller\HomeController.class.php 第 175 行.
NOTIC: [8] Undefined variable: adsPic D:\wwwroot\demo.52jscn.com\Application\Home\Controller\HomeController.class.php 第 208 行.
NOTIC: [8] Undefined index: uid D:\wwwroot\demo.52jscn.com\Application\Home\Controller\HomeController.class.php 第 209 行.
NOTIC: [8] Undefined index: sort D:\wwwroot\demo.52jscn.com\Application\Home\Controller\MhController.class.php 第 22 行.
SQL: SHOW COLUMNS FROM `vv_mh_list` [ RunTime:0.0126s ]
SQL: SELECT * FROM `vv_mh_list` WHERE `mhcate` LIKE '%5%' ORDER BY sort desc LIMIT 6   [ RunTime:0.0003s ]
NOTIC: [8] Undefined index: sort D:\wwwroot\demo.52jscn.com\Application\Home\Controller\MhController.class.php 第 22 行.
SQL: SELECT * FROM `vv_mh_list` WHERE `mhcate` LIKE '%6%' ORDER BY sort desc LIMIT 6   [ RunTime:0.0003s ]
NOTIC: [8] Undefined index: sort D:\wwwroot\demo.52jscn.com\Application\Home\Controller\MhController.class.php 第 22 行.
SQL: SELECT * FROM `vv_mh_list` WHERE `mhcate` LIKE '%7%' ORDER BY sort desc LIMIT 6   [ RunTime:0.0003s ]
NOTIC: [8] Undefined index: sort D:\wwwroot\demo.52jscn.com\Application\Home\Controller\MhController.class.php 第 22 行.
SQL: SELECT * FROM `vv_mh_list` WHERE `mhcate` LIKE '%8%' ORDER BY sort desc LIMIT 6   [ RunTime:0.0002s ]
NOTIC: [8] Undefined index: sort D:\wwwroot\demo.52jscn.com\Application\Home\Controller\MhController.class.php 第 22 行.
SQL: SELECT * FROM `vv_mh_list` WHERE `mhcate` LIKE '%9%' ORDER BY sort desc LIMIT 6   [ RunTime:0.0002s ]
SQL: SELECT * FROM `vv_mh_list` WHERE `free_type` = 1 ORDER BY sort desc  [ RunTime:0.0002s ]
NOTIC: [2] Missing argument 2 for Common\Util\ddwechat::setParam(), called in D:\wwwroot\demo.52jscn.com\Application\Home\Controller\MhController.class.php on line 31 and defined D:\wwwroot\demo.52jscn.com\Application\Common\Util\ddwechat.class.php 第 39 行.
INFO: [ view_parse ] --START--
INFO: [ template_filter ] --START--
INFO: Run Behavior\ContentReplaceBehavior [ RunTime:0.000137s ]
INFO: [ template_filter ] --END-- [ RunTime:0.000190s ]
NOTIC: [8] Undefined variable: share D:\wwwroot\demo.52jscn.com\Application\Runtime\Cache\Home\67199abba7efdab949490dffef721944.php 第 209 行.
NOTIC: [8] Undefined variable: share D:\wwwroot\demo.52jscn.com\Application\Runtime\Cache\Home\67199abba7efdab949490dffef721944.php 第 210 行.
NOTIC: [8] Undefined variable: share D:\wwwroot\demo.52jscn.com\Application\Runtime\Cache\Home\67199abba7efdab949490dffef721944.php 第 211 行.
NOTIC: [8] Undefined index: thirdcode D:\wwwroot\demo.52jscn.com\Application\Runtime\Cache\Home\67199abba7efdab949490dffef721944.php 第 258 行.
INFO: Run Behavior\ParseTemplateBehavior [ RunTime:0.016824s ]
INFO: [ view_parse ] --END-- [ RunTime:0.016876s ]
INFO: [ view_filter ] --START--
INFO: Run Behavior\WriteHtmlCacheBehavior [ RunTime:0.000781s ]
INFO: [ view_filter ] --END-- [ RunTime:0.000810s ]
INFO: [ app_end ] --START--
INFO: Run Behavior\ShowPageTraceBehavior [ RunTime:0.000976s ]
INFO: [ app_end ] --END-- [ RunTime:0.001017s ]

[ 2019-08-18T23:26:18+08:00 ] 127.0.0.1 /index.php?m=&c=Mh&a=bookinfo&mhid=1
INFO: [ app_init ] --START--
INFO: Run Behavior\BuildLiteBehavior [ RunTime:0.000011s ]
INFO: [ app_init ] --END-- [ RunTime:0.000718s ]
INFO: [ app_begin ] --START--
INFO: Run Behavior\ReadHtmlCacheBehavior [ RunTime:0.000865s ]
INFO: [ app_begin ] --END-- [ RunTime:0.000902s ]
SQL: SHOW COLUMNS FROM `vv_config` [ RunTime:0.0156s ]
SQL: SELECT * FROM `vv_config`  [ RunTime:0.0004s ]
NOTIC: [8] Undefined index: imei D:\wwwroot\demo.52jscn.com\Application\Home\Controller\HomeController.class.php 第 32 行.
NOTIC: [8] Undefined index: chapid D:\wwwroot\demo.52jscn.com\Application\Home\Controller\HomeController.class.php 第 42 行.
NOTIC: [8] unserialize(): Error at offset 75 of 79 bytes D:\wwwroot\demo.52jscn.com\Application\Home\Controller\HomeController.class.php 第 63 行.
NOTIC: [8] unserialize(): Error at offset 45 of 108 bytes D:\wwwroot\demo.52jscn.com\Application\Home\Controller\HomeController.class.php 第 63 行.
NOTIC: [8] Undefined index: user_id D:\wwwroot\demo.52jscn.com\Application\Home\Controller\HomeController.class.php 第 71 行.
SQL: SHOW COLUMNS FROM `vv_user` [ RunTime:0.0175s ]
SQL: SELECT * FROM `vv_user` WHERE `id` = 781 LIMIT 1   [ RunTime:0.0004s ]
NOTIC: [8] Use of undefined constant id - assumed 'id' D:\wwwroot\demo.52jscn.com\Application\Home\Controller\HomeController.class.php 第 129 行.
SQL: SHOW COLUMNS FROM `vv_data` [ RunTime:0.0129s ]
SQL: SELECT * FROM `vv_data` WHERE ( date=20190817 ) LIMIT 1   [ RunTime:0.0004s ]
NOTIC: [8] Undefined index: isopen D:\wwwroot\demo.52jscn.com\Application\Home\Controller\HomeController.class.php 第 175 行.
NOTIC: [8] Undefined variable: adsPic D:\wwwroot\demo.52jscn.com\Application\Home\Controller\HomeController.class.php 第 208 行.
NOTIC: [8] Undefined index: uid D:\wwwroot\demo.52jscn.com\Application\Home\Controller\HomeController.class.php 第 209 行.
SQL: SHOW COLUMNS FROM `vv_mh_list` [ RunTime:0.0108s ]
SQL: SELECT * FROM `vv_mh_list` WHERE ( id=1 ) LIMIT 1   [ RunTime:0.0005s ]
SQL: UPDATE `vv_mh_list` SET `reader`=reader+1 WHERE ( id=1 ) [ RunTime:0.0017s ]
SQL: SHOW COLUMNS FROM `vv_mh_collect` [ RunTime:0.0119s ]
SQL: SELECT * FROM `vv_mh_collect` WHERE `mhid` = 1 AND `user_id` = 781 AND `type` = 'mh' LIMIT 1   [ RunTime:0.0010s ]
SQL: SELECT * FROM `vv_user` LIMIT 1   [ RunTime:0.0005s ]
NOTIC: [8] Undefined index: vip_level D:\wwwroot\demo.52jscn.com\Application\Home\Controller\MhController.class.php 第 362 行.
SQL: SHOW COLUMNS FROM `vv_mh_episodes` [ RunTime:0.0128s ]
SQL: SELECT * FROM `vv_mh_episodes` WHERE ( mhid=1 ) ORDER BY ji_no asc LIMIT 1   [ RunTime:0.0157s ]
SQL: SELECT COUNT(*) AS tp_count FROM `vv_mh_episodes` WHERE `mhid` = '1' LIMIT 1   [ RunTime:0.0004s ]
SQL: SELECT * FROM `vv_mh_list` WHERE `id` <> '1' ORDER BY rand() LIMIT 6   [ RunTime:0.0158s ]
SQL: SHOW COLUMNS FROM `vv_comment` [ RunTime:0.0128s ]
SQL: SELECT * FROM `vv_comment` WHERE `cid` = 1 AND `type` = 'mh' ORDER BY create_time desc LIMIT 5   [ RunTime:0.0005s ]
SQL: SELECT COUNT(*) AS tp_count FROM `vv_comment` WHERE `cid` = 1 AND `type` = 'mh' LIMIT 1   [ RunTime:0.0003s ]
NOTIC: [2] Missing argument 2 for Common\Util\ddwechat::setParam(), called in D:\wwwroot\demo.52jscn.com\Application\Home\Controller\MhController.class.php on line 404 and defined D:\wwwroot\demo.52jscn.com\Application\Common\Util\ddwechat.class.php 第 39 行.
INFO: [ view_parse ] --START--
INFO: [ template_filter ] --START--
INFO: Run Behavior\ContentReplaceBehavior [ RunTime:0.000172s ]
INFO: [ template_filter ] --END-- [ RunTime:0.000210s ]
SQL: SELECT `money` FROM `vv_mh_episodes` WHERE `ji_no` = 1 AND `mhid` = '1' LIMIT 1   [ RunTime:0.0054s ]
SQL: SHOW COLUMNS FROM `vv_mh_read` [ RunTime:0.0134s ]
SQL: SELECT * FROM `vv_mh_read` WHERE `ji_no` = 1 AND `mhid` = 1 AND `user_id` = 781 LIMIT 1   [ RunTime:0.0004s ]
SQL: SELECT `money` FROM `vv_mh_episodes` WHERE `ji_no` = 2 AND `mhid` = '1' LIMIT 1   [ RunTime:0.0030s ]
SQL: SELECT * FROM `vv_mh_read` WHERE `ji_no` = 2 AND `mhid` = 1 AND `user_id` = 781 LIMIT 1   [ RunTime:0.0003s ]
SQL: SELECT `money` FROM `vv_mh_episodes` WHERE `ji_no` = 3 AND `mhid` = '1' LIMIT 1   [ RunTime:0.0024s ]
SQL: SELECT * FROM `vv_mh_read` WHERE `ji_no` = 3 AND `mhid` = 1 AND `user_id` = 781 LIMIT 1   [ RunTime:0.0003s ]
SQL: SELECT `money` FROM `vv_mh_episodes` WHERE `ji_no` = 4 AND `mhid` = '1' LIMIT 1   [ RunTime:0.0024s ]
SQL: SELECT * FROM `vv_mh_read` WHERE `ji_no` = 4 AND `mhid` = 1 AND `user_id` = 781 LIMIT 1   [ RunTime:0.0003s ]
SQL: SELECT `money` FROM `vv_mh_episodes` WHERE `ji_no` = 5 AND `mhid` = '1' LIMIT 1   [ RunTime:0.0024s ]
SQL: SELECT * FROM `vv_mh_read` WHERE `ji_no` = 5 AND `mhid` = 1 AND `user_id` = 781 LIMIT 1   [ RunTime:0.0003s ]
SQL: SELECT `money` FROM `vv_mh_episodes` WHERE `ji_no` = 6 AND `mhid` = '1' LIMIT 1   [ RunTime:0.0042s ]
SQL: SELECT * FROM `vv_mh_read` WHERE `ji_no` = 6 AND `mhid` = 1 AND `user_id` = 781 LIMIT 1   [ RunTime:0.0003s ]
SQL: SELECT `money` FROM `vv_mh_episodes` WHERE `ji_no` = 7 AND `mhid` = '1' LIMIT 1   [ RunTime:0.0025s ]
SQL: SELECT * FROM `vv_mh_read` WHERE `ji_no` = 7 AND `mhid` = 1 AND `user_id` = 781 LIMIT 1   [ RunTime:0.0003s ]
SQL: SELECT `money` FROM `vv_mh_episodes` WHERE `ji_no` = 8 AND `mhid` = '1' LIMIT 1   [ RunTime:0.0096s ]
SQL: SELECT * FROM `vv_mh_read` WHERE `ji_no` = 8 AND `mhid` = 1 AND `user_id` = 781 LIMIT 1   [ RunTime:0.0005s ]
SQL: SELECT `money` FROM `vv_mh_episodes` WHERE `ji_no` = 9 AND `mhid` = '1' LIMIT 1   [ RunTime:0.0028s ]
SQL: SELECT * FROM `vv_mh_read` WHERE `ji_no` = 9 AND `mhid` = 1 AND `user_id` = 781 LIMIT 1   [ RunTime:0.0004s ]
SQL: SELECT `money` FROM `vv_mh_episodes` WHERE `ji_no` = 10 AND `mhid` = '1' LIMIT 1   [ RunTime:0.0026s ]
SQL: SELECT * FROM `vv_mh_read` WHERE `ji_no` = 10 AND `mhid` = 1 AND `user_id` = 781 LIMIT 1   [ RunTime:0.0003s ]
SQL: SELECT `money` FROM `vv_mh_episodes` WHERE `ji_no` = 11 AND `mhid` = '1' LIMIT 1   [ RunTime:0.0024s ]
SQL: SELECT * FROM `vv_mh_read` WHERE `ji_no` = 11 AND `mhid` = 1 AND `user_id` = 781 LIMIT 1   [ RunTime:0.0003s ]
SQL: SELECT `money` FROM `vv_mh_episodes` WHERE `ji_no` = 12 AND `mhid` = '1' LIMIT 1   [ RunTime:0.0023s ]
SQL: SELECT * FROM `vv_mh_read` WHERE `ji_no` = 12 AND `mhid` = 1 AND `user_id` = 781 LIMIT 1   [ RunTime:0.0002s ]
SQL: SELECT `money` FROM `vv_mh_episodes` WHERE `ji_no` = 13 AND `mhid` = '1' LIMIT 1   [ RunTime:0.0023s ]
SQL: SELECT * FROM `vv_mh_read` WHERE `ji_no` = 13 AND `mhid` = 1 AND `user_id` = 781 LIMIT 1   [ RunTime:0.0003s ]
SQL: SELECT `money` FROM `vv_mh_episodes` WHERE `ji_no` = 14 AND `mhid` = '1' LIMIT 1   [ RunTime:0.0023s ]
SQL: SELECT * FROM `vv_mh_read` WHERE `ji_no` = 14 AND `mhid` = 1 AND `user_id` = 781 LIMIT 1   [ RunTime:0.0002s ]
SQL: SELECT `money` FROM `vv_mh_episodes` WHERE `ji_no` = 15 AND `mhid` = '1' LIMIT 1   [ RunTime:0.0023s ]
SQL: SELECT * FROM `vv_mh_read` WHERE `ji_no` = 15 AND `mhid` = 1 AND `user_id` = 781 LIMIT 1   [ RunTime:0.0002s ]
NOTIC: [8] Undefined index: xji D:\wwwroot\demo.52jscn.com\Application\Runtime\Cache\Home\f626f1f2dddf77c89a3bf69cec2c102a.php 第 229 行.
NOTIC: [8] Undefined index: isji D:\wwwroot\demo.52jscn.com\Application\Runtime\Cache\Home\f626f1f2dddf77c89a3bf69cec2c102a.php 第 234 行.
NOTIC: [8] Undefined index: thirdcode D:\wwwroot\demo.52jscn.com\Application\Runtime\Cache\Home\f626f1f2dddf77c89a3bf69cec2c102a.php 第 439 行.
INFO: Run Behavior\ParseTemplateBehavior [ RunTime:0.092636s ]
INFO: [ view_parse ] --END-- [ RunTime:0.092679s ]
INFO: [ view_filter ] --START--
INFO: Run Behavior\WriteHtmlCacheBehavior [ RunTime:0.000979s ]
INFO: [ view_filter ] --END-- [ RunTime:0.001010s ]
INFO: [ app_end ] --START--
INFO: Run Behavior\ShowPageTraceBehavior [ RunTime:0.001028s ]
INFO: [ app_end ] --END-- [ RunTime:0.001072s ]

[ 2019-08-18T23:26:20+08:00 ] 127.0.0.1 /index.php?m=&c=Book&a=LoadSend
INFO: [ app_init ] --START--
INFO: Run Behavior\BuildLiteBehavior [ RunTime:0.000010s ]
INFO: [ app_init ] --END-- [ RunTime:0.000451s ]
INFO: [ app_begin ] --START--
INFO: Run Behavior\ReadHtmlCacheBehavior [ RunTime:0.000595s ]
INFO: [ app_begin ] --END-- [ RunTime:0.000630s ]
SQL: SHOW COLUMNS FROM `vv_config` [ RunTime:0.0158s ]
SQL: SELECT * FROM `vv_config`  [ RunTime:0.0004s ]
NOTIC: [8] Undefined index: imei D:\wwwroot\demo.52jscn.com\Application\Home\Controller\HomeController.class.php 第 32 行.
NOTIC: [8] Undefined index: chapid D:\wwwroot\demo.52jscn.com\Application\Home\Controller\HomeController.class.php 第 42 行.
NOTIC: [8] unserialize(): Error at offset 75 of 79 bytes D:\wwwroot\demo.52jscn.com\Application\Home\Controller\HomeController.class.php 第 63 行.
NOTIC: [8] unserialize(): Error at offset 45 of 108 bytes D:\wwwroot\demo.52jscn.com\Application\Home\Controller\HomeController.class.php 第 63 行.
NOTIC: [8] Undefined index: user_id D:\wwwroot\demo.52jscn.com\Application\Home\Controller\HomeController.class.php 第 71 行.
SQL: SHOW COLUMNS FROM `vv_user` [ RunTime:0.0107s ]
SQL: SELECT * FROM `vv_user` WHERE `id` = 781 LIMIT 1   [ RunTime:0.0003s ]
NOTIC: [8] Use of undefined constant id - assumed 'id' D:\wwwroot\demo.52jscn.com\Application\Home\Controller\HomeController.class.php 第 129 行.
SQL: SHOW COLUMNS FROM `vv_data` [ RunTime:0.0084s ]
SQL: SELECT * FROM `vv_data` WHERE ( date=20190817 ) LIMIT 1   [ RunTime:0.0002s ]
NOTIC: [8] Undefined index: isopen D:\wwwroot\demo.52jscn.com\Application\Home\Controller\HomeController.class.php 第 175 行.
NOTIC: [8] Undefined variable: adsPic D:\wwwroot\demo.52jscn.com\Application\Home\Controller\HomeController.class.php 第 208 行.
NOTIC: [8] Undefined index: uid D:\wwwroot\demo.52jscn.com\Application\Home\Controller\HomeController.class.php 第 209 行.
SQL: SHOW COLUMNS FROM `vv_mxsend` [ RunTime:0.0122s ]
SQL: SELECT * FROM `vv_mxsend` WHERE `mxid` = 1 AND `type` = 'mh' ORDER BY create_time desc LIMIT 0,10   [ RunTime:0.0009s ]

[ 2019-08-18T23:26:34+08:00 ] 127.0.0.1 /index.php?m=&c=Mh&a=inforedit&mhid=1&ji_no=1
INFO: [ app_init ] --START--
INFO: Run Behavior\BuildLiteBehavior [ RunTime:0.000011s ]
INFO: [ app_init ] --END-- [ RunTime:0.000564s ]
INFO: [ app_begin ] --START--
INFO: Run Behavior\ReadHtmlCacheBehavior [ RunTime:0.000600s ]
INFO: [ app_begin ] --END-- [ RunTime:0.000641s ]
SQL: SHOW COLUMNS FROM `vv_config` [ RunTime:0.0113s ]
SQL: SELECT * FROM `vv_config`  [ RunTime:0.0006s ]
NOTIC: [8] Undefined index: imei D:\wwwroot\demo.52jscn.com\Application\Home\Controller\HomeController.class.php 第 32 行.
NOTIC: [8] Undefined index: chapid D:\wwwroot\demo.52jscn.com\Application\Home\Controller\HomeController.class.php 第 42 行.
NOTIC: [8] unserialize(): Error at offset 75 of 79 bytes D:\wwwroot\demo.52jscn.com\Application\Home\Controller\HomeController.class.php 第 63 行.
NOTIC: [8] unserialize(): Error at offset 45 of 108 bytes D:\wwwroot\demo.52jscn.com\Application\Home\Controller\HomeController.class.php 第 63 行.
NOTIC: [8] Undefined index: user_id D:\wwwroot\demo.52jscn.com\Application\Home\Controller\HomeController.class.php 第 71 行.
SQL: SHOW COLUMNS FROM `vv_user` [ RunTime:0.0155s ]
SQL: SELECT * FROM `vv_user` WHERE `id` = 781 LIMIT 1   [ RunTime:0.0004s ]
NOTIC: [8] Use of undefined constant id - assumed 'id' D:\wwwroot\demo.52jscn.com\Application\Home\Controller\HomeController.class.php 第 129 行.
SQL: SHOW COLUMNS FROM `vv_data` [ RunTime:0.0163s ]
SQL: SELECT * FROM `vv_data` WHERE ( date=20190817 ) LIMIT 1   [ RunTime:0.0004s ]
NOTIC: [8] Undefined index: isopen D:\wwwroot\demo.52jscn.com\Application\Home\Controller\HomeController.class.php 第 175 行.
NOTIC: [8] Undefined variable: adsPic D:\wwwroot\demo.52jscn.com\Application\Home\Controller\HomeController.class.php 第 208 行.
NOTIC: [8] Undefined index: uid D:\wwwroot\demo.52jscn.com\Application\Home\Controller\HomeController.class.php 第 209 行.
SQL: SHOW COLUMNS FROM `vv_rlog` [ RunTime:0.0160s ]
SQL: SELECT * FROM `vv_rlog` WHERE `rid` = 1 AND `ji_no` = 1 AND `user_id` = 781 AND `type` = 'mh' LIMIT 1   [ RunTime:0.0011s ]
SQL: INSERT INTO `vv_rlog` (`rid`,`user_id`,`ji_no`,`type`) VALUES ('1','781','1','mh') [ RunTime:0.0005s ]
SQL: SHOW COLUMNS FROM `vv_mh_episodes` [ RunTime:0.0092s ]
SQL: UPDATE `vv_mh_episodes` SET `readnums`=readnums+1 WHERE `mhid` = '1' AND `ji_no` = 1 [ RunTime:0.5104s ]
SQL: SHOW COLUMNS FROM `vv_mh_list` [ RunTime:0.0093s ]
SQL: SELECT * FROM `vv_mh_list` WHERE ( id=1 ) LIMIT 1   [ RunTime:0.0005s ]
SQL: SELECT MAX(ji_no) AS tp_max FROM `vv_mh_episodes` WHERE `mhid` = '1' LIMIT 1   [ RunTime:0.0028s ]
SQL: SELECT * FROM `vv_user` LIMIT 1   [ RunTime:0.0003s ]
SQL: SHOW COLUMNS FROM `vv_read` [ RunTime:0.0136s ]
SQL: SELECT * FROM `vv_read` WHERE `rid` = 1 AND `user_id` = 781 AND `episodes` = 1 AND `type` = 'mh' LIMIT 1   [ RunTime:0.0019s ]
SQL: SELECT * FROM `vv_read` WHERE `rid` = 1 AND `user_id` = 781 AND `type` = 'mh' LIMIT 1   [ RunTime:0.0005s ]
SQL: INSERT INTO `vv_read` (`rid`,`user_id`,`episodes`,`title`,`pic`,`summary`,`author`,`create_time`,`type`) VALUES ('1','781','1','甜蜜保安','http://img.hanmanwo.com/static/upload/book/463/cover.jpg','一座美女如云的高档住宅里，禁止所有男宾出入，除了一个小保安！                ','LX','1566141992','mh') [ RunTime:0.0005s ]
SQL: UPDATE `vv_mh_list` SET `readnum`=readnum+1 WHERE `id` = 1 [ RunTime:0.0004s ]
SQL: SELECT * FROM `vv_mh_episodes` WHERE ( mhid=1 and ji_no=1 ) LIMIT 1   [ RunTime:0.0023s ]
SQL: SHOW COLUMNS FROM `vv_mh_likes` [ RunTime:0.0123s ]
SQL: SELECT * FROM `vv_mh_likes` WHERE ( mhid=1 and ji_no=1 and user_id=781 ) LIMIT 1   [ RunTime:0.0005s ]
SQL: SHOW COLUMNS FROM `vv_mh_collect` [ RunTime:0.0088s ]
NOTIC: [8] Undefined variable: bid D:\wwwroot\demo.52jscn.com\Application\Home\Controller\MhController.class.php 第 510 行.
SQL: SELECT * FROM `vv_mh_collect` WHERE `mhid` = null AND `user_id` = 781 AND `type` = 'mh' LIMIT 1   [ RunTime:0.0004s ]
NOTIC: [8] Undefined variable: arr_catename D:\wwwroot\demo.52jscn.com\Application\Home\Controller\MhController.class.php 第 530 行.
NOTIC: [8] Undefined variable: first D:\wwwroot\demo.52jscn.com\Application\Home\Controller\MhController.class.php 第 532 行.
NOTIC: [2] Missing argument 2 for Common\Util\ddwechat::setParam(), called in D:\wwwroot\demo.52jscn.com\Application\Home\Controller\MhController.class.php on line 544 and defined D:\wwwroot\demo.52jscn.com\Application\Common\Util\ddwechat.class.php 第 39 行.
INFO: [ view_parse ] --START--
INFO: [ template_filter ] --START--
INFO: Run Behavior\ContentReplaceBehavior [ RunTime:0.000163s ]
INFO: [ template_filter ] --END-- [ RunTime:0.000199s ]
SQL: SELECT `money` FROM `vv_mh_episodes` WHERE `ji_no` = 2 AND `mhid` = '1' LIMIT 1   [ RunTime:0.0048s ]
SQL: SHOW COLUMNS FROM `vv_mh_read` [ RunTime:0.0127s ]
SQL: SELECT * FROM `vv_mh_read` WHERE `ji_no` = 2 AND `mhid` = 1 AND `user_id` = 781 LIMIT 1   [ RunTime:0.0002s ]
NOTIC: [8] Undefined index: sub D:\wwwroot\demo.52jscn.com\Application\Runtime\Cache\Home\1bb88d270929fe4aa882b29da887ce88.php 第 98 行.
NOTIC: [8] Undefined index: sub D:\wwwroot\demo.52jscn.com\Application\Runtime\Cache\Home\1bb88d270929fe4aa882b29da887ce88.php 第 269 行.
NOTIC: [8] Undefined variable: info D:\wwwroot\demo.52jscn.com\Application\Runtime\Cache\Home\1bb88d270929fe4aa882b29da887ce88.php 第 335 行.
NOTIC: [8] Undefined index: thirdcode D:\wwwroot\demo.52jscn.com\Application\Runtime\Cache\Home\1bb88d270929fe4aa882b29da887ce88.php 第 390 行.
INFO: Run Behavior\ParseTemplateBehavior [ RunTime:0.031671s ]
INFO: [ view_parse ] --END-- [ RunTime:0.031712s ]
INFO: [ view_filter ] --START--
INFO: Run Behavior\WriteHtmlCacheBehavior [ RunTime:0.000451s ]
INFO: [ view_filter ] --END-- [ RunTime:0.000480s ]
INFO: [ app_end ] --START--
INFO: Run Behavior\ShowPageTraceBehavior [ RunTime:0.000652s ]
INFO: [ app_end ] --END-- [ RunTime:0.000687s ]

[ 2019-08-18T23:50:43+08:00 ] 127.0.0.1 /index.php?m=&c=Mh&a=inforedit&mhid=1&ji_no=1
INFO: [ app_init ] --START--
INFO: Run Behavior\BuildLiteBehavior [ RunTime:0.000010s ]
INFO: [ app_init ] --END-- [ RunTime:0.000552s ]
INFO: [ app_begin ] --START--
INFO: Run Behavior\ReadHtmlCacheBehavior [ RunTime:0.000572s ]
INFO: [ app_begin ] --END-- [ RunTime:0.000608s ]
SQL: SHOW COLUMNS FROM `vv_config` [ RunTime:0.0150s ]
SQL: SELECT * FROM `vv_config`  [ RunTime:0.0007s ]
NOTIC: [8] Undefined index: imei D:\wwwroot\demo.52jscn.com\Application\Home\Controller\HomeController.class.php 第 32 行.
NOTIC: [8] Undefined index: chapid D:\wwwroot\demo.52jscn.com\Application\Home\Controller\HomeController.class.php 第 42 行.
NOTIC: [8] unserialize(): Error at offset 75 of 79 bytes D:\wwwroot\demo.52jscn.com\Application\Home\Controller\HomeController.class.php 第 63 行.
NOTIC: [8] unserialize(): Error at offset 45 of 108 bytes D:\wwwroot\demo.52jscn.com\Application\Home\Controller\HomeController.class.php 第 63 行.
NOTIC: [8] Undefined index: user_id D:\wwwroot\demo.52jscn.com\Application\Home\Controller\HomeController.class.php 第 71 行.
SQL: SHOW COLUMNS FROM `vv_user` [ RunTime:0.0156s ]
SQL: SELECT * FROM `vv_user` WHERE `id` = 781 LIMIT 1   [ RunTime:0.0005s ]
NOTIC: [8] Use of undefined constant id - assumed 'id' D:\wwwroot\demo.52jscn.com\Application\Home\Controller\HomeController.class.php 第 129 行.
SQL: SHOW COLUMNS FROM `vv_data` [ RunTime:0.0169s ]
SQL: SELECT * FROM `vv_data` WHERE ( date=20190817 ) LIMIT 1   [ RunTime:0.0004s ]
NOTIC: [8] Undefined index: isopen D:\wwwroot\demo.52jscn.com\Application\Home\Controller\HomeController.class.php 第 175 行.
NOTIC: [8] Undefined variable: adsPic D:\wwwroot\demo.52jscn.com\Application\Home\Controller\HomeController.class.php 第 208 行.
NOTIC: [8] Undefined index: uid D:\wwwroot\demo.52jscn.com\Application\Home\Controller\HomeController.class.php 第 209 行.
SQL: SHOW COLUMNS FROM `vv_rlog` [ RunTime:0.0156s ]
SQL: SELECT * FROM `vv_rlog` WHERE `rid` = 1 AND `ji_no` = 1 AND `user_id` = 781 AND `type` = 'mh' LIMIT 1   [ RunTime:0.0006s ]
SQL: SHOW COLUMNS FROM `vv_mh_list` [ RunTime:0.0092s ]
SQL: SELECT * FROM `vv_mh_list` WHERE ( id=1 ) LIMIT 1   [ RunTime:0.0005s ]
SQL: SHOW COLUMNS FROM `vv_mh_episodes` [ RunTime:0.0105s ]
SQL: SELECT MAX(ji_no) AS tp_max FROM `vv_mh_episodes` WHERE `mhid` = '1' LIMIT 1   [ RunTime:0.0002s ]
SQL: SELECT * FROM `vv_user` LIMIT 1   [ RunTime:0.0002s ]
SQL: SHOW COLUMNS FROM `vv_read` [ RunTime:0.0101s ]
SQL: SELECT * FROM `vv_read` WHERE `rid` = 1 AND `user_id` = 781 AND `episodes` = 1 AND `type` = 'mh' LIMIT 1   [ RunTime:0.0006s ]
SQL: SELECT * FROM `vv_read` WHERE `rid` = 1 AND `user_id` = 781 AND `type` = 'mh' LIMIT 1   [ RunTime:0.0005s ]
SQL: SELECT * FROM `vv_mh_episodes` WHERE ( mhid=1 and ji_no=1 ) LIMIT 1   [ RunTime:0.0002s ]
SQL: SHOW COLUMNS FROM `vv_mh_likes` [ RunTime:0.0103s ]
SQL: SELECT * FROM `vv_mh_likes` WHERE ( mhid=1 and ji_no=1 and user_id=781 ) LIMIT 1   [ RunTime:0.0002s ]
SQL: SHOW COLUMNS FROM `vv_mh_collect` [ RunTime:0.0100s ]
NOTIC: [8] Undefined variable: bid D:\wwwroot\demo.52jscn.com\Application\Home\Controller\MhController.class.php 第 510 行.
SQL: SELECT * FROM `vv_mh_collect` WHERE `mhid` = null AND `user_id` = 781 AND `type` = 'mh' LIMIT 1   [ RunTime:0.0002s ]
NOTIC: [8] Undefined variable: arr_catename D:\wwwroot\demo.52jscn.com\Application\Home\Controller\MhController.class.php 第 530 行.
NOTIC: [8] Undefined variable: first D:\wwwroot\demo.52jscn.com\Application\Home\Controller\MhController.class.php 第 532 行.
NOTIC: [2] Missing argument 2 for Common\Util\ddwechat::setParam(), called in D:\wwwroot\demo.52jscn.com\Application\Home\Controller\MhController.class.php on line 544 and defined D:\wwwroot\demo.52jscn.com\Application\Common\Util\ddwechat.class.php 第 39 行.
INFO: [ view_parse ] --START--
INFO: [ template_filter ] --START--
INFO: Run Behavior\ContentReplaceBehavior [ RunTime:0.000162s ]
INFO: [ template_filter ] --END-- [ RunTime:0.000199s ]
SQL: SELECT `money` FROM `vv_mh_episodes` WHERE `ji_no` = 2 AND `mhid` = '1' LIMIT 1   [ RunTime:0.0004s ]
SQL: SHOW COLUMNS FROM `vv_mh_read` [ RunTime:0.0170s ]
SQL: SELECT * FROM `vv_mh_read` WHERE `ji_no` = 2 AND `mhid` = 1 AND `user_id` = 781 LIMIT 1   [ RunTime:0.0003s ]
NOTIC: [8] Undefined index: sub D:\wwwroot\demo.52jscn.com\Application\Runtime\Cache\Home\1bb88d270929fe4aa882b29da887ce88.php 第 98 行.
NOTIC: [8] Undefined index: sub D:\wwwroot\demo.52jscn.com\Application\Runtime\Cache\Home\1bb88d270929fe4aa882b29da887ce88.php 第 269 行.
NOTIC: [8] Undefined variable: info D:\wwwroot\demo.52jscn.com\Application\Runtime\Cache\Home\1bb88d270929fe4aa882b29da887ce88.php 第 335 行.
NOTIC: [8] Undefined index: thirdcode D:\wwwroot\demo.52jscn.com\Application\Runtime\Cache\Home\1bb88d270929fe4aa882b29da887ce88.php 第 390 行.
INFO: Run Behavior\ParseTemplateBehavior [ RunTime:0.030102s ]
INFO: [ view_parse ] --END-- [ RunTime:0.030141s ]
INFO: [ view_filter ] --START--
INFO: Run Behavior\WriteHtmlCacheBehavior [ RunTime:0.000844s ]
INFO: [ view_filter ] --END-- [ RunTime:0.000873s ]
INFO: [ app_end ] --START--
INFO: Run Behavior\ShowPageTraceBehavior [ RunTime:0.000744s ]
INFO: [ app_end ] --END-- [ RunTime:0.000783s ]

