[ 2019-08-21T11:17:02+08:00 ] 127.0.0.1 /
INFO: [ app_init ] --START--
INFO: Run Behavior\BuildLiteBehavior [ RunTime:0.000015s ]
INFO: [ app_init ] --END-- [ RunTime:0.000796s ]
INFO: [ app_begin ] --START--
INFO: Run Behavior\ReadHtmlCacheBehavior [ RunTime:0.000940s ]
INFO: [ app_begin ] --END-- [ RunTime:0.000979s ]
SQL: SHOW COLUMNS FROM `vv_config` [ RunTime:0.0139s ]
SQL: SELECT * FROM `vv_config`  [ RunTime:0.0010s ]
NOTIC: [8] Undefined index: imei D:\wwwroot\demo.52jscn.com\Application\Home\Controller\HomeController.class.php 第 32 行.
NOTIC: [8] Undefined index: chapid D:\wwwroot\demo.52jscn.com\Application\Home\Controller\HomeController.class.php 第 42 行.
NOTIC: [8] unserialize(): Error at offset 75 of 79 bytes D:\wwwroot\demo.52jscn.com\Application\Home\Controller\HomeController.class.php 第 63 行.
NOTIC: [8] unserialize(): Error at offset 45 of 108 bytes D:\wwwroot\demo.52jscn.com\Application\Home\Controller\HomeController.class.php 第 63 行.
NOTIC: [8] Undefined index: user_id D:\wwwroot\demo.52jscn.com\Application\Home\Controller\HomeController.class.php 第 71 行.
SQL: SHOW COLUMNS FROM `vv_user` [ RunTime:0.0151s ]
SQL: SELECT * FROM `vv_user` WHERE `id` = 781 LIMIT 1   [ RunTime:0.0004s ]
NOTIC: [8] Use of undefined constant id - assumed 'id' D:\wwwroot\demo.52jscn.com\Application\Home\Controller\HomeController.class.php 第 129 行.
SQL: SHOW COLUMNS FROM `vv_data` [ RunTime:0.0152s ]
SQL: SELECT * FROM `vv_data` WHERE ( date=20190820 ) LIMIT 1   [ RunTime:0.0010s ]
SQL: SHOW COLUMNS FROM `vv_order` [ RunTime:0.0176s ]
SQL: SELECT COUNT(*) AS tp_count FROM `vv_order` WHERE `create_time` BETWEEN 1566230400 AND 1566316800 LIMIT 1   [ RunTime:0.0004s ]
SQL: SELECT SUM(money) AS tp_sum FROM `vv_order` WHERE `create_time` BETWEEN 1566230400 AND 1566316800 LIMIT 1   [ RunTime:0.0003s ]
SQL: SELECT COUNT(*) AS tp_count FROM `vv_user` WHERE ( sub_time between 1566230400 and 1566316800 ) LIMIT 1   [ RunTime:0.0013s ]
SQL: INSERT INTO `vv_data` (`orders`,`total`,`subs`,`date`) VALUES ('0','0','0','20190820') [ RunTime:0.0007s ]
NOTIC: [8] Undefined index: isopen D:\wwwroot\demo.52jscn.com\Application\Home\Controller\HomeController.class.php 第 175 行.
NOTIC: [8] Undefined variable: adsPic D:\wwwroot\demo.52jscn.com\Application\Home\Controller\HomeController.class.php 第 208 行.
NOTIC: [8] Undefined index: uid D:\wwwroot\demo.52jscn.com\Application\Home\Controller\HomeController.class.php 第 209 行.
NOTIC: [8] Undefined index: sort D:\wwwroot\demo.52jscn.com\Application\Home\Controller\MhController.class.php 第 22 行.
SQL: SHOW COLUMNS FROM `vv_mh_list` [ RunTime:0.0120s ]
SQL: SELECT * FROM `vv_mh_list` WHERE `mhcate` LIKE '%5%' ORDER BY sort desc LIMIT 6   [ RunTime:0.0025s ]
NOTIC: [8] Undefined index: sort D:\wwwroot\demo.52jscn.com\Application\Home\Controller\MhController.class.php 第 22 行.
SQL: SELECT * FROM `vv_mh_list` WHERE `mhcate` LIKE '%6%' ORDER BY sort desc LIMIT 6   [ RunTime:0.0019s ]
NOTIC: [8] Undefined index: sort D:\wwwroot\demo.52jscn.com\Application\Home\Controller\MhController.class.php 第 22 行.
SQL: SELECT * FROM `vv_mh_list` WHERE `mhcate` LIKE '%7%' ORDER BY sort desc LIMIT 6   [ RunTime:0.0019s ]
NOTIC: [8] Undefined index: sort D:\wwwroot\demo.52jscn.com\Application\Home\Controller\MhController.class.php 第 22 行.
SQL: SELECT * FROM `vv_mh_list` WHERE `mhcate` LIKE '%8%' ORDER BY sort desc LIMIT 6   [ RunTime:0.0018s ]
NOTIC: [8] Undefined index: sort D:\wwwroot\demo.52jscn.com\Application\Home\Controller\MhController.class.php 第 22 行.
SQL: SELECT * FROM `vv_mh_list` WHERE `mhcate` LIKE '%9%' ORDER BY sort desc LIMIT 6   [ RunTime:0.0020s ]
SQL: SELECT * FROM `vv_mh_list` WHERE `free_type` = 1 ORDER BY sort desc  [ RunTime:0.0016s ]
NOTIC: [2] Missing argument 2 for Common\Util\ddwechat::setParam(), called in D:\wwwroot\demo.52jscn.com\Application\Home\Controller\MhController.class.php on line 31 and defined D:\wwwroot\demo.52jscn.com\Application\Common\Util\ddwechat.class.php 第 39 行.
INFO: [ view_parse ] --START--
INFO: [ template_filter ] --START--
INFO: Run Behavior\ContentReplaceBehavior [ RunTime:0.000129s ]
INFO: [ template_filter ] --END-- [ RunTime:0.000169s ]
NOTIC: [8] Undefined variable: share D:\wwwroot\demo.52jscn.com\Application\Runtime\Cache\Home\67199abba7efdab949490dffef721944.php 第 209 行.
NOTIC: [8] Undefined variable: share D:\wwwroot\demo.52jscn.com\Application\Runtime\Cache\Home\67199abba7efdab949490dffef721944.php 第 210 行.
NOTIC: [8] Undefined variable: share D:\wwwroot\demo.52jscn.com\Application\Runtime\Cache\Home\67199abba7efdab949490dffef721944.php 第 211 行.
NOTIC: [8] Undefined index: thirdcode D:\wwwroot\demo.52jscn.com\Application\Runtime\Cache\Home\67199abba7efdab949490dffef721944.php 第 258 行.
INFO: Run Behavior\ParseTemplateBehavior [ RunTime:0.023300s ]
INFO: [ view_parse ] --END-- [ RunTime:0.023348s ]
INFO: [ view_filter ] --START--
INFO: Run Behavior\WriteHtmlCacheBehavior [ RunTime:0.000746s ]
INFO: [ view_filter ] --END-- [ RunTime:0.000777s ]
INFO: [ app_end ] --START--
INFO: Run Behavior\ShowPageTraceBehavior [ RunTime:0.001013s ]
INFO: [ app_end ] --END-- [ RunTime:0.001057s ]

[ 2019-08-21T11:47:49+08:00 ] 127.0.0.1 /index.php?m=&c=Mh&a=load_search
INFO: [ app_init ] --START--
INFO: Run Behavior\BuildLiteBehavior [ RunTime:0.000012s ]
INFO: [ app_init ] --END-- [ RunTime:0.000762s ]
INFO: [ app_begin ] --START--
INFO: Run Behavior\ReadHtmlCacheBehavior [ RunTime:0.000937s ]
INFO: [ app_begin ] --END-- [ RunTime:0.000985s ]
SQL: SHOW COLUMNS FROM `vv_config` [ RunTime:0.0175s ]
SQL: SELECT * FROM `vv_config`  [ RunTime:0.0007s ]
NOTIC: [8] Undefined index: imei D:\wwwroot\demo.52jscn.com\Application\Home\Controller\HomeController.class.php 第 32 行.
NOTIC: [8] Undefined index: chapid D:\wwwroot\demo.52jscn.com\Application\Home\Controller\HomeController.class.php 第 42 行.
NOTIC: [8] unserialize(): Error at offset 75 of 79 bytes D:\wwwroot\demo.52jscn.com\Application\Home\Controller\HomeController.class.php 第 63 行.
NOTIC: [8] unserialize(): Error at offset 45 of 108 bytes D:\wwwroot\demo.52jscn.com\Application\Home\Controller\HomeController.class.php 第 63 行.
NOTIC: [8] Undefined index: user_id D:\wwwroot\demo.52jscn.com\Application\Home\Controller\HomeController.class.php 第 71 行.
SQL: SHOW COLUMNS FROM `vv_user` [ RunTime:0.0188s ]
SQL: SELECT * FROM `vv_user` WHERE `id` = 781 LIMIT 1   [ RunTime:0.0004s ]
NOTIC: [8] Use of undefined constant id - assumed 'id' D:\wwwroot\demo.52jscn.com\Application\Home\Controller\HomeController.class.php 第 129 行.
SQL: SHOW COLUMNS FROM `vv_data` [ RunTime:0.0164s ]
SQL: SELECT * FROM `vv_data` WHERE ( date=20190820 ) LIMIT 1   [ RunTime:0.0005s ]
NOTIC: [8] Undefined index: isopen D:\wwwroot\demo.52jscn.com\Application\Home\Controller\HomeController.class.php 第 175 行.
NOTIC: [8] Undefined variable: adsPic D:\wwwroot\demo.52jscn.com\Application\Home\Controller\HomeController.class.php 第 208 行.
NOTIC: [8] Undefined index: uid D:\wwwroot\demo.52jscn.com\Application\Home\Controller\HomeController.class.php 第 209 行.
INFO: [ view_parse ] --START--
INFO: [ template_filter ] --START--
INFO: Run Behavior\ContentReplaceBehavior [ RunTime:0.000180s ]
INFO: [ template_filter ] --END-- [ RunTime:0.000243s ]
NOTIC: [8] Undefined variable: share D:\wwwroot\demo.52jscn.com\Application\Runtime\Cache\Home\acd7b62e23805fa3a157f684f405146c.php 第 152 行.
NOTIC: [8] Undefined variable: share D:\wwwroot\demo.52jscn.com\Application\Runtime\Cache\Home\acd7b62e23805fa3a157f684f405146c.php 第 153 行.
NOTIC: [8] Undefined variable: share D:\wwwroot\demo.52jscn.com\Application\Runtime\Cache\Home\acd7b62e23805fa3a157f684f405146c.php 第 154 行.
NOTIC: [8] Undefined variable: jssdk D:\wwwroot\demo.52jscn.com\Application\Runtime\Cache\Home\acd7b62e23805fa3a157f684f405146c.php 第 157 行.
NOTIC: [8] Undefined variable: jssdk D:\wwwroot\demo.52jscn.com\Application\Runtime\Cache\Home\acd7b62e23805fa3a157f684f405146c.php 第 158 行.
NOTIC: [8] Undefined variable: jssdk D:\wwwroot\demo.52jscn.com\Application\Runtime\Cache\Home\acd7b62e23805fa3a157f684f405146c.php 第 159 行.
NOTIC: [8] Undefined variable: jssdk D:\wwwroot\demo.52jscn.com\Application\Runtime\Cache\Home\acd7b62e23805fa3a157f684f405146c.php 第 160 行.
NOTIC: [8] Undefined index: thirdcode D:\wwwroot\demo.52jscn.com\Application\Runtime\Cache\Home\acd7b62e23805fa3a157f684f405146c.php 第 201 行.
INFO: Run Behavior\ParseTemplateBehavior [ RunTime:0.018792s ]
INFO: [ view_parse ] --END-- [ RunTime:0.018846s ]
INFO: [ view_filter ] --START--
INFO: Run Behavior\WriteHtmlCacheBehavior [ RunTime:0.001263s ]
INFO: [ view_filter ] --END-- [ RunTime:0.001333s ]
INFO: [ app_end ] --START--
INFO: Run Behavior\ShowPageTraceBehavior [ RunTime:0.001245s ]
INFO: [ app_end ] --END-- [ RunTime:0.001279s ]

[ 2019-08-21T11:47:51+08:00 ] 127.0.0.1 /index.php?m=&c=Mh&a=load_search&p_reload=1&reload_time=1566359269842
INFO: [ app_init ] --START--
INFO: Run Behavior\BuildLiteBehavior [ RunTime:0.000010s ]
INFO: [ app_init ] --END-- [ RunTime:0.000433s ]
INFO: [ app_begin ] --START--
INFO: Run Behavior\ReadHtmlCacheBehavior [ RunTime:0.000588s ]
INFO: [ app_begin ] --END-- [ RunTime:0.000625s ]
SQL: SHOW COLUMNS FROM `vv_config` [ RunTime:0.0093s ]
SQL: SELECT * FROM `vv_config`  [ RunTime:0.0003s ]
NOTIC: [8] Undefined index: imei D:\wwwroot\demo.52jscn.com\Application\Home\Controller\HomeController.class.php 第 32 行.
NOTIC: [8] Undefined index: chapid D:\wwwroot\demo.52jscn.com\Application\Home\Controller\HomeController.class.php 第 42 行.
NOTIC: [8] unserialize(): Error at offset 75 of 79 bytes D:\wwwroot\demo.52jscn.com\Application\Home\Controller\HomeController.class.php 第 63 行.
NOTIC: [8] unserialize(): Error at offset 45 of 108 bytes D:\wwwroot\demo.52jscn.com\Application\Home\Controller\HomeController.class.php 第 63 行.
NOTIC: [8] Undefined index: user_id D:\wwwroot\demo.52jscn.com\Application\Home\Controller\HomeController.class.php 第 71 行.
SQL: SHOW COLUMNS FROM `vv_user` [ RunTime:0.0195s ]
SQL: SELECT * FROM `vv_user` WHERE `id` = 781 LIMIT 1   [ RunTime:0.0006s ]
NOTIC: [8] Use of undefined constant id - assumed 'id' D:\wwwroot\demo.52jscn.com\Application\Home\Controller\HomeController.class.php 第 129 行.
SQL: SHOW COLUMNS FROM `vv_data` [ RunTime:0.0171s ]
SQL: SELECT * FROM `vv_data` WHERE ( date=20190820 ) LIMIT 1   [ RunTime:0.0005s ]
NOTIC: [8] Undefined index: isopen D:\wwwroot\demo.52jscn.com\Application\Home\Controller\HomeController.class.php 第 175 行.
NOTIC: [8] Undefined variable: adsPic D:\wwwroot\demo.52jscn.com\Application\Home\Controller\HomeController.class.php 第 208 行.
NOTIC: [8] Undefined index: uid D:\wwwroot\demo.52jscn.com\Application\Home\Controller\HomeController.class.php 第 209 行.
INFO: [ view_parse ] --START--
INFO: [ template_filter ] --START--
INFO: Run Behavior\ContentReplaceBehavior [ RunTime:0.000118s ]
INFO: [ template_filter ] --END-- [ RunTime:0.000157s ]
NOTIC: [8] Undefined variable: share D:\wwwroot\demo.52jscn.com\Application\Runtime\Cache\Home\acd7b62e23805fa3a157f684f405146c.php 第 152 行.
NOTIC: [8] Undefined variable: share D:\wwwroot\demo.52jscn.com\Application\Runtime\Cache\Home\acd7b62e23805fa3a157f684f405146c.php 第 153 行.
NOTIC: [8] Undefined variable: share D:\wwwroot\demo.52jscn.com\Application\Runtime\Cache\Home\acd7b62e23805fa3a157f684f405146c.php 第 154 行.
NOTIC: [8] Undefined variable: jssdk D:\wwwroot\demo.52jscn.com\Application\Runtime\Cache\Home\acd7b62e23805fa3a157f684f405146c.php 第 157 行.
NOTIC: [8] Undefined variable: jssdk D:\wwwroot\demo.52jscn.com\Application\Runtime\Cache\Home\acd7b62e23805fa3a157f684f405146c.php 第 158 行.
NOTIC: [8] Undefined variable: jssdk D:\wwwroot\demo.52jscn.com\Application\Runtime\Cache\Home\acd7b62e23805fa3a157f684f405146c.php 第 159 行.
NOTIC: [8] Undefined variable: jssdk D:\wwwroot\demo.52jscn.com\Application\Runtime\Cache\Home\acd7b62e23805fa3a157f684f405146c.php 第 160 行.
NOTIC: [8] Undefined index: thirdcode D:\wwwroot\demo.52jscn.com\Application\Runtime\Cache\Home\acd7b62e23805fa3a157f684f405146c.php 第 201 行.
INFO: Run Behavior\ParseTemplateBehavior [ RunTime:0.010871s ]
INFO: [ view_parse ] --END-- [ RunTime:0.010928s ]
INFO: [ view_filter ] --START--
INFO: Run Behavior\WriteHtmlCacheBehavior [ RunTime:0.000492s ]
INFO: [ view_filter ] --END-- [ RunTime:0.000528s ]
INFO: [ app_end ] --START--
INFO: Run Behavior\ShowPageTraceBehavior [ RunTime:0.000746s ]
INFO: [ app_end ] --END-- [ RunTime:0.000784s ]

[ 2019-08-21T11:53:53+08:00 ] 127.0.0.1 /index.php?m=&c=Mh&a=load_search&p_reload=1&reload_time=1566359269842
INFO: [ app_init ] --START--
INFO: Run Behavior\BuildLiteBehavior [ RunTime:0.000011s ]
INFO: [ app_init ] --END-- [ RunTime:0.000605s ]
INFO: [ app_begin ] --START--
INFO: Run Behavior\ReadHtmlCacheBehavior [ RunTime:0.000766s ]
INFO: [ app_begin ] --END-- [ RunTime:0.000804s ]
SQL: SHOW COLUMNS FROM `vv_config` [ RunTime:0.0072s ]
SQL: SELECT * FROM `vv_config`  [ RunTime:0.0002s ]
NOTIC: [8] Undefined index: imei D:\wwwroot\demo.52jscn.com\Application\Home\Controller\HomeController.class.php 第 32 行.
NOTIC: [8] Undefined index: chapid D:\wwwroot\demo.52jscn.com\Application\Home\Controller\HomeController.class.php 第 42 行.
NOTIC: [8] unserialize(): Error at offset 75 of 79 bytes D:\wwwroot\demo.52jscn.com\Application\Home\Controller\HomeController.class.php 第 63 行.
NOTIC: [8] unserialize(): Error at offset 45 of 108 bytes D:\wwwroot\demo.52jscn.com\Application\Home\Controller\HomeController.class.php 第 63 行.
NOTIC: [8] Undefined index: user_id D:\wwwroot\demo.52jscn.com\Application\Home\Controller\HomeController.class.php 第 71 行.
NOTIC: [8] Undefined index: parent D:\wwwroot\demo.52jscn.com\Application\Home\Controller\HomeController.class.php 第 132 行.
NOTIC: [8] Undefined index: uloginid D:\wwwroot\demo.52jscn.com\Application\Home\Controller\HomeController.class.php 第 141 行.
NOTIC: [8] Undefined index: zidongzhuce D:\wwwroot\demo.52jscn.com\Application\Home\Controller\HomeController.class.php 第 149 行.
NOTIC: [8] Undefined index: parent D:\wwwroot\demo.52jscn.com\Application\Home\Controller\HomeController.class.php 第 169 行.

[ 2019-08-21T11:53:54+08:00 ] 127.0.0.1 /index.php?m=&c=MhPublic&a=binding&fr=aHR0cDovL2RlbW8uNTJqc2NuLmNvbS9pbmRleC5waHA%2FbT0mYz1NaCZhPWxvYWRfc2VhcmNoJnBfcmVsb2FkPTEmcmVsb2FkX3RpbWU9MTU2NjM1OTI2OTg0Mg%3D%3D
INFO: [ app_init ] --START--
INFO: Run Behavior\BuildLiteBehavior [ RunTime:0.000007s ]
INFO: [ app_init ] --END-- [ RunTime:0.000333s ]
INFO: [ app_begin ] --START--
INFO: Run Behavior\ReadHtmlCacheBehavior [ RunTime:0.000455s ]
INFO: [ app_begin ] --END-- [ RunTime:0.000483s ]
SQL: SHOW COLUMNS FROM `vv_config` [ RunTime:0.0090s ]
SQL: SELECT * FROM `vv_config`  [ RunTime:0.0003s ]
NOTIC: [8] unserialize(): Error at offset 75 of 79 bytes D:\wwwroot\demo.52jscn.com\Application\Home\Controller\MhHomeController.class.php 第 13 行.
NOTIC: [8] unserialize(): Error at offset 45 of 108 bytes D:\wwwroot\demo.52jscn.com\Application\Home\Controller\MhHomeController.class.php 第 13 行.
NOTIC: [8] Undefined index: user_id D:\wwwroot\demo.52jscn.com\Application\Home\Controller\MhHomeController.class.php 第 21 行.
NOTIC: [2] Missing argument 2 for Common\Util\ddwechat::setParam(), called in D:\wwwroot\demo.52jscn.com\Application\Home\Controller\MhHomeController.class.php on line 64 and defined D:\wwwroot\demo.52jscn.com\Application\Common\Util\ddwechat.class.php 第 39 行.
INFO: [ view_parse ] --START--
INFO: [ template_filter ] --START--
INFO: Run Behavior\ContentReplaceBehavior [ RunTime:0.000050s ]
INFO: [ template_filter ] --END-- [ RunTime:0.000092s ]
INFO: Run Behavior\ParseTemplateBehavior [ RunTime:0.010553s ]
INFO: [ view_parse ] --END-- [ RunTime:0.010597s ]
INFO: [ view_filter ] --START--
INFO: Run Behavior\WriteHtmlCacheBehavior [ RunTime:0.000737s ]
INFO: [ view_filter ] --END-- [ RunTime:0.000768s ]
INFO: [ app_end ] --START--
INFO: Run Behavior\ShowPageTraceBehavior [ RunTime:0.000927s ]
INFO: [ app_end ] --END-- [ RunTime:0.000963s ]

