[ 2019-02-14T04:12:35+08:00 ] 127.0.0.1 /
INFO: [ app_init ] --START--
INFO: Run Behavior\BuildLiteBehavior [ RunTime:0.000014s ]
INFO: [ app_init ] --END-- [ RunTime:0.001917s ]
INFO: [ app_begin ] --START--
INFO: Run Behavior\ReadHtmlCacheBehavior [ RunTime:0.002235s ]
INFO: [ app_begin ] --END-- [ RunTime:0.002281s ]
ERR: SQLSTATE[HY000] [1049] Unknown database 'php85'

[ 2019-02-14T04:13:19+08:00 ] 127.0.0.1 /
INFO: [ app_init ] --START--
INFO: Run Behavior\BuildLiteBehavior [ RunTime:0.000014s ]
INFO: [ app_init ] --END-- [ RunTime:0.000904s ]
INFO: [ app_begin ] --START--
INFO: Run Behavior\ReadHtmlCacheBehavior [ RunTime:0.002464s ]
INFO: [ app_begin ] --END-- [ RunTime:0.002523s ]
SQL: SHOW COLUMNS FROM `vv_config` [ RunTime:0.0189s ]
SQL: SELECT * FROM `vv_config`  [ RunTime:0.0008s ]
NOTIC: [8] Undefined index: imei C:\Users\lwg\Desktop\1\Application\Home\Controller\HomeController.class.php 第 32 行.
NOTIC: [8] Undefined index: chapid C:\Users\lwg\Desktop\1\Application\Home\Controller\HomeController.class.php 第 42 行.
NOTIC: [8] unserialize(): Error at offset 75 of 79 bytes C:\Users\lwg\Desktop\1\Application\Home\Controller\HomeController.class.php 第 63 行.
NOTIC: [8] unserialize(): Error at offset 45 of 108 bytes C:\Users\lwg\Desktop\1\Application\Home\Controller\HomeController.class.php 第 63 行.
NOTIC: [8] Undefined index: user_id C:\Users\lwg\Desktop\1\Application\Home\Controller\HomeController.class.php 第 71 行.
NOTIC: [8] Undefined index: parent C:\Users\lwg\Desktop\1\Application\Home\Controller\HomeController.class.php 第 132 行.
SQL: SHOW COLUMNS FROM `vv_user` [ RunTime:0.0231s ]
SQL: SELECT * FROM `vv_user` WHERE `id` = 2 LIMIT 1   [ RunTime:0.0008s ]
SQL: SHOW COLUMNS FROM `vv_data` [ RunTime:0.0134s ]
SQL: SELECT * FROM `vv_data` WHERE ( date=20190213 ) LIMIT 1   [ RunTime:0.0002s ]
SQL: SHOW COLUMNS FROM `vv_order` [ RunTime:0.0118s ]
SQL: SELECT COUNT(*) AS tp_count FROM `vv_order` WHERE `create_time` BETWEEN 1549987200 AND 1550073600 LIMIT 1   [ RunTime:0.0003s ]
SQL: SELECT SUM(money) AS tp_sum FROM `vv_order` WHERE `create_time` BETWEEN 1549987200 AND 1550073600 LIMIT 1   [ RunTime:0.0002s ]
SQL: SELECT COUNT(*) AS tp_count FROM `vv_user` WHERE ( sub_time between 1549987200 and 1550073600 ) LIMIT 1   [ RunTime:0.0003s ]
SQL: INSERT INTO `vv_data` (`orders`,`total`,`subs`,`date`) VALUES ('0','0','1','20190213') [ RunTime:0.0002s ]
NOTIC: [8] Undefined index: isopen C:\Users\lwg\Desktop\1\Application\Home\Controller\HomeController.class.php 第 175 行.
NOTIC: [8] Undefined variable: adsPic C:\Users\lwg\Desktop\1\Application\Home\Controller\HomeController.class.php 第 208 行.
NOTIC: [8] Undefined index: uid C:\Users\lwg\Desktop\1\Application\Home\Controller\HomeController.class.php 第 209 行.
NOTIC: [8] Undefined index: sort C:\Users\lwg\Desktop\1\Application\Home\Controller\MhController.class.php 第 23 行.
SQL: SHOW COLUMNS FROM `vv_mh_list` [ RunTime:0.0103s ]
SQL: SELECT * FROM `vv_mh_list` WHERE `mhcate` LIKE '%5%' ORDER BY sort desc LIMIT 6   [ RunTime:0.0002s ]
NOTIC: [8] Undefined index: sort C:\Users\lwg\Desktop\1\Application\Home\Controller\MhController.class.php 第 23 行.
SQL: SELECT * FROM `vv_mh_list` WHERE `mhcate` LIKE '%6%' ORDER BY sort desc LIMIT 6   [ RunTime:0.0001s ]
NOTIC: [8] Undefined index: sort C:\Users\lwg\Desktop\1\Application\Home\Controller\MhController.class.php 第 23 行.
SQL: SELECT * FROM `vv_mh_list` WHERE `mhcate` LIKE '%7%' ORDER BY sort desc LIMIT 6   [ RunTime:0.0001s ]
NOTIC: [8] Undefined index: sort C:\Users\lwg\Desktop\1\Application\Home\Controller\MhController.class.php 第 23 行.
SQL: SELECT * FROM `vv_mh_list` WHERE `mhcate` LIKE '%8%' ORDER BY sort desc LIMIT 6   [ RunTime:0.0001s ]
NOTIC: [8] Undefined index: sort C:\Users\lwg\Desktop\1\Application\Home\Controller\MhController.class.php 第 23 行.
SQL: SELECT * FROM `vv_mh_list` WHERE `mhcate` LIKE '%9%' ORDER BY sort desc LIMIT 6   [ RunTime:0.0001s ]
NOTIC: [8] Undefined index: sort C:\Users\lwg\Desktop\1\Application\Home\Controller\MhController.class.php 第 23 行.
SQL: SELECT * FROM `vv_mh_list` WHERE `mhcate` LIKE '%10%' ORDER BY sort desc LIMIT 6   [ RunTime:0.0001s ]
NOTIC: [8] Undefined index: sort C:\Users\lwg\Desktop\1\Application\Home\Controller\MhController.class.php 第 23 行.
SQL: SELECT * FROM `vv_mh_list` WHERE `mhcate` LIKE '%11%' ORDER BY sort desc LIMIT 6   [ RunTime:0.0001s ]
NOTIC: [8] Undefined index: sort C:\Users\lwg\Desktop\1\Application\Home\Controller\MhController.class.php 第 23 行.
SQL: SELECT * FROM `vv_mh_list` WHERE `mhcate` LIKE '%12%' ORDER BY sort desc LIMIT 6   [ RunTime:0.0001s ]
SQL: SELECT * FROM `vv_mh_list` WHERE `free_type` = 1 ORDER BY sort desc  [ RunTime:0.0001s ]
NOTIC: [2] Missing argument 2 for Common\Util\ddwechat::setParam(), called in C:\Users\lwg\Desktop\1\Application\Home\Controller\MhController.class.php on line 32 and defined C:\Users\lwg\Desktop\1\Application\Common\Util\ddwechat.class.php 第 39 行.
INFO: [ view_parse ] --START--
INFO: [ template_filter ] --START--
INFO: Run Behavior\ContentReplaceBehavior [ RunTime:0.000133s ]
INFO: [ template_filter ] --END-- [ RunTime:0.000187s ]
NOTIC: [8] Undefined variable: share C:\Users\lwg\Desktop\1\Application\Runtime\Cache\Home\67199abba7efdab949490dffef721944.php 第 203 行.
NOTIC: [8] Undefined variable: share C:\Users\lwg\Desktop\1\Application\Runtime\Cache\Home\67199abba7efdab949490dffef721944.php 第 204 行.
NOTIC: [8] Undefined variable: share C:\Users\lwg\Desktop\1\Application\Runtime\Cache\Home\67199abba7efdab949490dffef721944.php 第 205 行.
NOTIC: [8] Undefined index: thirdcode C:\Users\lwg\Desktop\1\Application\Runtime\Cache\Home\67199abba7efdab949490dffef721944.php 第 252 行.
INFO: Run Behavior\ParseTemplateBehavior [ RunTime:0.063427s ]
INFO: [ view_parse ] --END-- [ RunTime:0.063522s ]
INFO: [ view_filter ] --START--
INFO: Run Behavior\WriteHtmlCacheBehavior [ RunTime:0.002625s ]
INFO: [ view_filter ] --END-- [ RunTime:0.002669s ]
INFO: [ app_end ] --START--
INFO: Run Behavior\ShowPageTraceBehavior [ RunTime:0.003472s ]
INFO: [ app_end ] --END-- [ RunTime:0.003528s ]

[ 2019-02-14T04:13:31+08:00 ] 127.0.0.1 /
INFO: [ app_init ] --START--
INFO: Run Behavior\BuildLiteBehavior [ RunTime:0.000013s ]
INFO: [ app_init ] --END-- [ RunTime:0.000906s ]
INFO: [ app_begin ] --START--
INFO: Run Behavior\ReadHtmlCacheBehavior [ RunTime:0.002361s ]
INFO: [ app_begin ] --END-- [ RunTime:0.002432s ]
SQL: SHOW COLUMNS FROM `vv_config` [ RunTime:0.0123s ]
SQL: SELECT * FROM `vv_config`  [ RunTime:0.0003s ]
NOTIC: [8] Undefined index: imei C:\Users\lwg\Desktop\1\Application\Home\Controller\HomeController.class.php 第 32 行.
NOTIC: [8] Undefined index: chapid C:\Users\lwg\Desktop\1\Application\Home\Controller\HomeController.class.php 第 42 行.
NOTIC: [8] unserialize(): Error at offset 75 of 79 bytes C:\Users\lwg\Desktop\1\Application\Home\Controller\HomeController.class.php 第 63 行.
NOTIC: [8] unserialize(): Error at offset 45 of 108 bytes C:\Users\lwg\Desktop\1\Application\Home\Controller\HomeController.class.php 第 63 行.
NOTIC: [8] Undefined index: user_id C:\Users\lwg\Desktop\1\Application\Home\Controller\HomeController.class.php 第 71 行.
SQL: SHOW COLUMNS FROM `vv_user` [ RunTime:0.0260s ]
SQL: SELECT * FROM `vv_user` WHERE `id` = 2 LIMIT 1   [ RunTime:0.0008s ]
NOTIC: [8] Use of undefined constant id - assumed 'id' C:\Users\lwg\Desktop\1\Application\Home\Controller\HomeController.class.php 第 129 行.
SQL: SHOW COLUMNS FROM `vv_data` [ RunTime:0.0222s ]
SQL: SELECT * FROM `vv_data` WHERE ( date=20190213 ) LIMIT 1   [ RunTime:0.0003s ]
NOTIC: [8] Undefined index: isopen C:\Users\lwg\Desktop\1\Application\Home\Controller\HomeController.class.php 第 175 行.
NOTIC: [8] Undefined variable: adsPic C:\Users\lwg\Desktop\1\Application\Home\Controller\HomeController.class.php 第 208 行.
NOTIC: [8] Undefined index: uid C:\Users\lwg\Desktop\1\Application\Home\Controller\HomeController.class.php 第 209 行.
NOTIC: [8] Undefined index: sort C:\Users\lwg\Desktop\1\Application\Home\Controller\MhController.class.php 第 23 行.
SQL: SHOW COLUMNS FROM `vv_mh_list` [ RunTime:0.0096s ]
SQL: SELECT * FROM `vv_mh_list` WHERE `mhcate` LIKE '%5%' ORDER BY sort desc LIMIT 6   [ RunTime:0.0003s ]
NOTIC: [8] Undefined index: sort C:\Users\lwg\Desktop\1\Application\Home\Controller\MhController.class.php 第 23 行.
SQL: SELECT * FROM `vv_mh_list` WHERE `mhcate` LIKE '%6%' ORDER BY sort desc LIMIT 6   [ RunTime:0.0002s ]
NOTIC: [8] Undefined index: sort C:\Users\lwg\Desktop\1\Application\Home\Controller\MhController.class.php 第 23 行.
SQL: SELECT * FROM `vv_mh_list` WHERE `mhcate` LIKE '%7%' ORDER BY sort desc LIMIT 6   [ RunTime:0.0002s ]
NOTIC: [8] Undefined index: sort C:\Users\lwg\Desktop\1\Application\Home\Controller\MhController.class.php 第 23 行.
SQL: SELECT * FROM `vv_mh_list` WHERE `mhcate` LIKE '%8%' ORDER BY sort desc LIMIT 6   [ RunTime:0.0002s ]
NOTIC: [8] Undefined index: sort C:\Users\lwg\Desktop\1\Application\Home\Controller\MhController.class.php 第 23 行.
SQL: SELECT * FROM `vv_mh_list` WHERE `mhcate` LIKE '%9%' ORDER BY sort desc LIMIT 6   [ RunTime:0.0002s ]
NOTIC: [8] Undefined index: sort C:\Users\lwg\Desktop\1\Application\Home\Controller\MhController.class.php 第 23 行.
SQL: SELECT * FROM `vv_mh_list` WHERE `mhcate` LIKE '%10%' ORDER BY sort desc LIMIT 6   [ RunTime:0.0002s ]
NOTIC: [8] Undefined index: sort C:\Users\lwg\Desktop\1\Application\Home\Controller\MhController.class.php 第 23 行.
SQL: SELECT * FROM `vv_mh_list` WHERE `mhcate` LIKE '%11%' ORDER BY sort desc LIMIT 6   [ RunTime:0.0002s ]
NOTIC: [8] Undefined index: sort C:\Users\lwg\Desktop\1\Application\Home\Controller\MhController.class.php 第 23 行.
SQL: SELECT * FROM `vv_mh_list` WHERE `mhcate` LIKE '%12%' ORDER BY sort desc LIMIT 6   [ RunTime:0.0002s ]
SQL: SELECT * FROM `vv_mh_list` WHERE `free_type` = 1 ORDER BY sort desc  [ RunTime:0.0002s ]
NOTIC: [2] Missing argument 2 for Common\Util\ddwechat::setParam(), called in C:\Users\lwg\Desktop\1\Application\Home\Controller\MhController.class.php on line 32 and defined C:\Users\lwg\Desktop\1\Application\Common\Util\ddwechat.class.php 第 39 行.
INFO: [ view_parse ] --START--
INFO: [ template_filter ] --START--
INFO: Run Behavior\ContentReplaceBehavior [ RunTime:0.000088s ]
INFO: [ template_filter ] --END-- [ RunTime:0.000128s ]
NOTIC: [8] Undefined variable: share C:\Users\lwg\Desktop\1\Application\Runtime\Cache\Home\67199abba7efdab949490dffef721944.php 第 203 行.
NOTIC: [8] Undefined variable: share C:\Users\lwg\Desktop\1\Application\Runtime\Cache\Home\67199abba7efdab949490dffef721944.php 第 204 行.
NOTIC: [8] Undefined variable: share C:\Users\lwg\Desktop\1\Application\Runtime\Cache\Home\67199abba7efdab949490dffef721944.php 第 205 行.
NOTIC: [8] Undefined index: thirdcode C:\Users\lwg\Desktop\1\Application\Runtime\Cache\Home\67199abba7efdab949490dffef721944.php 第 252 行.
INFO: Run Behavior\ParseTemplateBehavior [ RunTime:0.020203s ]
INFO: [ view_parse ] --END-- [ RunTime:0.020255s ]
INFO: [ view_filter ] --START--
INFO: Run Behavior\WriteHtmlCacheBehavior [ RunTime:0.001656s ]
INFO: [ view_filter ] --END-- [ RunTime:0.001693s ]
INFO: [ app_end ] --START--
INFO: Run Behavior\ShowPageTraceBehavior [ RunTime:0.001989s ]
INFO: [ app_end ] --END-- [ RunTime:0.002077s ]

[ 2019-02-14T04:16:04+08:00 ] 127.0.0.1 /
INFO: [ app_init ] --START--
INFO: Run Behavior\BuildLiteBehavior [ RunTime:0.000016s ]
INFO: [ app_init ] --END-- [ RunTime:0.001292s ]
INFO: [ app_begin ] --START--
INFO: Run Behavior\ReadHtmlCacheBehavior [ RunTime:0.001658s ]
INFO: [ app_begin ] --END-- [ RunTime:0.001702s ]
SQL: SHOW COLUMNS FROM `vv_config` [ RunTime:0.0277s ]
SQL: SELECT * FROM `vv_config`  [ RunTime:0.0009s ]
NOTIC: [8] Undefined index: imei C:\Users\lwg\Desktop\1\Application\Home\Controller\HomeController.class.php 第 32 行.
NOTIC: [8] Undefined index: chapid C:\Users\lwg\Desktop\1\Application\Home\Controller\HomeController.class.php 第 42 行.
NOTIC: [8] unserialize(): Error at offset 75 of 79 bytes C:\Users\lwg\Desktop\1\Application\Home\Controller\HomeController.class.php 第 63 行.
NOTIC: [8] unserialize(): Error at offset 45 of 108 bytes C:\Users\lwg\Desktop\1\Application\Home\Controller\HomeController.class.php 第 63 行.
NOTIC: [8] Undefined index: user_id C:\Users\lwg\Desktop\1\Application\Home\Controller\HomeController.class.php 第 71 行.
SQL: SHOW COLUMNS FROM `vv_user` [ RunTime:0.0290s ]
SQL: SELECT * FROM `vv_user` WHERE `id` = 2 LIMIT 1   [ RunTime:0.0005s ]
NOTIC: [8] Use of undefined constant id - assumed 'id' C:\Users\lwg\Desktop\1\Application\Home\Controller\HomeController.class.php 第 129 行.
SQL: SHOW COLUMNS FROM `vv_data` [ RunTime:0.0135s ]
SQL: SELECT * FROM `vv_data` WHERE ( date=20190213 ) LIMIT 1   [ RunTime:0.0003s ]
NOTIC: [8] Undefined index: isopen C:\Users\lwg\Desktop\1\Application\Home\Controller\HomeController.class.php 第 175 行.
NOTIC: [8] Undefined variable: adsPic C:\Users\lwg\Desktop\1\Application\Home\Controller\HomeController.class.php 第 208 行.
NOTIC: [8] Undefined index: uid C:\Users\lwg\Desktop\1\Application\Home\Controller\HomeController.class.php 第 209 行.
NOTIC: [8] Undefined index: sort C:\Users\lwg\Desktop\1\Application\Home\Controller\MhController.class.php 第 23 行.
SQL: SHOW COLUMNS FROM `vv_mh_list` [ RunTime:0.0137s ]
SQL: SELECT * FROM `vv_mh_list` WHERE `mhcate` LIKE '%5%' ORDER BY sort desc LIMIT 6   [ RunTime:0.0002s ]
NOTIC: [8] Undefined index: sort C:\Users\lwg\Desktop\1\Application\Home\Controller\MhController.class.php 第 23 行.
SQL: SELECT * FROM `vv_mh_list` WHERE `mhcate` LIKE '%6%' ORDER BY sort desc LIMIT 6   [ RunTime:0.0002s ]
NOTIC: [8] Undefined index: sort C:\Users\lwg\Desktop\1\Application\Home\Controller\MhController.class.php 第 23 行.
SQL: SELECT * FROM `vv_mh_list` WHERE `mhcate` LIKE '%7%' ORDER BY sort desc LIMIT 6   [ RunTime:0.0002s ]
NOTIC: [8] Undefined index: sort C:\Users\lwg\Desktop\1\Application\Home\Controller\MhController.class.php 第 23 行.
SQL: SELECT * FROM `vv_mh_list` WHERE `mhcate` LIKE '%8%' ORDER BY sort desc LIMIT 6   [ RunTime:0.0002s ]
NOTIC: [8] Undefined index: sort C:\Users\lwg\Desktop\1\Application\Home\Controller\MhController.class.php 第 23 行.
SQL: SELECT * FROM `vv_mh_list` WHERE `mhcate` LIKE '%9%' ORDER BY sort desc LIMIT 6   [ RunTime:0.0002s ]
NOTIC: [8] Undefined index: sort C:\Users\lwg\Desktop\1\Application\Home\Controller\MhController.class.php 第 23 行.
SQL: SELECT * FROM `vv_mh_list` WHERE `mhcate` LIKE '%10%' ORDER BY sort desc LIMIT 6   [ RunTime:0.0002s ]
NOTIC: [8] Undefined index: sort C:\Users\lwg\Desktop\1\Application\Home\Controller\MhController.class.php 第 23 行.
SQL: SELECT * FROM `vv_mh_list` WHERE `mhcate` LIKE '%11%' ORDER BY sort desc LIMIT 6   [ RunTime:0.0002s ]
NOTIC: [8] Undefined index: sort C:\Users\lwg\Desktop\1\Application\Home\Controller\MhController.class.php 第 23 行.
SQL: SELECT * FROM `vv_mh_list` WHERE `mhcate` LIKE '%12%' ORDER BY sort desc LIMIT 6   [ RunTime:0.0002s ]
SQL: SELECT * FROM `vv_mh_list` WHERE `free_type` = 1 ORDER BY sort desc  [ RunTime:0.0002s ]
NOTIC: [2] Missing argument 2 for Common\Util\ddwechat::setParam(), called in C:\Users\lwg\Desktop\1\Application\Home\Controller\MhController.class.php on line 32 and defined C:\Users\lwg\Desktop\1\Application\Common\Util\ddwechat.class.php 第 39 行.
INFO: [ view_parse ] --START--
INFO: [ template_filter ] --START--
INFO: Run Behavior\ContentReplaceBehavior [ RunTime:0.000215s ]
INFO: [ template_filter ] --END-- [ RunTime:0.000292s ]
NOTIC: [8] Undefined variable: share C:\Users\lwg\Desktop\1\Application\Runtime\Cache\Home\67199abba7efdab949490dffef721944.php 第 203 行.
NOTIC: [8] Undefined variable: share C:\Users\lwg\Desktop\1\Application\Runtime\Cache\Home\67199abba7efdab949490dffef721944.php 第 204 行.
NOTIC: [8] Undefined variable: share C:\Users\lwg\Desktop\1\Application\Runtime\Cache\Home\67199abba7efdab949490dffef721944.php 第 205 行.
NOTIC: [8] Undefined index: thirdcode C:\Users\lwg\Desktop\1\Application\Runtime\Cache\Home\67199abba7efdab949490dffef721944.php 第 252 行.
INFO: Run Behavior\ParseTemplateBehavior [ RunTime:0.051330s ]
INFO: [ view_parse ] --END-- [ RunTime:0.051439s ]
INFO: [ view_filter ] --START--
INFO: Run Behavior\WriteHtmlCacheBehavior [ RunTime:0.003069s ]
INFO: [ view_filter ] --END-- [ RunTime:0.003132s ]
INFO: [ app_end ] --START--
INFO: Run Behavior\ShowPageTraceBehavior [ RunTime:0.003670s ]
INFO: [ app_end ] --END-- [ RunTime:0.003751s ]

[ 2019-02-14T04:22:14+08:00 ] 127.0.0.1 /
INFO: [ app_init ] --START--
INFO: Run Behavior\BuildLiteBehavior [ RunTime:0.000012s ]
INFO: [ app_init ] --END-- [ RunTime:0.000476s ]
INFO: [ app_begin ] --START--
INFO: Run Behavior\ReadHtmlCacheBehavior [ RunTime:0.001114s ]
INFO: [ app_begin ] --END-- [ RunTime:0.001166s ]
SQL: SHOW COLUMNS FROM `vv_config` [ RunTime:0.0062s ]
SQL: SELECT * FROM `vv_config`  [ RunTime:0.0003s ]
NOTIC: [8] Undefined index: imei C:\Users\lwg\Desktop\1\Application\Home\Controller\HomeController.class.php 第 32 行.
NOTIC: [8] Undefined index: chapid C:\Users\lwg\Desktop\1\Application\Home\Controller\HomeController.class.php 第 42 行.
NOTIC: [8] unserialize(): Error at offset 75 of 79 bytes C:\Users\lwg\Desktop\1\Application\Home\Controller\HomeController.class.php 第 63 行.
NOTIC: [8] unserialize(): Error at offset 45 of 108 bytes C:\Users\lwg\Desktop\1\Application\Home\Controller\HomeController.class.php 第 63 行.
NOTIC: [8] Undefined index: user_id C:\Users\lwg\Desktop\1\Application\Home\Controller\HomeController.class.php 第 71 行.
SQL: SHOW COLUMNS FROM `vv_user` [ RunTime:0.0237s ]
SQL: SELECT * FROM `vv_user` WHERE `id` = 2 LIMIT 1   [ RunTime:0.0007s ]
NOTIC: [8] Use of undefined constant id - assumed 'id' C:\Users\lwg\Desktop\1\Application\Home\Controller\HomeController.class.php 第 129 行.
SQL: SHOW COLUMNS FROM `vv_data` [ RunTime:0.0157s ]
SQL: SELECT * FROM `vv_data` WHERE ( date=20190213 ) LIMIT 1   [ RunTime:0.0003s ]
NOTIC: [8] Undefined index: isopen C:\Users\lwg\Desktop\1\Application\Home\Controller\HomeController.class.php 第 175 行.
NOTIC: [8] Undefined variable: adsPic C:\Users\lwg\Desktop\1\Application\Home\Controller\HomeController.class.php 第 208 行.
NOTIC: [8] Undefined index: uid C:\Users\lwg\Desktop\1\Application\Home\Controller\HomeController.class.php 第 209 行.
NOTIC: [8] Undefined index: sort C:\Users\lwg\Desktop\1\Application\Home\Controller\MhController.class.php 第 23 行.
SQL: SHOW COLUMNS FROM `vv_mh_list` [ RunTime:0.0117s ]
SQL: SELECT * FROM `vv_mh_list` WHERE `mhcate` LIKE '%5%' ORDER BY sort desc LIMIT 6   [ RunTime:0.0003s ]
NOTIC: [8] Undefined index: sort C:\Users\lwg\Desktop\1\Application\Home\Controller\MhController.class.php 第 23 行.
SQL: SELECT * FROM `vv_mh_list` WHERE `mhcate` LIKE '%6%' ORDER BY sort desc LIMIT 6   [ RunTime:0.0003s ]
NOTIC: [8] Undefined index: sort C:\Users\lwg\Desktop\1\Application\Home\Controller\MhController.class.php 第 23 行.
SQL: SELECT * FROM `vv_mh_list` WHERE `mhcate` LIKE '%7%' ORDER BY sort desc LIMIT 6   [ RunTime:0.0003s ]
NOTIC: [8] Undefined index: sort C:\Users\lwg\Desktop\1\Application\Home\Controller\MhController.class.php 第 23 行.
SQL: SELECT * FROM `vv_mh_list` WHERE `mhcate` LIKE '%8%' ORDER BY sort desc LIMIT 6   [ RunTime:0.0003s ]
NOTIC: [8] Undefined index: sort C:\Users\lwg\Desktop\1\Application\Home\Controller\MhController.class.php 第 23 行.
SQL: SELECT * FROM `vv_mh_list` WHERE `mhcate` LIKE '%9%' ORDER BY sort desc LIMIT 6   [ RunTime:0.0003s ]
NOTIC: [8] Undefined index: sort C:\Users\lwg\Desktop\1\Application\Home\Controller\MhController.class.php 第 23 行.
SQL: SELECT * FROM `vv_mh_list` WHERE `mhcate` LIKE '%10%' ORDER BY sort desc LIMIT 6   [ RunTime:0.0003s ]
NOTIC: [8] Undefined index: sort C:\Users\lwg\Desktop\1\Application\Home\Controller\MhController.class.php 第 23 行.
SQL: SELECT * FROM `vv_mh_list` WHERE `mhcate` LIKE '%11%' ORDER BY sort desc LIMIT 6   [ RunTime:0.0003s ]
NOTIC: [8] Undefined index: sort C:\Users\lwg\Desktop\1\Application\Home\Controller\MhController.class.php 第 23 行.
SQL: SELECT * FROM `vv_mh_list` WHERE `mhcate` LIKE '%12%' ORDER BY sort desc LIMIT 6   [ RunTime:0.0003s ]
SQL: SELECT * FROM `vv_mh_list` WHERE `free_type` = 1 ORDER BY sort desc  [ RunTime:0.0003s ]
NOTIC: [2] Missing argument 2 for Common\Util\ddwechat::setParam(), called in C:\Users\lwg\Desktop\1\Application\Home\Controller\MhController.class.php on line 32 and defined C:\Users\lwg\Desktop\1\Application\Common\Util\ddwechat.class.php 第 39 行.
INFO: [ view_parse ] --START--
INFO: [ template_filter ] --START--
INFO: Run Behavior\ContentReplaceBehavior [ RunTime:0.000156s ]
INFO: [ template_filter ] --END-- [ RunTime:0.000216s ]
NOTIC: [8] Undefined variable: share C:\Users\lwg\Desktop\1\Application\Runtime\Cache\Home\67199abba7efdab949490dffef721944.php 第 203 行.
NOTIC: [8] Undefined variable: share C:\Users\lwg\Desktop\1\Application\Runtime\Cache\Home\67199abba7efdab949490dffef721944.php 第 204 行.
NOTIC: [8] Undefined variable: share C:\Users\lwg\Desktop\1\Application\Runtime\Cache\Home\67199abba7efdab949490dffef721944.php 第 205 行.
NOTIC: [8] Undefined index: thirdcode C:\Users\lwg\Desktop\1\Application\Runtime\Cache\Home\67199abba7efdab949490dffef721944.php 第 252 行.
INFO: Run Behavior\ParseTemplateBehavior [ RunTime:0.054058s ]
INFO: [ view_parse ] --END-- [ RunTime:0.054168s ]
INFO: [ view_filter ] --START--
INFO: Run Behavior\WriteHtmlCacheBehavior [ RunTime:0.001507s ]
INFO: [ view_filter ] --END-- [ RunTime:0.001556s ]
INFO: [ app_end ] --START--
INFO: Run Behavior\ShowPageTraceBehavior [ RunTime:0.001857s ]
INFO: [ app_end ] --END-- [ RunTime:0.001916s ]

[ 2019-02-14T04:22:33+08:00 ] 127.0.0.1 /index.php?m=&c=Book&a=index
INFO: [ app_init ] --START--
INFO: Run Behavior\BuildLiteBehavior [ RunTime:0.000012s ]
INFO: [ app_init ] --END-- [ RunTime:0.000585s ]
INFO: [ app_begin ] --START--
INFO: Run Behavior\ReadHtmlCacheBehavior [ RunTime:0.001177s ]
INFO: [ app_begin ] --END-- [ RunTime:0.001242s ]
SQL: SHOW COLUMNS FROM `vv_config` [ RunTime:0.0146s ]
SQL: SELECT * FROM `vv_config`  [ RunTime:0.0005s ]
NOTIC: [8] Undefined index: imei C:\Users\lwg\Desktop\1\Application\Home\Controller\HomeController.class.php 第 32 行.
NOTIC: [8] Undefined index: chapid C:\Users\lwg\Desktop\1\Application\Home\Controller\HomeController.class.php 第 42 行.
NOTIC: [8] unserialize(): Error at offset 75 of 79 bytes C:\Users\lwg\Desktop\1\Application\Home\Controller\HomeController.class.php 第 63 行.
NOTIC: [8] unserialize(): Error at offset 45 of 108 bytes C:\Users\lwg\Desktop\1\Application\Home\Controller\HomeController.class.php 第 63 行.
NOTIC: [8] Undefined index: user_id C:\Users\lwg\Desktop\1\Application\Home\Controller\HomeController.class.php 第 71 行.
SQL: SHOW COLUMNS FROM `vv_user` [ RunTime:0.0284s ]
SQL: SELECT * FROM `vv_user` WHERE `id` = 2 LIMIT 1   [ RunTime:0.0009s ]
NOTIC: [8] Use of undefined constant id - assumed 'id' C:\Users\lwg\Desktop\1\Application\Home\Controller\HomeController.class.php 第 129 行.
SQL: SHOW COLUMNS FROM `vv_data` [ RunTime:0.0276s ]
SQL: SELECT * FROM `vv_data` WHERE ( date=20190213 ) LIMIT 1   [ RunTime:0.0006s ]
NOTIC: [8] Undefined index: isopen C:\Users\lwg\Desktop\1\Application\Home\Controller\HomeController.class.php 第 175 行.
NOTIC: [8] Undefined variable: adsPic C:\Users\lwg\Desktop\1\Application\Home\Controller\HomeController.class.php 第 208 行.
NOTIC: [8] Undefined index: uid C:\Users\lwg\Desktop\1\Application\Home\Controller\HomeController.class.php 第 209 行.
SQL: SHOW COLUMNS FROM `vv_book` [ RunTime:0.0254s ]
SQL: SELECT * FROM `vv_book` WHERE `bookcate` LIKE '%5%' ORDER BY sort desc LIMIT 6   [ RunTime:0.0004s ]
SQL: SELECT * FROM `vv_book` WHERE `bookcate` LIKE '%6%' ORDER BY sort desc LIMIT 6   [ RunTime:0.0004s ]
SQL: SELECT * FROM `vv_book` WHERE `bookcate` LIKE '%7%' ORDER BY sort desc LIMIT 6   [ RunTime:0.0004s ]
SQL: SELECT * FROM `vv_book` WHERE `bookcate` LIKE '%8%' ORDER BY sort desc LIMIT 6   [ RunTime:0.0004s ]
SQL: SELECT * FROM `vv_book` WHERE `bookcate` LIKE '%9%' ORDER BY sort desc LIMIT 6   [ RunTime:0.0004s ]
SQL: SELECT * FROM `vv_book` WHERE `bookcate` LIKE '%10%' ORDER BY sort desc LIMIT 6   [ RunTime:0.0004s ]
SQL: SELECT * FROM `vv_book` WHERE `free_type` = 1 ORDER BY sort desc  [ RunTime:0.0005s ]
NOTIC: [2] Missing argument 2 for Common\Util\ddwechat::setParam(), called in C:\Users\lwg\Desktop\1\Application\Home\Controller\BookController.class.php on line 29 and defined C:\Users\lwg\Desktop\1\Application\Common\Util\ddwechat.class.php 第 39 行.
INFO: [ view_parse ] --START--
INFO: [ template_filter ] --START--
INFO: Run Behavior\ContentReplaceBehavior [ RunTime:0.000240s ]
INFO: [ template_filter ] --END-- [ RunTime:0.000335s ]
NOTIC: [8] Undefined variable: share C:\Users\lwg\Desktop\1\Application\Runtime\Cache\Home\88fd1496475deb2aa861d336784d55ed.php 第 195 行.
NOTIC: [8] Undefined index: thirdcode C:\Users\lwg\Desktop\1\Application\Runtime\Cache\Home\88fd1496475deb2aa861d336784d55ed.php 第 251 行.
INFO: Run Behavior\ParseTemplateBehavior [ RunTime:0.054570s ]
INFO: [ view_parse ] --END-- [ RunTime:0.054672s ]
INFO: [ view_filter ] --START--
INFO: Run Behavior\WriteHtmlCacheBehavior [ RunTime:0.001505s ]
INFO: [ view_filter ] --END-- [ RunTime:0.001547s ]
INFO: [ app_end ] --START--
INFO: Run Behavior\ShowPageTraceBehavior [ RunTime:0.001436s ]
INFO: [ app_end ] --END-- [ RunTime:0.001525s ]

[ 2019-02-14T04:22:41+08:00 ] 127.0.0.1 /index.php?m=&c=Mh&a=my
INFO: [ app_init ] --START--
INFO: Run Behavior\BuildLiteBehavior [ RunTime:0.000021s ]
INFO: [ app_init ] --END-- [ RunTime:0.000882s ]
INFO: [ app_begin ] --START--
INFO: Run Behavior\ReadHtmlCacheBehavior [ RunTime:0.001774s ]
INFO: [ app_begin ] --END-- [ RunTime:0.001819s ]
SQL: SHOW COLUMNS FROM `vv_config` [ RunTime:0.0109s ]
SQL: SELECT * FROM `vv_config`  [ RunTime:0.0005s ]
NOTIC: [8] Undefined index: imei C:\Users\lwg\Desktop\1\Application\Home\Controller\HomeController.class.php 第 32 行.
NOTIC: [8] Undefined index: chapid C:\Users\lwg\Desktop\1\Application\Home\Controller\HomeController.class.php 第 42 行.
NOTIC: [8] unserialize(): Error at offset 75 of 79 bytes C:\Users\lwg\Desktop\1\Application\Home\Controller\HomeController.class.php 第 63 行.
NOTIC: [8] unserialize(): Error at offset 45 of 108 bytes C:\Users\lwg\Desktop\1\Application\Home\Controller\HomeController.class.php 第 63 行.
NOTIC: [8] Undefined index: user_id C:\Users\lwg\Desktop\1\Application\Home\Controller\HomeController.class.php 第 71 行.
SQL: SHOW COLUMNS FROM `vv_user` [ RunTime:0.0087s ]
SQL: SELECT * FROM `vv_user` WHERE `id` = 2 LIMIT 1   [ RunTime:0.0005s ]
NOTIC: [8] Use of undefined constant id - assumed 'id' C:\Users\lwg\Desktop\1\Application\Home\Controller\HomeController.class.php 第 129 行.
SQL: SHOW COLUMNS FROM `vv_data` [ RunTime:0.0085s ]
SQL: SELECT * FROM `vv_data` WHERE ( date=20190213 ) LIMIT 1   [ RunTime:0.0003s ]
NOTIC: [8] Undefined index: isopen C:\Users\lwg\Desktop\1\Application\Home\Controller\HomeController.class.php 第 175 行.
NOTIC: [8] Undefined variable: adsPic C:\Users\lwg\Desktop\1\Application\Home\Controller\HomeController.class.php 第 208 行.
NOTIC: [8] Undefined index: uid C:\Users\lwg\Desktop\1\Application\Home\Controller\HomeController.class.php 第 209 行.
SQL: SELECT * FROM `vv_user` WHERE `id` = 2 LIMIT 1   [ RunTime:0.0003s ]
SQL: SHOW COLUMNS FROM `vv_sign` [ RunTime:0.0104s ]
SQL: SELECT * FROM `vv_sign` WHERE `date` = '20190214' AND `user_id` = 2 LIMIT 1   [ RunTime:0.0003s ]
INFO: [ view_parse ] --START--
INFO: [ template_filter ] --START--
INFO: Run Behavior\ContentReplaceBehavior [ RunTime:0.000154s ]
INFO: [ template_filter ] --END-- [ RunTime:0.000213s ]
NOTIC: [8] Undefined index: gonggao C:\Users\lwg\Desktop\1\Application\Runtime\Cache\Home\6684dd730d555b80dcc179cd385fcd50.php 第 97 行.
NOTIC: [8] Undefined index: vip_level C:\Users\lwg\Desktop\1\Application\Runtime\Cache\Home\6684dd730d555b80dcc179cd385fcd50.php 第 107 行.
NOTIC: [8] Undefined variable: share C:\Users\lwg\Desktop\1\Application\Runtime\Cache\Home\6684dd730d555b80dcc179cd385fcd50.php 第 401 行.
NOTIC: [8] Undefined variable: share C:\Users\lwg\Desktop\1\Application\Runtime\Cache\Home\6684dd730d555b80dcc179cd385fcd50.php 第 402 行.
NOTIC: [8] Undefined variable: share C:\Users\lwg\Desktop\1\Application\Runtime\Cache\Home\6684dd730d555b80dcc179cd385fcd50.php 第 403 行.
NOTIC: [8] Undefined variable: jssdk C:\Users\lwg\Desktop\1\Application\Runtime\Cache\Home\6684dd730d555b80dcc179cd385fcd50.php 第 406 行.
NOTIC: [8] Undefined variable: jssdk C:\Users\lwg\Desktop\1\Application\Runtime\Cache\Home\6684dd730d555b80dcc179cd385fcd50.php 第 407 行.
NOTIC: [8] Undefined variable: jssdk C:\Users\lwg\Desktop\1\Application\Runtime\Cache\Home\6684dd730d555b80dcc179cd385fcd50.php 第 408 行.
NOTIC: [8] Undefined variable: jssdk C:\Users\lwg\Desktop\1\Application\Runtime\Cache\Home\6684dd730d555b80dcc179cd385fcd50.php 第 409 行.
NOTIC: [8] Undefined index: thirdcode C:\Users\lwg\Desktop\1\Application\Runtime\Cache\Home\6684dd730d555b80dcc179cd385fcd50.php 第 450 行.
INFO: Run Behavior\ParseTemplateBehavior [ RunTime:0.018399s ]
INFO: [ view_parse ] --END-- [ RunTime:0.018453s ]
INFO: [ view_filter ] --START--
INFO: Run Behavior\WriteHtmlCacheBehavior [ RunTime:0.001749s ]
INFO: [ view_filter ] --END-- [ RunTime:0.001790s ]
INFO: [ app_end ] --START--
INFO: Run Behavior\ShowPageTraceBehavior [ RunTime:0.001907s ]
INFO: [ app_end ] --END-- [ RunTime:0.001962s ]

[ 2019-02-14T04:22:43+08:00 ] 127.0.0.1 /index.php?m=&c=Mh&a=my&p_reload=1&reload_time=1550089362098
INFO: [ app_init ] --START--
INFO: Run Behavior\BuildLiteBehavior [ RunTime:0.000021s ]
INFO: [ app_init ] --END-- [ RunTime:0.000675s ]
INFO: [ app_begin ] --START--
INFO: Run Behavior\ReadHtmlCacheBehavior [ RunTime:0.001088s ]
INFO: [ app_begin ] --END-- [ RunTime:0.001132s ]
SQL: SHOW COLUMNS FROM `vv_config` [ RunTime:0.0083s ]
SQL: SELECT * FROM `vv_config`  [ RunTime:0.0003s ]
NOTIC: [8] Undefined index: imei C:\Users\lwg\Desktop\1\Application\Home\Controller\HomeController.class.php 第 32 行.
NOTIC: [8] Undefined index: chapid C:\Users\lwg\Desktop\1\Application\Home\Controller\HomeController.class.php 第 42 行.
NOTIC: [8] unserialize(): Error at offset 75 of 79 bytes C:\Users\lwg\Desktop\1\Application\Home\Controller\HomeController.class.php 第 63 行.
NOTIC: [8] unserialize(): Error at offset 45 of 108 bytes C:\Users\lwg\Desktop\1\Application\Home\Controller\HomeController.class.php 第 63 行.
NOTIC: [8] Undefined index: user_id C:\Users\lwg\Desktop\1\Application\Home\Controller\HomeController.class.php 第 71 行.
SQL: SHOW COLUMNS FROM `vv_user` [ RunTime:0.0236s ]
SQL: SELECT * FROM `vv_user` WHERE `id` = 2 LIMIT 1   [ RunTime:0.0004s ]
NOTIC: [8] Use of undefined constant id - assumed 'id' C:\Users\lwg\Desktop\1\Application\Home\Controller\HomeController.class.php 第 129 行.
SQL: SHOW COLUMNS FROM `vv_data` [ RunTime:0.0115s ]
SQL: SELECT * FROM `vv_data` WHERE ( date=20190213 ) LIMIT 1   [ RunTime:0.0003s ]
NOTIC: [8] Undefined index: isopen C:\Users\lwg\Desktop\1\Application\Home\Controller\HomeController.class.php 第 175 行.
NOTIC: [8] Undefined variable: adsPic C:\Users\lwg\Desktop\1\Application\Home\Controller\HomeController.class.php 第 208 行.
NOTIC: [8] Undefined index: uid C:\Users\lwg\Desktop\1\Application\Home\Controller\HomeController.class.php 第 209 行.
SQL: SELECT * FROM `vv_user` WHERE `id` = 2 LIMIT 1   [ RunTime:0.0003s ]
SQL: SHOW COLUMNS FROM `vv_sign` [ RunTime:0.0121s ]
SQL: SELECT * FROM `vv_sign` WHERE `date` = '20190214' AND `user_id` = 2 LIMIT 1   [ RunTime:0.0003s ]
INFO: [ view_parse ] --START--
INFO: [ template_filter ] --START--
INFO: Run Behavior\ContentReplaceBehavior [ RunTime:0.000130s ]
INFO: [ template_filter ] --END-- [ RunTime:0.000171s ]
NOTIC: [8] Undefined index: gonggao C:\Users\lwg\Desktop\1\Application\Runtime\Cache\Home\6684dd730d555b80dcc179cd385fcd50.php 第 97 行.
NOTIC: [8] Undefined index: vip_level C:\Users\lwg\Desktop\1\Application\Runtime\Cache\Home\6684dd730d555b80dcc179cd385fcd50.php 第 107 行.
NOTIC: [8] Undefined variable: share C:\Users\lwg\Desktop\1\Application\Runtime\Cache\Home\6684dd730d555b80dcc179cd385fcd50.php 第 401 行.
NOTIC: [8] Undefined variable: share C:\Users\lwg\Desktop\1\Application\Runtime\Cache\Home\6684dd730d555b80dcc179cd385fcd50.php 第 402 行.
NOTIC: [8] Undefined variable: share C:\Users\lwg\Desktop\1\Application\Runtime\Cache\Home\6684dd730d555b80dcc179cd385fcd50.php 第 403 行.
NOTIC: [8] Undefined variable: jssdk C:\Users\lwg\Desktop\1\Application\Runtime\Cache\Home\6684dd730d555b80dcc179cd385fcd50.php 第 406 行.
NOTIC: [8] Undefined variable: jssdk C:\Users\lwg\Desktop\1\Application\Runtime\Cache\Home\6684dd730d555b80dcc179cd385fcd50.php 第 407 行.
NOTIC: [8] Undefined variable: jssdk C:\Users\lwg\Desktop\1\Application\Runtime\Cache\Home\6684dd730d555b80dcc179cd385fcd50.php 第 408 行.
NOTIC: [8] Undefined variable: jssdk C:\Users\lwg\Desktop\1\Application\Runtime\Cache\Home\6684dd730d555b80dcc179cd385fcd50.php 第 409 行.
NOTIC: [8] Undefined index: thirdcode C:\Users\lwg\Desktop\1\Application\Runtime\Cache\Home\6684dd730d555b80dcc179cd385fcd50.php 第 450 行.
INFO: Run Behavior\ParseTemplateBehavior [ RunTime:0.015849s ]
INFO: [ view_parse ] --END-- [ RunTime:0.015900s ]
INFO: [ view_filter ] --START--
INFO: Run Behavior\WriteHtmlCacheBehavior [ RunTime:0.000897s ]
INFO: [ view_filter ] --END-- [ RunTime:0.000927s ]
INFO: [ app_end ] --START--
INFO: Run Behavior\ShowPageTraceBehavior [ RunTime:0.001104s ]
INFO: [ app_end ] --END-- [ RunTime:0.001139s ]

[ 2019-02-14T04:23:42+08:00 ] 127.0.0.1 /
INFO: [ app_init ] --START--
INFO: Run Behavior\BuildLiteBehavior [ RunTime:0.000018s ]
INFO: [ app_init ] --END-- [ RunTime:0.001055s ]
INFO: [ app_begin ] --START--
INFO: Run Behavior\ReadHtmlCacheBehavior [ RunTime:0.002087s ]
INFO: [ app_begin ] --END-- [ RunTime:0.002287s ]
SQL: SHOW COLUMNS FROM `vv_config` [ RunTime:0.0241s ]
SQL: SELECT * FROM `vv_config`  [ RunTime:0.0005s ]
NOTIC: [8] Undefined index: imei C:\Users\lwg\Desktop\1\Application\Home\Controller\HomeController.class.php 第 32 行.
NOTIC: [8] Undefined index: chapid C:\Users\lwg\Desktop\1\Application\Home\Controller\HomeController.class.php 第 42 行.
NOTIC: [8] unserialize(): Error at offset 75 of 79 bytes C:\Users\lwg\Desktop\1\Application\Home\Controller\HomeController.class.php 第 63 行.
NOTIC: [8] unserialize(): Error at offset 45 of 108 bytes C:\Users\lwg\Desktop\1\Application\Home\Controller\HomeController.class.php 第 63 行.
NOTIC: [8] Undefined index: user_id C:\Users\lwg\Desktop\1\Application\Home\Controller\HomeController.class.php 第 71 行.
SQL: SHOW COLUMNS FROM `vv_user` [ RunTime:0.0238s ]
SQL: SELECT * FROM `vv_user` WHERE `id` = 2 LIMIT 1   [ RunTime:0.0007s ]
NOTIC: [8] Use of undefined constant id - assumed 'id' C:\Users\lwg\Desktop\1\Application\Home\Controller\HomeController.class.php 第 129 行.
SQL: SHOW COLUMNS FROM `vv_data` [ RunTime:0.0145s ]
SQL: SELECT * FROM `vv_data` WHERE ( date=20190213 ) LIMIT 1   [ RunTime:0.0003s ]
NOTIC: [8] Undefined index: isopen C:\Users\lwg\Desktop\1\Application\Home\Controller\HomeController.class.php 第 175 行.
NOTIC: [8] Undefined variable: adsPic C:\Users\lwg\Desktop\1\Application\Home\Controller\HomeController.class.php 第 208 行.
NOTIC: [8] Undefined index: uid C:\Users\lwg\Desktop\1\Application\Home\Controller\HomeController.class.php 第 209 行.
NOTIC: [8] Undefined index: sort C:\Users\lwg\Desktop\1\Application\Home\Controller\MhController.class.php 第 23 行.
SQL: SHOW COLUMNS FROM `vv_mh_list` [ RunTime:0.0115s ]
SQL: SELECT * FROM `vv_mh_list` WHERE `mhcate` LIKE '%5%' ORDER BY sort desc LIMIT 6   [ RunTime:0.0003s ]
NOTIC: [8] Undefined index: sort C:\Users\lwg\Desktop\1\Application\Home\Controller\MhController.class.php 第 23 行.
SQL: SELECT * FROM `vv_mh_list` WHERE `mhcate` LIKE '%6%' ORDER BY sort desc LIMIT 6   [ RunTime:0.0003s ]
NOTIC: [8] Undefined index: sort C:\Users\lwg\Desktop\1\Application\Home\Controller\MhController.class.php 第 23 行.
SQL: SELECT * FROM `vv_mh_list` WHERE `mhcate` LIKE '%7%' ORDER BY sort desc LIMIT 6   [ RunTime:0.0003s ]
NOTIC: [8] Undefined index: sort C:\Users\lwg\Desktop\1\Application\Home\Controller\MhController.class.php 第 23 行.
SQL: SELECT * FROM `vv_mh_list` WHERE `mhcate` LIKE '%8%' ORDER BY sort desc LIMIT 6   [ RunTime:0.0003s ]
NOTIC: [8] Undefined index: sort C:\Users\lwg\Desktop\1\Application\Home\Controller\MhController.class.php 第 23 行.
SQL: SELECT * FROM `vv_mh_list` WHERE `mhcate` LIKE '%9%' ORDER BY sort desc LIMIT 6   [ RunTime:0.0003s ]
NOTIC: [8] Undefined index: sort C:\Users\lwg\Desktop\1\Application\Home\Controller\MhController.class.php 第 23 行.
SQL: SELECT * FROM `vv_mh_list` WHERE `mhcate` LIKE '%10%' ORDER BY sort desc LIMIT 6   [ RunTime:0.0003s ]
NOTIC: [8] Undefined index: sort C:\Users\lwg\Desktop\1\Application\Home\Controller\MhController.class.php 第 23 行.
SQL: SELECT * FROM `vv_mh_list` WHERE `mhcate` LIKE '%11%' ORDER BY sort desc LIMIT 6   [ RunTime:0.0003s ]
NOTIC: [8] Undefined index: sort C:\Users\lwg\Desktop\1\Application\Home\Controller\MhController.class.php 第 23 行.
SQL: SELECT * FROM `vv_mh_list` WHERE `mhcate` LIKE '%12%' ORDER BY sort desc LIMIT 6   [ RunTime:0.0003s ]
SQL: SELECT * FROM `vv_mh_list` WHERE `free_type` = 1 ORDER BY sort desc  [ RunTime:0.0003s ]
NOTIC: [2] Missing argument 2 for Common\Util\ddwechat::setParam(), called in C:\Users\lwg\Desktop\1\Application\Home\Controller\MhController.class.php on line 32 and defined C:\Users\lwg\Desktop\1\Application\Common\Util\ddwechat.class.php 第 39 行.
INFO: [ view_parse ] --START--
INFO: [ template_filter ] --START--
INFO: Run Behavior\ContentReplaceBehavior [ RunTime:0.000096s ]
INFO: [ template_filter ] --END-- [ RunTime:0.000133s ]
NOTIC: [8] Undefined variable: share C:\Users\lwg\Desktop\1\Application\Runtime\Cache\Home\67199abba7efdab949490dffef721944.php 第 203 行.
NOTIC: [8] Undefined variable: share C:\Users\lwg\Desktop\1\Application\Runtime\Cache\Home\67199abba7efdab949490dffef721944.php 第 204 行.
NOTIC: [8] Undefined variable: share C:\Users\lwg\Desktop\1\Application\Runtime\Cache\Home\67199abba7efdab949490dffef721944.php 第 205 行.
NOTIC: [8] Undefined index: thirdcode C:\Users\lwg\Desktop\1\Application\Runtime\Cache\Home\67199abba7efdab949490dffef721944.php 第 252 行.
INFO: Run Behavior\ParseTemplateBehavior [ RunTime:0.038261s ]
INFO: [ view_parse ] --END-- [ RunTime:0.038330s ]
INFO: [ view_filter ] --START--
INFO: Run Behavior\WriteHtmlCacheBehavior [ RunTime:0.001360s ]
INFO: [ view_filter ] --END-- [ RunTime:0.001389s ]
INFO: [ app_end ] --START--
INFO: Run Behavior\ShowPageTraceBehavior [ RunTime:0.002196s ]
INFO: [ app_end ] --END-- [ RunTime:0.002245s ]

[ 2019-02-14T04:24:05+08:00 ] 127.0.0.1 /index.php?m=&c=Book&a=index
INFO: [ app_init ] --START--
INFO: Run Behavior\BuildLiteBehavior [ RunTime:0.000013s ]
INFO: [ app_init ] --END-- [ RunTime:0.000509s ]
INFO: [ app_begin ] --START--
INFO: Run Behavior\ReadHtmlCacheBehavior [ RunTime:0.001172s ]
INFO: [ app_begin ] --END-- [ RunTime:0.001222s ]
SQL: SHOW COLUMNS FROM `vv_config` [ RunTime:0.0276s ]
SQL: SELECT * FROM `vv_config`  [ RunTime:0.0010s ]
NOTIC: [8] Undefined index: imei C:\Users\lwg\Desktop\1\Application\Home\Controller\HomeController.class.php 第 32 行.
NOTIC: [8] Undefined index: chapid C:\Users\lwg\Desktop\1\Application\Home\Controller\HomeController.class.php 第 42 行.
NOTIC: [8] unserialize(): Error at offset 75 of 79 bytes C:\Users\lwg\Desktop\1\Application\Home\Controller\HomeController.class.php 第 63 行.
NOTIC: [8] unserialize(): Error at offset 45 of 108 bytes C:\Users\lwg\Desktop\1\Application\Home\Controller\HomeController.class.php 第 63 行.
NOTIC: [8] Undefined index: user_id C:\Users\lwg\Desktop\1\Application\Home\Controller\HomeController.class.php 第 71 行.
SQL: SHOW COLUMNS FROM `vv_user` [ RunTime:0.0287s ]
SQL: SELECT * FROM `vv_user` WHERE `id` = 2 LIMIT 1   [ RunTime:0.0005s ]
NOTIC: [8] Use of undefined constant id - assumed 'id' C:\Users\lwg\Desktop\1\Application\Home\Controller\HomeController.class.php 第 129 行.
SQL: SHOW COLUMNS FROM `vv_data` [ RunTime:0.0133s ]
SQL: SELECT * FROM `vv_data` WHERE ( date=20190213 ) LIMIT 1   [ RunTime:0.0003s ]
NOTIC: [8] Undefined index: isopen C:\Users\lwg\Desktop\1\Application\Home\Controller\HomeController.class.php 第 175 行.
NOTIC: [8] Undefined variable: adsPic C:\Users\lwg\Desktop\1\Application\Home\Controller\HomeController.class.php 第 208 行.
NOTIC: [8] Undefined index: uid C:\Users\lwg\Desktop\1\Application\Home\Controller\HomeController.class.php 第 209 行.
SQL: SHOW COLUMNS FROM `vv_book` [ RunTime:0.0134s ]
SQL: SELECT * FROM `vv_book` WHERE `bookcate` LIKE '%5%' ORDER BY sort desc LIMIT 6   [ RunTime:0.0002s ]
SQL: SELECT * FROM `vv_book` WHERE `bookcate` LIKE '%6%' ORDER BY sort desc LIMIT 6   [ RunTime:0.0002s ]
SQL: SELECT * FROM `vv_book` WHERE `bookcate` LIKE '%7%' ORDER BY sort desc LIMIT 6   [ RunTime:0.0002s ]
SQL: SELECT * FROM `vv_book` WHERE `bookcate` LIKE '%8%' ORDER BY sort desc LIMIT 6   [ RunTime:0.0002s ]
SQL: SELECT * FROM `vv_book` WHERE `bookcate` LIKE '%9%' ORDER BY sort desc LIMIT 6   [ RunTime:0.0002s ]
SQL: SELECT * FROM `vv_book` WHERE `bookcate` LIKE '%10%' ORDER BY sort desc LIMIT 6   [ RunTime:0.0002s ]
SQL: SELECT * FROM `vv_book` WHERE `free_type` = 1 ORDER BY sort desc  [ RunTime:0.0002s ]
NOTIC: [2] Missing argument 2 for Common\Util\ddwechat::setParam(), called in C:\Users\lwg\Desktop\1\Application\Home\Controller\BookController.class.php on line 29 and defined C:\Users\lwg\Desktop\1\Application\Common\Util\ddwechat.class.php 第 39 行.
INFO: [ view_parse ] --START--
INFO: [ template_filter ] --START--
INFO: Run Behavior\ContentReplaceBehavior [ RunTime:0.000179s ]
INFO: [ template_filter ] --END-- [ RunTime:0.000252s ]
NOTIC: [8] Undefined variable: share C:\Users\lwg\Desktop\1\Application\Runtime\Cache\Home\88fd1496475deb2aa861d336784d55ed.php 第 195 行.
NOTIC: [8] Undefined index: thirdcode C:\Users\lwg\Desktop\1\Application\Runtime\Cache\Home\88fd1496475deb2aa861d336784d55ed.php 第 251 行.
INFO: Run Behavior\ParseTemplateBehavior [ RunTime:0.048187s ]
INFO: [ view_parse ] --END-- [ RunTime:0.048297s ]
INFO: [ view_filter ] --START--
INFO: Run Behavior\WriteHtmlCacheBehavior [ RunTime:0.001735s ]
INFO: [ view_filter ] --END-- [ RunTime:0.001790s ]
INFO: [ app_end ] --START--
INFO: Run Behavior\ShowPageTraceBehavior [ RunTime:0.003493s ]
INFO: [ app_end ] --END-- [ RunTime:0.003567s ]

[ 2019-02-14T04:24:16+08:00 ] 127.0.0.1 /index.php?m=&c=Yook&a=index
INFO: [ app_init ] --START--
INFO: Run Behavior\BuildLiteBehavior [ RunTime:0.000012s ]
INFO: [ app_init ] --END-- [ RunTime:0.000532s ]
INFO: [ app_begin ] --START--
INFO: Run Behavior\ReadHtmlCacheBehavior [ RunTime:0.001339s ]
INFO: [ app_begin ] --END-- [ RunTime:0.001429s ]
SQL: SHOW COLUMNS FROM `vv_config` [ RunTime:0.0081s ]
SQL: SELECT * FROM `vv_config`  [ RunTime:0.0003s ]
NOTIC: [8] Undefined index: imei C:\Users\lwg\Desktop\1\Application\Home\Controller\HomeController.class.php 第 32 行.
NOTIC: [8] Undefined index: chapid C:\Users\lwg\Desktop\1\Application\Home\Controller\HomeController.class.php 第 42 行.
NOTIC: [8] unserialize(): Error at offset 75 of 79 bytes C:\Users\lwg\Desktop\1\Application\Home\Controller\HomeController.class.php 第 63 行.
NOTIC: [8] unserialize(): Error at offset 45 of 108 bytes C:\Users\lwg\Desktop\1\Application\Home\Controller\HomeController.class.php 第 63 行.
NOTIC: [8] Undefined index: user_id C:\Users\lwg\Desktop\1\Application\Home\Controller\HomeController.class.php 第 71 行.
SQL: SHOW COLUMNS FROM `vv_user` [ RunTime:0.0073s ]
SQL: SELECT * FROM `vv_user` WHERE `id` = 2 LIMIT 1   [ RunTime:0.0004s ]
NOTIC: [8] Use of undefined constant id - assumed 'id' C:\Users\lwg\Desktop\1\Application\Home\Controller\HomeController.class.php 第 129 行.
SQL: SHOW COLUMNS FROM `vv_data` [ RunTime:0.0067s ]
SQL: SELECT * FROM `vv_data` WHERE ( date=20190213 ) LIMIT 1   [ RunTime:0.0002s ]
NOTIC: [8] Undefined index: isopen C:\Users\lwg\Desktop\1\Application\Home\Controller\HomeController.class.php 第 175 行.
NOTIC: [8] Undefined variable: adsPic C:\Users\lwg\Desktop\1\Application\Home\Controller\HomeController.class.php 第 208 行.
NOTIC: [8] Undefined index: uid C:\Users\lwg\Desktop\1\Application\Home\Controller\HomeController.class.php 第 209 行.
SQL: SHOW COLUMNS FROM `vv_yook` [ RunTime:0.0078s ]
SQL: SELECT * FROM `vv_yook` WHERE `bookcate` LIKE '%5%' ORDER BY sort desc LIMIT 6   [ RunTime:0.0003s ]
SQL: SELECT * FROM `vv_yook` WHERE `bookcate` LIKE '%6%' ORDER BY sort desc LIMIT 6   [ RunTime:0.0002s ]
SQL: SELECT * FROM `vv_yook` WHERE `bookcate` LIKE '%7%' ORDER BY sort desc LIMIT 6   [ RunTime:0.0002s ]
SQL: SELECT * FROM `vv_yook` WHERE `bookcate` LIKE '%8%' ORDER BY sort desc LIMIT 6   [ RunTime:0.0002s ]
SQL: SELECT * FROM `vv_yook` WHERE `free_type` = 1 ORDER BY sort desc  [ RunTime:0.0002s ]
NOTIC: [2] Missing argument 2 for Common\Util\ddwechat::setParam(), called in C:\Users\lwg\Desktop\1\Application\Home\Controller\YookController.class.php on line 29 and defined C:\Users\lwg\Desktop\1\Application\Common\Util\ddwechat.class.php 第 39 行.
INFO: [ view_parse ] --START--
INFO: [ template_filter ] --START--
INFO: Run Behavior\ContentReplaceBehavior [ RunTime:0.000125s ]
INFO: [ template_filter ] --END-- [ RunTime:0.000180s ]
NOTIC: [8] Undefined index: logo C:\Users\lwg\Desktop\1\Application\Runtime\Cache\Home\ce3aa55655c345a738b90d9ecce23c97.php 第 196 行.
NOTIC: [8] Undefined index: thirdcode C:\Users\lwg\Desktop\1\Application\Runtime\Cache\Home\ce3aa55655c345a738b90d9ecce23c97.php 第 252 行.
INFO: Run Behavior\ParseTemplateBehavior [ RunTime:0.021609s ]
INFO: [ view_parse ] --END-- [ RunTime:0.021673s ]
INFO: [ view_filter ] --START--
INFO: Run Behavior\WriteHtmlCacheBehavior [ RunTime:0.000837s ]
INFO: [ view_filter ] --END-- [ RunTime:0.000864s ]
INFO: [ app_end ] --START--
INFO: Run Behavior\ShowPageTraceBehavior [ RunTime:0.001138s ]
INFO: [ app_end ] --END-- [ RunTime:0.001186s ]

[ 2019-02-14T04:24:24+08:00 ] 127.0.0.1 /index.php?m=&c=Mh&a=my
INFO: [ app_init ] --START--
INFO: Run Behavior\BuildLiteBehavior [ RunTime:0.000013s ]
INFO: [ app_init ] --END-- [ RunTime:0.000523s ]
INFO: [ app_begin ] --START--
INFO: Run Behavior\ReadHtmlCacheBehavior [ RunTime:0.001561s ]
INFO: [ app_begin ] --END-- [ RunTime:0.001658s ]
SQL: SHOW COLUMNS FROM `vv_config` [ RunTime:0.0275s ]
SQL: SELECT * FROM `vv_config`  [ RunTime:0.0009s ]
NOTIC: [8] Undefined index: imei C:\Users\lwg\Desktop\1\Application\Home\Controller\HomeController.class.php 第 32 行.
NOTIC: [8] Undefined index: chapid C:\Users\lwg\Desktop\1\Application\Home\Controller\HomeController.class.php 第 42 行.
NOTIC: [8] unserialize(): Error at offset 75 of 79 bytes C:\Users\lwg\Desktop\1\Application\Home\Controller\HomeController.class.php 第 63 行.
NOTIC: [8] unserialize(): Error at offset 45 of 108 bytes C:\Users\lwg\Desktop\1\Application\Home\Controller\HomeController.class.php 第 63 行.
NOTIC: [8] Undefined index: user_id C:\Users\lwg\Desktop\1\Application\Home\Controller\HomeController.class.php 第 71 行.
SQL: SHOW COLUMNS FROM `vv_user` [ RunTime:0.0309s ]
SQL: SELECT * FROM `vv_user` WHERE `id` = 2 LIMIT 1   [ RunTime:0.0010s ]
NOTIC: [8] Use of undefined constant id - assumed 'id' C:\Users\lwg\Desktop\1\Application\Home\Controller\HomeController.class.php 第 129 行.
SQL: SHOW COLUMNS FROM `vv_data` [ RunTime:0.0206s ]
SQL: SELECT * FROM `vv_data` WHERE ( date=20190213 ) LIMIT 1   [ RunTime:0.0004s ]
NOTIC: [8] Undefined index: isopen C:\Users\lwg\Desktop\1\Application\Home\Controller\HomeController.class.php 第 175 行.
NOTIC: [8] Undefined variable: adsPic C:\Users\lwg\Desktop\1\Application\Home\Controller\HomeController.class.php 第 208 行.
NOTIC: [8] Undefined index: uid C:\Users\lwg\Desktop\1\Application\Home\Controller\HomeController.class.php 第 209 行.
SQL: SELECT * FROM `vv_user` WHERE `id` = 2 LIMIT 1   [ RunTime:0.0005s ]
SQL: SHOW COLUMNS FROM `vv_sign` [ RunTime:0.0168s ]
SQL: SELECT * FROM `vv_sign` WHERE `date` = '20190214' AND `user_id` = 2 LIMIT 1   [ RunTime:0.0003s ]
INFO: [ view_parse ] --START--
INFO: [ template_filter ] --START--
INFO: Run Behavior\ContentReplaceBehavior [ RunTime:0.000298s ]
INFO: [ template_filter ] --END-- [ RunTime:0.000383s ]
NOTIC: [8] Undefined index: gonggao C:\Users\lwg\Desktop\1\Application\Runtime\Cache\Home\6684dd730d555b80dcc179cd385fcd50.php 第 97 行.
NOTIC: [8] Undefined index: vip_level C:\Users\lwg\Desktop\1\Application\Runtime\Cache\Home\6684dd730d555b80dcc179cd385fcd50.php 第 107 行.
NOTIC: [8] Undefined variable: share C:\Users\lwg\Desktop\1\Application\Runtime\Cache\Home\6684dd730d555b80dcc179cd385fcd50.php 第 401 行.
NOTIC: [8] Undefined variable: share C:\Users\lwg\Desktop\1\Application\Runtime\Cache\Home\6684dd730d555b80dcc179cd385fcd50.php 第 402 行.
NOTIC: [8] Undefined variable: share C:\Users\lwg\Desktop\1\Application\Runtime\Cache\Home\6684dd730d555b80dcc179cd385fcd50.php 第 403 行.
NOTIC: [8] Undefined variable: jssdk C:\Users\lwg\Desktop\1\Application\Runtime\Cache\Home\6684dd730d555b80dcc179cd385fcd50.php 第 406 行.
NOTIC: [8] Undefined variable: jssdk C:\Users\lwg\Desktop\1\Application\Runtime\Cache\Home\6684dd730d555b80dcc179cd385fcd50.php 第 407 行.
NOTIC: [8] Undefined variable: jssdk C:\Users\lwg\Desktop\1\Application\Runtime\Cache\Home\6684dd730d555b80dcc179cd385fcd50.php 第 408 行.
NOTIC: [8] Undefined variable: jssdk C:\Users\lwg\Desktop\1\Application\Runtime\Cache\Home\6684dd730d555b80dcc179cd385fcd50.php 第 409 行.
NOTIC: [8] Undefined index: thirdcode C:\Users\lwg\Desktop\1\Application\Runtime\Cache\Home\6684dd730d555b80dcc179cd385fcd50.php 第 450 行.
INFO: Run Behavior\ParseTemplateBehavior [ RunTime:0.028941s ]
INFO: [ view_parse ] --END-- [ RunTime:0.029002s ]
INFO: [ view_filter ] --START--
INFO: Run Behavior\WriteHtmlCacheBehavior [ RunTime:0.000956s ]
INFO: [ view_filter ] --END-- [ RunTime:0.000987s ]
INFO: [ app_end ] --START--
INFO: Run Behavior\ShowPageTraceBehavior [ RunTime:0.001420s ]
INFO: [ app_end ] --END-- [ RunTime:0.001472s ]

[ 2019-02-14T04:24:26+08:00 ] 127.0.0.1 /index.php?m=&c=Mh&a=my&p_reload=1&reload_time=1550089465171
INFO: [ app_init ] --START--
INFO: Run Behavior\BuildLiteBehavior [ RunTime:0.000019s ]
INFO: [ app_init ] --END-- [ RunTime:0.000991s ]
INFO: [ app_begin ] --START--
INFO: Run Behavior\ReadHtmlCacheBehavior [ RunTime:0.001241s ]
INFO: [ app_begin ] --END-- [ RunTime:0.001290s ]
SQL: SHOW COLUMNS FROM `vv_config` [ RunTime:0.0076s ]
SQL: SELECT * FROM `vv_config`  [ RunTime:0.0003s ]
NOTIC: [8] Undefined index: imei C:\Users\lwg\Desktop\1\Application\Home\Controller\HomeController.class.php 第 32 行.
NOTIC: [8] Undefined index: chapid C:\Users\lwg\Desktop\1\Application\Home\Controller\HomeController.class.php 第 42 行.
NOTIC: [8] unserialize(): Error at offset 75 of 79 bytes C:\Users\lwg\Desktop\1\Application\Home\Controller\HomeController.class.php 第 63 行.
NOTIC: [8] unserialize(): Error at offset 45 of 108 bytes C:\Users\lwg\Desktop\1\Application\Home\Controller\HomeController.class.php 第 63 行.
NOTIC: [8] Undefined index: user_id C:\Users\lwg\Desktop\1\Application\Home\Controller\HomeController.class.php 第 71 行.
SQL: SHOW COLUMNS FROM `vv_user` [ RunTime:0.0087s ]
SQL: SELECT * FROM `vv_user` WHERE `id` = 2 LIMIT 1   [ RunTime:0.0004s ]
NOTIC: [8] Use of undefined constant id - assumed 'id' C:\Users\lwg\Desktop\1\Application\Home\Controller\HomeController.class.php 第 129 行.
SQL: SHOW COLUMNS FROM `vv_data` [ RunTime:0.0078s ]
SQL: SELECT * FROM `vv_data` WHERE ( date=20190213 ) LIMIT 1   [ RunTime:0.0003s ]
NOTIC: [8] Undefined index: isopen C:\Users\lwg\Desktop\1\Application\Home\Controller\HomeController.class.php 第 175 行.
NOTIC: [8] Undefined variable: adsPic C:\Users\lwg\Desktop\1\Application\Home\Controller\HomeController.class.php 第 208 行.
NOTIC: [8] Undefined index: uid C:\Users\lwg\Desktop\1\Application\Home\Controller\HomeController.class.php 第 209 行.
SQL: SELECT * FROM `vv_user` WHERE `id` = 2 LIMIT 1   [ RunTime:0.0003s ]
SQL: SHOW COLUMNS FROM `vv_sign` [ RunTime:0.0077s ]
SQL: SELECT * FROM `vv_sign` WHERE `date` = '20190214' AND `user_id` = 2 LIMIT 1   [ RunTime:0.0002s ]
INFO: [ view_parse ] --START--
INFO: [ template_filter ] --START--
INFO: Run Behavior\ContentReplaceBehavior [ RunTime:0.000123s ]
INFO: [ template_filter ] --END-- [ RunTime:0.000162s ]
NOTIC: [8] Undefined index: gonggao C:\Users\lwg\Desktop\1\Application\Runtime\Cache\Home\6684dd730d555b80dcc179cd385fcd50.php 第 97 行.
NOTIC: [8] Undefined index: vip_level C:\Users\lwg\Desktop\1\Application\Runtime\Cache\Home\6684dd730d555b80dcc179cd385fcd50.php 第 107 行.
NOTIC: [8] Undefined variable: share C:\Users\lwg\Desktop\1\Application\Runtime\Cache\Home\6684dd730d555b80dcc179cd385fcd50.php 第 401 行.
NOTIC: [8] Undefined variable: share C:\Users\lwg\Desktop\1\Application\Runtime\Cache\Home\6684dd730d555b80dcc179cd385fcd50.php 第 402 行.
NOTIC: [8] Undefined variable: share C:\Users\lwg\Desktop\1\Application\Runtime\Cache\Home\6684dd730d555b80dcc179cd385fcd50.php 第 403 行.
NOTIC: [8] Undefined variable: jssdk C:\Users\lwg\Desktop\1\Application\Runtime\Cache\Home\6684dd730d555b80dcc179cd385fcd50.php 第 406 行.
NOTIC: [8] Undefined variable: jssdk C:\Users\lwg\Desktop\1\Application\Runtime\Cache\Home\6684dd730d555b80dcc179cd385fcd50.php 第 407 行.
NOTIC: [8] Undefined variable: jssdk C:\Users\lwg\Desktop\1\Application\Runtime\Cache\Home\6684dd730d555b80dcc179cd385fcd50.php 第 408 行.
NOTIC: [8] Undefined variable: jssdk C:\Users\lwg\Desktop\1\Application\Runtime\Cache\Home\6684dd730d555b80dcc179cd385fcd50.php 第 409 行.
NOTIC: [8] Undefined index: thirdcode C:\Users\lwg\Desktop\1\Application\Runtime\Cache\Home\6684dd730d555b80dcc179cd385fcd50.php 第 450 行.
INFO: Run Behavior\ParseTemplateBehavior [ RunTime:0.013406s ]
INFO: [ view_parse ] --END-- [ RunTime:0.013446s ]
INFO: [ view_filter ] --START--
INFO: Run Behavior\WriteHtmlCacheBehavior [ RunTime:0.001012s ]
INFO: [ view_filter ] --END-- [ RunTime:0.001047s ]
INFO: [ app_end ] --START--
INFO: Run Behavior\ShowPageTraceBehavior [ RunTime:0.001155s ]
INFO: [ app_end ] --END-- [ RunTime:0.001204s ]

