[ 2019-07-04T11:52:34+08:00 ] 122.247.249.63 /
INFO: [ app_init ] --START--
INFO: Run Behavior\BuildLiteBehavior [ RunTime:0.000008s ]
INFO: [ app_init ] --END-- [ RunTime:0.000189s ]
INFO: [ app_begin ] --START--
INFO: Run Behavior\ReadHtmlCacheBehavior [ RunTime:0.000261s ]
INFO: [ app_begin ] --END-- [ RunTime:0.000286s ]
SQL: SHOW COLUMNS FROM `vv_config` [ RunTime:0.0004s ]
SQL: SELECT * FROM `vv_config`  [ RunTime:0.0001s ]
NOTIC: [8] Undefined index: imei /www/wwwroot/book.88guoji.cn/Application/Home/Controller/HomeController.class.php 第 32 行.
NOTIC: [8] Undefined index: chapid /www/wwwroot/book.88guoji.cn/Application/Home/Controller/HomeController.class.php 第 42 行.
NOTIC: [8] unserialize(): Error at offset 75 of 79 bytes /www/wwwroot/book.88guoji.cn/Application/Home/Controller/HomeController.class.php 第 63 行.
NOTIC: [8] unserialize(): Error at offset 45 of 108 bytes /www/wwwroot/book.88guoji.cn/Application/Home/Controller/HomeController.class.php 第 63 行.
NOTIC: [8] Undefined index: user_id /www/wwwroot/book.88guoji.cn/Application/Home/Controller/HomeController.class.php 第 71 行.
NOTIC: [2] curl_setopt(): CURLOPT_FOLLOWLOCATION cannot be activated when an open_basedir is set /www/wwwroot/book.88guoji.cn/Application/Common/Util/ddhttp.class.php 第 63 行.
NOTIC: [8] Undefined index: parent /www/wwwroot/book.88guoji.cn/Application/Home/Controller/HomeController.class.php 第 132 行.
NOTIC: [8] Undefined index: uloginid /www/wwwroot/book.88guoji.cn/Application/Home/Controller/HomeController.class.php 第 141 行.
NOTIC: [8] Undefined index: zidongzhuce /www/wwwroot/book.88guoji.cn/Application/Home/Controller/HomeController.class.php 第 149 行.
SQL: SHOW COLUMNS FROM `vv_data` [ RunTime:0.0005s ]
SQL: SELECT * FROM `vv_data` WHERE ( date=20190703 ) LIMIT 1   [ RunTime:0.0002s ]
SQL: SHOW COLUMNS FROM `vv_order` [ RunTime:0.0004s ]
SQL: SELECT COUNT(*) AS tp_count FROM `vv_order` WHERE `create_time` BETWEEN 1562083200 AND 1562169600 LIMIT 1   [ RunTime:0.0001s ]
SQL: SELECT SUM(money) AS tp_sum FROM `vv_order` WHERE `create_time` BETWEEN 1562083200 AND 1562169600 LIMIT 1   [ RunTime:0.0001s ]
SQL: SHOW COLUMNS FROM `vv_user` [ RunTime:0.0004s ]
SQL: SELECT COUNT(*) AS tp_count FROM `vv_user` WHERE ( sub_time between 1562083200 and 1562169600 ) LIMIT 1   [ RunTime:0.0005s ]
SQL: INSERT INTO `vv_data` (`orders`,`total`,`subs`,`date`) VALUES ('0','0','0','20190703') [ RunTime:0.0001s ]
NOTIC: [8] Undefined index: isopen /www/wwwroot/book.88guoji.cn/Application/Home/Controller/HomeController.class.php 第 175 行.
NOTIC: [8] Undefined variable: adsPic /www/wwwroot/book.88guoji.cn/Application/Home/Controller/HomeController.class.php 第 208 行.
NOTIC: [8] Undefined index: uid /www/wwwroot/book.88guoji.cn/Application/Home/Controller/HomeController.class.php 第 209 行.
NOTIC: [8] Undefined index: sort /www/wwwroot/book.88guoji.cn/Application/Home/Controller/MhController.class.php 第 22 行.
SQL: SHOW COLUMNS FROM `vv_mh_list` [ RunTime:0.0004s ]
SQL: SELECT * FROM `vv_mh_list` WHERE `mhcate` LIKE '%5%' ORDER BY sort desc LIMIT 6   [ RunTime:0.0001s ]
NOTIC: [8] Undefined index: sort /www/wwwroot/book.88guoji.cn/Application/Home/Controller/MhController.class.php 第 22 行.
SQL: SELECT * FROM `vv_mh_list` WHERE `mhcate` LIKE '%6%' ORDER BY sort desc LIMIT 6   [ RunTime:0.0000s ]
NOTIC: [8] Undefined index: sort /www/wwwroot/book.88guoji.cn/Application/Home/Controller/MhController.class.php 第 22 行.
SQL: SELECT * FROM `vv_mh_list` WHERE `mhcate` LIKE '%7%' ORDER BY sort desc LIMIT 6   [ RunTime:0.0000s ]
NOTIC: [8] Undefined index: sort /www/wwwroot/book.88guoji.cn/Application/Home/Controller/MhController.class.php 第 22 行.
SQL: SELECT * FROM `vv_mh_list` WHERE `mhcate` LIKE '%8%' ORDER BY sort desc LIMIT 6   [ RunTime:0.0000s ]
NOTIC: [8] Undefined index: sort /www/wwwroot/book.88guoji.cn/Application/Home/Controller/MhController.class.php 第 22 行.
SQL: SELECT * FROM `vv_mh_list` WHERE `mhcate` LIKE '%9%' ORDER BY sort desc LIMIT 6   [ RunTime:0.0001s ]
SQL: SELECT * FROM `vv_mh_list` WHERE `free_type` = 1 ORDER BY sort desc  [ RunTime:0.0000s ]
NOTIC: [2] Missing argument 2 for Common\Util\ddwechat::setParam(), called in /www/wwwroot/book.88guoji.cn/Application/Home/Controller/MhController.class.php on line 31 and defined /www/wwwroot/book.88guoji.cn/Application/Common/Util/ddwechat.class.php 第 39 行.
NOTIC: [2] curl_setopt(): CURLOPT_FOLLOWLOCATION cannot be activated when an open_basedir is set /www/wwwroot/book.88guoji.cn/Application/Common/Util/ddhttp.class.php 第 63 行.
NOTIC: [2] curl_setopt(): CURLOPT_FOLLOWLOCATION cannot be activated when an open_basedir is set /www/wwwroot/book.88guoji.cn/Application/Common/Util/ddhttp.class.php 第 63 行.
INFO: [ view_parse ] --START--
INFO: [ template_filter ] --START--
INFO: Run Behavior\ContentReplaceBehavior [ RunTime:0.000059s ]
INFO: [ template_filter ] --END-- [ RunTime:0.000094s ]
NOTIC: [8] Undefined variable: share /www/wwwroot/book.88guoji.cn/Application/Runtime/Cache/Home/67199abba7efdab949490dffef721944.php 第 209 行.
NOTIC: [8] Undefined variable: share /www/wwwroot/book.88guoji.cn/Application/Runtime/Cache/Home/67199abba7efdab949490dffef721944.php 第 210 行.
NOTIC: [8] Undefined variable: share /www/wwwroot/book.88guoji.cn/Application/Runtime/Cache/Home/67199abba7efdab949490dffef721944.php 第 211 行.
NOTIC: [8] Undefined index: thirdcode /www/wwwroot/book.88guoji.cn/Application/Runtime/Cache/Home/67199abba7efdab949490dffef721944.php 第 258 行.
INFO: Run Behavior\ParseTemplateBehavior [ RunTime:0.008505s ]
INFO: [ view_parse ] --END-- [ RunTime:0.008541s ]
INFO: [ view_filter ] --START--
INFO: Run Behavior\WriteHtmlCacheBehavior [ RunTime:0.000164s ]
INFO: [ view_filter ] --END-- [ RunTime:0.000184s ]
INFO: [ app_end ] --START--
INFO: Run Behavior\ShowPageTraceBehavior [ RunTime:0.000298s ]
INFO: [ app_end ] --END-- [ RunTime:0.000318s ]

[ 2019-07-04T11:52:44+08:00 ] 122.247.249.63 /index.php?m=&c=Mh&a=bookinfo&mhid=6
INFO: [ app_init ] --START--
INFO: Run Behavior\BuildLiteBehavior [ RunTime:0.000009s ]
INFO: [ app_init ] --END-- [ RunTime:0.000196s ]
INFO: [ app_begin ] --START--
INFO: Run Behavior\ReadHtmlCacheBehavior [ RunTime:0.000278s ]
INFO: [ app_begin ] --END-- [ RunTime:0.000305s ]
SQL: SHOW COLUMNS FROM `vv_config` [ RunTime:0.0004s ]
SQL: SELECT * FROM `vv_config`  [ RunTime:0.0001s ]
NOTIC: [8] Undefined index: imei /www/wwwroot/book.88guoji.cn/Application/Home/Controller/HomeController.class.php 第 32 行.
NOTIC: [8] Undefined index: chapid /www/wwwroot/book.88guoji.cn/Application/Home/Controller/HomeController.class.php 第 42 行.
NOTIC: [8] unserialize(): Error at offset 75 of 79 bytes /www/wwwroot/book.88guoji.cn/Application/Home/Controller/HomeController.class.php 第 63 行.
NOTIC: [8] unserialize(): Error at offset 45 of 108 bytes /www/wwwroot/book.88guoji.cn/Application/Home/Controller/HomeController.class.php 第 63 行.
NOTIC: [8] Undefined index: user_id /www/wwwroot/book.88guoji.cn/Application/Home/Controller/HomeController.class.php 第 71 行.
NOTIC: [2] curl_setopt(): CURLOPT_FOLLOWLOCATION cannot be activated when an open_basedir is set /www/wwwroot/book.88guoji.cn/Application/Common/Util/ddhttp.class.php 第 63 行.
NOTIC: [8] Undefined index: parent /www/wwwroot/book.88guoji.cn/Application/Home/Controller/HomeController.class.php 第 132 行.
NOTIC: [8] Undefined index: uloginid /www/wwwroot/book.88guoji.cn/Application/Home/Controller/HomeController.class.php 第 141 行.
NOTIC: [8] Undefined index: zidongzhuce /www/wwwroot/book.88guoji.cn/Application/Home/Controller/HomeController.class.php 第 149 行.
NOTIC: [8] Undefined index: parent /www/wwwroot/book.88guoji.cn/Application/Home/Controller/HomeController.class.php 第 169 行.

[ 2019-07-04T11:52:44+08:00 ] 122.247.249.63 /index.php?m=&c=MhPublic&a=binding&fr=aHR0cDovLzE1Mi4xMzYuMTc5LjE3MC9pbmRleC5waHA%2FbT0mYz1NaCZhPWJvb2tpbmZvJm1oaWQ9Ng%3D%3D
INFO: [ app_init ] --START--
INFO: Run Behavior\BuildLiteBehavior [ RunTime:0.000009s ]
INFO: [ app_init ] --END-- [ RunTime:0.000190s ]
INFO: [ app_begin ] --START--
INFO: Run Behavior\ReadHtmlCacheBehavior [ RunTime:0.000262s ]
INFO: [ app_begin ] --END-- [ RunTime:0.000287s ]
SQL: SHOW COLUMNS FROM `vv_config` [ RunTime:0.0004s ]
SQL: SELECT * FROM `vv_config`  [ RunTime:0.0001s ]
NOTIC: [8] unserialize(): Error at offset 75 of 79 bytes /www/wwwroot/book.88guoji.cn/Application/Home/Controller/MhHomeController.class.php 第 13 行.
NOTIC: [8] unserialize(): Error at offset 45 of 108 bytes /www/wwwroot/book.88guoji.cn/Application/Home/Controller/MhHomeController.class.php 第 13 行.
NOTIC: [8] Undefined index: user_id /www/wwwroot/book.88guoji.cn/Application/Home/Controller/MhHomeController.class.php 第 21 行.
NOTIC: [2] Missing argument 2 for Common\Util\ddwechat::setParam(), called in /www/wwwroot/book.88guoji.cn/Application/Home/Controller/MhHomeController.class.php on line 64 and defined /www/wwwroot/book.88guoji.cn/Application/Common/Util/ddwechat.class.php 第 39 行.
NOTIC: [2] curl_setopt(): CURLOPT_FOLLOWLOCATION cannot be activated when an open_basedir is set /www/wwwroot/book.88guoji.cn/Application/Common/Util/ddhttp.class.php 第 63 行.
NOTIC: [2] curl_setopt(): CURLOPT_FOLLOWLOCATION cannot be activated when an open_basedir is set /www/wwwroot/book.88guoji.cn/Application/Common/Util/ddhttp.class.php 第 63 行.
INFO: [ view_parse ] --START--
INFO: [ template_filter ] --START--
INFO: Run Behavior\ContentReplaceBehavior [ RunTime:0.000032s ]
INFO: [ template_filter ] --END-- [ RunTime:0.000064s ]
INFO: Run Behavior\ParseTemplateBehavior [ RunTime:0.003556s ]
INFO: [ view_parse ] --END-- [ RunTime:0.003590s ]
INFO: [ view_filter ] --START--
INFO: Run Behavior\WriteHtmlCacheBehavior [ RunTime:0.000138s ]
INFO: [ view_filter ] --END-- [ RunTime:0.000154s ]
INFO: [ app_end ] --START--
INFO: Run Behavior\ShowPageTraceBehavior [ RunTime:0.000282s ]
INFO: [ app_end ] --END-- [ RunTime:0.000300s ]

[ 2019-07-04T11:52:58+08:00 ] 122.247.249.63 /?m=&c=Mh&a=book_hot
INFO: [ app_init ] --START--
INFO: Run Behavior\BuildLiteBehavior [ RunTime:0.000029s ]
INFO: [ app_init ] --END-- [ RunTime:0.000209s ]
INFO: [ app_begin ] --START--
INFO: Run Behavior\ReadHtmlCacheBehavior [ RunTime:0.000286s ]
INFO: [ app_begin ] --END-- [ RunTime:0.000312s ]
SQL: SHOW COLUMNS FROM `vv_config` [ RunTime:0.0004s ]
SQL: SELECT * FROM `vv_config`  [ RunTime:0.0001s ]
NOTIC: [8] Undefined index: imei /www/wwwroot/book.88guoji.cn/Application/Home/Controller/HomeController.class.php 第 32 行.
NOTIC: [8] Undefined index: chapid /www/wwwroot/book.88guoji.cn/Application/Home/Controller/HomeController.class.php 第 42 行.
NOTIC: [8] unserialize(): Error at offset 75 of 79 bytes /www/wwwroot/book.88guoji.cn/Application/Home/Controller/HomeController.class.php 第 63 行.
NOTIC: [8] unserialize(): Error at offset 45 of 108 bytes /www/wwwroot/book.88guoji.cn/Application/Home/Controller/HomeController.class.php 第 63 行.
NOTIC: [8] Undefined index: user_id /www/wwwroot/book.88guoji.cn/Application/Home/Controller/HomeController.class.php 第 71 行.
NOTIC: [2] curl_setopt(): CURLOPT_FOLLOWLOCATION cannot be activated when an open_basedir is set /www/wwwroot/book.88guoji.cn/Application/Common/Util/ddhttp.class.php 第 63 行.
NOTIC: [8] Undefined index: parent /www/wwwroot/book.88guoji.cn/Application/Home/Controller/HomeController.class.php 第 132 行.
NOTIC: [8] Undefined index: uloginid /www/wwwroot/book.88guoji.cn/Application/Home/Controller/HomeController.class.php 第 141 行.
NOTIC: [8] Undefined index: zidongzhuce /www/wwwroot/book.88guoji.cn/Application/Home/Controller/HomeController.class.php 第 149 行.
NOTIC: [8] Undefined index: parent /www/wwwroot/book.88guoji.cn/Application/Home/Controller/HomeController.class.php 第 169 行.

[ 2019-07-04T11:52:59+08:00 ] 122.247.249.63 /index.php?m=&c=MhPublic&a=binding&fr=aHR0cDovLzE1Mi4xMzYuMTc5LjE3MC8%2FbT0mYz1NaCZhPWJvb2tfaG90
INFO: [ app_init ] --START--
INFO: Run Behavior\BuildLiteBehavior [ RunTime:0.000008s ]
INFO: [ app_init ] --END-- [ RunTime:0.000210s ]
INFO: [ app_begin ] --START--
INFO: Run Behavior\ReadHtmlCacheBehavior [ RunTime:0.000288s ]
INFO: [ app_begin ] --END-- [ RunTime:0.000313s ]
SQL: SHOW COLUMNS FROM `vv_config` [ RunTime:0.0004s ]
SQL: SELECT * FROM `vv_config`  [ RunTime:0.0001s ]
NOTIC: [8] unserialize(): Error at offset 75 of 79 bytes /www/wwwroot/book.88guoji.cn/Application/Home/Controller/MhHomeController.class.php 第 13 行.
NOTIC: [8] unserialize(): Error at offset 45 of 108 bytes /www/wwwroot/book.88guoji.cn/Application/Home/Controller/MhHomeController.class.php 第 13 行.
NOTIC: [8] Undefined index: user_id /www/wwwroot/book.88guoji.cn/Application/Home/Controller/MhHomeController.class.php 第 21 行.
NOTIC: [2] Missing argument 2 for Common\Util\ddwechat::setParam(), called in /www/wwwroot/book.88guoji.cn/Application/Home/Controller/MhHomeController.class.php on line 64 and defined /www/wwwroot/book.88guoji.cn/Application/Common/Util/ddwechat.class.php 第 39 行.
NOTIC: [2] curl_setopt(): CURLOPT_FOLLOWLOCATION cannot be activated when an open_basedir is set /www/wwwroot/book.88guoji.cn/Application/Common/Util/ddhttp.class.php 第 63 行.
NOTIC: [2] curl_setopt(): CURLOPT_FOLLOWLOCATION cannot be activated when an open_basedir is set /www/wwwroot/book.88guoji.cn/Application/Common/Util/ddhttp.class.php 第 63 行.
INFO: [ view_parse ] --START--
INFO: [ template_filter ] --START--
INFO: Run Behavior\ContentReplaceBehavior [ RunTime:0.000031s ]
INFO: [ template_filter ] --END-- [ RunTime:0.000065s ]
INFO: Run Behavior\ParseTemplateBehavior [ RunTime:0.003615s ]
INFO: [ view_parse ] --END-- [ RunTime:0.003650s ]
INFO: [ view_filter ] --START--
INFO: Run Behavior\WriteHtmlCacheBehavior [ RunTime:0.000142s ]
INFO: [ view_filter ] --END-- [ RunTime:0.000159s ]
INFO: [ app_end ] --START--
INFO: Run Behavior\ShowPageTraceBehavior [ RunTime:0.000287s ]
INFO: [ app_end ] --END-- [ RunTime:0.000306s ]

[ 2019-07-04T11:53:25+08:00 ] 122.247.249.63 /index.php?m=&c=Video&a=index
INFO: [ app_init ] --START--
INFO: Run Behavior\BuildLiteBehavior [ RunTime:0.000009s ]
INFO: [ app_init ] --END-- [ RunTime:0.000195s ]
INFO: [ app_begin ] --START--
INFO: Run Behavior\ReadHtmlCacheBehavior [ RunTime:0.000266s ]
INFO: [ app_begin ] --END-- [ RunTime:0.000292s ]
SQL: SHOW COLUMNS FROM `vv_config` [ RunTime:0.0004s ]
SQL: SELECT * FROM `vv_config`  [ RunTime:0.0001s ]
NOTIC: [8] Undefined index: imei /www/wwwroot/book.88guoji.cn/Application/Home/Controller/HomeController.class.php 第 32 行.
NOTIC: [8] Undefined index: chapid /www/wwwroot/book.88guoji.cn/Application/Home/Controller/HomeController.class.php 第 42 行.
NOTIC: [8] unserialize(): Error at offset 75 of 79 bytes /www/wwwroot/book.88guoji.cn/Application/Home/Controller/HomeController.class.php 第 63 行.
NOTIC: [8] unserialize(): Error at offset 45 of 108 bytes /www/wwwroot/book.88guoji.cn/Application/Home/Controller/HomeController.class.php 第 63 行.
NOTIC: [8] Undefined index: user_id /www/wwwroot/book.88guoji.cn/Application/Home/Controller/HomeController.class.php 第 71 行.
NOTIC: [2] curl_setopt(): CURLOPT_FOLLOWLOCATION cannot be activated when an open_basedir is set /www/wwwroot/book.88guoji.cn/Application/Common/Util/ddhttp.class.php 第 63 行.
NOTIC: [8] Undefined index: parent /www/wwwroot/book.88guoji.cn/Application/Home/Controller/HomeController.class.php 第 132 行.
NOTIC: [8] Undefined index: uloginid /www/wwwroot/book.88guoji.cn/Application/Home/Controller/HomeController.class.php 第 141 行.
NOTIC: [8] Undefined index: zidongzhuce /www/wwwroot/book.88guoji.cn/Application/Home/Controller/HomeController.class.php 第 149 行.
NOTIC: [8] Undefined index: parent /www/wwwroot/book.88guoji.cn/Application/Home/Controller/HomeController.class.php 第 169 行.

[ 2019-07-04T11:53:25+08:00 ] 122.247.249.63 /index.php?m=&c=MhPublic&a=binding&fr=aHR0cDovLzE1Mi4xMzYuMTc5LjE3MC9pbmRleC5waHA%2FbT0mYz1WaWRlbyZhPWluZGV4
INFO: [ app_init ] --START--
INFO: Run Behavior\BuildLiteBehavior [ RunTime:0.000009s ]
INFO: [ app_init ] --END-- [ RunTime:0.000211s ]
INFO: [ app_begin ] --START--
INFO: Run Behavior\ReadHtmlCacheBehavior [ RunTime:0.000282s ]
INFO: [ app_begin ] --END-- [ RunTime:0.000307s ]
SQL: SHOW COLUMNS FROM `vv_config` [ RunTime:0.0004s ]
SQL: SELECT * FROM `vv_config`  [ RunTime:0.0001s ]
NOTIC: [8] unserialize(): Error at offset 75 of 79 bytes /www/wwwroot/book.88guoji.cn/Application/Home/Controller/MhHomeController.class.php 第 13 行.
NOTIC: [8] unserialize(): Error at offset 45 of 108 bytes /www/wwwroot/book.88guoji.cn/Application/Home/Controller/MhHomeController.class.php 第 13 行.
NOTIC: [8] Undefined index: user_id /www/wwwroot/book.88guoji.cn/Application/Home/Controller/MhHomeController.class.php 第 21 行.
NOTIC: [2] Missing argument 2 for Common\Util\ddwechat::setParam(), called in /www/wwwroot/book.88guoji.cn/Application/Home/Controller/MhHomeController.class.php on line 64 and defined /www/wwwroot/book.88guoji.cn/Application/Common/Util/ddwechat.class.php 第 39 行.
NOTIC: [2] curl_setopt(): CURLOPT_FOLLOWLOCATION cannot be activated when an open_basedir is set /www/wwwroot/book.88guoji.cn/Application/Common/Util/ddhttp.class.php 第 63 行.
NOTIC: [2] curl_setopt(): CURLOPT_FOLLOWLOCATION cannot be activated when an open_basedir is set /www/wwwroot/book.88guoji.cn/Application/Common/Util/ddhttp.class.php 第 63 行.
INFO: [ view_parse ] --START--
INFO: [ template_filter ] --START--
INFO: Run Behavior\ContentReplaceBehavior [ RunTime:0.000030s ]
INFO: [ template_filter ] --END-- [ RunTime:0.000064s ]
INFO: Run Behavior\ParseTemplateBehavior [ RunTime:0.003507s ]
INFO: [ view_parse ] --END-- [ RunTime:0.003541s ]
INFO: [ view_filter ] --START--
INFO: Run Behavior\WriteHtmlCacheBehavior [ RunTime:0.000150s ]
INFO: [ view_filter ] --END-- [ RunTime:0.000167s ]
INFO: [ app_end ] --START--
INFO: Run Behavior\ShowPageTraceBehavior [ RunTime:0.000293s ]
INFO: [ app_end ] --END-- [ RunTime:0.000312s ]

[ 2019-07-04T11:53:38+08:00 ] 122.247.249.63 /?m=&c=Mh&a=book_hot
INFO: [ app_init ] --START--
INFO: Run Behavior\BuildLiteBehavior [ RunTime:0.000009s ]
INFO: [ app_init ] --END-- [ RunTime:0.000213s ]
INFO: [ app_begin ] --START--
INFO: Run Behavior\ReadHtmlCacheBehavior [ RunTime:0.000283s ]
INFO: [ app_begin ] --END-- [ RunTime:0.000308s ]
SQL: SHOW COLUMNS FROM `vv_config` [ RunTime:0.0004s ]
SQL: SELECT * FROM `vv_config`  [ RunTime:0.0001s ]
NOTIC: [8] Undefined index: imei /www/wwwroot/book.88guoji.cn/Application/Home/Controller/HomeController.class.php 第 32 行.
NOTIC: [8] Undefined index: chapid /www/wwwroot/book.88guoji.cn/Application/Home/Controller/HomeController.class.php 第 42 行.
NOTIC: [8] unserialize(): Error at offset 75 of 79 bytes /www/wwwroot/book.88guoji.cn/Application/Home/Controller/HomeController.class.php 第 63 行.
NOTIC: [8] unserialize(): Error at offset 45 of 108 bytes /www/wwwroot/book.88guoji.cn/Application/Home/Controller/HomeController.class.php 第 63 行.
NOTIC: [8] Undefined index: user_id /www/wwwroot/book.88guoji.cn/Application/Home/Controller/HomeController.class.php 第 71 行.
NOTIC: [2] curl_setopt(): CURLOPT_FOLLOWLOCATION cannot be activated when an open_basedir is set /www/wwwroot/book.88guoji.cn/Application/Common/Util/ddhttp.class.php 第 63 行.
NOTIC: [8] Undefined index: parent /www/wwwroot/book.88guoji.cn/Application/Home/Controller/HomeController.class.php 第 132 行.
NOTIC: [8] Undefined index: uloginid /www/wwwroot/book.88guoji.cn/Application/Home/Controller/HomeController.class.php 第 141 行.
NOTIC: [8] Undefined index: zidongzhuce /www/wwwroot/book.88guoji.cn/Application/Home/Controller/HomeController.class.php 第 149 行.
NOTIC: [8] Undefined index: parent /www/wwwroot/book.88guoji.cn/Application/Home/Controller/HomeController.class.php 第 169 行.

[ 2019-07-04T11:53:38+08:00 ] 122.247.249.63 /index.php?m=&c=MhPublic&a=binding&fr=aHR0cDovLzE1Mi4xMzYuMTc5LjE3MC8%2FbT0mYz1NaCZhPWJvb2tfaG90
INFO: [ app_init ] --START--
INFO: Run Behavior\BuildLiteBehavior [ RunTime:0.000008s ]
INFO: [ app_init ] --END-- [ RunTime:0.000197s ]
INFO: [ app_begin ] --START--
INFO: Run Behavior\ReadHtmlCacheBehavior [ RunTime:0.000266s ]
INFO: [ app_begin ] --END-- [ RunTime:0.000290s ]
SQL: SHOW COLUMNS FROM `vv_config` [ RunTime:0.0004s ]
SQL: SELECT * FROM `vv_config`  [ RunTime:0.0001s ]
NOTIC: [8] unserialize(): Error at offset 75 of 79 bytes /www/wwwroot/book.88guoji.cn/Application/Home/Controller/MhHomeController.class.php 第 13 行.
NOTIC: [8] unserialize(): Error at offset 45 of 108 bytes /www/wwwroot/book.88guoji.cn/Application/Home/Controller/MhHomeController.class.php 第 13 行.
NOTIC: [8] Undefined index: user_id /www/wwwroot/book.88guoji.cn/Application/Home/Controller/MhHomeController.class.php 第 21 行.
NOTIC: [2] Missing argument 2 for Common\Util\ddwechat::setParam(), called in /www/wwwroot/book.88guoji.cn/Application/Home/Controller/MhHomeController.class.php on line 64 and defined /www/wwwroot/book.88guoji.cn/Application/Common/Util/ddwechat.class.php 第 39 行.
NOTIC: [2] curl_setopt(): CURLOPT_FOLLOWLOCATION cannot be activated when an open_basedir is set /www/wwwroot/book.88guoji.cn/Application/Common/Util/ddhttp.class.php 第 63 行.
NOTIC: [2] curl_setopt(): CURLOPT_FOLLOWLOCATION cannot be activated when an open_basedir is set /www/wwwroot/book.88guoji.cn/Application/Common/Util/ddhttp.class.php 第 63 行.
INFO: [ view_parse ] --START--
INFO: [ template_filter ] --START--
INFO: Run Behavior\ContentReplaceBehavior [ RunTime:0.000032s ]
INFO: [ template_filter ] --END-- [ RunTime:0.000068s ]
INFO: Run Behavior\ParseTemplateBehavior [ RunTime:0.003603s ]
INFO: [ view_parse ] --END-- [ RunTime:0.003637s ]
INFO: [ view_filter ] --START--
INFO: Run Behavior\WriteHtmlCacheBehavior [ RunTime:0.000140s ]
INFO: [ view_filter ] --END-- [ RunTime:0.000158s ]
INFO: [ app_end ] --START--
INFO: Run Behavior\ShowPageTraceBehavior [ RunTime:0.000284s ]
INFO: [ app_end ] --END-- [ RunTime:0.000303s ]

[ 2019-07-04T12:04:13+08:00 ] 61.129.6.159 /index.php
INFO: [ app_init ] --START--
INFO: Run Behavior\BuildLiteBehavior [ RunTime:0.000008s ]
INFO: [ app_init ] --END-- [ RunTime:0.000188s ]
INFO: [ app_begin ] --START--
INFO: Run Behavior\ReadHtmlCacheBehavior [ RunTime:0.000260s ]
INFO: [ app_begin ] --END-- [ RunTime:0.000285s ]
SQL: SHOW COLUMNS FROM `vv_config` [ RunTime:0.0004s ]
SQL: SELECT * FROM `vv_config`  [ RunTime:0.0001s ]
NOTIC: [8] Undefined index: imei /www/wwwroot/book.88guoji.cn/Application/Home/Controller/HomeController.class.php 第 32 行.
NOTIC: [8] Undefined index: chapid /www/wwwroot/book.88guoji.cn/Application/Home/Controller/HomeController.class.php 第 42 行.
NOTIC: [8] unserialize(): Error at offset 75 of 79 bytes /www/wwwroot/book.88guoji.cn/Application/Home/Controller/HomeController.class.php 第 63 行.
NOTIC: [8] unserialize(): Error at offset 45 of 108 bytes /www/wwwroot/book.88guoji.cn/Application/Home/Controller/HomeController.class.php 第 63 行.
NOTIC: [8] Undefined index: user_id /www/wwwroot/book.88guoji.cn/Application/Home/Controller/HomeController.class.php 第 71 行.
NOTIC: [2] curl_setopt(): CURLOPT_FOLLOWLOCATION cannot be activated when an open_basedir is set /www/wwwroot/book.88guoji.cn/Application/Common/Util/ddhttp.class.php 第 63 行.
NOTIC: [8] Undefined index: parent /www/wwwroot/book.88guoji.cn/Application/Home/Controller/HomeController.class.php 第 132 行.
NOTIC: [8] Undefined index: uloginid /www/wwwroot/book.88guoji.cn/Application/Home/Controller/HomeController.class.php 第 141 行.
NOTIC: [8] Undefined index: zidongzhuce /www/wwwroot/book.88guoji.cn/Application/Home/Controller/HomeController.class.php 第 149 行.
SQL: SHOW COLUMNS FROM `vv_data` [ RunTime:0.0005s ]
SQL: SELECT * FROM `vv_data` WHERE ( date=20190703 ) LIMIT 1   [ RunTime:0.0002s ]
NOTIC: [8] Undefined index: isopen /www/wwwroot/book.88guoji.cn/Application/Home/Controller/HomeController.class.php 第 175 行.
NOTIC: [8] Undefined variable: adsPic /www/wwwroot/book.88guoji.cn/Application/Home/Controller/HomeController.class.php 第 208 行.
NOTIC: [8] Undefined index: uid /www/wwwroot/book.88guoji.cn/Application/Home/Controller/HomeController.class.php 第 209 行.
NOTIC: [8] Undefined index: sort /www/wwwroot/book.88guoji.cn/Application/Home/Controller/MhController.class.php 第 22 行.
SQL: SHOW COLUMNS FROM `vv_mh_list` [ RunTime:0.0004s ]
SQL: SELECT * FROM `vv_mh_list` WHERE `mhcate` LIKE '%5%' ORDER BY sort desc LIMIT 6   [ RunTime:0.0001s ]
NOTIC: [8] Undefined index: sort /www/wwwroot/book.88guoji.cn/Application/Home/Controller/MhController.class.php 第 22 行.
SQL: SELECT * FROM `vv_mh_list` WHERE `mhcate` LIKE '%6%' ORDER BY sort desc LIMIT 6   [ RunTime:0.0001s ]
NOTIC: [8] Undefined index: sort /www/wwwroot/book.88guoji.cn/Application/Home/Controller/MhController.class.php 第 22 行.
SQL: SELECT * FROM `vv_mh_list` WHERE `mhcate` LIKE '%7%' ORDER BY sort desc LIMIT 6   [ RunTime:0.0001s ]
NOTIC: [8] Undefined index: sort /www/wwwroot/book.88guoji.cn/Application/Home/Controller/MhController.class.php 第 22 行.
SQL: SELECT * FROM `vv_mh_list` WHERE `mhcate` LIKE '%8%' ORDER BY sort desc LIMIT 6   [ RunTime:0.0001s ]
NOTIC: [8] Undefined index: sort /www/wwwroot/book.88guoji.cn/Application/Home/Controller/MhController.class.php 第 22 行.
SQL: SELECT * FROM `vv_mh_list` WHERE `mhcate` LIKE '%9%' ORDER BY sort desc LIMIT 6   [ RunTime:0.0000s ]
SQL: SELECT * FROM `vv_mh_list` WHERE `free_type` = 1 ORDER BY sort desc  [ RunTime:0.0000s ]
NOTIC: [2] Missing argument 2 for Common\Util\ddwechat::setParam(), called in /www/wwwroot/book.88guoji.cn/Application/Home/Controller/MhController.class.php on line 31 and defined /www/wwwroot/book.88guoji.cn/Application/Common/Util/ddwechat.class.php 第 39 行.
NOTIC: [2] curl_setopt(): CURLOPT_FOLLOWLOCATION cannot be activated when an open_basedir is set /www/wwwroot/book.88guoji.cn/Application/Common/Util/ddhttp.class.php 第 63 行.
NOTIC: [2] curl_setopt(): CURLOPT_FOLLOWLOCATION cannot be activated when an open_basedir is set /www/wwwroot/book.88guoji.cn/Application/Common/Util/ddhttp.class.php 第 63 行.
INFO: [ view_parse ] --START--
INFO: [ template_filter ] --START--
INFO: Run Behavior\ContentReplaceBehavior [ RunTime:0.000055s ]
INFO: [ template_filter ] --END-- [ RunTime:0.000085s ]
NOTIC: [8] Undefined variable: share /www/wwwroot/book.88guoji.cn/Application/Runtime/Cache/Home/67199abba7efdab949490dffef721944.php 第 209 行.
NOTIC: [8] Undefined variable: share /www/wwwroot/book.88guoji.cn/Application/Runtime/Cache/Home/67199abba7efdab949490dffef721944.php 第 210 行.
NOTIC: [8] Undefined variable: share /www/wwwroot/book.88guoji.cn/Application/Runtime/Cache/Home/67199abba7efdab949490dffef721944.php 第 211 行.
NOTIC: [8] Undefined index: thirdcode /www/wwwroot/book.88guoji.cn/Application/Runtime/Cache/Home/67199abba7efdab949490dffef721944.php 第 258 行.
INFO: Run Behavior\ParseTemplateBehavior [ RunTime:0.008532s ]
INFO: [ view_parse ] --END-- [ RunTime:0.008566s ]
INFO: [ view_filter ] --START--
INFO: Run Behavior\WriteHtmlCacheBehavior [ RunTime:0.000141s ]
INFO: [ view_filter ] --END-- [ RunTime:0.000157s ]
INFO: [ app_end ] --START--
INFO: Run Behavior\ShowPageTraceBehavior [ RunTime:0.000312s ]
INFO: [ app_end ] --END-- [ RunTime:0.000334s ]

[ 2019-07-04T12:34:56+08:00 ] 45.71.229.202 /
INFO: [ app_init ] --START--
INFO: Run Behavior\BuildLiteBehavior [ RunTime:0.000009s ]
INFO: [ app_init ] --END-- [ RunTime:0.000219s ]
INFO: [ app_begin ] --START--
INFO: Run Behavior\ReadHtmlCacheBehavior [ RunTime:0.000288s ]
INFO: [ app_begin ] --END-- [ RunTime:0.000312s ]
SQL: SHOW COLUMNS FROM `vv_config` [ RunTime:0.0004s ]
SQL: SELECT * FROM `vv_config`  [ RunTime:0.0001s ]
NOTIC: [8] Undefined index: imei /www/wwwroot/book.88guoji.cn/Application/Home/Controller/HomeController.class.php 第 32 行.
NOTIC: [8] Undefined index: chapid /www/wwwroot/book.88guoji.cn/Application/Home/Controller/HomeController.class.php 第 42 行.
NOTIC: [8] unserialize(): Error at offset 75 of 79 bytes /www/wwwroot/book.88guoji.cn/Application/Home/Controller/HomeController.class.php 第 63 行.
NOTIC: [8] unserialize(): Error at offset 45 of 108 bytes /www/wwwroot/book.88guoji.cn/Application/Home/Controller/HomeController.class.php 第 63 行.
NOTIC: [8] Undefined index: user_id /www/wwwroot/book.88guoji.cn/Application/Home/Controller/HomeController.class.php 第 71 行.
NOTIC: [2] curl_setopt(): CURLOPT_FOLLOWLOCATION cannot be activated when an open_basedir is set /www/wwwroot/book.88guoji.cn/Application/Common/Util/ddhttp.class.php 第 63 行.
NOTIC: [8] Undefined index: parent /www/wwwroot/book.88guoji.cn/Application/Home/Controller/HomeController.class.php 第 132 行.
NOTIC: [8] Undefined index: uloginid /www/wwwroot/book.88guoji.cn/Application/Home/Controller/HomeController.class.php 第 141 行.
NOTIC: [8] Undefined index: zidongzhuce /www/wwwroot/book.88guoji.cn/Application/Home/Controller/HomeController.class.php 第 149 行.
SQL: SHOW COLUMNS FROM `vv_data` [ RunTime:0.0005s ]
SQL: SELECT * FROM `vv_data` WHERE ( date=20190703 ) LIMIT 1   [ RunTime:0.0001s ]
NOTIC: [8] Undefined index: isopen /www/wwwroot/book.88guoji.cn/Application/Home/Controller/HomeController.class.php 第 175 行.
NOTIC: [8] Undefined variable: adsPic /www/wwwroot/book.88guoji.cn/Application/Home/Controller/HomeController.class.php 第 208 行.
NOTIC: [8] Undefined index: uid /www/wwwroot/book.88guoji.cn/Application/Home/Controller/HomeController.class.php 第 209 行.
NOTIC: [8] Undefined index: sort /www/wwwroot/book.88guoji.cn/Application/Home/Controller/MhController.class.php 第 22 行.
SQL: SHOW COLUMNS FROM `vv_mh_list` [ RunTime:0.0004s ]
SQL: SELECT * FROM `vv_mh_list` WHERE `mhcate` LIKE '%5%' ORDER BY sort desc LIMIT 6   [ RunTime:0.0001s ]
NOTIC: [8] Undefined index: sort /www/wwwroot/book.88guoji.cn/Application/Home/Controller/MhController.class.php 第 22 行.
SQL: SELECT * FROM `vv_mh_list` WHERE `mhcate` LIKE '%6%' ORDER BY sort desc LIMIT 6   [ RunTime:0.0000s ]
NOTIC: [8] Undefined index: sort /www/wwwroot/book.88guoji.cn/Application/Home/Controller/MhController.class.php 第 22 行.
SQL: SELECT * FROM `vv_mh_list` WHERE `mhcate` LIKE '%7%' ORDER BY sort desc LIMIT 6   [ RunTime:0.0001s ]
NOTIC: [8] Undefined index: sort /www/wwwroot/book.88guoji.cn/Application/Home/Controller/MhController.class.php 第 22 行.
SQL: SELECT * FROM `vv_mh_list` WHERE `mhcate` LIKE '%8%' ORDER BY sort desc LIMIT 6   [ RunTime:0.0001s ]
NOTIC: [8] Undefined index: sort /www/wwwroot/book.88guoji.cn/Application/Home/Controller/MhController.class.php 第 22 行.
SQL: SELECT * FROM `vv_mh_list` WHERE `mhcate` LIKE '%9%' ORDER BY sort desc LIMIT 6   [ RunTime:0.0000s ]
SQL: SELECT * FROM `vv_mh_list` WHERE `free_type` = 1 ORDER BY sort desc  [ RunTime:0.0000s ]
NOTIC: [2] Missing argument 2 for Common\Util\ddwechat::setParam(), called in /www/wwwroot/book.88guoji.cn/Application/Home/Controller/MhController.class.php on line 31 and defined /www/wwwroot/book.88guoji.cn/Application/Common/Util/ddwechat.class.php 第 39 行.
NOTIC: [2] curl_setopt(): CURLOPT_FOLLOWLOCATION cannot be activated when an open_basedir is set /www/wwwroot/book.88guoji.cn/Application/Common/Util/ddhttp.class.php 第 63 行.
NOTIC: [2] curl_setopt(): CURLOPT_FOLLOWLOCATION cannot be activated when an open_basedir is set /www/wwwroot/book.88guoji.cn/Application/Common/Util/ddhttp.class.php 第 63 行.
INFO: [ view_parse ] --START--
INFO: [ template_filter ] --START--
INFO: Run Behavior\ContentReplaceBehavior [ RunTime:0.000058s ]
INFO: [ template_filter ] --END-- [ RunTime:0.000091s ]
NOTIC: [8] Undefined variable: share /www/wwwroot/book.88guoji.cn/Application/Runtime/Cache/Home/67199abba7efdab949490dffef721944.php 第 209 行.
NOTIC: [8] Undefined variable: share /www/wwwroot/book.88guoji.cn/Application/Runtime/Cache/Home/67199abba7efdab949490dffef721944.php 第 210 行.
NOTIC: [8] Undefined variable: share /www/wwwroot/book.88guoji.cn/Application/Runtime/Cache/Home/67199abba7efdab949490dffef721944.php 第 211 行.
NOTIC: [8] Undefined index: thirdcode /www/wwwroot/book.88guoji.cn/Application/Runtime/Cache/Home/67199abba7efdab949490dffef721944.php 第 258 行.
INFO: Run Behavior\ParseTemplateBehavior [ RunTime:0.008338s ]
INFO: [ view_parse ] --END-- [ RunTime:0.008373s ]
INFO: [ view_filter ] --START--
INFO: Run Behavior\WriteHtmlCacheBehavior [ RunTime:0.000154s ]
INFO: [ view_filter ] --END-- [ RunTime:0.000172s ]
INFO: [ app_end ] --START--
INFO: Run Behavior\ShowPageTraceBehavior [ RunTime:0.000304s ]
INFO: [ app_end ] --END-- [ RunTime:0.000327s ]

[ 2019-07-04T13:02:39+08:00 ] 201.92.44.122 /
INFO: [ app_init ] --START--
INFO: Run Behavior\BuildLiteBehavior [ RunTime:0.000009s ]
INFO: [ app_init ] --END-- [ RunTime:0.000198s ]
INFO: [ app_begin ] --START--
INFO: Run Behavior\ReadHtmlCacheBehavior [ RunTime:0.000269s ]
INFO: [ app_begin ] --END-- [ RunTime:0.000294s ]
SQL: SHOW COLUMNS FROM `vv_config` [ RunTime:0.0004s ]
SQL: SELECT * FROM `vv_config`  [ RunTime:0.0001s ]
NOTIC: [8] Undefined index: imei /www/wwwroot/book.88guoji.cn/Application/Home/Controller/HomeController.class.php 第 32 行.
NOTIC: [8] Undefined index: chapid /www/wwwroot/book.88guoji.cn/Application/Home/Controller/HomeController.class.php 第 42 行.
NOTIC: [8] unserialize(): Error at offset 75 of 79 bytes /www/wwwroot/book.88guoji.cn/Application/Home/Controller/HomeController.class.php 第 63 行.
NOTIC: [8] unserialize(): Error at offset 45 of 108 bytes /www/wwwroot/book.88guoji.cn/Application/Home/Controller/HomeController.class.php 第 63 行.
NOTIC: [8] Undefined index: user_id /www/wwwroot/book.88guoji.cn/Application/Home/Controller/HomeController.class.php 第 71 行.
NOTIC: [2] curl_setopt(): CURLOPT_FOLLOWLOCATION cannot be activated when an open_basedir is set /www/wwwroot/book.88guoji.cn/Application/Common/Util/ddhttp.class.php 第 63 行.
NOTIC: [8] Undefined index: parent /www/wwwroot/book.88guoji.cn/Application/Home/Controller/HomeController.class.php 第 132 行.
NOTIC: [8] Undefined index: uloginid /www/wwwroot/book.88guoji.cn/Application/Home/Controller/HomeController.class.php 第 141 行.
NOTIC: [8] Undefined index: zidongzhuce /www/wwwroot/book.88guoji.cn/Application/Home/Controller/HomeController.class.php 第 149 行.
SQL: SHOW COLUMNS FROM `vv_data` [ RunTime:0.0005s ]
SQL: SELECT * FROM `vv_data` WHERE ( date=20190703 ) LIMIT 1   [ RunTime:0.0001s ]
NOTIC: [8] Undefined index: isopen /www/wwwroot/book.88guoji.cn/Application/Home/Controller/HomeController.class.php 第 175 行.
NOTIC: [8] Undefined variable: adsPic /www/wwwroot/book.88guoji.cn/Application/Home/Controller/HomeController.class.php 第 208 行.
NOTIC: [8] Undefined index: uid /www/wwwroot/book.88guoji.cn/Application/Home/Controller/HomeController.class.php 第 209 行.
NOTIC: [8] Undefined index: sort /www/wwwroot/book.88guoji.cn/Application/Home/Controller/MhController.class.php 第 22 行.
SQL: SHOW COLUMNS FROM `vv_mh_list` [ RunTime:0.0004s ]
SQL: SELECT * FROM `vv_mh_list` WHERE `mhcate` LIKE '%5%' ORDER BY sort desc LIMIT 6   [ RunTime:0.0001s ]
NOTIC: [8] Undefined index: sort /www/wwwroot/book.88guoji.cn/Application/Home/Controller/MhController.class.php 第 22 行.
SQL: SELECT * FROM `vv_mh_list` WHERE `mhcate` LIKE '%6%' ORDER BY sort desc LIMIT 6   [ RunTime:0.0001s ]
NOTIC: [8] Undefined index: sort /www/wwwroot/book.88guoji.cn/Application/Home/Controller/MhController.class.php 第 22 行.
SQL: SELECT * FROM `vv_mh_list` WHERE `mhcate` LIKE '%7%' ORDER BY sort desc LIMIT 6   [ RunTime:0.0000s ]
NOTIC: [8] Undefined index: sort /www/wwwroot/book.88guoji.cn/Application/Home/Controller/MhController.class.php 第 22 行.
SQL: SELECT * FROM `vv_mh_list` WHERE `mhcate` LIKE '%8%' ORDER BY sort desc LIMIT 6   [ RunTime:0.0001s ]
NOTIC: [8] Undefined index: sort /www/wwwroot/book.88guoji.cn/Application/Home/Controller/MhController.class.php 第 22 行.
SQL: SELECT * FROM `vv_mh_list` WHERE `mhcate` LIKE '%9%' ORDER BY sort desc LIMIT 6   [ RunTime:0.0000s ]
SQL: SELECT * FROM `vv_mh_list` WHERE `free_type` = 1 ORDER BY sort desc  [ RunTime:0.0000s ]
NOTIC: [2] Missing argument 2 for Common\Util\ddwechat::setParam(), called in /www/wwwroot/book.88guoji.cn/Application/Home/Controller/MhController.class.php on line 31 and defined /www/wwwroot/book.88guoji.cn/Application/Common/Util/ddwechat.class.php 第 39 行.
NOTIC: [2] curl_setopt(): CURLOPT_FOLLOWLOCATION cannot be activated when an open_basedir is set /www/wwwroot/book.88guoji.cn/Application/Common/Util/ddhttp.class.php 第 63 行.
NOTIC: [2] curl_setopt(): CURLOPT_FOLLOWLOCATION cannot be activated when an open_basedir is set /www/wwwroot/book.88guoji.cn/Application/Common/Util/ddhttp.class.php 第 63 行.
INFO: [ view_parse ] --START--
INFO: [ template_filter ] --START--
INFO: Run Behavior\ContentReplaceBehavior [ RunTime:0.000056s ]
INFO: [ template_filter ] --END-- [ RunTime:0.000090s ]
NOTIC: [8] Undefined variable: share /www/wwwroot/book.88guoji.cn/Application/Runtime/Cache/Home/67199abba7efdab949490dffef721944.php 第 209 行.
NOTIC: [8] Undefined variable: share /www/wwwroot/book.88guoji.cn/Application/Runtime/Cache/Home/67199abba7efdab949490dffef721944.php 第 210 行.
NOTIC: [8] Undefined variable: share /www/wwwroot/book.88guoji.cn/Application/Runtime/Cache/Home/67199abba7efdab949490dffef721944.php 第 211 行.
NOTIC: [8] Undefined index: thirdcode /www/wwwroot/book.88guoji.cn/Application/Runtime/Cache/Home/67199abba7efdab949490dffef721944.php 第 258 行.
INFO: Run Behavior\ParseTemplateBehavior [ RunTime:0.008239s ]
INFO: [ view_parse ] --END-- [ RunTime:0.008271s ]
INFO: [ view_filter ] --START--
INFO: Run Behavior\WriteHtmlCacheBehavior [ RunTime:0.000139s ]
INFO: [ view_filter ] --END-- [ RunTime:0.000156s ]
INFO: [ app_end ] --START--
INFO: Run Behavior\ShowPageTraceBehavior [ RunTime:0.000520s ]
INFO: [ app_end ] --END-- [ RunTime:0.000545s ]

[ 2019-07-04T13:12:57+08:00 ] 122.247.249.63 /?m=&c=Mh&a=book_free
INFO: [ app_init ] --START--
INFO: Run Behavior\BuildLiteBehavior [ RunTime:0.000009s ]
INFO: [ app_init ] --END-- [ RunTime:0.000220s ]
INFO: [ app_begin ] --START--
INFO: Run Behavior\ReadHtmlCacheBehavior [ RunTime:0.000284s ]
INFO: [ app_begin ] --END-- [ RunTime:0.000310s ]
SQL: SHOW COLUMNS FROM `vv_config` [ RunTime:0.0004s ]
SQL: SELECT * FROM `vv_config`  [ RunTime:0.0001s ]
NOTIC: [8] Undefined index: imei /www/wwwroot/book.88guoji.cn/Application/Home/Controller/HomeController.class.php 第 32 行.
NOTIC: [8] Undefined index: chapid /www/wwwroot/book.88guoji.cn/Application/Home/Controller/HomeController.class.php 第 42 行.
NOTIC: [8] unserialize(): Error at offset 75 of 79 bytes /www/wwwroot/book.88guoji.cn/Application/Home/Controller/HomeController.class.php 第 63 行.
NOTIC: [8] unserialize(): Error at offset 45 of 108 bytes /www/wwwroot/book.88guoji.cn/Application/Home/Controller/HomeController.class.php 第 63 行.
NOTIC: [8] Undefined index: user_id /www/wwwroot/book.88guoji.cn/Application/Home/Controller/HomeController.class.php 第 71 行.
NOTIC: [2] curl_setopt(): CURLOPT_FOLLOWLOCATION cannot be activated when an open_basedir is set /www/wwwroot/book.88guoji.cn/Application/Common/Util/ddhttp.class.php 第 63 行.
NOTIC: [8] Undefined index: parent /www/wwwroot/book.88guoji.cn/Application/Home/Controller/HomeController.class.php 第 132 行.
NOTIC: [8] Undefined index: uloginid /www/wwwroot/book.88guoji.cn/Application/Home/Controller/HomeController.class.php 第 141 行.
NOTIC: [8] Undefined index: zidongzhuce /www/wwwroot/book.88guoji.cn/Application/Home/Controller/HomeController.class.php 第 149 行.
NOTIC: [8] Undefined index: parent /www/wwwroot/book.88guoji.cn/Application/Home/Controller/HomeController.class.php 第 169 行.

[ 2019-07-04T13:12:57+08:00 ] 122.247.249.63 /index.php?m=&c=MhPublic&a=binding&fr=aHR0cDovLzE1Mi4xMzYuMTc5LjE3MC8%2FbT0mYz1NaCZhPWJvb2tfZnJlZQ%3D%3D
INFO: [ app_init ] --START--
INFO: Run Behavior\BuildLiteBehavior [ RunTime:0.000009s ]
INFO: [ app_init ] --END-- [ RunTime:0.000204s ]
INFO: [ app_begin ] --START--
INFO: Run Behavior\ReadHtmlCacheBehavior [ RunTime:0.000286s ]
INFO: [ app_begin ] --END-- [ RunTime:0.000315s ]
SQL: SHOW COLUMNS FROM `vv_config` [ RunTime:0.0004s ]
SQL: SELECT * FROM `vv_config`  [ RunTime:0.0001s ]
NOTIC: [8] unserialize(): Error at offset 75 of 79 bytes /www/wwwroot/book.88guoji.cn/Application/Home/Controller/MhHomeController.class.php 第 13 行.
NOTIC: [8] unserialize(): Error at offset 45 of 108 bytes /www/wwwroot/book.88guoji.cn/Application/Home/Controller/MhHomeController.class.php 第 13 行.
NOTIC: [8] Undefined index: user_id /www/wwwroot/book.88guoji.cn/Application/Home/Controller/MhHomeController.class.php 第 21 行.
NOTIC: [2] Missing argument 2 for Common\Util\ddwechat::setParam(), called in /www/wwwroot/book.88guoji.cn/Application/Home/Controller/MhHomeController.class.php on line 64 and defined /www/wwwroot/book.88guoji.cn/Application/Common/Util/ddwechat.class.php 第 39 行.
NOTIC: [2] curl_setopt(): CURLOPT_FOLLOWLOCATION cannot be activated when an open_basedir is set /www/wwwroot/book.88guoji.cn/Application/Common/Util/ddhttp.class.php 第 63 行.
NOTIC: [2] curl_setopt(): CURLOPT_FOLLOWLOCATION cannot be activated when an open_basedir is set /www/wwwroot/book.88guoji.cn/Application/Common/Util/ddhttp.class.php 第 63 行.
INFO: [ view_parse ] --START--
INFO: [ template_filter ] --START--
INFO: Run Behavior\ContentReplaceBehavior [ RunTime:0.000039s ]
INFO: [ template_filter ] --END-- [ RunTime:0.000076s ]
INFO: Run Behavior\ParseTemplateBehavior [ RunTime:0.003715s ]
INFO: [ view_parse ] --END-- [ RunTime:0.003754s ]
INFO: [ view_filter ] --START--
INFO: Run Behavior\WriteHtmlCacheBehavior [ RunTime:0.000144s ]
INFO: [ view_filter ] --END-- [ RunTime:0.000162s ]
INFO: [ app_end ] --START--
INFO: Run Behavior\ShowPageTraceBehavior [ RunTime:0.000298s ]
INFO: [ app_end ] --END-- [ RunTime:0.000318s ]

[ 2019-07-04T13:13:01+08:00 ] 122.247.249.63 /?m=&c=Mh&a=book_cate
INFO: [ app_init ] --START--
INFO: Run Behavior\BuildLiteBehavior [ RunTime:0.000009s ]
INFO: [ app_init ] --END-- [ RunTime:0.000199s ]
INFO: [ app_begin ] --START--
INFO: Run Behavior\ReadHtmlCacheBehavior [ RunTime:0.000280s ]
INFO: [ app_begin ] --END-- [ RunTime:0.000308s ]
SQL: SHOW COLUMNS FROM `vv_config` [ RunTime:0.0004s ]
SQL: SELECT * FROM `vv_config`  [ RunTime:0.0001s ]
NOTIC: [8] Undefined index: imei /www/wwwroot/book.88guoji.cn/Application/Home/Controller/HomeController.class.php 第 32 行.
NOTIC: [8] Undefined index: chapid /www/wwwroot/book.88guoji.cn/Application/Home/Controller/HomeController.class.php 第 42 行.
NOTIC: [8] unserialize(): Error at offset 75 of 79 bytes /www/wwwroot/book.88guoji.cn/Application/Home/Controller/HomeController.class.php 第 63 行.
NOTIC: [8] unserialize(): Error at offset 45 of 108 bytes /www/wwwroot/book.88guoji.cn/Application/Home/Controller/HomeController.class.php 第 63 行.
NOTIC: [8] Undefined index: user_id /www/wwwroot/book.88guoji.cn/Application/Home/Controller/HomeController.class.php 第 71 行.
NOTIC: [2] curl_setopt(): CURLOPT_FOLLOWLOCATION cannot be activated when an open_basedir is set /www/wwwroot/book.88guoji.cn/Application/Common/Util/ddhttp.class.php 第 63 行.
NOTIC: [8] Undefined index: parent /www/wwwroot/book.88guoji.cn/Application/Home/Controller/HomeController.class.php 第 132 行.
NOTIC: [8] Undefined index: uloginid /www/wwwroot/book.88guoji.cn/Application/Home/Controller/HomeController.class.php 第 141 行.
NOTIC: [8] Undefined index: zidongzhuce /www/wwwroot/book.88guoji.cn/Application/Home/Controller/HomeController.class.php 第 149 行.
NOTIC: [8] Undefined index: parent /www/wwwroot/book.88guoji.cn/Application/Home/Controller/HomeController.class.php 第 169 行.

[ 2019-07-04T13:13:02+08:00 ] 122.247.249.63 /index.php?m=&c=MhPublic&a=binding&fr=aHR0cDovLzE1Mi4xMzYuMTc5LjE3MC8%2FbT0mYz1NaCZhPWJvb2tfY2F0ZQ%3D%3D
INFO: [ app_init ] --START--
INFO: Run Behavior\BuildLiteBehavior [ RunTime:0.000009s ]
INFO: [ app_init ] --END-- [ RunTime:0.000216s ]
INFO: [ app_begin ] --START--
INFO: Run Behavior\ReadHtmlCacheBehavior [ RunTime:0.000284s ]
INFO: [ app_begin ] --END-- [ RunTime:0.000311s ]
SQL: SHOW COLUMNS FROM `vv_config` [ RunTime:0.0004s ]
SQL: SELECT * FROM `vv_config`  [ RunTime:0.0001s ]
NOTIC: [8] unserialize(): Error at offset 75 of 79 bytes /www/wwwroot/book.88guoji.cn/Application/Home/Controller/MhHomeController.class.php 第 13 行.
NOTIC: [8] unserialize(): Error at offset 45 of 108 bytes /www/wwwroot/book.88guoji.cn/Application/Home/Controller/MhHomeController.class.php 第 13 行.
NOTIC: [8] Undefined index: user_id /www/wwwroot/book.88guoji.cn/Application/Home/Controller/MhHomeController.class.php 第 21 行.
NOTIC: [2] Missing argument 2 for Common\Util\ddwechat::setParam(), called in /www/wwwroot/book.88guoji.cn/Application/Home/Controller/MhHomeController.class.php on line 64 and defined /www/wwwroot/book.88guoji.cn/Application/Common/Util/ddwechat.class.php 第 39 行.
NOTIC: [2] curl_setopt(): CURLOPT_FOLLOWLOCATION cannot be activated when an open_basedir is set /www/wwwroot/book.88guoji.cn/Application/Common/Util/ddhttp.class.php 第 63 行.
NOTIC: [2] curl_setopt(): CURLOPT_FOLLOWLOCATION cannot be activated when an open_basedir is set /www/wwwroot/book.88guoji.cn/Application/Common/Util/ddhttp.class.php 第 63 行.
INFO: [ view_parse ] --START--
INFO: [ template_filter ] --START--
INFO: Run Behavior\ContentReplaceBehavior [ RunTime:0.000033s ]
INFO: [ template_filter ] --END-- [ RunTime:0.000070s ]
INFO: Run Behavior\ParseTemplateBehavior [ RunTime:0.003664s ]
INFO: [ view_parse ] --END-- [ RunTime:0.003701s ]
INFO: [ view_filter ] --START--
INFO: Run Behavior\WriteHtmlCacheBehavior [ RunTime:0.000132s ]
INFO: [ view_filter ] --END-- [ RunTime:0.000149s ]
INFO: [ app_end ] --START--
INFO: Run Behavior\ShowPageTraceBehavior [ RunTime:0.000329s ]
INFO: [ app_end ] --END-- [ RunTime:0.000348s ]

[ 2019-07-04T13:13:09+08:00 ] 122.247.249.63 /index.php?m=&c=Mh&a=bookinfo&mhid=447
INFO: [ app_init ] --START--
INFO: Run Behavior\BuildLiteBehavior [ RunTime:0.000008s ]
INFO: [ app_init ] --END-- [ RunTime:0.000207s ]
INFO: [ app_begin ] --START--
INFO: Run Behavior\ReadHtmlCacheBehavior [ RunTime:0.000278s ]
INFO: [ app_begin ] --END-- [ RunTime:0.000304s ]
SQL: SHOW COLUMNS FROM `vv_config` [ RunTime:0.0004s ]
SQL: SELECT * FROM `vv_config`  [ RunTime:0.0001s ]
NOTIC: [8] Undefined index: imei /www/wwwroot/book.88guoji.cn/Application/Home/Controller/HomeController.class.php 第 32 行.
NOTIC: [8] Undefined index: chapid /www/wwwroot/book.88guoji.cn/Application/Home/Controller/HomeController.class.php 第 42 行.
NOTIC: [8] unserialize(): Error at offset 75 of 79 bytes /www/wwwroot/book.88guoji.cn/Application/Home/Controller/HomeController.class.php 第 63 行.
NOTIC: [8] unserialize(): Error at offset 45 of 108 bytes /www/wwwroot/book.88guoji.cn/Application/Home/Controller/HomeController.class.php 第 63 行.
NOTIC: [8] Undefined index: user_id /www/wwwroot/book.88guoji.cn/Application/Home/Controller/HomeController.class.php 第 71 行.
NOTIC: [2] curl_setopt(): CURLOPT_FOLLOWLOCATION cannot be activated when an open_basedir is set /www/wwwroot/book.88guoji.cn/Application/Common/Util/ddhttp.class.php 第 63 行.
NOTIC: [8] Undefined index: parent /www/wwwroot/book.88guoji.cn/Application/Home/Controller/HomeController.class.php 第 132 行.
NOTIC: [8] Undefined index: uloginid /www/wwwroot/book.88guoji.cn/Application/Home/Controller/HomeController.class.php 第 141 行.
NOTIC: [8] Undefined index: zidongzhuce /www/wwwroot/book.88guoji.cn/Application/Home/Controller/HomeController.class.php 第 149 行.
NOTIC: [8] Undefined index: parent /www/wwwroot/book.88guoji.cn/Application/Home/Controller/HomeController.class.php 第 169 行.

[ 2019-07-04T13:13:09+08:00 ] 122.247.249.63 /index.php?m=&c=MhPublic&a=binding&fr=aHR0cDovLzE1Mi4xMzYuMTc5LjE3MC9pbmRleC5waHA%2FbT0mYz1NaCZhPWJvb2tpbmZvJm1oaWQ9NDQ3
INFO: [ app_init ] --START--
INFO: Run Behavior\BuildLiteBehavior [ RunTime:0.000009s ]
INFO: [ app_init ] --END-- [ RunTime:0.000217s ]
INFO: [ app_begin ] --START--
INFO: Run Behavior\ReadHtmlCacheBehavior [ RunTime:0.000283s ]
INFO: [ app_begin ] --END-- [ RunTime:0.000307s ]
SQL: SHOW COLUMNS FROM `vv_config` [ RunTime:0.0004s ]
SQL: SELECT * FROM `vv_config`  [ RunTime:0.0001s ]
NOTIC: [8] unserialize(): Error at offset 75 of 79 bytes /www/wwwroot/book.88guoji.cn/Application/Home/Controller/MhHomeController.class.php 第 13 行.
NOTIC: [8] unserialize(): Error at offset 45 of 108 bytes /www/wwwroot/book.88guoji.cn/Application/Home/Controller/MhHomeController.class.php 第 13 行.
NOTIC: [8] Undefined index: user_id /www/wwwroot/book.88guoji.cn/Application/Home/Controller/MhHomeController.class.php 第 21 行.
NOTIC: [2] Missing argument 2 for Common\Util\ddwechat::setParam(), called in /www/wwwroot/book.88guoji.cn/Application/Home/Controller/MhHomeController.class.php on line 64 and defined /www/wwwroot/book.88guoji.cn/Application/Common/Util/ddwechat.class.php 第 39 行.
NOTIC: [2] curl_setopt(): CURLOPT_FOLLOWLOCATION cannot be activated when an open_basedir is set /www/wwwroot/book.88guoji.cn/Application/Common/Util/ddhttp.class.php 第 63 行.
NOTIC: [2] curl_setopt(): CURLOPT_FOLLOWLOCATION cannot be activated when an open_basedir is set /www/wwwroot/book.88guoji.cn/Application/Common/Util/ddhttp.class.php 第 63 行.
INFO: [ view_parse ] --START--
INFO: [ template_filter ] --START--
INFO: Run Behavior\ContentReplaceBehavior [ RunTime:0.000034s ]
INFO: [ template_filter ] --END-- [ RunTime:0.000071s ]
INFO: Run Behavior\ParseTemplateBehavior [ RunTime:0.003739s ]
INFO: [ view_parse ] --END-- [ RunTime:0.003783s ]
INFO: [ view_filter ] --START--
INFO: Run Behavior\WriteHtmlCacheBehavior [ RunTime:0.000139s ]
INFO: [ view_filter ] --END-- [ RunTime:0.000160s ]
INFO: [ app_end ] --START--
INFO: Run Behavior\ShowPageTraceBehavior [ RunTime:0.000323s ]
INFO: [ app_end ] --END-- [ RunTime:0.000343s ]

[ 2019-07-04T13:29:59+08:00 ] 122.247.249.63 /index.php?m=&c=Mh&a=bookinfo&mhid=5
INFO: [ app_init ] --START--
INFO: Run Behavior\BuildLiteBehavior [ RunTime:0.000009s ]
INFO: [ app_init ] --END-- [ RunTime:0.000203s ]
INFO: [ app_begin ] --START--
INFO: Run Behavior\ReadHtmlCacheBehavior [ RunTime:0.000270s ]
INFO: [ app_begin ] --END-- [ RunTime:0.000294s ]
SQL: SHOW COLUMNS FROM `vv_config` [ RunTime:0.0004s ]
SQL: SELECT * FROM `vv_config`  [ RunTime:0.0001s ]
NOTIC: [8] Undefined index: imei /www/wwwroot/book.88guoji.cn/Application/Home/Controller/HomeController.class.php 第 32 行.
NOTIC: [8] Undefined index: chapid /www/wwwroot/book.88guoji.cn/Application/Home/Controller/HomeController.class.php 第 42 行.
NOTIC: [8] unserialize(): Error at offset 75 of 79 bytes /www/wwwroot/book.88guoji.cn/Application/Home/Controller/HomeController.class.php 第 63 行.
NOTIC: [8] unserialize(): Error at offset 45 of 108 bytes /www/wwwroot/book.88guoji.cn/Application/Home/Controller/HomeController.class.php 第 63 行.
NOTIC: [8] Undefined index: user_id /www/wwwroot/book.88guoji.cn/Application/Home/Controller/HomeController.class.php 第 71 行.
NOTIC: [2] curl_setopt(): CURLOPT_FOLLOWLOCATION cannot be activated when an open_basedir is set /www/wwwroot/book.88guoji.cn/Application/Common/Util/ddhttp.class.php 第 63 行.
NOTIC: [8] Undefined index: parent /www/wwwroot/book.88guoji.cn/Application/Home/Controller/HomeController.class.php 第 132 行.
NOTIC: [8] Undefined index: uloginid /www/wwwroot/book.88guoji.cn/Application/Home/Controller/HomeController.class.php 第 141 行.
NOTIC: [8] Undefined index: zidongzhuce /www/wwwroot/book.88guoji.cn/Application/Home/Controller/HomeController.class.php 第 149 行.
NOTIC: [8] Undefined index: parent /www/wwwroot/book.88guoji.cn/Application/Home/Controller/HomeController.class.php 第 169 行.

[ 2019-07-04T13:29:59+08:00 ] 122.247.249.63 /index.php?m=&c=MhPublic&a=binding&fr=aHR0cDovLzE1Mi4xMzYuMTc5LjE3MC9pbmRleC5waHA%2FbT0mYz1NaCZhPWJvb2tpbmZvJm1oaWQ9NQ%3D%3D
INFO: [ app_init ] --START--
INFO: Run Behavior\BuildLiteBehavior [ RunTime:0.000008s ]
INFO: [ app_init ] --END-- [ RunTime:0.000186s ]
INFO: [ app_begin ] --START--
INFO: Run Behavior\ReadHtmlCacheBehavior [ RunTime:0.000259s ]
INFO: [ app_begin ] --END-- [ RunTime:0.000284s ]
SQL: SHOW COLUMNS FROM `vv_config` [ RunTime:0.0004s ]
SQL: SELECT * FROM `vv_config`  [ RunTime:0.0001s ]
NOTIC: [8] unserialize(): Error at offset 75 of 79 bytes /www/wwwroot/book.88guoji.cn/Application/Home/Controller/MhHomeController.class.php 第 13 行.
NOTIC: [8] unserialize(): Error at offset 45 of 108 bytes /www/wwwroot/book.88guoji.cn/Application/Home/Controller/MhHomeController.class.php 第 13 行.
NOTIC: [8] Undefined index: user_id /www/wwwroot/book.88guoji.cn/Application/Home/Controller/MhHomeController.class.php 第 21 行.
NOTIC: [2] Missing argument 2 for Common\Util\ddwechat::setParam(), called in /www/wwwroot/book.88guoji.cn/Application/Home/Controller/MhHomeController.class.php on line 64 and defined /www/wwwroot/book.88guoji.cn/Application/Common/Util/ddwechat.class.php 第 39 行.
NOTIC: [2] curl_setopt(): CURLOPT_FOLLOWLOCATION cannot be activated when an open_basedir is set /www/wwwroot/book.88guoji.cn/Application/Common/Util/ddhttp.class.php 第 63 行.
NOTIC: [2] curl_setopt(): CURLOPT_FOLLOWLOCATION cannot be activated when an open_basedir is set /www/wwwroot/book.88guoji.cn/Application/Common/Util/ddhttp.class.php 第 63 行.
INFO: [ view_parse ] --START--
INFO: [ template_filter ] --START--
INFO: Run Behavior\ContentReplaceBehavior [ RunTime:0.000034s ]
INFO: [ template_filter ] --END-- [ RunTime:0.000068s ]
INFO: Run Behavior\ParseTemplateBehavior [ RunTime:0.003644s ]
INFO: [ view_parse ] --END-- [ RunTime:0.003684s ]
INFO: [ view_filter ] --START--
INFO: Run Behavior\WriteHtmlCacheBehavior [ RunTime:0.000136s ]
INFO: [ view_filter ] --END-- [ RunTime:0.000155s ]
INFO: [ app_end ] --START--
INFO: Run Behavior\ShowPageTraceBehavior [ RunTime:0.000306s ]
INFO: [ app_end ] --END-- [ RunTime:0.000326s ]

[ 2019-07-04T16:37:15+08:00 ] 222.240.44.115 /
INFO: [ app_init ] --START--
INFO: Run Behavior\BuildLiteBehavior [ RunTime:0.000008s ]
INFO: [ app_init ] --END-- [ RunTime:0.000202s ]
INFO: [ app_begin ] --START--
INFO: Run Behavior\ReadHtmlCacheBehavior [ RunTime:0.000288s ]
INFO: [ app_begin ] --END-- [ RunTime:0.000315s ]
SQL: SHOW COLUMNS FROM `vv_config` [ RunTime:0.0004s ]
SQL: SELECT * FROM `vv_config`  [ RunTime:0.0001s ]
NOTIC: [8] Undefined index: imei /www/wwwroot/book.88guoji.cn/Application/Home/Controller/HomeController.class.php 第 32 行.
NOTIC: [8] Undefined index: chapid /www/wwwroot/book.88guoji.cn/Application/Home/Controller/HomeController.class.php 第 42 行.
NOTIC: [8] unserialize(): Error at offset 75 of 79 bytes /www/wwwroot/book.88guoji.cn/Application/Home/Controller/HomeController.class.php 第 63 行.
NOTIC: [8] unserialize(): Error at offset 45 of 108 bytes /www/wwwroot/book.88guoji.cn/Application/Home/Controller/HomeController.class.php 第 63 行.
NOTIC: [8] Undefined index: user_id /www/wwwroot/book.88guoji.cn/Application/Home/Controller/HomeController.class.php 第 71 行.
NOTIC: [2] curl_setopt(): CURLOPT_FOLLOWLOCATION cannot be activated when an open_basedir is set /www/wwwroot/book.88guoji.cn/Application/Common/Util/ddhttp.class.php 第 63 行.
NOTIC: [8] Undefined index: parent /www/wwwroot/book.88guoji.cn/Application/Home/Controller/HomeController.class.php 第 132 行.
NOTIC: [8] Undefined index: uloginid /www/wwwroot/book.88guoji.cn/Application/Home/Controller/HomeController.class.php 第 141 行.
NOTIC: [8] Undefined index: zidongzhuce /www/wwwroot/book.88guoji.cn/Application/Home/Controller/HomeController.class.php 第 149 行.
SQL: SHOW COLUMNS FROM `vv_data` [ RunTime:0.0006s ]
SQL: SELECT * FROM `vv_data` WHERE ( date=20190703 ) LIMIT 1   [ RunTime:0.0001s ]
NOTIC: [8] Undefined index: isopen /www/wwwroot/book.88guoji.cn/Application/Home/Controller/HomeController.class.php 第 175 行.
NOTIC: [8] Undefined variable: adsPic /www/wwwroot/book.88guoji.cn/Application/Home/Controller/HomeController.class.php 第 208 行.
NOTIC: [8] Undefined index: uid /www/wwwroot/book.88guoji.cn/Application/Home/Controller/HomeController.class.php 第 209 行.
NOTIC: [8] Undefined index: sort /www/wwwroot/book.88guoji.cn/Application/Home/Controller/MhController.class.php 第 22 行.
SQL: SHOW COLUMNS FROM `vv_mh_list` [ RunTime:0.0004s ]
SQL: SELECT * FROM `vv_mh_list` WHERE `mhcate` LIKE '%5%' ORDER BY sort desc LIMIT 6   [ RunTime:0.0001s ]
NOTIC: [8] Undefined index: sort /www/wwwroot/book.88guoji.cn/Application/Home/Controller/MhController.class.php 第 22 行.
SQL: SELECT * FROM `vv_mh_list` WHERE `mhcate` LIKE '%6%' ORDER BY sort desc LIMIT 6   [ RunTime:0.0000s ]
NOTIC: [8] Undefined index: sort /www/wwwroot/book.88guoji.cn/Application/Home/Controller/MhController.class.php 第 22 行.
SQL: SELECT * FROM `vv_mh_list` WHERE `mhcate` LIKE '%7%' ORDER BY sort desc LIMIT 6   [ RunTime:0.0000s ]
NOTIC: [8] Undefined index: sort /www/wwwroot/book.88guoji.cn/Application/Home/Controller/MhController.class.php 第 22 行.
SQL: SELECT * FROM `vv_mh_list` WHERE `mhcate` LIKE '%8%' ORDER BY sort desc LIMIT 6   [ RunTime:0.0001s ]
NOTIC: [8] Undefined index: sort /www/wwwroot/book.88guoji.cn/Application/Home/Controller/MhController.class.php 第 22 行.
SQL: SELECT * FROM `vv_mh_list` WHERE `mhcate` LIKE '%9%' ORDER BY sort desc LIMIT 6   [ RunTime:0.0001s ]
SQL: SELECT * FROM `vv_mh_list` WHERE `free_type` = 1 ORDER BY sort desc  [ RunTime:0.0000s ]
NOTIC: [2] Missing argument 2 for Common\Util\ddwechat::setParam(), called in /www/wwwroot/book.88guoji.cn/Application/Home/Controller/MhController.class.php on line 31 and defined /www/wwwroot/book.88guoji.cn/Application/Common/Util/ddwechat.class.php 第 39 行.
NOTIC: [2] curl_setopt(): CURLOPT_FOLLOWLOCATION cannot be activated when an open_basedir is set /www/wwwroot/book.88guoji.cn/Application/Common/Util/ddhttp.class.php 第 63 行.
NOTIC: [2] curl_setopt(): CURLOPT_FOLLOWLOCATION cannot be activated when an open_basedir is set /www/wwwroot/book.88guoji.cn/Application/Common/Util/ddhttp.class.php 第 63 行.
INFO: [ view_parse ] --START--
INFO: [ template_filter ] --START--
INFO: Run Behavior\ContentReplaceBehavior [ RunTime:0.000056s ]
INFO: [ template_filter ] --END-- [ RunTime:0.000088s ]
NOTIC: [8] Undefined variable: share /www/wwwroot/book.88guoji.cn/Application/Runtime/Cache/Home/67199abba7efdab949490dffef721944.php 第 209 行.
NOTIC: [8] Undefined variable: share /www/wwwroot/book.88guoji.cn/Application/Runtime/Cache/Home/67199abba7efdab949490dffef721944.php 第 210 行.
NOTIC: [8] Undefined variable: share /www/wwwroot/book.88guoji.cn/Application/Runtime/Cache/Home/67199abba7efdab949490dffef721944.php 第 211 行.
NOTIC: [8] Undefined index: thirdcode /www/wwwroot/book.88guoji.cn/Application/Runtime/Cache/Home/67199abba7efdab949490dffef721944.php 第 258 行.
INFO: Run Behavior\ParseTemplateBehavior [ RunTime:0.008210s ]
INFO: [ view_parse ] --END-- [ RunTime:0.008242s ]
INFO: [ view_filter ] --START--
INFO: Run Behavior\WriteHtmlCacheBehavior [ RunTime:0.000139s ]
INFO: [ view_filter ] --END-- [ RunTime:0.000156s ]
INFO: 
INFO: 
INFO: 

