[ 2019-08-25T23:39:44+08:00 ] 127.0.0.1 /index.php?m=&c=Mh&a=inforedit&mhid=115&ji_no=1
INFO: [ app_init ] --START--
INFO: Run Behavior\BuildLiteBehavior [ RunTime:0.000010s ]
INFO: [ app_init ] --END-- [ RunTime:0.000433s ]
INFO: [ app_begin ] --START--
INFO: Run Behavior\ReadHtmlCacheBehavior [ RunTime:0.000607s ]
INFO: [ app_begin ] --END-- [ RunTime:0.000644s ]
SQL: SHOW COLUMNS FROM `vv_config` [ RunTime:0.0234s ]
SQL: SELECT * FROM `vv_config`  [ RunTime:0.0004s ]
NOTIC: [8] Undefined index: imei D:\wwwroot\demo.52jscn.com\Application\Home\Controller\HomeController.class.php 第 32 行.
NOTIC: [8] Undefined index: chapid D:\wwwroot\demo.52jscn.com\Application\Home\Controller\HomeController.class.php 第 42 行.
NOTIC: [8] unserialize(): Error at offset 75 of 79 bytes D:\wwwroot\demo.52jscn.com\Application\Home\Controller\HomeController.class.php 第 63 行.
NOTIC: [8] unserialize(): Error at offset 45 of 108 bytes D:\wwwroot\demo.52jscn.com\Application\Home\Controller\HomeController.class.php 第 63 行.
NOTIC: [8] Undefined index: user_id D:\wwwroot\demo.52jscn.com\Application\Home\Controller\HomeController.class.php 第 71 行.
SQL: SHOW COLUMNS FROM `vv_user` [ RunTime:0.0131s ]
SQL: SELECT * FROM `vv_user` WHERE `id` = 781 LIMIT 1   [ RunTime:0.0005s ]
NOTIC: [8] Use of undefined constant id - assumed 'id' D:\wwwroot\demo.52jscn.com\Application\Home\Controller\HomeController.class.php 第 129 行.
SQL: SHOW COLUMNS FROM `vv_data` [ RunTime:0.0158s ]
SQL: SELECT * FROM `vv_data` WHERE ( date=20190824 ) LIMIT 1   [ RunTime:0.0017s ]
SQL: SHOW COLUMNS FROM `vv_order` [ RunTime:0.0112s ]
SQL: SELECT COUNT(*) AS tp_count FROM `vv_order` WHERE `create_time` BETWEEN 1566576000 AND 1566662400 LIMIT 1   [ RunTime:0.0007s ]
SQL: SELECT SUM(money) AS tp_sum FROM `vv_order` WHERE `create_time` BETWEEN 1566576000 AND 1566662400 LIMIT 1   [ RunTime:0.0005s ]
SQL: SELECT COUNT(*) AS tp_count FROM `vv_user` WHERE ( sub_time between 1566576000 and 1566662400 ) LIMIT 1   [ RunTime:0.0016s ]
SQL: INSERT INTO `vv_data` (`orders`,`total`,`subs`,`date`) VALUES ('0','0','0','20190824') [ RunTime:0.0008s ]
NOTIC: [8] Undefined index: isopen D:\wwwroot\demo.52jscn.com\Application\Home\Controller\HomeController.class.php 第 175 行.
NOTIC: [8] Undefined variable: adsPic D:\wwwroot\demo.52jscn.com\Application\Home\Controller\HomeController.class.php 第 208 行.
NOTIC: [8] Undefined index: uid D:\wwwroot\demo.52jscn.com\Application\Home\Controller\HomeController.class.php 第 209 行.
SQL: SHOW COLUMNS FROM `vv_rlog` [ RunTime:0.0105s ]
SQL: SELECT * FROM `vv_rlog` WHERE `rid` = 115 AND `ji_no` = 1 AND `user_id` = 781 AND `type` = 'mh' LIMIT 1   [ RunTime:0.0006s ]
SQL: SHOW COLUMNS FROM `vv_mh_list` [ RunTime:0.0110s ]
SQL: SELECT * FROM `vv_mh_list` WHERE ( id=115 ) LIMIT 1   [ RunTime:0.0008s ]
SQL: SHOW COLUMNS FROM `vv_mh_episodes` [ RunTime:0.0108s ]
SQL: SELECT MAX(ji_no) AS tp_max FROM `vv_mh_episodes` WHERE `mhid` = '115' LIMIT 1   [ RunTime:0.0003s ]
SQL: SELECT * FROM `vv_user` LIMIT 1   [ RunTime:0.0005s ]
SQL: SHOW COLUMNS FROM `vv_read` [ RunTime:0.0107s ]
SQL: SELECT * FROM `vv_read` WHERE `rid` = 115 AND `user_id` = 781 AND `episodes` = 1 AND `type` = 'mh' LIMIT 1   [ RunTime:0.0007s ]
SQL: SELECT * FROM `vv_read` WHERE `rid` = 115 AND `user_id` = 781 AND `type` = 'mh' LIMIT 1   [ RunTime:0.0005s ]
SQL: SELECT * FROM `vv_mh_episodes` WHERE ( mhid=115 and ji_no=1 ) LIMIT 1   [ RunTime:0.0002s ]
SQL: SHOW COLUMNS FROM `vv_mh_likes` [ RunTime:0.0103s ]
SQL: SELECT * FROM `vv_mh_likes` WHERE ( mhid=115 and ji_no=1 and user_id=781 ) LIMIT 1   [ RunTime:0.0003s ]
SQL: SHOW COLUMNS FROM `vv_mh_collect` [ RunTime:0.0129s ]
NOTIC: [8] Undefined variable: bid D:\wwwroot\demo.52jscn.com\Application\Home\Controller\MhController.class.php 第 510 行.
SQL: SELECT * FROM `vv_mh_collect` WHERE `mhid` = null AND `user_id` = 781 AND `type` = 'mh' LIMIT 1   [ RunTime:0.0003s ]
NOTIC: [8] Undefined variable: arr_catename D:\wwwroot\demo.52jscn.com\Application\Home\Controller\MhController.class.php 第 530 行.
NOTIC: [8] Undefined variable: first D:\wwwroot\demo.52jscn.com\Application\Home\Controller\MhController.class.php 第 532 行.
NOTIC: [2] Missing argument 2 for Common\Util\ddwechat::setParam(), called in D:\wwwroot\demo.52jscn.com\Application\Home\Controller\MhController.class.php on line 544 and defined D:\wwwroot\demo.52jscn.com\Application\Common\Util\ddwechat.class.php 第 39 行.
INFO: [ view_parse ] --START--
INFO: [ template_filter ] --START--
INFO: Run Behavior\ContentReplaceBehavior [ RunTime:0.000369s ]
INFO: [ template_filter ] --END-- [ RunTime:0.000461s ]
SQL: SELECT `money` FROM `vv_mh_episodes` WHERE `ji_no` = 2 AND `mhid` = '115' LIMIT 1   [ RunTime:0.0006s ]
SQL: SHOW COLUMNS FROM `vv_mh_read` [ RunTime:0.0194s ]
SQL: SELECT * FROM `vv_mh_read` WHERE `ji_no` = 2 AND `mhid` = 115 AND `user_id` = 781 LIMIT 1   [ RunTime:0.0004s ]
NOTIC: [8] Undefined index: sub D:\wwwroot\demo.52jscn.com\Application\Runtime\Cache\Home\1bb88d270929fe4aa882b29da887ce88.php 第 98 行.
NOTIC: [8] Undefined index: sub D:\wwwroot\demo.52jscn.com\Application\Runtime\Cache\Home\1bb88d270929fe4aa882b29da887ce88.php 第 269 行.
NOTIC: [8] Undefined variable: info D:\wwwroot\demo.52jscn.com\Application\Runtime\Cache\Home\1bb88d270929fe4aa882b29da887ce88.php 第 335 行.
NOTIC: [8] Undefined index: thirdcode D:\wwwroot\demo.52jscn.com\Application\Runtime\Cache\Home\1bb88d270929fe4aa882b29da887ce88.php 第 390 行.
INFO: Run Behavior\ParseTemplateBehavior [ RunTime:0.047941s ]
INFO: [ view_parse ] --END-- [ RunTime:0.048023s ]
INFO: [ view_filter ] --START--
INFO: Run Behavior\WriteHtmlCacheBehavior [ RunTime:0.001179s ]
INFO: [ view_filter ] --END-- [ RunTime:0.001246s ]
INFO: [ app_end ] --START--
INFO: Run Behavior\ShowPageTraceBehavior [ RunTime:0.000987s ]
INFO: [ app_end ] --END-- [ RunTime:0.001056s ]

[ 2019-08-25T23:45:11+08:00 ] 127.0.0.1 /index.php?m=&c=Mh&a=inforedit&mhid=115&ji_no=1
INFO: [ app_init ] --START--
INFO: Run Behavior\BuildLiteBehavior [ RunTime:0.000009s ]
INFO: [ app_init ] --END-- [ RunTime:0.000733s ]
INFO: [ app_begin ] --START--
INFO: Run Behavior\ReadHtmlCacheBehavior [ RunTime:0.000977s ]
INFO: [ app_begin ] --END-- [ RunTime:0.001016s ]
SQL: SHOW COLUMNS FROM `vv_config` [ RunTime:0.0129s ]
SQL: SELECT * FROM `vv_config`  [ RunTime:0.0007s ]
NOTIC: [8] Undefined index: imei D:\wwwroot\demo.52jscn.com\Application\Home\Controller\HomeController.class.php 第 32 行.
NOTIC: [8] Undefined index: chapid D:\wwwroot\demo.52jscn.com\Application\Home\Controller\HomeController.class.php 第 42 行.
NOTIC: [8] unserialize(): Error at offset 75 of 79 bytes D:\wwwroot\demo.52jscn.com\Application\Home\Controller\HomeController.class.php 第 63 行.
NOTIC: [8] unserialize(): Error at offset 45 of 108 bytes D:\wwwroot\demo.52jscn.com\Application\Home\Controller\HomeController.class.php 第 63 行.
NOTIC: [8] Undefined index: user_id D:\wwwroot\demo.52jscn.com\Application\Home\Controller\HomeController.class.php 第 71 行.
SQL: SHOW COLUMNS FROM `vv_user` [ RunTime:0.0143s ]
SQL: SELECT * FROM `vv_user` WHERE `id` = 781 LIMIT 1   [ RunTime:0.0003s ]
NOTIC: [8] Use of undefined constant id - assumed 'id' D:\wwwroot\demo.52jscn.com\Application\Home\Controller\HomeController.class.php 第 129 行.
SQL: SHOW COLUMNS FROM `vv_data` [ RunTime:0.0162s ]
SQL: SELECT * FROM `vv_data` WHERE ( date=20190824 ) LIMIT 1   [ RunTime:0.0007s ]
NOTIC: [8] Undefined index: isopen D:\wwwroot\demo.52jscn.com\Application\Home\Controller\HomeController.class.php 第 175 行.
NOTIC: [8] Undefined variable: adsPic D:\wwwroot\demo.52jscn.com\Application\Home\Controller\HomeController.class.php 第 208 行.
NOTIC: [8] Undefined index: uid D:\wwwroot\demo.52jscn.com\Application\Home\Controller\HomeController.class.php 第 209 行.
SQL: SHOW COLUMNS FROM `vv_rlog` [ RunTime:0.0107s ]
SQL: SELECT * FROM `vv_rlog` WHERE `rid` = 115 AND `ji_no` = 1 AND `user_id` = 781 AND `type` = 'mh' LIMIT 1   [ RunTime:0.0004s ]
SQL: SHOW COLUMNS FROM `vv_mh_list` [ RunTime:0.0142s ]
SQL: SELECT * FROM `vv_mh_list` WHERE ( id=115 ) LIMIT 1   [ RunTime:0.0005s ]
SQL: SHOW COLUMNS FROM `vv_mh_episodes` [ RunTime:0.0108s ]
SQL: SELECT MAX(ji_no) AS tp_max FROM `vv_mh_episodes` WHERE `mhid` = '115' LIMIT 1   [ RunTime:0.0002s ]
SQL: SELECT * FROM `vv_user` LIMIT 1   [ RunTime:0.0003s ]
SQL: SHOW COLUMNS FROM `vv_read` [ RunTime:0.0104s ]
SQL: SELECT * FROM `vv_read` WHERE `rid` = 115 AND `user_id` = 781 AND `episodes` = 1 AND `type` = 'mh' LIMIT 1   [ RunTime:0.0002s ]
SQL: SELECT * FROM `vv_read` WHERE `rid` = 115 AND `user_id` = 781 AND `type` = 'mh' LIMIT 1   [ RunTime:0.0002s ]
SQL: SELECT * FROM `vv_mh_episodes` WHERE ( mhid=115 and ji_no=1 ) LIMIT 1   [ RunTime:0.0002s ]
SQL: SHOW COLUMNS FROM `vv_mh_likes` [ RunTime:0.0105s ]
SQL: SELECT * FROM `vv_mh_likes` WHERE ( mhid=115 and ji_no=1 and user_id=781 ) LIMIT 1   [ RunTime:0.0002s ]
SQL: SHOW COLUMNS FROM `vv_mh_collect` [ RunTime:0.0104s ]
NOTIC: [8] Undefined variable: bid D:\wwwroot\demo.52jscn.com\Application\Home\Controller\MhController.class.php 第 510 行.
SQL: SELECT * FROM `vv_mh_collect` WHERE `mhid` = null AND `user_id` = 781 AND `type` = 'mh' LIMIT 1   [ RunTime:0.0004s ]
NOTIC: [8] Undefined variable: arr_catename D:\wwwroot\demo.52jscn.com\Application\Home\Controller\MhController.class.php 第 530 行.
NOTIC: [8] Undefined variable: first D:\wwwroot\demo.52jscn.com\Application\Home\Controller\MhController.class.php 第 532 行.
NOTIC: [2] Missing argument 2 for Common\Util\ddwechat::setParam(), called in D:\wwwroot\demo.52jscn.com\Application\Home\Controller\MhController.class.php on line 544 and defined D:\wwwroot\demo.52jscn.com\Application\Common\Util\ddwechat.class.php 第 39 行.
INFO: [ view_parse ] --START--
INFO: [ template_filter ] --START--
INFO: Run Behavior\ContentReplaceBehavior [ RunTime:0.000245s ]
INFO: [ template_filter ] --END-- [ RunTime:0.000299s ]
SQL: SELECT `money` FROM `vv_mh_episodes` WHERE `ji_no` = 2 AND `mhid` = '115' LIMIT 1   [ RunTime:0.0003s ]
SQL: SHOW COLUMNS FROM `vv_mh_read` [ RunTime:0.0111s ]
SQL: SELECT * FROM `vv_mh_read` WHERE `ji_no` = 2 AND `mhid` = 115 AND `user_id` = 781 LIMIT 1   [ RunTime:0.0003s ]
NOTIC: [8] Undefined index: sub D:\wwwroot\demo.52jscn.com\Application\Runtime\Cache\Home\1bb88d270929fe4aa882b29da887ce88.php 第 98 行.
NOTIC: [8] Undefined index: sub D:\wwwroot\demo.52jscn.com\Application\Runtime\Cache\Home\1bb88d270929fe4aa882b29da887ce88.php 第 269 行.
NOTIC: [8] Undefined variable: info D:\wwwroot\demo.52jscn.com\Application\Runtime\Cache\Home\1bb88d270929fe4aa882b29da887ce88.php 第 335 行.
NOTIC: [8] Undefined index: thirdcode D:\wwwroot\demo.52jscn.com\Application\Runtime\Cache\Home\1bb88d270929fe4aa882b29da887ce88.php 第 390 行.
INFO: Run Behavior\ParseTemplateBehavior [ RunTime:0.034522s ]
INFO: [ view_parse ] --END-- [ RunTime:0.034578s ]
INFO: [ view_filter ] --START--
INFO: Run Behavior\WriteHtmlCacheBehavior [ RunTime:0.001197s ]
INFO: [ view_filter ] --END-- [ RunTime:0.001229s ]
INFO: [ app_end ] --START--
INFO: Run Behavior\ShowPageTraceBehavior [ RunTime:0.001028s ]
INFO: [ app_end ] --END-- [ RunTime:0.001072s ]

[ 2019-08-25T23:45:21+08:00 ] 127.0.0.1 /index.php?m=&c=Mh&a=bookinfo&mhid=115
INFO: [ app_init ] --START--
INFO: Run Behavior\BuildLiteBehavior [ RunTime:0.000009s ]
INFO: [ app_init ] --END-- [ RunTime:0.000422s ]
INFO: [ app_begin ] --START--
INFO: Run Behavior\ReadHtmlCacheBehavior [ RunTime:0.000591s ]
INFO: [ app_begin ] --END-- [ RunTime:0.000628s ]
SQL: SHOW COLUMNS FROM `vv_config` [ RunTime:0.0103s ]
SQL: SELECT * FROM `vv_config`  [ RunTime:0.0004s ]
NOTIC: [8] Undefined index: imei D:\wwwroot\demo.52jscn.com\Application\Home\Controller\HomeController.class.php 第 32 行.
NOTIC: [8] Undefined index: chapid D:\wwwroot\demo.52jscn.com\Application\Home\Controller\HomeController.class.php 第 42 行.
NOTIC: [8] unserialize(): Error at offset 75 of 79 bytes D:\wwwroot\demo.52jscn.com\Application\Home\Controller\HomeController.class.php 第 63 行.
NOTIC: [8] unserialize(): Error at offset 45 of 108 bytes D:\wwwroot\demo.52jscn.com\Application\Home\Controller\HomeController.class.php 第 63 行.
NOTIC: [8] Undefined index: user_id D:\wwwroot\demo.52jscn.com\Application\Home\Controller\HomeController.class.php 第 71 行.
SQL: SHOW COLUMNS FROM `vv_user` [ RunTime:0.0177s ]
SQL: SELECT * FROM `vv_user` WHERE `id` = 781 LIMIT 1   [ RunTime:0.0003s ]
NOTIC: [8] Use of undefined constant id - assumed 'id' D:\wwwroot\demo.52jscn.com\Application\Home\Controller\HomeController.class.php 第 129 行.
SQL: SHOW COLUMNS FROM `vv_data` [ RunTime:0.0118s ]
SQL: SELECT * FROM `vv_data` WHERE ( date=20190824 ) LIMIT 1   [ RunTime:0.0002s ]
NOTIC: [8] Undefined index: isopen D:\wwwroot\demo.52jscn.com\Application\Home\Controller\HomeController.class.php 第 175 行.
NOTIC: [8] Undefined variable: adsPic D:\wwwroot\demo.52jscn.com\Application\Home\Controller\HomeController.class.php 第 208 行.
NOTIC: [8] Undefined index: uid D:\wwwroot\demo.52jscn.com\Application\Home\Controller\HomeController.class.php 第 209 行.
SQL: SHOW COLUMNS FROM `vv_mh_list` [ RunTime:0.0092s ]
SQL: SELECT * FROM `vv_mh_list` WHERE ( id=115 ) LIMIT 1   [ RunTime:0.0003s ]
SQL: UPDATE `vv_mh_list` SET `reader`=reader+1 WHERE ( id=115 ) [ RunTime:0.0009s ]
SQL: SHOW COLUMNS FROM `vv_mh_collect` [ RunTime:0.0123s ]
SQL: SELECT * FROM `vv_mh_collect` WHERE `mhid` = 115 AND `user_id` = 781 AND `type` = 'mh' LIMIT 1   [ RunTime:0.0003s ]
SQL: SELECT * FROM `vv_user` LIMIT 1   [ RunTime:0.0003s ]
NOTIC: [8] Undefined index: vip_level D:\wwwroot\demo.52jscn.com\Application\Home\Controller\MhController.class.php 第 362 行.
SQL: SHOW COLUMNS FROM `vv_mh_episodes` [ RunTime:0.0095s ]
SQL: SELECT * FROM `vv_mh_episodes` WHERE ( mhid=115 ) ORDER BY ji_no asc LIMIT 1   [ RunTime:0.0018s ]
SQL: SELECT COUNT(*) AS tp_count FROM `vv_mh_episodes` WHERE `mhid` = '115' LIMIT 1   [ RunTime:0.0003s ]
SQL: SELECT * FROM `vv_mh_list` WHERE `id` <> '115' ORDER BY rand() LIMIT 6   [ RunTime:0.0183s ]
SQL: SHOW COLUMNS FROM `vv_comment` [ RunTime:0.0105s ]
SQL: SELECT * FROM `vv_comment` WHERE `cid` = 115 AND `type` = 'mh' ORDER BY create_time desc LIMIT 5   [ RunTime:0.0002s ]
SQL: SELECT COUNT(*) AS tp_count FROM `vv_comment` WHERE `cid` = 115 AND `type` = 'mh' LIMIT 1   [ RunTime:0.0002s ]
NOTIC: [2] Missing argument 2 for Common\Util\ddwechat::setParam(), called in D:\wwwroot\demo.52jscn.com\Application\Home\Controller\MhController.class.php on line 404 and defined D:\wwwroot\demo.52jscn.com\Application\Common\Util\ddwechat.class.php 第 39 行.
INFO: [ view_parse ] --START--
INFO: [ template_filter ] --START--
INFO: Run Behavior\ContentReplaceBehavior [ RunTime:0.000373s ]
INFO: [ template_filter ] --END-- [ RunTime:0.000451s ]
SQL: SELECT `money` FROM `vv_mh_episodes` WHERE `ji_no` = 1 AND `mhid` = '115' LIMIT 1   [ RunTime:0.0012s ]
SQL: SHOW COLUMNS FROM `vv_mh_read` [ RunTime:0.0171s ]
SQL: SELECT * FROM `vv_mh_read` WHERE `ji_no` = 1 AND `mhid` = 115 AND `user_id` = 781 LIMIT 1   [ RunTime:0.0003s ]
SQL: SELECT `money` FROM `vv_mh_episodes` WHERE `ji_no` = 2 AND `mhid` = '115' LIMIT 1   [ RunTime:0.0002s ]
SQL: SELECT * FROM `vv_mh_read` WHERE `ji_no` = 2 AND `mhid` = 115 AND `user_id` = 781 LIMIT 1   [ RunTime:0.0005s ]
SQL: SELECT `money` FROM `vv_mh_episodes` WHERE `ji_no` = 3 AND `mhid` = '115' LIMIT 1   [ RunTime:0.0013s ]
SQL: SELECT * FROM `vv_mh_read` WHERE `ji_no` = 3 AND `mhid` = 115 AND `user_id` = 781 LIMIT 1   [ RunTime:0.0006s ]
SQL: SELECT `money` FROM `vv_mh_episodes` WHERE `ji_no` = 4 AND `mhid` = '115' LIMIT 1   [ RunTime:0.0008s ]
SQL: SELECT * FROM `vv_mh_read` WHERE `ji_no` = 4 AND `mhid` = 115 AND `user_id` = 781 LIMIT 1   [ RunTime:0.0006s ]
SQL: SELECT `money` FROM `vv_mh_episodes` WHERE `ji_no` = 5 AND `mhid` = '115' LIMIT 1   [ RunTime:0.0010s ]
SQL: SELECT * FROM `vv_mh_read` WHERE `ji_no` = 5 AND `mhid` = 115 AND `user_id` = 781 LIMIT 1   [ RunTime:0.0004s ]
SQL: SELECT `money` FROM `vv_mh_episodes` WHERE `ji_no` = 6 AND `mhid` = '115' LIMIT 1   [ RunTime:0.0009s ]
SQL: SELECT * FROM `vv_mh_read` WHERE `ji_no` = 6 AND `mhid` = 115 AND `user_id` = 781 LIMIT 1   [ RunTime:0.0004s ]
SQL: SELECT `money` FROM `vv_mh_episodes` WHERE `ji_no` = 7 AND `mhid` = '115' LIMIT 1   [ RunTime:0.0012s ]
SQL: SELECT * FROM `vv_mh_read` WHERE `ji_no` = 7 AND `mhid` = 115 AND `user_id` = 781 LIMIT 1   [ RunTime:0.0004s ]
SQL: SELECT `money` FROM `vv_mh_episodes` WHERE `ji_no` = 8 AND `mhid` = '115' LIMIT 1   [ RunTime:0.0010s ]
SQL: SELECT * FROM `vv_mh_read` WHERE `ji_no` = 8 AND `mhid` = 115 AND `user_id` = 781 LIMIT 1   [ RunTime:0.0004s ]
SQL: SELECT `money` FROM `vv_mh_episodes` WHERE `ji_no` = 9 AND `mhid` = '115' LIMIT 1   [ RunTime:0.0009s ]
SQL: SELECT * FROM `vv_mh_read` WHERE `ji_no` = 9 AND `mhid` = 115 AND `user_id` = 781 LIMIT 1   [ RunTime:0.0004s ]
SQL: SELECT `money` FROM `vv_mh_episodes` WHERE `ji_no` = 10 AND `mhid` = '115' LIMIT 1   [ RunTime:0.0008s ]
SQL: SELECT * FROM `vv_mh_read` WHERE `ji_no` = 10 AND `mhid` = 115 AND `user_id` = 781 LIMIT 1   [ RunTime:0.0005s ]
SQL: SELECT `money` FROM `vv_mh_episodes` WHERE `ji_no` = 11 AND `mhid` = '115' LIMIT 1   [ RunTime:0.0009s ]
SQL: SELECT * FROM `vv_mh_read` WHERE `ji_no` = 11 AND `mhid` = 115 AND `user_id` = 781 LIMIT 1   [ RunTime:0.0003s ]
SQL: SELECT `money` FROM `vv_mh_episodes` WHERE `ji_no` = 12 AND `mhid` = '115' LIMIT 1   [ RunTime:0.0008s ]
SQL: SELECT * FROM `vv_mh_read` WHERE `ji_no` = 12 AND `mhid` = 115 AND `user_id` = 781 LIMIT 1   [ RunTime:0.0003s ]
SQL: SELECT `money` FROM `vv_mh_episodes` WHERE `ji_no` = 13 AND `mhid` = '115' LIMIT 1   [ RunTime:0.0006s ]
SQL: SELECT * FROM `vv_mh_read` WHERE `ji_no` = 13 AND `mhid` = 115 AND `user_id` = 781 LIMIT 1   [ RunTime:0.0004s ]
SQL: SELECT `money` FROM `vv_mh_episodes` WHERE `ji_no` = 14 AND `mhid` = '115' LIMIT 1   [ RunTime:0.0010s ]
SQL: SELECT * FROM `vv_mh_read` WHERE `ji_no` = 14 AND `mhid` = 115 AND `user_id` = 781 LIMIT 1   [ RunTime:0.0002s ]
SQL: SELECT `money` FROM `vv_mh_episodes` WHERE `ji_no` = 15 AND `mhid` = '115' LIMIT 1   [ RunTime:0.0006s ]
SQL: SELECT * FROM `vv_mh_read` WHERE `ji_no` = 15 AND `mhid` = 115 AND `user_id` = 781 LIMIT 1   [ RunTime:0.0002s ]
NOTIC: [8] Undefined index: xji D:\wwwroot\demo.52jscn.com\Application\Runtime\Cache\Home\f626f1f2dddf77c89a3bf69cec2c102a.php 第 229 行.
NOTIC: [8] Undefined index: isji D:\wwwroot\demo.52jscn.com\Application\Runtime\Cache\Home\f626f1f2dddf77c89a3bf69cec2c102a.php 第 234 行.
NOTIC: [8] Undefined index: thirdcode D:\wwwroot\demo.52jscn.com\Application\Runtime\Cache\Home\f626f1f2dddf77c89a3bf69cec2c102a.php 第 439 行.
INFO: Run Behavior\ParseTemplateBehavior [ RunTime:0.064040s ]
INFO: [ view_parse ] --END-- [ RunTime:0.064098s ]
INFO: [ view_filter ] --START--
INFO: Run Behavior\WriteHtmlCacheBehavior [ RunTime:0.000574s ]
INFO: [ view_filter ] --END-- [ RunTime:0.000604s ]
INFO: [ app_end ] --START--
INFO: Run Behavior\ShowPageTraceBehavior [ RunTime:0.000660s ]
INFO: [ app_end ] --END-- [ RunTime:0.000696s ]

[ 2019-08-25T23:45:23+08:00 ] 127.0.0.1 /index.php?m=&c=Book&a=LoadSend
INFO: [ app_init ] --START--
INFO: Run Behavior\BuildLiteBehavior [ RunTime:0.000011s ]
INFO: [ app_init ] --END-- [ RunTime:0.000451s ]
INFO: [ app_begin ] --START--
INFO: Run Behavior\ReadHtmlCacheBehavior [ RunTime:0.000643s ]
INFO: [ app_begin ] --END-- [ RunTime:0.000679s ]
SQL: SHOW COLUMNS FROM `vv_config` [ RunTime:0.0100s ]
SQL: SELECT * FROM `vv_config`  [ RunTime:0.0006s ]
NOTIC: [8] Undefined index: imei D:\wwwroot\demo.52jscn.com\Application\Home\Controller\HomeController.class.php 第 32 行.
NOTIC: [8] Undefined index: chapid D:\wwwroot\demo.52jscn.com\Application\Home\Controller\HomeController.class.php 第 42 行.
NOTIC: [8] unserialize(): Error at offset 75 of 79 bytes D:\wwwroot\demo.52jscn.com\Application\Home\Controller\HomeController.class.php 第 63 行.
NOTIC: [8] unserialize(): Error at offset 45 of 108 bytes D:\wwwroot\demo.52jscn.com\Application\Home\Controller\HomeController.class.php 第 63 行.
NOTIC: [8] Undefined index: user_id D:\wwwroot\demo.52jscn.com\Application\Home\Controller\HomeController.class.php 第 71 行.
SQL: SHOW COLUMNS FROM `vv_user` [ RunTime:0.0099s ]
SQL: SELECT * FROM `vv_user` WHERE `id` = 781 LIMIT 1   [ RunTime:0.0004s ]
NOTIC: [8] Use of undefined constant id - assumed 'id' D:\wwwroot\demo.52jscn.com\Application\Home\Controller\HomeController.class.php 第 129 行.
SQL: SHOW COLUMNS FROM `vv_data` [ RunTime:0.0090s ]
SQL: SELECT * FROM `vv_data` WHERE ( date=20190824 ) LIMIT 1   [ RunTime:0.0002s ]
NOTIC: [8] Undefined index: isopen D:\wwwroot\demo.52jscn.com\Application\Home\Controller\HomeController.class.php 第 175 行.
NOTIC: [8] Undefined variable: adsPic D:\wwwroot\demo.52jscn.com\Application\Home\Controller\HomeController.class.php 第 208 行.
NOTIC: [8] Undefined index: uid D:\wwwroot\demo.52jscn.com\Application\Home\Controller\HomeController.class.php 第 209 行.
SQL: SHOW COLUMNS FROM `vv_mxsend` [ RunTime:0.0125s ]
SQL: SELECT * FROM `vv_mxsend` WHERE `mxid` = 115 AND `type` = 'mh' ORDER BY create_time desc LIMIT 0,10   [ RunTime:0.0003s ]

[ 2019-08-25T23:45:25+08:00 ] 127.0.0.1 /index.php?m=&c=Mh&a=index
INFO: [ app_init ] --START--
INFO: Run Behavior\BuildLiteBehavior [ RunTime:0.000009s ]
INFO: [ app_init ] --END-- [ RunTime:0.000420s ]
INFO: [ app_begin ] --START--
INFO: Run Behavior\ReadHtmlCacheBehavior [ RunTime:0.000615s ]
INFO: [ app_begin ] --END-- [ RunTime:0.000657s ]
SQL: SHOW COLUMNS FROM `vv_config` [ RunTime:0.0116s ]
SQL: SELECT * FROM `vv_config`  [ RunTime:0.0005s ]
NOTIC: [8] Undefined index: imei D:\wwwroot\demo.52jscn.com\Application\Home\Controller\HomeController.class.php 第 32 行.
NOTIC: [8] Undefined index: chapid D:\wwwroot\demo.52jscn.com\Application\Home\Controller\HomeController.class.php 第 42 行.
NOTIC: [8] unserialize(): Error at offset 75 of 79 bytes D:\wwwroot\demo.52jscn.com\Application\Home\Controller\HomeController.class.php 第 63 行.
NOTIC: [8] unserialize(): Error at offset 45 of 108 bytes D:\wwwroot\demo.52jscn.com\Application\Home\Controller\HomeController.class.php 第 63 行.
NOTIC: [8] Undefined index: user_id D:\wwwroot\demo.52jscn.com\Application\Home\Controller\HomeController.class.php 第 71 行.
SQL: SHOW COLUMNS FROM `vv_user` [ RunTime:0.0166s ]
SQL: SELECT * FROM `vv_user` WHERE `id` = 781 LIMIT 1   [ RunTime:0.0005s ]
NOTIC: [8] Use of undefined constant id - assumed 'id' D:\wwwroot\demo.52jscn.com\Application\Home\Controller\HomeController.class.php 第 129 行.
SQL: SHOW COLUMNS FROM `vv_data` [ RunTime:0.0105s ]
SQL: SELECT * FROM `vv_data` WHERE ( date=20190824 ) LIMIT 1   [ RunTime:0.0004s ]
NOTIC: [8] Undefined index: isopen D:\wwwroot\demo.52jscn.com\Application\Home\Controller\HomeController.class.php 第 175 行.
NOTIC: [8] Undefined variable: adsPic D:\wwwroot\demo.52jscn.com\Application\Home\Controller\HomeController.class.php 第 208 行.
NOTIC: [8] Undefined index: uid D:\wwwroot\demo.52jscn.com\Application\Home\Controller\HomeController.class.php 第 209 行.
NOTIC: [8] Undefined index: sort D:\wwwroot\demo.52jscn.com\Application\Home\Controller\MhController.class.php 第 22 行.
SQL: SHOW COLUMNS FROM `vv_mh_list` [ RunTime:0.0118s ]
SQL: SELECT * FROM `vv_mh_list` WHERE `mhcate` LIKE '%5%' ORDER BY sort desc LIMIT 6   [ RunTime:0.0025s ]
NOTIC: [8] Undefined index: sort D:\wwwroot\demo.52jscn.com\Application\Home\Controller\MhController.class.php 第 22 行.
SQL: SELECT * FROM `vv_mh_list` WHERE `mhcate` LIKE '%6%' ORDER BY sort desc LIMIT 6   [ RunTime:0.0019s ]
NOTIC: [8] Undefined index: sort D:\wwwroot\demo.52jscn.com\Application\Home\Controller\MhController.class.php 第 22 行.
SQL: SELECT * FROM `vv_mh_list` WHERE `mhcate` LIKE '%7%' ORDER BY sort desc LIMIT 6   [ RunTime:0.0020s ]
NOTIC: [8] Undefined index: sort D:\wwwroot\demo.52jscn.com\Application\Home\Controller\MhController.class.php 第 22 行.
SQL: SELECT * FROM `vv_mh_list` WHERE `mhcate` LIKE '%8%' ORDER BY sort desc LIMIT 6   [ RunTime:0.0020s ]
NOTIC: [8] Undefined index: sort D:\wwwroot\demo.52jscn.com\Application\Home\Controller\MhController.class.php 第 22 行.
SQL: SELECT * FROM `vv_mh_list` WHERE `mhcate` LIKE '%9%' ORDER BY sort desc LIMIT 6   [ RunTime:0.0020s ]
SQL: SELECT * FROM `vv_mh_list` WHERE `free_type` = 1 ORDER BY sort desc  [ RunTime:0.0017s ]
NOTIC: [2] Missing argument 2 for Common\Util\ddwechat::setParam(), called in D:\wwwroot\demo.52jscn.com\Application\Home\Controller\MhController.class.php on line 31 and defined D:\wwwroot\demo.52jscn.com\Application\Common\Util\ddwechat.class.php 第 39 行.
INFO: [ view_parse ] --START--
INFO: [ template_filter ] --START--
INFO: Run Behavior\ContentReplaceBehavior [ RunTime:0.000128s ]
INFO: [ template_filter ] --END-- [ RunTime:0.000193s ]
NOTIC: [8] Undefined variable: share D:\wwwroot\demo.52jscn.com\Application\Runtime\Cache\Home\67199abba7efdab949490dffef721944.php 第 209 行.
NOTIC: [8] Undefined variable: share D:\wwwroot\demo.52jscn.com\Application\Runtime\Cache\Home\67199abba7efdab949490dffef721944.php 第 210 行.
NOTIC: [8] Undefined variable: share D:\wwwroot\demo.52jscn.com\Application\Runtime\Cache\Home\67199abba7efdab949490dffef721944.php 第 211 行.
NOTIC: [8] Undefined index: thirdcode D:\wwwroot\demo.52jscn.com\Application\Runtime\Cache\Home\67199abba7efdab949490dffef721944.php 第 258 行.
INFO: Run Behavior\ParseTemplateBehavior [ RunTime:0.015185s ]
INFO: [ view_parse ] --END-- [ RunTime:0.015231s ]
INFO: [ view_filter ] --START--
INFO: Run Behavior\WriteHtmlCacheBehavior [ RunTime:0.000567s ]
INFO: [ view_filter ] --END-- [ RunTime:0.000601s ]
INFO: [ app_end ] --START--
INFO: Run Behavior\ShowPageTraceBehavior [ RunTime:0.001080s ]
INFO: [ app_end ] --END-- [ RunTime:0.001159s ]

[ 2019-08-25T23:45:34+08:00 ] 127.0.0.1 /index.php?m=&c=Mh&a=mhlist&cate=9
INFO: [ app_init ] --START--
INFO: Run Behavior\BuildLiteBehavior [ RunTime:0.000009s ]
INFO: [ app_init ] --END-- [ RunTime:0.000419s ]
INFO: [ app_begin ] --START--
INFO: Run Behavior\ReadHtmlCacheBehavior [ RunTime:0.000565s ]
INFO: [ app_begin ] --END-- [ RunTime:0.000600s ]
SQL: SHOW COLUMNS FROM `vv_config` [ RunTime:0.0301s ]
SQL: SELECT * FROM `vv_config`  [ RunTime:0.0005s ]
NOTIC: [8] Undefined index: imei D:\wwwroot\demo.52jscn.com\Application\Home\Controller\HomeController.class.php 第 32 行.
NOTIC: [8] Undefined index: chapid D:\wwwroot\demo.52jscn.com\Application\Home\Controller\HomeController.class.php 第 42 行.
NOTIC: [8] unserialize(): Error at offset 75 of 79 bytes D:\wwwroot\demo.52jscn.com\Application\Home\Controller\HomeController.class.php 第 63 行.
NOTIC: [8] unserialize(): Error at offset 45 of 108 bytes D:\wwwroot\demo.52jscn.com\Application\Home\Controller\HomeController.class.php 第 63 行.
NOTIC: [8] Undefined index: user_id D:\wwwroot\demo.52jscn.com\Application\Home\Controller\HomeController.class.php 第 71 行.
SQL: SHOW COLUMNS FROM `vv_user` [ RunTime:0.0159s ]
SQL: SELECT * FROM `vv_user` WHERE `id` = 781 LIMIT 1   [ RunTime:0.0005s ]
NOTIC: [8] Use of undefined constant id - assumed 'id' D:\wwwroot\demo.52jscn.com\Application\Home\Controller\HomeController.class.php 第 129 行.
SQL: SHOW COLUMNS FROM `vv_data` [ RunTime:0.0142s ]
SQL: SELECT * FROM `vv_data` WHERE ( date=20190824 ) LIMIT 1   [ RunTime:0.0005s ]
NOTIC: [8] Undefined index: isopen D:\wwwroot\demo.52jscn.com\Application\Home\Controller\HomeController.class.php 第 175 行.
NOTIC: [8] Undefined variable: adsPic D:\wwwroot\demo.52jscn.com\Application\Home\Controller\HomeController.class.php 第 208 行.
NOTIC: [8] Undefined index: uid D:\wwwroot\demo.52jscn.com\Application\Home\Controller\HomeController.class.php 第 209 行.
SQL: SHOW COLUMNS FROM `vv_mh_list` [ RunTime:0.0104s ]
SQL: SELECT * FROM `vv_mh_list` WHERE `mhcate` LIKE '%9%' ORDER BY sort desc LIMIT 50   [ RunTime:0.0031s ]
INFO: [ view_parse ] --START--
INFO: [ template_filter ] --START--
INFO: Run Behavior\ContentReplaceBehavior [ RunTime:0.000255s ]
INFO: [ template_filter ] --END-- [ RunTime:0.000333s ]
NOTIC: [8] Undefined index: arr_catename D:\wwwroot\demo.52jscn.com\Application\Runtime\Cache\Home\d0581a9e947ddfc8b26b798bd6083a2a.php 第 119 行.
NOTIC: [8] Undefined index: arr_catename D:\wwwroot\demo.52jscn.com\Application\Runtime\Cache\Home\d0581a9e947ddfc8b26b798bd6083a2a.php 第 119 行.
NOTIC: [8] Undefined index: arr_catename D:\wwwroot\demo.52jscn.com\Application\Runtime\Cache\Home\d0581a9e947ddfc8b26b798bd6083a2a.php 第 119 行.
NOTIC: [8] Undefined index: arr_catename D:\wwwroot\demo.52jscn.com\Application\Runtime\Cache\Home\d0581a9e947ddfc8b26b798bd6083a2a.php 第 119 行.
NOTIC: [8] Undefined index: arr_catename D:\wwwroot\demo.52jscn.com\Application\Runtime\Cache\Home\d0581a9e947ddfc8b26b798bd6083a2a.php 第 119 行.
NOTIC: [8] Undefined index: arr_catename D:\wwwroot\demo.52jscn.com\Application\Runtime\Cache\Home\d0581a9e947ddfc8b26b798bd6083a2a.php 第 119 行.
NOTIC: [8] Undefined index: arr_catename D:\wwwroot\demo.52jscn.com\Application\Runtime\Cache\Home\d0581a9e947ddfc8b26b798bd6083a2a.php 第 119 行.
NOTIC: [8] Undefined index: arr_catename D:\wwwroot\demo.52jscn.com\Application\Runtime\Cache\Home\d0581a9e947ddfc8b26b798bd6083a2a.php 第 119 行.
NOTIC: [8] Undefined index: arr_catename D:\wwwroot\demo.52jscn.com\Application\Runtime\Cache\Home\d0581a9e947ddfc8b26b798bd6083a2a.php 第 119 行.
NOTIC: [8] Undefined index: arr_catename D:\wwwroot\demo.52jscn.com\Application\Runtime\Cache\Home\d0581a9e947ddfc8b26b798bd6083a2a.php 第 119 行.
NOTIC: [8] Undefined index: arr_catename D:\wwwroot\demo.52jscn.com\Application\Runtime\Cache\Home\d0581a9e947ddfc8b26b798bd6083a2a.php 第 119 行.
NOTIC: [8] Undefined index: arr_catename D:\wwwroot\demo.52jscn.com\Application\Runtime\Cache\Home\d0581a9e947ddfc8b26b798bd6083a2a.php 第 119 行.
NOTIC: [8] Undefined index: arr_catename D:\wwwroot\demo.52jscn.com\Application\Runtime\Cache\Home\d0581a9e947ddfc8b26b798bd6083a2a.php 第 119 行.
NOTIC: [8] Undefined index: arr_catename D:\wwwroot\demo.52jscn.com\Application\Runtime\Cache\Home\d0581a9e947ddfc8b26b798bd6083a2a.php 第 119 行.
NOTIC: [8] Undefined index: arr_catename D:\wwwroot\demo.52jscn.com\Application\Runtime\Cache\Home\d0581a9e947ddfc8b26b798bd6083a2a.php 第 119 行.
NOTIC: [8] Undefined index: arr_catename D:\wwwroot\demo.52jscn.com\Application\Runtime\Cache\Home\d0581a9e947ddfc8b26b798bd6083a2a.php 第 119 行.
NOTIC: [8] Undefined index: arr_catename D:\wwwroot\demo.52jscn.com\Application\Runtime\Cache\Home\d0581a9e947ddfc8b26b798bd6083a2a.php 第 119 行.
NOTIC: [8] Undefined index: arr_catename D:\wwwroot\demo.52jscn.com\Application\Runtime\Cache\Home\d0581a9e947ddfc8b26b798bd6083a2a.php 第 119 行.
NOTIC: [8] Undefined index: arr_catename D:\wwwroot\demo.52jscn.com\Application\Runtime\Cache\Home\d0581a9e947ddfc8b26b798bd6083a2a.php 第 119 行.
NOTIC: [8] Undefined index: arr_catename D:\wwwroot\demo.52jscn.com\Application\Runtime\Cache\Home\d0581a9e947ddfc8b26b798bd6083a2a.php 第 119 行.
NOTIC: [8] Undefined index: arr_catename D:\wwwroot\demo.52jscn.com\Application\Runtime\Cache\Home\d0581a9e947ddfc8b26b798bd6083a2a.php 第 119 行.
NOTIC: [8] Undefined index: arr_catename D:\wwwroot\demo.52jscn.com\Application\Runtime\Cache\Home\d0581a9e947ddfc8b26b798bd6083a2a.php 第 119 行.
NOTIC: [8] Undefined index: arr_catename D:\wwwroot\demo.52jscn.com\Application\Runtime\Cache\Home\d0581a9e947ddfc8b26b798bd6083a2a.php 第 119 行.
NOTIC: [8] Undefined index: arr_catename D:\wwwroot\demo.52jscn.com\Application\Runtime\Cache\Home\d0581a9e947ddfc8b26b798bd6083a2a.php 第 119 行.
NOTIC: [8] Undefined index: arr_catename D:\wwwroot\demo.52jscn.com\Application\Runtime\Cache\Home\d0581a9e947ddfc8b26b798bd6083a2a.php 第 119 行.
NOTIC: [8] Undefined index: arr_catename D:\wwwroot\demo.52jscn.com\Application\Runtime\Cache\Home\d0581a9e947ddfc8b26b798bd6083a2a.php 第 119 行.
NOTIC: [8] Undefined index: arr_catename D:\wwwroot\demo.52jscn.com\Application\Runtime\Cache\Home\d0581a9e947ddfc8b26b798bd6083a2a.php 第 119 行.
NOTIC: [8] Undefined index: arr_catename D:\wwwroot\demo.52jscn.com\Application\Runtime\Cache\Home\d0581a9e947ddfc8b26b798bd6083a2a.php 第 119 行.
NOTIC: [8] Undefined index: arr_catename D:\wwwroot\demo.52jscn.com\Application\Runtime\Cache\Home\d0581a9e947ddfc8b26b798bd6083a2a.php 第 119 行.
NOTIC: [8] Undefined index: arr_catename D:\wwwroot\demo.52jscn.com\Application\Runtime\Cache\Home\d0581a9e947ddfc8b26b798bd6083a2a.php 第 119 行.
NOTIC: [8] Undefined index: arr_catename D:\wwwroot\demo.52jscn.com\Application\Runtime\Cache\Home\d0581a9e947ddfc8b26b798bd6083a2a.php 第 119 行.
NOTIC: [8] Undefined index: arr_catename D:\wwwroot\demo.52jscn.com\Application\Runtime\Cache\Home\d0581a9e947ddfc8b26b798bd6083a2a.php 第 119 行.
NOTIC: [8] Undefined index: arr_catename D:\wwwroot\demo.52jscn.com\Application\Runtime\Cache\Home\d0581a9e947ddfc8b26b798bd6083a2a.php 第 119 行.
NOTIC: [8] Undefined index: arr_catename D:\wwwroot\demo.52jscn.com\Application\Runtime\Cache\Home\d0581a9e947ddfc8b26b798bd6083a2a.php 第 119 行.
NOTIC: [8] Undefined index: arr_catename D:\wwwroot\demo.52jscn.com\Application\Runtime\Cache\Home\d0581a9e947ddfc8b26b798bd6083a2a.php 第 119 行.
NOTIC: [8] Undefined index: arr_catename D:\wwwroot\demo.52jscn.com\Application\Runtime\Cache\Home\d0581a9e947ddfc8b26b798bd6083a2a.php 第 119 行.
NOTIC: [8] Undefined index: arr_catename D:\wwwroot\demo.52jscn.com\Application\Runtime\Cache\Home\d0581a9e947ddfc8b26b798bd6083a2a.php 第 119 行.
NOTIC: [8] Undefined index: arr_catename D:\wwwroot\demo.52jscn.com\Application\Runtime\Cache\Home\d0581a9e947ddfc8b26b798bd6083a2a.php 第 119 行.
NOTIC: [8] Undefined index: arr_catename D:\wwwroot\demo.52jscn.com\Application\Runtime\Cache\Home\d0581a9e947ddfc8b26b798bd6083a2a.php 第 119 行.
NOTIC: [8] Undefined index: arr_catename D:\wwwroot\demo.52jscn.com\Application\Runtime\Cache\Home\d0581a9e947ddfc8b26b798bd6083a2a.php 第 119 行.
NOTIC: [8] Undefined index: arr_catename D:\wwwroot\demo.52jscn.com\Application\Runtime\Cache\Home\d0581a9e947ddfc8b26b798bd6083a2a.php 第 119 行.
NOTIC: [8] Undefined index: arr_catename D:\wwwroot\demo.52jscn.com\Application\Runtime\Cache\Home\d0581a9e947ddfc8b26b798bd6083a2a.php 第 119 行.
NOTIC: [8] Undefined index: arr_catename D:\wwwroot\demo.52jscn.com\Application\Runtime\Cache\Home\d0581a9e947ddfc8b26b798bd6083a2a.php 第 119 行.
NOTIC: [8] Undefined index: arr_catename D:\wwwroot\demo.52jscn.com\Application\Runtime\Cache\Home\d0581a9e947ddfc8b26b798bd6083a2a.php 第 119 行.
NOTIC: [8] Undefined index: arr_catename D:\wwwroot\demo.52jscn.com\Application\Runtime\Cache\Home\d0581a9e947ddfc8b26b798bd6083a2a.php 第 119 行.
NOTIC: [8] Undefined index: arr_catename D:\wwwroot\demo.52jscn.com\Application\Runtime\Cache\Home\d0581a9e947ddfc8b26b798bd6083a2a.php 第 119 行.
NOTIC: [8] Undefined index: arr_catename D:\wwwroot\demo.52jscn.com\Application\Runtime\Cache\Home\d0581a9e947ddfc8b26b798bd6083a2a.php 第 119 行.
NOTIC: [8] Undefined index: arr_catename D:\wwwroot\demo.52jscn.com\Application\Runtime\Cache\Home\d0581a9e947ddfc8b26b798bd6083a2a.php 第 119 行.
NOTIC: [8] Undefined index: arr_catename D:\wwwroot\demo.52jscn.com\Application\Runtime\Cache\Home\d0581a9e947ddfc8b26b798bd6083a2a.php 第 119 行.
NOTIC: [8] Undefined index: arr_catename D:\wwwroot\demo.52jscn.com\Application\Runtime\Cache\Home\d0581a9e947ddfc8b26b798bd6083a2a.php 第 119 行.
NOTIC: [8] Undefined variable: share D:\wwwroot\demo.52jscn.com\Application\Runtime\Cache\Home\d0581a9e947ddfc8b26b798bd6083a2a.php 第 251 行.
NOTIC: [8] Undefined variable: share D:\wwwroot\demo.52jscn.com\Application\Runtime\Cache\Home\d0581a9e947ddfc8b26b798bd6083a2a.php 第 252 行.
NOTIC: [8] Undefined variable: share D:\wwwroot\demo.52jscn.com\Application\Runtime\Cache\Home\d0581a9e947ddfc8b26b798bd6083a2a.php 第 253 行.
NOTIC: [8] Undefined variable: jssdk D:\wwwroot\demo.52jscn.com\Application\Runtime\Cache\Home\d0581a9e947ddfc8b26b798bd6083a2a.php 第 256 行.
NOTIC: [8] Undefined variable: jssdk D:\wwwroot\demo.52jscn.com\Application\Runtime\Cache\Home\d0581a9e947ddfc8b26b798bd6083a2a.php 第 257 行.
NOTIC: [8] Undefined variable: jssdk D:\wwwroot\demo.52jscn.com\Application\Runtime\Cache\Home\d0581a9e947ddfc8b26b798bd6083a2a.php 第 258 行.
NOTIC: [8] Undefined variable: jssdk D:\wwwroot\demo.52jscn.com\Application\Runtime\Cache\Home\d0581a9e947ddfc8b26b798bd6083a2a.php 第 259 行.
NOTIC: [8] Undefined index: thirdcode D:\wwwroot\demo.52jscn.com\Application\Runtime\Cache\Home\d0581a9e947ddfc8b26b798bd6083a2a.php 第 300 行.
INFO: Run Behavior\ParseTemplateBehavior [ RunTime:0.018536s ]
INFO: [ view_parse ] --END-- [ RunTime:0.018592s ]
INFO: [ view_filter ] --START--
INFO: Run Behavior\WriteHtmlCacheBehavior [ RunTime:0.000421s ]
INFO: [ view_filter ] --END-- [ RunTime:0.000453s ]
INFO: [ app_end ] --START--
INFO: Run Behavior\ShowPageTraceBehavior [ RunTime:0.000673s ]
INFO: [ app_end ] --END-- [ RunTime:0.000716s ]

