[ 2019-02-13T21:44:28+08:00 ] 127.0.0.1 /
INFO: [ app_init ] --START--
INFO: Run Behavior\BuildLiteBehavior [ RunTime:0.000022s ]
INFO: [ app_init ] --END-- [ RunTime:0.001644s ]
INFO: [ app_begin ] --START--
INFO: Run Behavior\ReadHtmlCacheBehavior [ RunTime:0.001721s ]
INFO: [ app_begin ] --END-- [ RunTime:0.001767s ]
SQL: SHOW COLUMNS FROM `vv_config` [ RunTime:0.0077s ]
SQL: SELECT * FROM `vv_config`  [ RunTime:0.0003s ]
NOTIC: [8] Undefined index: imei C:\Users\lwg\Desktop\1\Application\Home\Controller\HomeController.class.php 第 32 行.
NOTIC: [8] Undefined index: chapid C:\Users\lwg\Desktop\1\Application\Home\Controller\HomeController.class.php 第 42 行.
NOTIC: [8] unserialize(): Error at offset 75 of 79 bytes C:\Users\lwg\Desktop\1\Application\Home\Controller\HomeController.class.php 第 63 行.
NOTIC: [8] unserialize(): Error at offset 45 of 108 bytes C:\Users\lwg\Desktop\1\Application\Home\Controller\HomeController.class.php 第 63 行.
NOTIC: [8] Undefined index: user_id C:\Users\lwg\Desktop\1\Application\Home\Controller\HomeController.class.php 第 71 行.
NOTIC: [8] Undefined index: parent C:\Users\lwg\Desktop\1\Application\Home\Controller\HomeController.class.php 第 132 行.
NOTIC: [8] Undefined index: uloginid C:\Users\lwg\Desktop\1\Application\Home\Controller\HomeController.class.php 第 141 行.
NOTIC: [8] Undefined index: zidongzhuce C:\Users\lwg\Desktop\1\Application\Home\Controller\HomeController.class.php 第 149 行.
SQL: SHOW COLUMNS FROM `vv_data` [ RunTime:0.0076s ]
SQL: SELECT * FROM `vv_data` WHERE ( date=20190212 ) LIMIT 1   [ RunTime:0.0002s ]
SQL: SHOW COLUMNS FROM `vv_order` [ RunTime:0.0077s ]
SQL: SELECT COUNT(*) AS tp_count FROM `vv_order` WHERE `create_time` BETWEEN 1549900800 AND 1549987200 LIMIT 1   [ RunTime:0.0002s ]
SQL: SELECT SUM(money) AS tp_sum FROM `vv_order` WHERE `create_time` BETWEEN 1549900800 AND 1549987200 LIMIT 1   [ RunTime:0.0001s ]
SQL: SHOW COLUMNS FROM `vv_user` [ RunTime:0.0079s ]
SQL: SELECT COUNT(*) AS tp_count FROM `vv_user` WHERE ( sub_time between 1549900800 and 1549987200 ) LIMIT 1   [ RunTime:0.0002s ]
SQL: INSERT INTO `vv_data` (`orders`,`total`,`subs`,`date`) VALUES ('0','0','0','20190212') [ RunTime:0.0003s ]
NOTIC: [8] Undefined index: isopen C:\Users\lwg\Desktop\1\Application\Home\Controller\HomeController.class.php 第 175 行.
NOTIC: [8] Undefined variable: adsPic C:\Users\lwg\Desktop\1\Application\Home\Controller\HomeController.class.php 第 208 行.
NOTIC: [8] Undefined index: uid C:\Users\lwg\Desktop\1\Application\Home\Controller\HomeController.class.php 第 209 行.
NOTIC: [8] Undefined index: sort C:\Users\lwg\Desktop\1\Application\Home\Controller\MhController.class.php 第 23 行.
SQL: SHOW COLUMNS FROM `vv_mh_list` [ RunTime:0.0080s ]
SQL: SELECT * FROM `vv_mh_list` WHERE `mhcate` LIKE '%5%' ORDER BY sort desc LIMIT 6   [ RunTime:0.0002s ]
NOTIC: [8] Undefined index: sort C:\Users\lwg\Desktop\1\Application\Home\Controller\MhController.class.php 第 23 行.
SQL: SELECT * FROM `vv_mh_list` WHERE `mhcate` LIKE '%6%' ORDER BY sort desc LIMIT 6   [ RunTime:0.0002s ]
NOTIC: [8] Undefined index: sort C:\Users\lwg\Desktop\1\Application\Home\Controller\MhController.class.php 第 23 行.
SQL: SELECT * FROM `vv_mh_list` WHERE `mhcate` LIKE '%7%' ORDER BY sort desc LIMIT 6   [ RunTime:0.0002s ]
NOTIC: [8] Undefined index: sort C:\Users\lwg\Desktop\1\Application\Home\Controller\MhController.class.php 第 23 行.
SQL: SELECT * FROM `vv_mh_list` WHERE `mhcate` LIKE '%8%' ORDER BY sort desc LIMIT 6   [ RunTime:0.0002s ]
NOTIC: [8] Undefined index: sort C:\Users\lwg\Desktop\1\Application\Home\Controller\MhController.class.php 第 23 行.
SQL: SELECT * FROM `vv_mh_list` WHERE `mhcate` LIKE '%9%' ORDER BY sort desc LIMIT 6   [ RunTime:0.0002s ]
NOTIC: [8] Undefined index: sort C:\Users\lwg\Desktop\1\Application\Home\Controller\MhController.class.php 第 23 行.
SQL: SELECT * FROM `vv_mh_list` WHERE `mhcate` LIKE '%10%' ORDER BY sort desc LIMIT 6   [ RunTime:0.0002s ]
NOTIC: [8] Undefined index: sort C:\Users\lwg\Desktop\1\Application\Home\Controller\MhController.class.php 第 23 行.
SQL: SELECT * FROM `vv_mh_list` WHERE `mhcate` LIKE '%11%' ORDER BY sort desc LIMIT 6   [ RunTime:0.0002s ]
NOTIC: [8] Undefined index: sort C:\Users\lwg\Desktop\1\Application\Home\Controller\MhController.class.php 第 23 行.
SQL: SELECT * FROM `vv_mh_list` WHERE `mhcate` LIKE '%12%' ORDER BY sort desc LIMIT 6   [ RunTime:0.0002s ]
SQL: SELECT * FROM `vv_mh_list` WHERE `free_type` = 1 ORDER BY sort desc  [ RunTime:0.0002s ]
NOTIC: [2] Missing argument 2 for Common\Util\ddwechat::setParam(), called in C:\Users\lwg\Desktop\1\Application\Home\Controller\MhController.class.php on line 32 and defined C:\Users\lwg\Desktop\1\Application\Common\Util\ddwechat.class.php 第 39 行.
INFO: [ view_parse ] --START--
INFO: [ template_filter ] --START--
INFO: Run Behavior\ContentReplaceBehavior [ RunTime:0.000091s ]
INFO: [ template_filter ] --END-- [ RunTime:0.000128s ]
NOTIC: [8] Undefined variable: share C:\Users\lwg\Desktop\1\Application\Runtime\Cache\Home\67199abba7efdab949490dffef721944.php 第 203 行.
NOTIC: [8] Undefined variable: share C:\Users\lwg\Desktop\1\Application\Runtime\Cache\Home\67199abba7efdab949490dffef721944.php 第 204 行.
NOTIC: [8] Undefined variable: share C:\Users\lwg\Desktop\1\Application\Runtime\Cache\Home\67199abba7efdab949490dffef721944.php 第 205 行.
NOTIC: [8] Undefined index: thirdcode C:\Users\lwg\Desktop\1\Application\Runtime\Cache\Home\67199abba7efdab949490dffef721944.php 第 252 行.
INFO: Run Behavior\ParseTemplateBehavior [ RunTime:0.019308s ]
INFO: [ view_parse ] --END-- [ RunTime:0.019348s ]
INFO: [ view_filter ] --START--
INFO: Run Behavior\WriteHtmlCacheBehavior [ RunTime:0.001317s ]
INFO: [ view_filter ] --END-- [ RunTime:0.001345s ]
INFO: [ app_end ] --START--
INFO: Run Behavior\ShowPageTraceBehavior [ RunTime:0.001553s ]
INFO: [ app_end ] --END-- [ RunTime:0.001592s ]

[ 2019-02-13T21:44:41+08:00 ] 127.0.0.1 /index.php?m=&c=Mh&a=my
INFO: [ app_init ] --START--
INFO: Run Behavior\BuildLiteBehavior [ RunTime:0.000011s ]
INFO: [ app_init ] --END-- [ RunTime:0.000670s ]
INFO: [ app_begin ] --START--
INFO: Run Behavior\ReadHtmlCacheBehavior [ RunTime:0.001993s ]
INFO: [ app_begin ] --END-- [ RunTime:0.002094s ]
SQL: SHOW COLUMNS FROM `vv_config` [ RunTime:0.0271s ]
SQL: SELECT * FROM `vv_config`  [ RunTime:0.0009s ]
NOTIC: [8] Undefined index: imei C:\Users\lwg\Desktop\1\Application\Home\Controller\HomeController.class.php 第 32 行.
NOTIC: [8] Undefined index: chapid C:\Users\lwg\Desktop\1\Application\Home\Controller\HomeController.class.php 第 42 行.
NOTIC: [8] unserialize(): Error at offset 75 of 79 bytes C:\Users\lwg\Desktop\1\Application\Home\Controller\HomeController.class.php 第 63 行.
NOTIC: [8] unserialize(): Error at offset 45 of 108 bytes C:\Users\lwg\Desktop\1\Application\Home\Controller\HomeController.class.php 第 63 行.
NOTIC: [8] Undefined index: user_id C:\Users\lwg\Desktop\1\Application\Home\Controller\HomeController.class.php 第 71 行.
NOTIC: [8] Undefined index: parent C:\Users\lwg\Desktop\1\Application\Home\Controller\HomeController.class.php 第 132 行.
NOTIC: [8] Undefined index: uloginid C:\Users\lwg\Desktop\1\Application\Home\Controller\HomeController.class.php 第 141 行.
NOTIC: [8] Undefined index: zidongzhuce C:\Users\lwg\Desktop\1\Application\Home\Controller\HomeController.class.php 第 149 行.
NOTIC: [8] Undefined index: parent C:\Users\lwg\Desktop\1\Application\Home\Controller\HomeController.class.php 第 169 行.

[ 2019-02-13T21:44:42+08:00 ] 127.0.0.1 /index.php?m=&c=MhPublic&a=binding&fr=aHR0cDovLzEyNy4wLjAuMS9pbmRleC5waHA%2FbT0mYz1NaCZhPW15
INFO: [ app_init ] --START--
INFO: Run Behavior\BuildLiteBehavior [ RunTime:0.000014s ]
INFO: [ app_init ] --END-- [ RunTime:0.000574s ]
INFO: [ app_begin ] --START--
INFO: Run Behavior\ReadHtmlCacheBehavior [ RunTime:0.001526s ]
INFO: [ app_begin ] --END-- [ RunTime:0.001606s ]
SQL: SHOW COLUMNS FROM `vv_config` [ RunTime:0.0094s ]
SQL: SELECT * FROM `vv_config`  [ RunTime:0.0003s ]
NOTIC: [8] unserialize(): Error at offset 75 of 79 bytes C:\Users\lwg\Desktop\1\Application\Home\Controller\MhHomeController.class.php 第 13 行.
NOTIC: [8] unserialize(): Error at offset 45 of 108 bytes C:\Users\lwg\Desktop\1\Application\Home\Controller\MhHomeController.class.php 第 13 行.
NOTIC: [8] Undefined index: user_id C:\Users\lwg\Desktop\1\Application\Home\Controller\MhHomeController.class.php 第 21 行.
NOTIC: [2] Missing argument 2 for Common\Util\ddwechat::setParam(), called in C:\Users\lwg\Desktop\1\Application\Home\Controller\MhHomeController.class.php on line 64 and defined C:\Users\lwg\Desktop\1\Application\Common\Util\ddwechat.class.php 第 39 行.
INFO: [ view_parse ] --START--
INFO: [ template_filter ] --START--
INFO: Run Behavior\ContentReplaceBehavior [ RunTime:0.000040s ]
INFO: [ template_filter ] --END-- [ RunTime:0.000078s ]
INFO: Run Behavior\ParseTemplateBehavior [ RunTime:0.016375s ]
INFO: [ view_parse ] --END-- [ RunTime:0.016449s ]
INFO: [ view_filter ] --START--
INFO: Run Behavior\WriteHtmlCacheBehavior [ RunTime:0.001940s ]
INFO: [ view_filter ] --END-- [ RunTime:0.001979s ]
INFO: [ app_end ] --START--
INFO: Run Behavior\ShowPageTraceBehavior [ RunTime:0.001892s ]
INFO: [ app_end ] --END-- [ RunTime:0.001929s ]

[ 2019-02-13T21:45:50+08:00 ] 127.0.0.1 /
INFO: [ app_init ] --START--
INFO: Run Behavior\BuildLiteBehavior [ RunTime:0.000015s ]
INFO: [ app_init ] --END-- [ RunTime:0.000663s ]
INFO: [ app_begin ] --START--
INFO: Run Behavior\ReadHtmlCacheBehavior [ RunTime:0.001751s ]
INFO: [ app_begin ] --END-- [ RunTime:0.001838s ]
SQL: SHOW COLUMNS FROM `vv_config` [ RunTime:0.0262s ]
SQL: SELECT * FROM `vv_config`  [ RunTime:0.0008s ]
NOTIC: [8] Undefined index: imei C:\Users\lwg\Desktop\1\Application\Home\Controller\HomeController.class.php 第 32 行.
NOTIC: [8] Undefined index: chapid C:\Users\lwg\Desktop\1\Application\Home\Controller\HomeController.class.php 第 42 行.
NOTIC: [8] unserialize(): Error at offset 75 of 79 bytes C:\Users\lwg\Desktop\1\Application\Home\Controller\HomeController.class.php 第 63 行.
NOTIC: [8] unserialize(): Error at offset 45 of 108 bytes C:\Users\lwg\Desktop\1\Application\Home\Controller\HomeController.class.php 第 63 行.
NOTIC: [8] Undefined index: user_id C:\Users\lwg\Desktop\1\Application\Home\Controller\HomeController.class.php 第 71 行.
NOTIC: [8] Undefined index: parent C:\Users\lwg\Desktop\1\Application\Home\Controller\HomeController.class.php 第 132 行.
NOTIC: [8] Undefined index: uloginid C:\Users\lwg\Desktop\1\Application\Home\Controller\HomeController.class.php 第 141 行.
NOTIC: [8] Undefined index: zidongzhuce C:\Users\lwg\Desktop\1\Application\Home\Controller\HomeController.class.php 第 149 行.
SQL: SHOW COLUMNS FROM `vv_data` [ RunTime:0.0274s ]
SQL: SELECT * FROM `vv_data` WHERE ( date=20190212 ) LIMIT 1   [ RunTime:0.0007s ]
NOTIC: [8] Undefined index: isopen C:\Users\lwg\Desktop\1\Application\Home\Controller\HomeController.class.php 第 175 行.
NOTIC: [8] Undefined variable: adsPic C:\Users\lwg\Desktop\1\Application\Home\Controller\HomeController.class.php 第 208 行.
NOTIC: [8] Undefined index: uid C:\Users\lwg\Desktop\1\Application\Home\Controller\HomeController.class.php 第 209 行.
NOTIC: [8] Undefined index: sort C:\Users\lwg\Desktop\1\Application\Home\Controller\MhController.class.php 第 23 行.
SQL: SHOW COLUMNS FROM `vv_mh_list` [ RunTime:0.0129s ]
SQL: SELECT * FROM `vv_mh_list` WHERE `mhcate` LIKE '%5%' ORDER BY sort desc LIMIT 6   [ RunTime:0.0003s ]
NOTIC: [8] Undefined index: sort C:\Users\lwg\Desktop\1\Application\Home\Controller\MhController.class.php 第 23 行.
SQL: SELECT * FROM `vv_mh_list` WHERE `mhcate` LIKE '%6%' ORDER BY sort desc LIMIT 6   [ RunTime:0.0003s ]
NOTIC: [8] Undefined index: sort C:\Users\lwg\Desktop\1\Application\Home\Controller\MhController.class.php 第 23 行.
SQL: SELECT * FROM `vv_mh_list` WHERE `mhcate` LIKE '%7%' ORDER BY sort desc LIMIT 6   [ RunTime:0.0003s ]
NOTIC: [8] Undefined index: sort C:\Users\lwg\Desktop\1\Application\Home\Controller\MhController.class.php 第 23 行.
SQL: SELECT * FROM `vv_mh_list` WHERE `mhcate` LIKE '%8%' ORDER BY sort desc LIMIT 6   [ RunTime:0.0003s ]
NOTIC: [8] Undefined index: sort C:\Users\lwg\Desktop\1\Application\Home\Controller\MhController.class.php 第 23 行.
SQL: SELECT * FROM `vv_mh_list` WHERE `mhcate` LIKE '%9%' ORDER BY sort desc LIMIT 6   [ RunTime:0.0003s ]
NOTIC: [8] Undefined index: sort C:\Users\lwg\Desktop\1\Application\Home\Controller\MhController.class.php 第 23 行.
SQL: SELECT * FROM `vv_mh_list` WHERE `mhcate` LIKE '%10%' ORDER BY sort desc LIMIT 6   [ RunTime:0.0003s ]
NOTIC: [8] Undefined index: sort C:\Users\lwg\Desktop\1\Application\Home\Controller\MhController.class.php 第 23 行.
SQL: SELECT * FROM `vv_mh_list` WHERE `mhcate` LIKE '%11%' ORDER BY sort desc LIMIT 6   [ RunTime:0.0003s ]
NOTIC: [8] Undefined index: sort C:\Users\lwg\Desktop\1\Application\Home\Controller\MhController.class.php 第 23 行.
SQL: SELECT * FROM `vv_mh_list` WHERE `mhcate` LIKE '%12%' ORDER BY sort desc LIMIT 6   [ RunTime:0.0003s ]
SQL: SELECT * FROM `vv_mh_list` WHERE `free_type` = 1 ORDER BY sort desc  [ RunTime:0.0003s ]
NOTIC: [2] Missing argument 2 for Common\Util\ddwechat::setParam(), called in C:\Users\lwg\Desktop\1\Application\Home\Controller\MhController.class.php on line 32 and defined C:\Users\lwg\Desktop\1\Application\Common\Util\ddwechat.class.php 第 39 行.
INFO: [ view_parse ] --START--
INFO: [ template_filter ] --START--
INFO: Run Behavior\ContentReplaceBehavior [ RunTime:0.000092s ]
INFO: [ template_filter ] --END-- [ RunTime:0.000130s ]
NOTIC: [8] Undefined variable: share C:\Users\lwg\Desktop\1\Application\Runtime\Cache\Home\67199abba7efdab949490dffef721944.php 第 203 行.
NOTIC: [8] Undefined variable: share C:\Users\lwg\Desktop\1\Application\Runtime\Cache\Home\67199abba7efdab949490dffef721944.php 第 204 行.
NOTIC: [8] Undefined variable: share C:\Users\lwg\Desktop\1\Application\Runtime\Cache\Home\67199abba7efdab949490dffef721944.php 第 205 行.
NOTIC: [8] Undefined index: thirdcode C:\Users\lwg\Desktop\1\Application\Runtime\Cache\Home\67199abba7efdab949490dffef721944.php 第 252 行.
INFO: Run Behavior\ParseTemplateBehavior [ RunTime:0.015926s ]
INFO: [ view_parse ] --END-- [ RunTime:0.015966s ]
INFO: [ view_filter ] --START--
INFO: Run Behavior\WriteHtmlCacheBehavior [ RunTime:0.001731s ]
INFO: [ view_filter ] --END-- [ RunTime:0.001760s ]
INFO: [ app_end ] --START--
INFO: Run Behavior\ShowPageTraceBehavior [ RunTime:0.002124s ]
INFO: [ app_end ] --END-- [ RunTime:0.002168s ]

[ 2019-02-13T21:47:36+08:00 ] 127.0.0.1 /
INFO: [ app_init ] --START--
INFO: Run Behavior\BuildLiteBehavior [ RunTime:0.000015s ]
INFO: [ app_init ] --END-- [ RunTime:0.000893s ]
INFO: [ app_begin ] --START--
INFO: Run Behavior\ReadHtmlCacheBehavior [ RunTime:0.001677s ]
INFO: [ app_begin ] --END-- [ RunTime:0.001723s ]
SQL: SHOW COLUMNS FROM `vv_config` [ RunTime:0.0175s ]
SQL: SELECT * FROM `vv_config`  [ RunTime:0.0006s ]
NOTIC: [8] Undefined index: imei C:\Users\lwg\Desktop\1\Application\Home\Controller\HomeController.class.php 第 32 行.
NOTIC: [8] Undefined index: chapid C:\Users\lwg\Desktop\1\Application\Home\Controller\HomeController.class.php 第 42 行.
NOTIC: [8] unserialize(): Error at offset 75 of 79 bytes C:\Users\lwg\Desktop\1\Application\Home\Controller\HomeController.class.php 第 63 行.
NOTIC: [8] unserialize(): Error at offset 45 of 108 bytes C:\Users\lwg\Desktop\1\Application\Home\Controller\HomeController.class.php 第 63 行.
NOTIC: [8] Undefined index: user_id C:\Users\lwg\Desktop\1\Application\Home\Controller\HomeController.class.php 第 71 行.
NOTIC: [8] Undefined index: parent C:\Users\lwg\Desktop\1\Application\Home\Controller\HomeController.class.php 第 132 行.
NOTIC: [8] Undefined index: uloginid C:\Users\lwg\Desktop\1\Application\Home\Controller\HomeController.class.php 第 141 行.
NOTIC: [8] Undefined index: zidongzhuce C:\Users\lwg\Desktop\1\Application\Home\Controller\HomeController.class.php 第 149 行.
SQL: SHOW COLUMNS FROM `vv_data` [ RunTime:0.0237s ]
SQL: SELECT * FROM `vv_data` WHERE ( date=20190212 ) LIMIT 1   [ RunTime:0.0004s ]
NOTIC: [8] Undefined index: isopen C:\Users\lwg\Desktop\1\Application\Home\Controller\HomeController.class.php 第 175 行.
NOTIC: [8] Undefined variable: adsPic C:\Users\lwg\Desktop\1\Application\Home\Controller\HomeController.class.php 第 208 行.
NOTIC: [8] Undefined index: uid C:\Users\lwg\Desktop\1\Application\Home\Controller\HomeController.class.php 第 209 行.
NOTIC: [8] Undefined index: sort C:\Users\lwg\Desktop\1\Application\Home\Controller\MhController.class.php 第 23 行.
SQL: SHOW COLUMNS FROM `vv_mh_list` [ RunTime:0.0177s ]
SQL: SELECT * FROM `vv_mh_list` WHERE `mhcate` LIKE '%5%' ORDER BY sort desc LIMIT 6   [ RunTime:0.0004s ]
NOTIC: [8] Undefined index: sort C:\Users\lwg\Desktop\1\Application\Home\Controller\MhController.class.php 第 23 行.
SQL: SELECT * FROM `vv_mh_list` WHERE `mhcate` LIKE '%6%' ORDER BY sort desc LIMIT 6   [ RunTime:0.0004s ]
NOTIC: [8] Undefined index: sort C:\Users\lwg\Desktop\1\Application\Home\Controller\MhController.class.php 第 23 行.
SQL: SELECT * FROM `vv_mh_list` WHERE `mhcate` LIKE '%7%' ORDER BY sort desc LIMIT 6   [ RunTime:0.0004s ]
NOTIC: [8] Undefined index: sort C:\Users\lwg\Desktop\1\Application\Home\Controller\MhController.class.php 第 23 行.
SQL: SELECT * FROM `vv_mh_list` WHERE `mhcate` LIKE '%8%' ORDER BY sort desc LIMIT 6   [ RunTime:0.0004s ]
NOTIC: [8] Undefined index: sort C:\Users\lwg\Desktop\1\Application\Home\Controller\MhController.class.php 第 23 行.
SQL: SELECT * FROM `vv_mh_list` WHERE `mhcate` LIKE '%9%' ORDER BY sort desc LIMIT 6   [ RunTime:0.0004s ]
NOTIC: [8] Undefined index: sort C:\Users\lwg\Desktop\1\Application\Home\Controller\MhController.class.php 第 23 行.
SQL: SELECT * FROM `vv_mh_list` WHERE `mhcate` LIKE '%10%' ORDER BY sort desc LIMIT 6   [ RunTime:0.0004s ]
NOTIC: [8] Undefined index: sort C:\Users\lwg\Desktop\1\Application\Home\Controller\MhController.class.php 第 23 行.
SQL: SELECT * FROM `vv_mh_list` WHERE `mhcate` LIKE '%11%' ORDER BY sort desc LIMIT 6   [ RunTime:0.0004s ]
NOTIC: [8] Undefined index: sort C:\Users\lwg\Desktop\1\Application\Home\Controller\MhController.class.php 第 23 行.
SQL: SELECT * FROM `vv_mh_list` WHERE `mhcate` LIKE '%12%' ORDER BY sort desc LIMIT 6   [ RunTime:0.0004s ]
SQL: SELECT * FROM `vv_mh_list` WHERE `free_type` = 1 ORDER BY sort desc  [ RunTime:0.0002s ]
NOTIC: [2] Missing argument 2 for Common\Util\ddwechat::setParam(), called in C:\Users\lwg\Desktop\1\Application\Home\Controller\MhController.class.php on line 32 and defined C:\Users\lwg\Desktop\1\Application\Common\Util\ddwechat.class.php 第 39 行.
INFO: [ view_parse ] --START--
INFO: [ template_filter ] --START--
INFO: Run Behavior\ContentReplaceBehavior [ RunTime:0.000194s ]
INFO: [ template_filter ] --END-- [ RunTime:0.000264s ]
NOTIC: [8] Undefined variable: share C:\Users\lwg\Desktop\1\Application\Runtime\Cache\Home\67199abba7efdab949490dffef721944.php 第 203 行.
NOTIC: [8] Undefined variable: share C:\Users\lwg\Desktop\1\Application\Runtime\Cache\Home\67199abba7efdab949490dffef721944.php 第 204 行.
NOTIC: [8] Undefined variable: share C:\Users\lwg\Desktop\1\Application\Runtime\Cache\Home\67199abba7efdab949490dffef721944.php 第 205 行.
NOTIC: [8] Undefined index: thirdcode C:\Users\lwg\Desktop\1\Application\Runtime\Cache\Home\67199abba7efdab949490dffef721944.php 第 252 行.
INFO: Run Behavior\ParseTemplateBehavior [ RunTime:0.055524s ]
INFO: [ view_parse ] --END-- [ RunTime:0.055617s ]
INFO: [ view_filter ] --START--
INFO: Run Behavior\WriteHtmlCacheBehavior [ RunTime:0.001734s ]
INFO: [ view_filter ] --END-- [ RunTime:0.001774s ]
INFO: [ app_end ] --START--
INFO: Run Behavior\ShowPageTraceBehavior [ RunTime:0.002012s ]
INFO: [ app_end ] --END-- [ RunTime:0.002057s ]

[ 2019-02-13T21:47:42+08:00 ] 127.0.0.1 /
INFO: [ app_init ] --START--
INFO: Run Behavior\BuildLiteBehavior [ RunTime:0.000015s ]
INFO: [ app_init ] --END-- [ RunTime:0.000765s ]
INFO: [ app_begin ] --START--
INFO: Run Behavior\ReadHtmlCacheBehavior [ RunTime:0.001327s ]
INFO: [ app_begin ] --END-- [ RunTime:0.001414s ]
SQL: SHOW COLUMNS FROM `vv_config` [ RunTime:0.0188s ]
SQL: SELECT * FROM `vv_config`  [ RunTime:0.0005s ]
NOTIC: [8] Undefined index: imei C:\Users\lwg\Desktop\1\Application\Home\Controller\HomeController.class.php 第 32 行.
NOTIC: [8] Undefined index: chapid C:\Users\lwg\Desktop\1\Application\Home\Controller\HomeController.class.php 第 42 行.
NOTIC: [8] unserialize(): Error at offset 75 of 79 bytes C:\Users\lwg\Desktop\1\Application\Home\Controller\HomeController.class.php 第 63 行.
NOTIC: [8] unserialize(): Error at offset 45 of 108 bytes C:\Users\lwg\Desktop\1\Application\Home\Controller\HomeController.class.php 第 63 行.
NOTIC: [8] Undefined index: user_id C:\Users\lwg\Desktop\1\Application\Home\Controller\HomeController.class.php 第 71 行.
NOTIC: [8] Undefined index: parent C:\Users\lwg\Desktop\1\Application\Home\Controller\HomeController.class.php 第 132 行.
NOTIC: [8] Undefined index: uloginid C:\Users\lwg\Desktop\1\Application\Home\Controller\HomeController.class.php 第 141 行.
NOTIC: [8] Undefined index: zidongzhuce C:\Users\lwg\Desktop\1\Application\Home\Controller\HomeController.class.php 第 149 行.
SQL: SHOW COLUMNS FROM `vv_data` [ RunTime:0.0263s ]
SQL: SELECT * FROM `vv_data` WHERE ( date=20190212 ) LIMIT 1   [ RunTime:0.0004s ]
NOTIC: [8] Undefined index: isopen C:\Users\lwg\Desktop\1\Application\Home\Controller\HomeController.class.php 第 175 行.
NOTIC: [8] Undefined variable: adsPic C:\Users\lwg\Desktop\1\Application\Home\Controller\HomeController.class.php 第 208 行.
NOTIC: [8] Undefined index: uid C:\Users\lwg\Desktop\1\Application\Home\Controller\HomeController.class.php 第 209 行.
NOTIC: [8] Undefined index: sort C:\Users\lwg\Desktop\1\Application\Home\Controller\MhController.class.php 第 23 行.
SQL: SHOW COLUMNS FROM `vv_mh_list` [ RunTime:0.0191s ]
SQL: SELECT * FROM `vv_mh_list` WHERE `mhcate` LIKE '%5%' ORDER BY sort desc LIMIT 6   [ RunTime:0.0005s ]
NOTIC: [8] Undefined index: sort C:\Users\lwg\Desktop\1\Application\Home\Controller\MhController.class.php 第 23 行.
SQL: SELECT * FROM `vv_mh_list` WHERE `mhcate` LIKE '%6%' ORDER BY sort desc LIMIT 6   [ RunTime:0.0004s ]
NOTIC: [8] Undefined index: sort C:\Users\lwg\Desktop\1\Application\Home\Controller\MhController.class.php 第 23 行.
SQL: SELECT * FROM `vv_mh_list` WHERE `mhcate` LIKE '%7%' ORDER BY sort desc LIMIT 6   [ RunTime:0.0004s ]
NOTIC: [8] Undefined index: sort C:\Users\lwg\Desktop\1\Application\Home\Controller\MhController.class.php 第 23 行.
SQL: SELECT * FROM `vv_mh_list` WHERE `mhcate` LIKE '%8%' ORDER BY sort desc LIMIT 6   [ RunTime:0.0005s ]
NOTIC: [8] Undefined index: sort C:\Users\lwg\Desktop\1\Application\Home\Controller\MhController.class.php 第 23 行.
SQL: SELECT * FROM `vv_mh_list` WHERE `mhcate` LIKE '%9%' ORDER BY sort desc LIMIT 6   [ RunTime:0.0004s ]
NOTIC: [8] Undefined index: sort C:\Users\lwg\Desktop\1\Application\Home\Controller\MhController.class.php 第 23 行.
SQL: SELECT * FROM `vv_mh_list` WHERE `mhcate` LIKE '%10%' ORDER BY sort desc LIMIT 6   [ RunTime:0.0004s ]
NOTIC: [8] Undefined index: sort C:\Users\lwg\Desktop\1\Application\Home\Controller\MhController.class.php 第 23 行.
SQL: SELECT * FROM `vv_mh_list` WHERE `mhcate` LIKE '%11%' ORDER BY sort desc LIMIT 6   [ RunTime:0.0004s ]
NOTIC: [8] Undefined index: sort C:\Users\lwg\Desktop\1\Application\Home\Controller\MhController.class.php 第 23 行.
SQL: SELECT * FROM `vv_mh_list` WHERE `mhcate` LIKE '%12%' ORDER BY sort desc LIMIT 6   [ RunTime:0.0004s ]
SQL: SELECT * FROM `vv_mh_list` WHERE `free_type` = 1 ORDER BY sort desc  [ RunTime:0.0005s ]
NOTIC: [2] Missing argument 2 for Common\Util\ddwechat::setParam(), called in C:\Users\lwg\Desktop\1\Application\Home\Controller\MhController.class.php on line 32 and defined C:\Users\lwg\Desktop\1\Application\Common\Util\ddwechat.class.php 第 39 行.
INFO: [ view_parse ] --START--
INFO: [ template_filter ] --START--
INFO: Run Behavior\ContentReplaceBehavior [ RunTime:0.000095s ]
INFO: [ template_filter ] --END-- [ RunTime:0.000141s ]
NOTIC: [8] Undefined variable: share C:\Users\lwg\Desktop\1\Application\Runtime\Cache\Home\67199abba7efdab949490dffef721944.php 第 203 行.
NOTIC: [8] Undefined variable: share C:\Users\lwg\Desktop\1\Application\Runtime\Cache\Home\67199abba7efdab949490dffef721944.php 第 204 行.
NOTIC: [8] Undefined variable: share C:\Users\lwg\Desktop\1\Application\Runtime\Cache\Home\67199abba7efdab949490dffef721944.php 第 205 行.
NOTIC: [8] Undefined index: thirdcode C:\Users\lwg\Desktop\1\Application\Runtime\Cache\Home\67199abba7efdab949490dffef721944.php 第 252 行.
INFO: Run Behavior\ParseTemplateBehavior [ RunTime:0.015541s ]
INFO: [ view_parse ] --END-- [ RunTime:0.015581s ]
INFO: [ view_filter ] --START--
INFO: Run Behavior\WriteHtmlCacheBehavior [ RunTime:0.001055s ]
INFO: [ view_filter ] --END-- [ RunTime:0.001086s ]
INFO: [ app_end ] --START--
INFO: Run Behavior\ShowPageTraceBehavior [ RunTime:0.001138s ]
INFO: [ app_end ] --END-- [ RunTime:0.001179s ]

[ 2019-02-13T21:47:54+08:00 ] 127.0.0.1 /index.php?m=&c=Book&a=index
INFO: [ app_init ] --START--
INFO: Run Behavior\BuildLiteBehavior [ RunTime:0.000011s ]
INFO: [ app_init ] --END-- [ RunTime:0.000686s ]
INFO: [ app_begin ] --START--
INFO: Run Behavior\ReadHtmlCacheBehavior [ RunTime:0.002007s ]
INFO: [ app_begin ] --END-- [ RunTime:0.002066s ]
SQL: SHOW COLUMNS FROM `vv_config` [ RunTime:0.0145s ]
SQL: SELECT * FROM `vv_config`  [ RunTime:0.0005s ]
NOTIC: [8] Undefined index: imei C:\Users\lwg\Desktop\1\Application\Home\Controller\HomeController.class.php 第 32 行.
NOTIC: [8] Undefined index: chapid C:\Users\lwg\Desktop\1\Application\Home\Controller\HomeController.class.php 第 42 行.
NOTIC: [8] unserialize(): Error at offset 75 of 79 bytes C:\Users\lwg\Desktop\1\Application\Home\Controller\HomeController.class.php 第 63 行.
NOTIC: [8] unserialize(): Error at offset 45 of 108 bytes C:\Users\lwg\Desktop\1\Application\Home\Controller\HomeController.class.php 第 63 行.
NOTIC: [8] Undefined index: user_id C:\Users\lwg\Desktop\1\Application\Home\Controller\HomeController.class.php 第 71 行.
NOTIC: [8] Undefined index: parent C:\Users\lwg\Desktop\1\Application\Home\Controller\HomeController.class.php 第 132 行.
NOTIC: [8] Undefined index: uloginid C:\Users\lwg\Desktop\1\Application\Home\Controller\HomeController.class.php 第 141 行.
NOTIC: [8] Undefined index: zidongzhuce C:\Users\lwg\Desktop\1\Application\Home\Controller\HomeController.class.php 第 149 行.
SQL: SHOW COLUMNS FROM `vv_data` [ RunTime:0.0062s ]
SQL: SELECT * FROM `vv_data` WHERE ( date=20190212 ) LIMIT 1   [ RunTime:0.0002s ]
NOTIC: [8] Undefined index: isopen C:\Users\lwg\Desktop\1\Application\Home\Controller\HomeController.class.php 第 175 行.
NOTIC: [8] Undefined variable: adsPic C:\Users\lwg\Desktop\1\Application\Home\Controller\HomeController.class.php 第 208 行.
NOTIC: [8] Undefined index: uid C:\Users\lwg\Desktop\1\Application\Home\Controller\HomeController.class.php 第 209 行.
SQL: SHOW COLUMNS FROM `vv_book` [ RunTime:0.0082s ]
SQL: SELECT * FROM `vv_book` WHERE `bookcate` LIKE '%5%' ORDER BY sort desc LIMIT 6   [ RunTime:0.0002s ]
SQL: SELECT * FROM `vv_book` WHERE `bookcate` LIKE '%6%' ORDER BY sort desc LIMIT 6   [ RunTime:0.0001s ]
SQL: SELECT * FROM `vv_book` WHERE `bookcate` LIKE '%7%' ORDER BY sort desc LIMIT 6   [ RunTime:0.0001s ]
SQL: SELECT * FROM `vv_book` WHERE `bookcate` LIKE '%8%' ORDER BY sort desc LIMIT 6   [ RunTime:0.0001s ]
SQL: SELECT * FROM `vv_book` WHERE `bookcate` LIKE '%9%' ORDER BY sort desc LIMIT 6   [ RunTime:0.0001s ]
SQL: SELECT * FROM `vv_book` WHERE `bookcate` LIKE '%10%' ORDER BY sort desc LIMIT 6   [ RunTime:0.0001s ]
SQL: SELECT * FROM `vv_book` WHERE `free_type` = 1 ORDER BY sort desc  [ RunTime:0.0001s ]
NOTIC: [2] Missing argument 2 for Common\Util\ddwechat::setParam(), called in C:\Users\lwg\Desktop\1\Application\Home\Controller\BookController.class.php on line 29 and defined C:\Users\lwg\Desktop\1\Application\Common\Util\ddwechat.class.php 第 39 行.
INFO: [ view_parse ] --START--
INFO: [ template_filter ] --START--
INFO: Run Behavior\ContentReplaceBehavior [ RunTime:0.000127s ]
INFO: [ template_filter ] --END-- [ RunTime:0.000178s ]
NOTIC: [8] Undefined variable: share C:\Users\lwg\Desktop\1\Application\Runtime\Cache\Home\88fd1496475deb2aa861d336784d55ed.php 第 195 行.
NOTIC: [8] Undefined index: thirdcode C:\Users\lwg\Desktop\1\Application\Runtime\Cache\Home\88fd1496475deb2aa861d336784d55ed.php 第 251 行.
INFO: Run Behavior\ParseTemplateBehavior [ RunTime:0.045694s ]
INFO: [ view_parse ] --END-- [ RunTime:0.045780s ]
INFO: [ view_filter ] --START--
INFO: Run Behavior\WriteHtmlCacheBehavior [ RunTime:0.002549s ]
INFO: [ view_filter ] --END-- [ RunTime:0.002590s ]
INFO: [ app_end ] --START--
INFO: Run Behavior\ShowPageTraceBehavior [ RunTime:0.002899s ]
INFO: [ app_end ] --END-- [ RunTime:0.002952s ]

[ 2019-02-13T21:47:57+08:00 ] 127.0.0.1 /index.php?m=&c=Mh&a=index
INFO: [ app_init ] --START--
INFO: Run Behavior\BuildLiteBehavior [ RunTime:0.000012s ]
INFO: [ app_init ] --END-- [ RunTime:0.000782s ]
INFO: [ app_begin ] --START--
INFO: Run Behavior\ReadHtmlCacheBehavior [ RunTime:0.002371s ]
INFO: [ app_begin ] --END-- [ RunTime:0.002450s ]
SQL: SHOW COLUMNS FROM `vv_config` [ RunTime:0.0269s ]
SQL: SELECT * FROM `vv_config`  [ RunTime:0.0009s ]
NOTIC: [8] Undefined index: imei C:\Users\lwg\Desktop\1\Application\Home\Controller\HomeController.class.php 第 32 行.
NOTIC: [8] Undefined index: chapid C:\Users\lwg\Desktop\1\Application\Home\Controller\HomeController.class.php 第 42 行.
NOTIC: [8] unserialize(): Error at offset 75 of 79 bytes C:\Users\lwg\Desktop\1\Application\Home\Controller\HomeController.class.php 第 63 行.
NOTIC: [8] unserialize(): Error at offset 45 of 108 bytes C:\Users\lwg\Desktop\1\Application\Home\Controller\HomeController.class.php 第 63 行.
NOTIC: [8] Undefined index: user_id C:\Users\lwg\Desktop\1\Application\Home\Controller\HomeController.class.php 第 71 行.
NOTIC: [8] Undefined index: parent C:\Users\lwg\Desktop\1\Application\Home\Controller\HomeController.class.php 第 132 行.
NOTIC: [8] Undefined index: uloginid C:\Users\lwg\Desktop\1\Application\Home\Controller\HomeController.class.php 第 141 行.
NOTIC: [8] Undefined index: zidongzhuce C:\Users\lwg\Desktop\1\Application\Home\Controller\HomeController.class.php 第 149 行.
SQL: SHOW COLUMNS FROM `vv_data` [ RunTime:0.0258s ]
SQL: SELECT * FROM `vv_data` WHERE ( date=20190212 ) LIMIT 1   [ RunTime:0.0004s ]
NOTIC: [8] Undefined index: isopen C:\Users\lwg\Desktop\1\Application\Home\Controller\HomeController.class.php 第 175 行.
NOTIC: [8] Undefined variable: adsPic C:\Users\lwg\Desktop\1\Application\Home\Controller\HomeController.class.php 第 208 行.
NOTIC: [8] Undefined index: uid C:\Users\lwg\Desktop\1\Application\Home\Controller\HomeController.class.php 第 209 行.
NOTIC: [8] Undefined index: sort C:\Users\lwg\Desktop\1\Application\Home\Controller\MhController.class.php 第 23 行.
SQL: SHOW COLUMNS FROM `vv_mh_list` [ RunTime:0.0178s ]
SQL: SELECT * FROM `vv_mh_list` WHERE `mhcate` LIKE '%5%' ORDER BY sort desc LIMIT 6   [ RunTime:0.0004s ]
NOTIC: [8] Undefined index: sort C:\Users\lwg\Desktop\1\Application\Home\Controller\MhController.class.php 第 23 行.
SQL: SELECT * FROM `vv_mh_list` WHERE `mhcate` LIKE '%6%' ORDER BY sort desc LIMIT 6   [ RunTime:0.0003s ]
NOTIC: [8] Undefined index: sort C:\Users\lwg\Desktop\1\Application\Home\Controller\MhController.class.php 第 23 行.
SQL: SELECT * FROM `vv_mh_list` WHERE `mhcate` LIKE '%7%' ORDER BY sort desc LIMIT 6   [ RunTime:0.0004s ]
NOTIC: [8] Undefined index: sort C:\Users\lwg\Desktop\1\Application\Home\Controller\MhController.class.php 第 23 行.
SQL: SELECT * FROM `vv_mh_list` WHERE `mhcate` LIKE '%8%' ORDER BY sort desc LIMIT 6   [ RunTime:0.0004s ]
NOTIC: [8] Undefined index: sort C:\Users\lwg\Desktop\1\Application\Home\Controller\MhController.class.php 第 23 行.
SQL: SELECT * FROM `vv_mh_list` WHERE `mhcate` LIKE '%9%' ORDER BY sort desc LIMIT 6   [ RunTime:0.0003s ]
NOTIC: [8] Undefined index: sort C:\Users\lwg\Desktop\1\Application\Home\Controller\MhController.class.php 第 23 行.
SQL: SELECT * FROM `vv_mh_list` WHERE `mhcate` LIKE '%10%' ORDER BY sort desc LIMIT 6   [ RunTime:0.0004s ]
NOTIC: [8] Undefined index: sort C:\Users\lwg\Desktop\1\Application\Home\Controller\MhController.class.php 第 23 行.
SQL: SELECT * FROM `vv_mh_list` WHERE `mhcate` LIKE '%11%' ORDER BY sort desc LIMIT 6   [ RunTime:0.0004s ]
NOTIC: [8] Undefined index: sort C:\Users\lwg\Desktop\1\Application\Home\Controller\MhController.class.php 第 23 行.
SQL: SELECT * FROM `vv_mh_list` WHERE `mhcate` LIKE '%12%' ORDER BY sort desc LIMIT 6   [ RunTime:0.0003s ]
SQL: SELECT * FROM `vv_mh_list` WHERE `free_type` = 1 ORDER BY sort desc  [ RunTime:0.0004s ]
NOTIC: [2] Missing argument 2 for Common\Util\ddwechat::setParam(), called in C:\Users\lwg\Desktop\1\Application\Home\Controller\MhController.class.php on line 32 and defined C:\Users\lwg\Desktop\1\Application\Common\Util\ddwechat.class.php 第 39 行.
INFO: [ view_parse ] --START--
INFO: [ template_filter ] --START--
INFO: Run Behavior\ContentReplaceBehavior [ RunTime:0.000205s ]
INFO: [ template_filter ] --END-- [ RunTime:0.000288s ]
NOTIC: [8] Undefined variable: share C:\Users\lwg\Desktop\1\Application\Runtime\Cache\Home\67199abba7efdab949490dffef721944.php 第 203 行.
NOTIC: [8] Undefined variable: share C:\Users\lwg\Desktop\1\Application\Runtime\Cache\Home\67199abba7efdab949490dffef721944.php 第 204 行.
NOTIC: [8] Undefined variable: share C:\Users\lwg\Desktop\1\Application\Runtime\Cache\Home\67199abba7efdab949490dffef721944.php 第 205 行.
NOTIC: [8] Undefined index: thirdcode C:\Users\lwg\Desktop\1\Application\Runtime\Cache\Home\67199abba7efdab949490dffef721944.php 第 252 行.
INFO: Run Behavior\ParseTemplateBehavior [ RunTime:0.040625s ]
INFO: [ view_parse ] --END-- [ RunTime:0.040707s ]
INFO: [ view_filter ] --START--
INFO: Run Behavior\WriteHtmlCacheBehavior [ RunTime:0.003033s ]
INFO: [ view_filter ] --END-- [ RunTime:0.003100s ]
INFO: [ app_end ] --START--
INFO: Run Behavior\ShowPageTraceBehavior [ RunTime:0.004869s ]
INFO: [ app_end ] --END-- [ RunTime:0.004936s ]

[ 2019-02-13T21:50:01+08:00 ] 127.0.0.1 /
INFO: [ app_init ] --START--
INFO: Run Behavior\BuildLiteBehavior [ RunTime:0.000013s ]
INFO: [ app_init ] --END-- [ RunTime:0.000577s ]
INFO: [ app_begin ] --START--
INFO: Run Behavior\ReadHtmlCacheBehavior [ RunTime:0.001198s ]
INFO: [ app_begin ] --END-- [ RunTime:0.001255s ]
SQL: SHOW COLUMNS FROM `vv_config` [ RunTime:0.0062s ]
SQL: SELECT * FROM `vv_config`  [ RunTime:0.0002s ]
NOTIC: [8] Undefined index: imei C:\Users\lwg\Desktop\1\Application\Home\Controller\HomeController.class.php 第 32 行.
NOTIC: [8] Undefined index: chapid C:\Users\lwg\Desktop\1\Application\Home\Controller\HomeController.class.php 第 42 行.
NOTIC: [8] unserialize(): Error at offset 75 of 79 bytes C:\Users\lwg\Desktop\1\Application\Home\Controller\HomeController.class.php 第 63 行.
NOTIC: [8] unserialize(): Error at offset 45 of 108 bytes C:\Users\lwg\Desktop\1\Application\Home\Controller\HomeController.class.php 第 63 行.
NOTIC: [8] Undefined index: user_id C:\Users\lwg\Desktop\1\Application\Home\Controller\HomeController.class.php 第 71 行.
NOTIC: [8] Undefined index: parent C:\Users\lwg\Desktop\1\Application\Home\Controller\HomeController.class.php 第 132 行.
NOTIC: [8] Undefined index: uloginid C:\Users\lwg\Desktop\1\Application\Home\Controller\HomeController.class.php 第 141 行.
NOTIC: [8] Undefined index: zidongzhuce C:\Users\lwg\Desktop\1\Application\Home\Controller\HomeController.class.php 第 149 行.
SQL: SHOW COLUMNS FROM `vv_data` [ RunTime:0.0272s ]
SQL: SELECT * FROM `vv_data` WHERE ( date=20190212 ) LIMIT 1   [ RunTime:0.0006s ]
NOTIC: [8] Undefined index: isopen C:\Users\lwg\Desktop\1\Application\Home\Controller\HomeController.class.php 第 175 行.
NOTIC: [8] Undefined variable: adsPic C:\Users\lwg\Desktop\1\Application\Home\Controller\HomeController.class.php 第 208 行.
NOTIC: [8] Undefined index: uid C:\Users\lwg\Desktop\1\Application\Home\Controller\HomeController.class.php 第 209 行.
NOTIC: [8] Undefined index: sort C:\Users\lwg\Desktop\1\Application\Home\Controller\MhController.class.php 第 23 行.
SQL: SHOW COLUMNS FROM `vv_mh_list` [ RunTime:0.0226s ]
SQL: SELECT * FROM `vv_mh_list` WHERE `mhcate` LIKE '%5%' ORDER BY sort desc LIMIT 6   [ RunTime:0.0006s ]
NOTIC: [8] Undefined index: sort C:\Users\lwg\Desktop\1\Application\Home\Controller\MhController.class.php 第 23 行.
SQL: SELECT * FROM `vv_mh_list` WHERE `mhcate` LIKE '%6%' ORDER BY sort desc LIMIT 6   [ RunTime:0.0004s ]
NOTIC: [8] Undefined index: sort C:\Users\lwg\Desktop\1\Application\Home\Controller\MhController.class.php 第 23 行.
SQL: SELECT * FROM `vv_mh_list` WHERE `mhcate` LIKE '%7%' ORDER BY sort desc LIMIT 6   [ RunTime:0.0004s ]
NOTIC: [8] Undefined index: sort C:\Users\lwg\Desktop\1\Application\Home\Controller\MhController.class.php 第 23 行.
SQL: SELECT * FROM `vv_mh_list` WHERE `mhcate` LIKE '%8%' ORDER BY sort desc LIMIT 6   [ RunTime:0.0004s ]
NOTIC: [8] Undefined index: sort C:\Users\lwg\Desktop\1\Application\Home\Controller\MhController.class.php 第 23 行.
SQL: SELECT * FROM `vv_mh_list` WHERE `mhcate` LIKE '%9%' ORDER BY sort desc LIMIT 6   [ RunTime:0.0004s ]
NOTIC: [8] Undefined index: sort C:\Users\lwg\Desktop\1\Application\Home\Controller\MhController.class.php 第 23 行.
SQL: SELECT * FROM `vv_mh_list` WHERE `mhcate` LIKE '%10%' ORDER BY sort desc LIMIT 6   [ RunTime:0.0004s ]
NOTIC: [8] Undefined index: sort C:\Users\lwg\Desktop\1\Application\Home\Controller\MhController.class.php 第 23 行.
SQL: SELECT * FROM `vv_mh_list` WHERE `mhcate` LIKE '%11%' ORDER BY sort desc LIMIT 6   [ RunTime:0.0004s ]
NOTIC: [8] Undefined index: sort C:\Users\lwg\Desktop\1\Application\Home\Controller\MhController.class.php 第 23 行.
SQL: SELECT * FROM `vv_mh_list` WHERE `mhcate` LIKE '%12%' ORDER BY sort desc LIMIT 6   [ RunTime:0.0004s ]
SQL: SELECT * FROM `vv_mh_list` WHERE `free_type` = 1 ORDER BY sort desc  [ RunTime:0.0005s ]
NOTIC: [2] Missing argument 2 for Common\Util\ddwechat::setParam(), called in C:\Users\lwg\Desktop\1\Application\Home\Controller\MhController.class.php on line 32 and defined C:\Users\lwg\Desktop\1\Application\Common\Util\ddwechat.class.php 第 39 行.
INFO: [ view_parse ] --START--
INFO: [ template_filter ] --START--
INFO: Run Behavior\ContentReplaceBehavior [ RunTime:0.000128s ]
INFO: [ template_filter ] --END-- [ RunTime:0.000176s ]
NOTIC: [8] Undefined variable: share C:\Users\lwg\Desktop\1\Application\Runtime\Cache\Home\67199abba7efdab949490dffef721944.php 第 203 行.
NOTIC: [8] Undefined variable: share C:\Users\lwg\Desktop\1\Application\Runtime\Cache\Home\67199abba7efdab949490dffef721944.php 第 204 行.
NOTIC: [8] Undefined variable: share C:\Users\lwg\Desktop\1\Application\Runtime\Cache\Home\67199abba7efdab949490dffef721944.php 第 205 行.
NOTIC: [8] Undefined index: thirdcode C:\Users\lwg\Desktop\1\Application\Runtime\Cache\Home\67199abba7efdab949490dffef721944.php 第 252 行.
INFO: Run Behavior\ParseTemplateBehavior [ RunTime:0.037650s ]
INFO: [ view_parse ] --END-- [ RunTime:0.037723s ]
INFO: [ view_filter ] --START--
INFO: Run Behavior\WriteHtmlCacheBehavior [ RunTime:0.001172s ]
INFO: [ view_filter ] --END-- [ RunTime:0.001232s ]
INFO: [ app_end ] --START--
INFO: Run Behavior\ShowPageTraceBehavior [ RunTime:0.001674s ]
INFO: [ app_end ] --END-- [ RunTime:0.001729s ]

[ 2019-02-13T21:50:05+08:00 ] 127.0.0.1 /index.php?m=&c=Mh&a=bookinfo&mhid=39
INFO: [ app_init ] --START--
INFO: Run Behavior\BuildLiteBehavior [ RunTime:0.000012s ]
INFO: [ app_init ] --END-- [ RunTime:0.000509s ]
INFO: [ app_begin ] --START--
INFO: Run Behavior\ReadHtmlCacheBehavior [ RunTime:0.001129s ]
INFO: [ app_begin ] --END-- [ RunTime:0.001178s ]
SQL: SHOW COLUMNS FROM `vv_config` [ RunTime:0.0240s ]
SQL: SELECT * FROM `vv_config`  [ RunTime:0.0005s ]
NOTIC: [8] Undefined index: imei C:\Users\lwg\Desktop\1\Application\Home\Controller\HomeController.class.php 第 32 行.
NOTIC: [8] Undefined index: chapid C:\Users\lwg\Desktop\1\Application\Home\Controller\HomeController.class.php 第 42 行.
NOTIC: [8] unserialize(): Error at offset 75 of 79 bytes C:\Users\lwg\Desktop\1\Application\Home\Controller\HomeController.class.php 第 63 行.
NOTIC: [8] unserialize(): Error at offset 45 of 108 bytes C:\Users\lwg\Desktop\1\Application\Home\Controller\HomeController.class.php 第 63 行.
NOTIC: [8] Undefined index: user_id C:\Users\lwg\Desktop\1\Application\Home\Controller\HomeController.class.php 第 71 行.
NOTIC: [8] Undefined index: parent C:\Users\lwg\Desktop\1\Application\Home\Controller\HomeController.class.php 第 132 行.
NOTIC: [8] Undefined index: uloginid C:\Users\lwg\Desktop\1\Application\Home\Controller\HomeController.class.php 第 141 行.
NOTIC: [8] Undefined index: zidongzhuce C:\Users\lwg\Desktop\1\Application\Home\Controller\HomeController.class.php 第 149 行.
NOTIC: [8] Undefined index: parent C:\Users\lwg\Desktop\1\Application\Home\Controller\HomeController.class.php 第 169 行.

[ 2019-02-13T21:50:06+08:00 ] 127.0.0.1 /index.php?m=&c=MhPublic&a=binding&fr=aHR0cDovLzEyNy4wLjAuMS9pbmRleC5waHA%2FbT0mYz1NaCZhPWJvb2tpbmZvJm1oaWQ9Mzk%3D
INFO: [ app_init ] --START--
INFO: Run Behavior\BuildLiteBehavior [ RunTime:0.000012s ]
INFO: [ app_init ] --END-- [ RunTime:0.000480s ]
INFO: [ app_begin ] --START--
INFO: Run Behavior\ReadHtmlCacheBehavior [ RunTime:0.000997s ]
INFO: [ app_begin ] --END-- [ RunTime:0.001037s ]
SQL: SHOW COLUMNS FROM `vv_config` [ RunTime:0.0198s ]
SQL: SELECT * FROM `vv_config`  [ RunTime:0.0006s ]
NOTIC: [8] unserialize(): Error at offset 75 of 79 bytes C:\Users\lwg\Desktop\1\Application\Home\Controller\MhHomeController.class.php 第 13 行.
NOTIC: [8] unserialize(): Error at offset 45 of 108 bytes C:\Users\lwg\Desktop\1\Application\Home\Controller\MhHomeController.class.php 第 13 行.
NOTIC: [8] Undefined index: user_id C:\Users\lwg\Desktop\1\Application\Home\Controller\MhHomeController.class.php 第 21 行.
NOTIC: [2] Missing argument 2 for Common\Util\ddwechat::setParam(), called in C:\Users\lwg\Desktop\1\Application\Home\Controller\MhHomeController.class.php on line 64 and defined C:\Users\lwg\Desktop\1\Application\Common\Util\ddwechat.class.php 第 39 行.
INFO: [ view_parse ] --START--
INFO: [ template_filter ] --START--
INFO: Run Behavior\ContentReplaceBehavior [ RunTime:0.000099s ]
INFO: [ template_filter ] --END-- [ RunTime:0.000188s ]
INFO: Run Behavior\ParseTemplateBehavior [ RunTime:0.030375s ]
INFO: [ view_parse ] --END-- [ RunTime:0.030504s ]
INFO: [ view_filter ] --START--
INFO: Run Behavior\WriteHtmlCacheBehavior [ RunTime:0.002077s ]
INFO: [ view_filter ] --END-- [ RunTime:0.002151s ]
INFO: [ app_end ] --START--
INFO: Run Behavior\ShowPageTraceBehavior [ RunTime:0.002887s ]
INFO: [ app_end ] --END-- [ RunTime:0.002969s ]

[ 2019-02-13T21:50:32+08:00 ] 127.0.0.1 /
INFO: [ app_init ] --START--
INFO: Run Behavior\BuildLiteBehavior [ RunTime:0.000015s ]
INFO: [ app_init ] --END-- [ RunTime:0.000793s ]
INFO: [ app_begin ] --START--
INFO: Run Behavior\ReadHtmlCacheBehavior [ RunTime:0.001703s ]
INFO: [ app_begin ] --END-- [ RunTime:0.001749s ]
SQL: SHOW COLUMNS FROM `vv_config` [ RunTime:0.0245s ]
SQL: SELECT * FROM `vv_config`  [ RunTime:0.0005s ]
NOTIC: [8] Undefined index: imei C:\Users\lwg\Desktop\1\Application\Home\Controller\HomeController.class.php 第 32 行.
NOTIC: [8] Undefined index: chapid C:\Users\lwg\Desktop\1\Application\Home\Controller\HomeController.class.php 第 42 行.
NOTIC: [8] unserialize(): Error at offset 75 of 79 bytes C:\Users\lwg\Desktop\1\Application\Home\Controller\HomeController.class.php 第 63 行.
NOTIC: [8] unserialize(): Error at offset 45 of 108 bytes C:\Users\lwg\Desktop\1\Application\Home\Controller\HomeController.class.php 第 63 行.
NOTIC: [8] Undefined index: user_id C:\Users\lwg\Desktop\1\Application\Home\Controller\HomeController.class.php 第 71 行.
NOTIC: [8] Undefined index: parent C:\Users\lwg\Desktop\1\Application\Home\Controller\HomeController.class.php 第 132 行.
NOTIC: [8] Undefined index: uloginid C:\Users\lwg\Desktop\1\Application\Home\Controller\HomeController.class.php 第 141 行.
NOTIC: [8] Undefined index: zidongzhuce C:\Users\lwg\Desktop\1\Application\Home\Controller\HomeController.class.php 第 149 行.
SQL: SHOW COLUMNS FROM `vv_data` [ RunTime:0.0260s ]
SQL: SELECT * FROM `vv_data` WHERE ( date=20190212 ) LIMIT 1   [ RunTime:0.0006s ]
NOTIC: [8] Undefined index: isopen C:\Users\lwg\Desktop\1\Application\Home\Controller\HomeController.class.php 第 175 行.
NOTIC: [8] Undefined variable: adsPic C:\Users\lwg\Desktop\1\Application\Home\Controller\HomeController.class.php 第 208 行.
NOTIC: [8] Undefined index: uid C:\Users\lwg\Desktop\1\Application\Home\Controller\HomeController.class.php 第 209 行.
NOTIC: [8] Undefined index: sort C:\Users\lwg\Desktop\1\Application\Home\Controller\MhController.class.php 第 23 行.
SQL: SHOW COLUMNS FROM `vv_mh_list` [ RunTime:0.0230s ]
SQL: SELECT * FROM `vv_mh_list` WHERE `mhcate` LIKE '%5%' ORDER BY sort desc LIMIT 6   [ RunTime:0.0005s ]
NOTIC: [8] Undefined index: sort C:\Users\lwg\Desktop\1\Application\Home\Controller\MhController.class.php 第 23 行.
SQL: SELECT * FROM `vv_mh_list` WHERE `mhcate` LIKE '%6%' ORDER BY sort desc LIMIT 6   [ RunTime:0.0004s ]
NOTIC: [8] Undefined index: sort C:\Users\lwg\Desktop\1\Application\Home\Controller\MhController.class.php 第 23 行.
SQL: SELECT * FROM `vv_mh_list` WHERE `mhcate` LIKE '%7%' ORDER BY sort desc LIMIT 6   [ RunTime:0.0004s ]
NOTIC: [8] Undefined index: sort C:\Users\lwg\Desktop\1\Application\Home\Controller\MhController.class.php 第 23 行.
SQL: SELECT * FROM `vv_mh_list` WHERE `mhcate` LIKE '%8%' ORDER BY sort desc LIMIT 6   [ RunTime:0.0004s ]
NOTIC: [8] Undefined index: sort C:\Users\lwg\Desktop\1\Application\Home\Controller\MhController.class.php 第 23 行.
SQL: SELECT * FROM `vv_mh_list` WHERE `mhcate` LIKE '%9%' ORDER BY sort desc LIMIT 6   [ RunTime:0.0004s ]
NOTIC: [8] Undefined index: sort C:\Users\lwg\Desktop\1\Application\Home\Controller\MhController.class.php 第 23 行.
SQL: SELECT * FROM `vv_mh_list` WHERE `mhcate` LIKE '%10%' ORDER BY sort desc LIMIT 6   [ RunTime:0.0004s ]
NOTIC: [8] Undefined index: sort C:\Users\lwg\Desktop\1\Application\Home\Controller\MhController.class.php 第 23 行.
SQL: SELECT * FROM `vv_mh_list` WHERE `mhcate` LIKE '%11%' ORDER BY sort desc LIMIT 6   [ RunTime:0.0004s ]
NOTIC: [8] Undefined index: sort C:\Users\lwg\Desktop\1\Application\Home\Controller\MhController.class.php 第 23 行.
SQL: SELECT * FROM `vv_mh_list` WHERE `mhcate` LIKE '%12%' ORDER BY sort desc LIMIT 6   [ RunTime:0.0004s ]
SQL: SELECT * FROM `vv_mh_list` WHERE `free_type` = 1 ORDER BY sort desc  [ RunTime:0.0004s ]
NOTIC: [2] Missing argument 2 for Common\Util\ddwechat::setParam(), called in C:\Users\lwg\Desktop\1\Application\Home\Controller\MhController.class.php on line 32 and defined C:\Users\lwg\Desktop\1\Application\Common\Util\ddwechat.class.php 第 39 行.
INFO: [ view_parse ] --START--
INFO: [ template_filter ] --START--
INFO: Run Behavior\ContentReplaceBehavior [ RunTime:0.000146s ]
INFO: [ template_filter ] --END-- [ RunTime:0.000203s ]
NOTIC: [8] Undefined variable: share C:\Users\lwg\Desktop\1\Application\Runtime\Cache\Home\67199abba7efdab949490dffef721944.php 第 203 行.
NOTIC: [8] Undefined variable: share C:\Users\lwg\Desktop\1\Application\Runtime\Cache\Home\67199abba7efdab949490dffef721944.php 第 204 行.
NOTIC: [8] Undefined variable: share C:\Users\lwg\Desktop\1\Application\Runtime\Cache\Home\67199abba7efdab949490dffef721944.php 第 205 行.
NOTIC: [8] Undefined index: thirdcode C:\Users\lwg\Desktop\1\Application\Runtime\Cache\Home\67199abba7efdab949490dffef721944.php 第 252 行.
INFO: Run Behavior\ParseTemplateBehavior [ RunTime:0.031523s ]
INFO: [ view_parse ] --END-- [ RunTime:0.031598s ]
INFO: [ view_filter ] --START--
INFO: Run Behavior\WriteHtmlCacheBehavior [ RunTime:0.002164s ]
INFO: [ view_filter ] --END-- [ RunTime:0.002212s ]
INFO: [ app_end ] --START--
INFO: Run Behavior\ShowPageTraceBehavior [ RunTime:0.002413s ]
INFO: [ app_end ] --END-- [ RunTime:0.002466s ]

[ 2019-02-13T21:50:44+08:00 ] 127.0.0.1 /index.php?m=&c=Mh&a=my
INFO: [ app_init ] --START--
INFO: Run Behavior\BuildLiteBehavior [ RunTime:0.000020s ]
INFO: [ app_init ] --END-- [ RunTime:0.000684s ]
INFO: [ app_begin ] --START--
INFO: Run Behavior\ReadHtmlCacheBehavior [ RunTime:0.001128s ]
INFO: [ app_begin ] --END-- [ RunTime:0.001183s ]
SQL: SHOW COLUMNS FROM `vv_config` [ RunTime:0.0174s ]
SQL: SELECT * FROM `vv_config`  [ RunTime:0.0006s ]
NOTIC: [8] Undefined index: imei C:\Users\lwg\Desktop\1\Application\Home\Controller\HomeController.class.php 第 32 行.
NOTIC: [8] Undefined index: chapid C:\Users\lwg\Desktop\1\Application\Home\Controller\HomeController.class.php 第 42 行.
NOTIC: [8] unserialize(): Error at offset 75 of 79 bytes C:\Users\lwg\Desktop\1\Application\Home\Controller\HomeController.class.php 第 63 行.
NOTIC: [8] unserialize(): Error at offset 45 of 108 bytes C:\Users\lwg\Desktop\1\Application\Home\Controller\HomeController.class.php 第 63 行.
NOTIC: [8] Undefined index: user_id C:\Users\lwg\Desktop\1\Application\Home\Controller\HomeController.class.php 第 71 行.
NOTIC: [8] Undefined index: parent C:\Users\lwg\Desktop\1\Application\Home\Controller\HomeController.class.php 第 132 行.
NOTIC: [8] Undefined index: uloginid C:\Users\lwg\Desktop\1\Application\Home\Controller\HomeController.class.php 第 141 行.
NOTIC: [8] Undefined index: zidongzhuce C:\Users\lwg\Desktop\1\Application\Home\Controller\HomeController.class.php 第 149 行.
NOTIC: [8] Undefined index: parent C:\Users\lwg\Desktop\1\Application\Home\Controller\HomeController.class.php 第 169 行.

[ 2019-02-13T21:50:45+08:00 ] 127.0.0.1 /index.php?m=&c=MhPublic&a=binding&fr=aHR0cDovLzEyNy4wLjAuMS9pbmRleC5waHA%2FbT0mYz1NaCZhPW15
INFO: [ app_init ] --START--
INFO: Run Behavior\BuildLiteBehavior [ RunTime:0.000014s ]
INFO: [ app_init ] --END-- [ RunTime:0.000583s ]
INFO: [ app_begin ] --START--
INFO: Run Behavior\ReadHtmlCacheBehavior [ RunTime:0.001007s ]
INFO: [ app_begin ] --END-- [ RunTime:0.001046s ]
SQL: SHOW COLUMNS FROM `vv_config` [ RunTime:0.0201s ]
SQL: SELECT * FROM `vv_config`  [ RunTime:0.0006s ]
NOTIC: [8] unserialize(): Error at offset 75 of 79 bytes C:\Users\lwg\Desktop\1\Application\Home\Controller\MhHomeController.class.php 第 13 行.
NOTIC: [8] unserialize(): Error at offset 45 of 108 bytes C:\Users\lwg\Desktop\1\Application\Home\Controller\MhHomeController.class.php 第 13 行.
NOTIC: [8] Undefined index: user_id C:\Users\lwg\Desktop\1\Application\Home\Controller\MhHomeController.class.php 第 21 行.
NOTIC: [2] Missing argument 2 for Common\Util\ddwechat::setParam(), called in C:\Users\lwg\Desktop\1\Application\Home\Controller\MhHomeController.class.php on line 64 and defined C:\Users\lwg\Desktop\1\Application\Common\Util\ddwechat.class.php 第 39 行.
INFO: [ view_parse ] --START--
INFO: [ template_filter ] --START--
INFO: Run Behavior\ContentReplaceBehavior [ RunTime:0.000078s ]
INFO: [ template_filter ] --END-- [ RunTime:0.000146s ]
INFO: Run Behavior\ParseTemplateBehavior [ RunTime:0.034819s ]
INFO: [ view_parse ] --END-- [ RunTime:0.034953s ]
INFO: [ view_filter ] --START--
INFO: Run Behavior\WriteHtmlCacheBehavior [ RunTime:0.002068s ]
INFO: [ view_filter ] --END-- [ RunTime:0.002133s ]
INFO: [ app_end ] --START--
INFO: Run Behavior\ShowPageTraceBehavior [ RunTime:0.002033s ]
INFO: [ app_end ] --END-- [ RunTime:0.002091s ]

[ 2019-02-13T21:51:15+08:00 ] 127.0.0.1 /index.php?m=&c=MhPublic&a=register
INFO: [ app_init ] --START--
INFO: Run Behavior\BuildLiteBehavior [ RunTime:0.000012s ]
INFO: [ app_init ] --END-- [ RunTime:0.000471s ]
INFO: [ app_begin ] --START--
INFO: Run Behavior\ReadHtmlCacheBehavior [ RunTime:0.001010s ]
INFO: [ app_begin ] --END-- [ RunTime:0.001052s ]
SQL: SHOW COLUMNS FROM `vv_config` [ RunTime:0.0258s ]
SQL: SELECT * FROM `vv_config`  [ RunTime:0.0008s ]
NOTIC: [8] unserialize(): Error at offset 75 of 79 bytes C:\Users\lwg\Desktop\1\Application\Home\Controller\MhHomeController.class.php 第 13 行.
NOTIC: [8] unserialize(): Error at offset 45 of 108 bytes C:\Users\lwg\Desktop\1\Application\Home\Controller\MhHomeController.class.php 第 13 行.
NOTIC: [8] Undefined index: user_id C:\Users\lwg\Desktop\1\Application\Home\Controller\MhHomeController.class.php 第 21 行.
NOTIC: [2] Missing argument 2 for Common\Util\ddwechat::setParam(), called in C:\Users\lwg\Desktop\1\Application\Home\Controller\MhHomeController.class.php on line 64 and defined C:\Users\lwg\Desktop\1\Application\Common\Util\ddwechat.class.php 第 39 行.
INFO: [ view_parse ] --START--
INFO: [ template_filter ] --START--
INFO: Run Behavior\ContentReplaceBehavior [ RunTime:0.000075s ]
INFO: [ template_filter ] --END-- [ RunTime:0.000135s ]
INFO: Run Behavior\ParseTemplateBehavior [ RunTime:0.030243s ]
INFO: [ view_parse ] --END-- [ RunTime:0.030369s ]
INFO: [ view_filter ] --START--
INFO: Run Behavior\WriteHtmlCacheBehavior [ RunTime:0.001437s ]
INFO: [ view_filter ] --END-- [ RunTime:0.001488s ]
INFO: [ app_end ] --START--
INFO: Run Behavior\ShowPageTraceBehavior [ RunTime:0.001783s ]
INFO: [ app_end ] --END-- [ RunTime:0.001834s ]

[ 2019-02-13T21:51:21+08:00 ] 127.0.0.1 /index.php?m=&c=MhPublic&a=login
INFO: [ app_init ] --START--
INFO: Run Behavior\BuildLiteBehavior [ RunTime:0.000014s ]
INFO: [ app_init ] --END-- [ RunTime:0.000514s ]
INFO: [ app_begin ] --START--
INFO: Run Behavior\ReadHtmlCacheBehavior [ RunTime:0.001052s ]
INFO: [ app_begin ] --END-- [ RunTime:0.001099s ]
SQL: SHOW COLUMNS FROM `vv_config` [ RunTime:0.0268s ]
SQL: SELECT * FROM `vv_config`  [ RunTime:0.0006s ]
NOTIC: [8] unserialize(): Error at offset 75 of 79 bytes C:\Users\lwg\Desktop\1\Application\Home\Controller\MhHomeController.class.php 第 13 行.
NOTIC: [8] unserialize(): Error at offset 45 of 108 bytes C:\Users\lwg\Desktop\1\Application\Home\Controller\MhHomeController.class.php 第 13 行.
NOTIC: [8] Undefined index: user_id C:\Users\lwg\Desktop\1\Application\Home\Controller\MhHomeController.class.php 第 21 行.
NOTIC: [2] Missing argument 2 for Common\Util\ddwechat::setParam(), called in C:\Users\lwg\Desktop\1\Application\Home\Controller\MhHomeController.class.php on line 64 and defined C:\Users\lwg\Desktop\1\Application\Common\Util\ddwechat.class.php 第 39 行.
INFO: [ view_parse ] --START--
INFO: [ template_filter ] --START--
INFO: Run Behavior\ContentReplaceBehavior [ RunTime:0.000042s ]
INFO: [ template_filter ] --END-- [ RunTime:0.000083s ]
INFO: Run Behavior\ParseTemplateBehavior [ RunTime:0.010795s ]
INFO: [ view_parse ] --END-- [ RunTime:0.010833s ]
INFO: [ view_filter ] --START--
INFO: Run Behavior\WriteHtmlCacheBehavior [ RunTime:0.000786s ]
INFO: [ view_filter ] --END-- [ RunTime:0.000812s ]
INFO: [ app_end ] --START--
INFO: Run Behavior\ShowPageTraceBehavior [ RunTime:0.000973s ]
INFO: [ app_end ] --END-- [ RunTime:0.001001s ]

[ 2019-02-13T21:51:24+08:00 ] 127.0.0.1 /index.php?m=&c=MhPublic&a=register
INFO: [ app_init ] --START--
INFO: Run Behavior\BuildLiteBehavior [ RunTime:0.000013s ]
INFO: [ app_init ] --END-- [ RunTime:0.000632s ]
INFO: [ app_begin ] --START--
INFO: Run Behavior\ReadHtmlCacheBehavior [ RunTime:0.001123s ]
INFO: [ app_begin ] --END-- [ RunTime:0.001170s ]
SQL: SHOW COLUMNS FROM `vv_config` [ RunTime:0.0258s ]
SQL: SELECT * FROM `vv_config`  [ RunTime:0.0009s ]
NOTIC: [8] unserialize(): Error at offset 75 of 79 bytes C:\Users\lwg\Desktop\1\Application\Home\Controller\MhHomeController.class.php 第 13 行.
NOTIC: [8] unserialize(): Error at offset 45 of 108 bytes C:\Users\lwg\Desktop\1\Application\Home\Controller\MhHomeController.class.php 第 13 行.
NOTIC: [8] Undefined index: user_id C:\Users\lwg\Desktop\1\Application\Home\Controller\MhHomeController.class.php 第 21 行.
NOTIC: [2] Missing argument 2 for Common\Util\ddwechat::setParam(), called in C:\Users\lwg\Desktop\1\Application\Home\Controller\MhHomeController.class.php on line 64 and defined C:\Users\lwg\Desktop\1\Application\Common\Util\ddwechat.class.php 第 39 行.
INFO: [ view_parse ] --START--
INFO: [ template_filter ] --START--
INFO: Run Behavior\ContentReplaceBehavior [ RunTime:0.000176s ]
INFO: [ template_filter ] --END-- [ RunTime:0.000322s ]
INFO: Run Behavior\ParseTemplateBehavior [ RunTime:0.042319s ]
INFO: [ view_parse ] --END-- [ RunTime:0.042490s ]
INFO: [ view_filter ] --START--
INFO: Run Behavior\WriteHtmlCacheBehavior [ RunTime:0.003658s ]
INFO: [ view_filter ] --END-- [ RunTime:0.003794s ]
INFO: [ app_end ] --START--
INFO: Run Behavior\ShowPageTraceBehavior [ RunTime:0.003025s ]
INFO: [ app_end ] --END-- [ RunTime:0.003129s ]

[ 2019-02-13T21:52:00+08:00 ] 127.0.0.1 /index.php?m=&c=MhPublic&a=register
INFO: [ app_init ] --START--
INFO: Run Behavior\BuildLiteBehavior [ RunTime:0.000010s ]
INFO: [ app_init ] --END-- [ RunTime:0.000464s ]
INFO: [ app_begin ] --START--
INFO: Run Behavior\ReadHtmlCacheBehavior [ RunTime:0.000987s ]
INFO: [ app_begin ] --END-- [ RunTime:0.001021s ]
SQL: SHOW COLUMNS FROM `vv_config` [ RunTime:0.0172s ]
SQL: SELECT * FROM `vv_config`  [ RunTime:0.0006s ]
NOTIC: [8] unserialize(): Error at offset 75 of 79 bytes C:\Users\lwg\Desktop\1\Application\Home\Controller\MhHomeController.class.php 第 13 行.
NOTIC: [8] unserialize(): Error at offset 45 of 108 bytes C:\Users\lwg\Desktop\1\Application\Home\Controller\MhHomeController.class.php 第 13 行.
NOTIC: [8] Undefined index: user_id C:\Users\lwg\Desktop\1\Application\Home\Controller\MhHomeController.class.php 第 21 行.
NOTIC: [2] Missing argument 2 for Common\Util\ddwechat::setParam(), called in C:\Users\lwg\Desktop\1\Application\Home\Controller\MhHomeController.class.php on line 64 and defined C:\Users\lwg\Desktop\1\Application\Common\Util\ddwechat.class.php 第 39 行.
SQL: SHOW COLUMNS FROM `vv_user` [ RunTime:0.0069s ]
SQL: SELECT * FROM `vv_user` WHERE `username` = 'php85com' LIMIT 1   [ RunTime:0.0003s ]
SQL: INSERT INTO `vv_user` (`nickname`,`headimg`,`username`,`userpwd`,`sub_time`,`create_time`,`update_time`) VALUES ('php85com','/Public/home/mhimages/100.jpeg','php85com','php85com','1550065918','1550065918','1550065918') [ RunTime:0.0003s ]
SQL: SELECT * FROM `vv_user` WHERE ( id=2 ) LIMIT 1   [ RunTime:0.0002s ]

[ 2019-02-13T21:52:01+08:00 ] 127.0.0.1 /index.php?m=&c=MhPublic&a=login
INFO: [ app_init ] --START--
INFO: Run Behavior\BuildLiteBehavior [ RunTime:0.000013s ]
INFO: [ app_init ] --END-- [ RunTime:0.000686s ]
INFO: [ app_begin ] --START--
INFO: Run Behavior\ReadHtmlCacheBehavior [ RunTime:0.002042s ]
INFO: [ app_begin ] --END-- [ RunTime:0.002109s ]
SQL: SHOW COLUMNS FROM `vv_config` [ RunTime:0.0245s ]
SQL: SELECT * FROM `vv_config`  [ RunTime:0.0004s ]
NOTIC: [8] unserialize(): Error at offset 75 of 79 bytes C:\Users\lwg\Desktop\1\Application\Home\Controller\MhHomeController.class.php 第 13 行.
NOTIC: [8] unserialize(): Error at offset 45 of 108 bytes C:\Users\lwg\Desktop\1\Application\Home\Controller\MhHomeController.class.php 第 13 行.
NOTIC: [8] Undefined index: user_id C:\Users\lwg\Desktop\1\Application\Home\Controller\MhHomeController.class.php 第 21 行.
NOTIC: [2] Missing argument 2 for Common\Util\ddwechat::setParam(), called in C:\Users\lwg\Desktop\1\Application\Home\Controller\MhHomeController.class.php on line 64 and defined C:\Users\lwg\Desktop\1\Application\Common\Util\ddwechat.class.php 第 39 行.
INFO: [ view_parse ] --START--
INFO: [ template_filter ] --START--
INFO: Run Behavior\ContentReplaceBehavior [ RunTime:0.000059s ]
INFO: [ template_filter ] --END-- [ RunTime:0.000114s ]
INFO: Run Behavior\ParseTemplateBehavior [ RunTime:0.026994s ]
INFO: [ view_parse ] --END-- [ RunTime:0.027065s ]
INFO: [ view_filter ] --START--
INFO: Run Behavior\WriteHtmlCacheBehavior [ RunTime:0.001269s ]
INFO: [ view_filter ] --END-- [ RunTime:0.001316s ]
INFO: [ app_end ] --START--
INFO: Run Behavior\ShowPageTraceBehavior [ RunTime:0.002492s ]
INFO: [ app_end ] --END-- [ RunTime:0.002548s ]

[ 2019-02-13T21:52:12+08:00 ] 127.0.0.1 /index.php?m=&c=MhPublic&a=binding
INFO: [ app_init ] --START--
INFO: Run Behavior\BuildLiteBehavior [ RunTime:0.000010s ]
INFO: [ app_init ] --END-- [ RunTime:0.000667s ]
INFO: [ app_begin ] --START--
INFO: Run Behavior\ReadHtmlCacheBehavior [ RunTime:0.001616s ]
INFO: [ app_begin ] --END-- [ RunTime:0.001648s ]
SQL: SHOW COLUMNS FROM `vv_config` [ RunTime:0.0257s ]
SQL: SELECT * FROM `vv_config`  [ RunTime:0.0008s ]
NOTIC: [8] unserialize(): Error at offset 75 of 79 bytes C:\Users\lwg\Desktop\1\Application\Home\Controller\MhHomeController.class.php 第 13 行.
NOTIC: [8] unserialize(): Error at offset 45 of 108 bytes C:\Users\lwg\Desktop\1\Application\Home\Controller\MhHomeController.class.php 第 13 行.
NOTIC: [8] Undefined index: user_id C:\Users\lwg\Desktop\1\Application\Home\Controller\MhHomeController.class.php 第 21 行.
NOTIC: [2] Missing argument 2 for Common\Util\ddwechat::setParam(), called in C:\Users\lwg\Desktop\1\Application\Home\Controller\MhHomeController.class.php on line 64 and defined C:\Users\lwg\Desktop\1\Application\Common\Util\ddwechat.class.php 第 39 行.
SQL: SHOW COLUMNS FROM `vv_user` [ RunTime:0.0282s ]
SQL: SELECT * FROM `vv_user` WHERE ( username='PHP85' ) LIMIT 1   [ RunTime:0.0009s ]

[ 2019-02-13T21:52:24+08:00 ] 127.0.0.1 /index.php?m=&c=MhPublic&a=binding
INFO: [ app_init ] --START--
INFO: Run Behavior\BuildLiteBehavior [ RunTime:0.000011s ]
INFO: [ app_init ] --END-- [ RunTime:0.000465s ]
INFO: [ app_begin ] --START--
INFO: Run Behavior\ReadHtmlCacheBehavior [ RunTime:0.001032s ]
INFO: [ app_begin ] --END-- [ RunTime:0.001069s ]
SQL: SHOW COLUMNS FROM `vv_config` [ RunTime:0.0259s ]
SQL: SELECT * FROM `vv_config`  [ RunTime:0.0008s ]
NOTIC: [8] unserialize(): Error at offset 75 of 79 bytes C:\Users\lwg\Desktop\1\Application\Home\Controller\MhHomeController.class.php 第 13 行.
NOTIC: [8] unserialize(): Error at offset 45 of 108 bytes C:\Users\lwg\Desktop\1\Application\Home\Controller\MhHomeController.class.php 第 13 行.
NOTIC: [8] Undefined index: user_id C:\Users\lwg\Desktop\1\Application\Home\Controller\MhHomeController.class.php 第 21 行.
NOTIC: [2] Missing argument 2 for Common\Util\ddwechat::setParam(), called in C:\Users\lwg\Desktop\1\Application\Home\Controller\MhHomeController.class.php on line 64 and defined C:\Users\lwg\Desktop\1\Application\Common\Util\ddwechat.class.php 第 39 行.
SQL: SHOW COLUMNS FROM `vv_user` [ RunTime:0.0277s ]
SQL: SELECT * FROM `vv_user` WHERE ( username='php85com' ) LIMIT 1   [ RunTime:0.0009s ]

[ 2019-02-13T21:52:26+08:00 ] 127.0.0.1 /index.php?m=&c=Mh&a=my
INFO: [ app_init ] --START--
INFO: Run Behavior\BuildLiteBehavior [ RunTime:0.000014s ]
INFO: [ app_init ] --END-- [ RunTime:0.000672s ]
INFO: [ app_begin ] --START--
INFO: Run Behavior\ReadHtmlCacheBehavior [ RunTime:0.001215s ]
INFO: [ app_begin ] --END-- [ RunTime:0.001266s ]
SQL: SHOW COLUMNS FROM `vv_config` [ RunTime:0.0221s ]
SQL: SELECT * FROM `vv_config`  [ RunTime:0.0004s ]
NOTIC: [8] Undefined index: imei C:\Users\lwg\Desktop\1\Application\Home\Controller\HomeController.class.php 第 32 行.
NOTIC: [8] Undefined index: chapid C:\Users\lwg\Desktop\1\Application\Home\Controller\HomeController.class.php 第 42 行.
NOTIC: [8] unserialize(): Error at offset 75 of 79 bytes C:\Users\lwg\Desktop\1\Application\Home\Controller\HomeController.class.php 第 63 行.
NOTIC: [8] unserialize(): Error at offset 45 of 108 bytes C:\Users\lwg\Desktop\1\Application\Home\Controller\HomeController.class.php 第 63 行.
NOTIC: [8] Undefined index: user_id C:\Users\lwg\Desktop\1\Application\Home\Controller\HomeController.class.php 第 71 行.
SQL: SHOW COLUMNS FROM `vv_user` [ RunTime:0.0290s ]
SQL: SELECT * FROM `vv_user` WHERE `id` = 2 LIMIT 1   [ RunTime:0.0010s ]
NOTIC: [8] Use of undefined constant id - assumed 'id' C:\Users\lwg\Desktop\1\Application\Home\Controller\HomeController.class.php 第 129 行.
SQL: SHOW COLUMNS FROM `vv_data` [ RunTime:0.0154s ]
SQL: SELECT * FROM `vv_data` WHERE ( date=20190212 ) LIMIT 1   [ RunTime:0.0004s ]
NOTIC: [8] Undefined index: isopen C:\Users\lwg\Desktop\1\Application\Home\Controller\HomeController.class.php 第 175 行.
NOTIC: [8] Undefined variable: adsPic C:\Users\lwg\Desktop\1\Application\Home\Controller\HomeController.class.php 第 208 行.
NOTIC: [8] Undefined index: uid C:\Users\lwg\Desktop\1\Application\Home\Controller\HomeController.class.php 第 209 行.
SQL: SELECT * FROM `vv_user` WHERE `id` = 2 LIMIT 1   [ RunTime:0.0005s ]
SQL: SHOW COLUMNS FROM `vv_sign` [ RunTime:0.0161s ]
SQL: SELECT * FROM `vv_sign` WHERE `date` = '20190213' AND `user_id` = 2 LIMIT 1   [ RunTime:0.0003s ]
INFO: [ view_parse ] --START--
INFO: [ template_filter ] --START--
INFO: Run Behavior\ContentReplaceBehavior [ RunTime:0.000153s ]
INFO: [ template_filter ] --END-- [ RunTime:0.000197s ]
NOTIC: [8] Undefined index: gonggao C:\Users\lwg\Desktop\1\Application\Runtime\Cache\Home\6684dd730d555b80dcc179cd385fcd50.php 第 97 行.
NOTIC: [8] Undefined index: vip_level C:\Users\lwg\Desktop\1\Application\Runtime\Cache\Home\6684dd730d555b80dcc179cd385fcd50.php 第 107 行.
NOTIC: [8] Undefined variable: share C:\Users\lwg\Desktop\1\Application\Runtime\Cache\Home\6684dd730d555b80dcc179cd385fcd50.php 第 401 行.
NOTIC: [8] Undefined variable: share C:\Users\lwg\Desktop\1\Application\Runtime\Cache\Home\6684dd730d555b80dcc179cd385fcd50.php 第 402 行.
NOTIC: [8] Undefined variable: share C:\Users\lwg\Desktop\1\Application\Runtime\Cache\Home\6684dd730d555b80dcc179cd385fcd50.php 第 403 行.
NOTIC: [8] Undefined variable: jssdk C:\Users\lwg\Desktop\1\Application\Runtime\Cache\Home\6684dd730d555b80dcc179cd385fcd50.php 第 406 行.
NOTIC: [8] Undefined variable: jssdk C:\Users\lwg\Desktop\1\Application\Runtime\Cache\Home\6684dd730d555b80dcc179cd385fcd50.php 第 407 行.
NOTIC: [8] Undefined variable: jssdk C:\Users\lwg\Desktop\1\Application\Runtime\Cache\Home\6684dd730d555b80dcc179cd385fcd50.php 第 408 行.
NOTIC: [8] Undefined variable: jssdk C:\Users\lwg\Desktop\1\Application\Runtime\Cache\Home\6684dd730d555b80dcc179cd385fcd50.php 第 409 行.
NOTIC: [8] Undefined index: thirdcode C:\Users\lwg\Desktop\1\Application\Runtime\Cache\Home\6684dd730d555b80dcc179cd385fcd50.php 第 450 行.
INFO: Run Behavior\ParseTemplateBehavior [ RunTime:0.021610s ]
INFO: [ view_parse ] --END-- [ RunTime:0.021656s ]
INFO: [ view_filter ] --START--
INFO: Run Behavior\WriteHtmlCacheBehavior [ RunTime:0.001584s ]
INFO: [ view_filter ] --END-- [ RunTime:0.001618s ]
INFO: [ app_end ] --START--
INFO: Run Behavior\ShowPageTraceBehavior [ RunTime:0.001891s ]
INFO: [ app_end ] --END-- [ RunTime:0.001940s ]

[ 2019-02-13T21:52:27+08:00 ] 127.0.0.1 /index.php?m=&c=Mh&a=my&p_reload=1&reload_time=1550065946516
INFO: [ app_init ] --START--
INFO: Run Behavior\BuildLiteBehavior [ RunTime:0.000015s ]
INFO: [ app_init ] --END-- [ RunTime:0.000622s ]
INFO: [ app_begin ] --START--
INFO: Run Behavior\ReadHtmlCacheBehavior [ RunTime:0.001266s ]
INFO: [ app_begin ] --END-- [ RunTime:0.001331s ]
SQL: SHOW COLUMNS FROM `vv_config` [ RunTime:0.0262s ]
SQL: SELECT * FROM `vv_config`  [ RunTime:0.0004s ]
NOTIC: [8] Undefined index: imei C:\Users\lwg\Desktop\1\Application\Home\Controller\HomeController.class.php 第 32 行.
NOTIC: [8] Undefined index: chapid C:\Users\lwg\Desktop\1\Application\Home\Controller\HomeController.class.php 第 42 行.
NOTIC: [8] unserialize(): Error at offset 75 of 79 bytes C:\Users\lwg\Desktop\1\Application\Home\Controller\HomeController.class.php 第 63 行.
NOTIC: [8] unserialize(): Error at offset 45 of 108 bytes C:\Users\lwg\Desktop\1\Application\Home\Controller\HomeController.class.php 第 63 行.
NOTIC: [8] Undefined index: user_id C:\Users\lwg\Desktop\1\Application\Home\Controller\HomeController.class.php 第 71 行.
SQL: SHOW COLUMNS FROM `vv_user` [ RunTime:0.0231s ]
SQL: SELECT * FROM `vv_user` WHERE `id` = 2 LIMIT 1   [ RunTime:0.0005s ]
NOTIC: [8] Use of undefined constant id - assumed 'id' C:\Users\lwg\Desktop\1\Application\Home\Controller\HomeController.class.php 第 129 行.
SQL: SHOW COLUMNS FROM `vv_data` [ RunTime:0.0152s ]
SQL: SELECT * FROM `vv_data` WHERE ( date=20190212 ) LIMIT 1   [ RunTime:0.0007s ]
NOTIC: [8] Undefined index: isopen C:\Users\lwg\Desktop\1\Application\Home\Controller\HomeController.class.php 第 175 行.
NOTIC: [8] Undefined variable: adsPic C:\Users\lwg\Desktop\1\Application\Home\Controller\HomeController.class.php 第 208 行.
NOTIC: [8] Undefined index: uid C:\Users\lwg\Desktop\1\Application\Home\Controller\HomeController.class.php 第 209 行.
SQL: SELECT * FROM `vv_user` WHERE `id` = 2 LIMIT 1   [ RunTime:0.0005s ]
SQL: SHOW COLUMNS FROM `vv_sign` [ RunTime:0.0105s ]
SQL: SELECT * FROM `vv_sign` WHERE `date` = '20190213' AND `user_id` = 2 LIMIT 1   [ RunTime:0.0002s ]
INFO: [ view_parse ] --START--
INFO: [ template_filter ] --START--
INFO: Run Behavior\ContentReplaceBehavior [ RunTime:0.000137s ]
INFO: [ template_filter ] --END-- [ RunTime:0.000177s ]
NOTIC: [8] Undefined index: gonggao C:\Users\lwg\Desktop\1\Application\Runtime\Cache\Home\6684dd730d555b80dcc179cd385fcd50.php 第 97 行.
NOTIC: [8] Undefined index: vip_level C:\Users\lwg\Desktop\1\Application\Runtime\Cache\Home\6684dd730d555b80dcc179cd385fcd50.php 第 107 行.
NOTIC: [8] Undefined variable: share C:\Users\lwg\Desktop\1\Application\Runtime\Cache\Home\6684dd730d555b80dcc179cd385fcd50.php 第 401 行.
NOTIC: [8] Undefined variable: share C:\Users\lwg\Desktop\1\Application\Runtime\Cache\Home\6684dd730d555b80dcc179cd385fcd50.php 第 402 行.
NOTIC: [8] Undefined variable: share C:\Users\lwg\Desktop\1\Application\Runtime\Cache\Home\6684dd730d555b80dcc179cd385fcd50.php 第 403 行.
NOTIC: [8] Undefined variable: jssdk C:\Users\lwg\Desktop\1\Application\Runtime\Cache\Home\6684dd730d555b80dcc179cd385fcd50.php 第 406 行.
NOTIC: [8] Undefined variable: jssdk C:\Users\lwg\Desktop\1\Application\Runtime\Cache\Home\6684dd730d555b80dcc179cd385fcd50.php 第 407 行.
NOTIC: [8] Undefined variable: jssdk C:\Users\lwg\Desktop\1\Application\Runtime\Cache\Home\6684dd730d555b80dcc179cd385fcd50.php 第 408 行.
NOTIC: [8] Undefined variable: jssdk C:\Users\lwg\Desktop\1\Application\Runtime\Cache\Home\6684dd730d555b80dcc179cd385fcd50.php 第 409 行.
NOTIC: [8] Undefined index: thirdcode C:\Users\lwg\Desktop\1\Application\Runtime\Cache\Home\6684dd730d555b80dcc179cd385fcd50.php 第 450 行.
INFO: Run Behavior\ParseTemplateBehavior [ RunTime:0.014160s ]
INFO: [ view_parse ] --END-- [ RunTime:0.014198s ]
INFO: [ view_filter ] --START--
INFO: Run Behavior\WriteHtmlCacheBehavior [ RunTime:0.000932s ]
INFO: [ view_filter ] --END-- [ RunTime:0.000962s ]
INFO: [ app_end ] --START--
INFO: Run Behavior\ShowPageTraceBehavior [ RunTime:0.001310s ]
INFO: [ app_end ] --END-- [ RunTime:0.001353s ]

[ 2019-02-13T21:52:32+08:00 ] 127.0.0.1 /index.php?m=&c=Mh&a=index
INFO: [ app_init ] --START--
INFO: Run Behavior\BuildLiteBehavior [ RunTime:0.000014s ]
INFO: [ app_init ] --END-- [ RunTime:0.000578s ]
INFO: [ app_begin ] --START--
INFO: Run Behavior\ReadHtmlCacheBehavior [ RunTime:0.001318s ]
INFO: [ app_begin ] --END-- [ RunTime:0.001380s ]
SQL: SHOW COLUMNS FROM `vv_config` [ RunTime:0.0269s ]
SQL: SELECT * FROM `vv_config`  [ RunTime:0.0009s ]
NOTIC: [8] Undefined index: imei C:\Users\lwg\Desktop\1\Application\Home\Controller\HomeController.class.php 第 32 行.
NOTIC: [8] Undefined index: chapid C:\Users\lwg\Desktop\1\Application\Home\Controller\HomeController.class.php 第 42 行.
NOTIC: [8] unserialize(): Error at offset 75 of 79 bytes C:\Users\lwg\Desktop\1\Application\Home\Controller\HomeController.class.php 第 63 行.
NOTIC: [8] unserialize(): Error at offset 45 of 108 bytes C:\Users\lwg\Desktop\1\Application\Home\Controller\HomeController.class.php 第 63 行.
NOTIC: [8] Undefined index: user_id C:\Users\lwg\Desktop\1\Application\Home\Controller\HomeController.class.php 第 71 行.
SQL: SHOW COLUMNS FROM `vv_user` [ RunTime:0.0278s ]
SQL: SELECT * FROM `vv_user` WHERE `id` = 2 LIMIT 1   [ RunTime:0.0009s ]
NOTIC: [8] Use of undefined constant id - assumed 'id' C:\Users\lwg\Desktop\1\Application\Home\Controller\HomeController.class.php 第 129 行.
SQL: SHOW COLUMNS FROM `vv_data` [ RunTime:0.0151s ]
SQL: SELECT * FROM `vv_data` WHERE ( date=20190212 ) LIMIT 1   [ RunTime:0.0003s ]
NOTIC: [8] Undefined index: isopen C:\Users\lwg\Desktop\1\Application\Home\Controller\HomeController.class.php 第 175 行.
NOTIC: [8] Undefined variable: adsPic C:\Users\lwg\Desktop\1\Application\Home\Controller\HomeController.class.php 第 208 行.
NOTIC: [8] Undefined index: uid C:\Users\lwg\Desktop\1\Application\Home\Controller\HomeController.class.php 第 209 行.
NOTIC: [8] Undefined index: sort C:\Users\lwg\Desktop\1\Application\Home\Controller\MhController.class.php 第 23 行.
SQL: SHOW COLUMNS FROM `vv_mh_list` [ RunTime:0.0131s ]
SQL: SELECT * FROM `vv_mh_list` WHERE `mhcate` LIKE '%5%' ORDER BY sort desc LIMIT 6   [ RunTime:0.0003s ]
NOTIC: [8] Undefined index: sort C:\Users\lwg\Desktop\1\Application\Home\Controller\MhController.class.php 第 23 行.
SQL: SELECT * FROM `vv_mh_list` WHERE `mhcate` LIKE '%6%' ORDER BY sort desc LIMIT 6   [ RunTime:0.0003s ]
NOTIC: [8] Undefined index: sort C:\Users\lwg\Desktop\1\Application\Home\Controller\MhController.class.php 第 23 行.
SQL: SELECT * FROM `vv_mh_list` WHERE `mhcate` LIKE '%7%' ORDER BY sort desc LIMIT 6   [ RunTime:0.0003s ]
NOTIC: [8] Undefined index: sort C:\Users\lwg\Desktop\1\Application\Home\Controller\MhController.class.php 第 23 行.
SQL: SELECT * FROM `vv_mh_list` WHERE `mhcate` LIKE '%8%' ORDER BY sort desc LIMIT 6   [ RunTime:0.0003s ]
NOTIC: [8] Undefined index: sort C:\Users\lwg\Desktop\1\Application\Home\Controller\MhController.class.php 第 23 行.
SQL: SELECT * FROM `vv_mh_list` WHERE `mhcate` LIKE '%9%' ORDER BY sort desc LIMIT 6   [ RunTime:0.0003s ]
NOTIC: [8] Undefined index: sort C:\Users\lwg\Desktop\1\Application\Home\Controller\MhController.class.php 第 23 行.
SQL: SELECT * FROM `vv_mh_list` WHERE `mhcate` LIKE '%10%' ORDER BY sort desc LIMIT 6   [ RunTime:0.0003s ]
NOTIC: [8] Undefined index: sort C:\Users\lwg\Desktop\1\Application\Home\Controller\MhController.class.php 第 23 行.
SQL: SELECT * FROM `vv_mh_list` WHERE `mhcate` LIKE '%11%' ORDER BY sort desc LIMIT 6   [ RunTime:0.0003s ]
NOTIC: [8] Undefined index: sort C:\Users\lwg\Desktop\1\Application\Home\Controller\MhController.class.php 第 23 行.
SQL: SELECT * FROM `vv_mh_list` WHERE `mhcate` LIKE '%12%' ORDER BY sort desc LIMIT 6   [ RunTime:0.0003s ]
SQL: SELECT * FROM `vv_mh_list` WHERE `free_type` = 1 ORDER BY sort desc  [ RunTime:0.0003s ]
NOTIC: [2] Missing argument 2 for Common\Util\ddwechat::setParam(), called in C:\Users\lwg\Desktop\1\Application\Home\Controller\MhController.class.php on line 32 and defined C:\Users\lwg\Desktop\1\Application\Common\Util\ddwechat.class.php 第 39 行.
INFO: [ view_parse ] --START--
INFO: [ template_filter ] --START--
INFO: Run Behavior\ContentReplaceBehavior [ RunTime:0.000375s ]
INFO: [ template_filter ] --END-- [ RunTime:0.000509s ]
NOTIC: [8] Undefined variable: share C:\Users\lwg\Desktop\1\Application\Runtime\Cache\Home\67199abba7efdab949490dffef721944.php 第 203 行.
NOTIC: [8] Undefined variable: share C:\Users\lwg\Desktop\1\Application\Runtime\Cache\Home\67199abba7efdab949490dffef721944.php 第 204 行.
NOTIC: [8] Undefined variable: share C:\Users\lwg\Desktop\1\Application\Runtime\Cache\Home\67199abba7efdab949490dffef721944.php 第 205 行.
NOTIC: [8] Undefined index: thirdcode C:\Users\lwg\Desktop\1\Application\Runtime\Cache\Home\67199abba7efdab949490dffef721944.php 第 252 行.
INFO: Run Behavior\ParseTemplateBehavior [ RunTime:0.052417s ]
INFO: [ view_parse ] --END-- [ RunTime:0.052527s ]
INFO: [ view_filter ] --START--
INFO: Run Behavior\WriteHtmlCacheBehavior [ RunTime:0.001832s ]
INFO: [ view_filter ] --END-- [ RunTime:0.001891s ]
INFO: [ app_end ] --START--
INFO: Run Behavior\ShowPageTraceBehavior [ RunTime:0.002517s ]
INFO: [ app_end ] --END-- [ RunTime:0.002593s ]

[ 2019-02-13T21:52:45+08:00 ] 127.0.0.1 /index.php?m=&c=Book&a=index
INFO: [ app_init ] --START--
INFO: Run Behavior\BuildLiteBehavior [ RunTime:0.000022s ]
INFO: [ app_init ] --END-- [ RunTime:0.000892s ]
INFO: [ app_begin ] --START--
INFO: Run Behavior\ReadHtmlCacheBehavior [ RunTime:0.001656s ]
INFO: [ app_begin ] --END-- [ RunTime:0.001702s ]
SQL: SHOW COLUMNS FROM `vv_config` [ RunTime:0.0191s ]
SQL: SELECT * FROM `vv_config`  [ RunTime:0.0006s ]
NOTIC: [8] Undefined index: imei C:\Users\lwg\Desktop\1\Application\Home\Controller\HomeController.class.php 第 32 行.
NOTIC: [8] Undefined index: chapid C:\Users\lwg\Desktop\1\Application\Home\Controller\HomeController.class.php 第 42 行.
NOTIC: [8] unserialize(): Error at offset 75 of 79 bytes C:\Users\lwg\Desktop\1\Application\Home\Controller\HomeController.class.php 第 63 行.
NOTIC: [8] unserialize(): Error at offset 45 of 108 bytes C:\Users\lwg\Desktop\1\Application\Home\Controller\HomeController.class.php 第 63 行.
NOTIC: [8] Undefined index: user_id C:\Users\lwg\Desktop\1\Application\Home\Controller\HomeController.class.php 第 71 行.
SQL: SHOW COLUMNS FROM `vv_user` [ RunTime:0.0197s ]
SQL: SELECT * FROM `vv_user` WHERE `id` = 2 LIMIT 1   [ RunTime:0.0007s ]
NOTIC: [8] Use of undefined constant id - assumed 'id' C:\Users\lwg\Desktop\1\Application\Home\Controller\HomeController.class.php 第 129 行.
SQL: SHOW COLUMNS FROM `vv_data` [ RunTime:0.0164s ]
SQL: SELECT * FROM `vv_data` WHERE ( date=20190212 ) LIMIT 1   [ RunTime:0.0002s ]
NOTIC: [8] Undefined index: isopen C:\Users\lwg\Desktop\1\Application\Home\Controller\HomeController.class.php 第 175 行.
NOTIC: [8] Undefined variable: adsPic C:\Users\lwg\Desktop\1\Application\Home\Controller\HomeController.class.php 第 208 行.
NOTIC: [8] Undefined index: uid C:\Users\lwg\Desktop\1\Application\Home\Controller\HomeController.class.php 第 209 行.
SQL: SHOW COLUMNS FROM `vv_book` [ RunTime:0.0094s ]
SQL: SELECT * FROM `vv_book` WHERE `bookcate` LIKE '%5%' ORDER BY sort desc LIMIT 6   [ RunTime:0.0003s ]
SQL: SELECT * FROM `vv_book` WHERE `bookcate` LIKE '%6%' ORDER BY sort desc LIMIT 6   [ RunTime:0.0002s ]
SQL: SELECT * FROM `vv_book` WHERE `bookcate` LIKE '%7%' ORDER BY sort desc LIMIT 6   [ RunTime:0.0002s ]
SQL: SELECT * FROM `vv_book` WHERE `bookcate` LIKE '%8%' ORDER BY sort desc LIMIT 6   [ RunTime:0.0002s ]
SQL: SELECT * FROM `vv_book` WHERE `bookcate` LIKE '%9%' ORDER BY sort desc LIMIT 6   [ RunTime:0.0002s ]
SQL: SELECT * FROM `vv_book` WHERE `bookcate` LIKE '%10%' ORDER BY sort desc LIMIT 6   [ RunTime:0.0002s ]
SQL: SELECT * FROM `vv_book` WHERE `free_type` = 1 ORDER BY sort desc  [ RunTime:0.0002s ]
NOTIC: [2] Missing argument 2 for Common\Util\ddwechat::setParam(), called in C:\Users\lwg\Desktop\1\Application\Home\Controller\BookController.class.php on line 29 and defined C:\Users\lwg\Desktop\1\Application\Common\Util\ddwechat.class.php 第 39 行.
INFO: [ view_parse ] --START--
INFO: [ template_filter ] --START--
INFO: Run Behavior\ContentReplaceBehavior [ RunTime:0.000160s ]
INFO: [ template_filter ] --END-- [ RunTime:0.000223s ]
NOTIC: [8] Undefined variable: share C:\Users\lwg\Desktop\1\Application\Runtime\Cache\Home\88fd1496475deb2aa861d336784d55ed.php 第 195 行.
NOTIC: [8] Undefined index: thirdcode C:\Users\lwg\Desktop\1\Application\Runtime\Cache\Home\88fd1496475deb2aa861d336784d55ed.php 第 251 行.
INFO: Run Behavior\ParseTemplateBehavior [ RunTime:0.036195s ]
INFO: [ view_parse ] --END-- [ RunTime:0.036270s ]
INFO: [ view_filter ] --START--
INFO: Run Behavior\WriteHtmlCacheBehavior [ RunTime:0.002385s ]
INFO: [ view_filter ] --END-- [ RunTime:0.002438s ]
INFO: [ app_end ] --START--
INFO: Run Behavior\ShowPageTraceBehavior [ RunTime:0.002867s ]
INFO: [ app_end ] --END-- [ RunTime:0.002932s ]

[ 2019-02-13T21:52:49+08:00 ] 127.0.0.1 /index.php?m=&c=Book&a=booklist&cate=10
INFO: [ app_init ] --START--
INFO: Run Behavior\BuildLiteBehavior [ RunTime:0.000010s ]
INFO: [ app_init ] --END-- [ RunTime:0.000454s ]
INFO: [ app_begin ] --START--
INFO: Run Behavior\ReadHtmlCacheBehavior [ RunTime:0.001083s ]
INFO: [ app_begin ] --END-- [ RunTime:0.001142s ]
SQL: SHOW COLUMNS FROM `vv_config` [ RunTime:0.0751s ]
SQL: SELECT * FROM `vv_config`  [ RunTime:0.0005s ]
NOTIC: [8] Undefined index: imei C:\Users\lwg\Desktop\1\Application\Home\Controller\HomeController.class.php 第 32 行.
NOTIC: [8] Undefined index: chapid C:\Users\lwg\Desktop\1\Application\Home\Controller\HomeController.class.php 第 42 行.
NOTIC: [8] unserialize(): Error at offset 75 of 79 bytes C:\Users\lwg\Desktop\1\Application\Home\Controller\HomeController.class.php 第 63 行.
NOTIC: [8] unserialize(): Error at offset 45 of 108 bytes C:\Users\lwg\Desktop\1\Application\Home\Controller\HomeController.class.php 第 63 行.
NOTIC: [8] Undefined index: user_id C:\Users\lwg\Desktop\1\Application\Home\Controller\HomeController.class.php 第 71 行.
SQL: SHOW COLUMNS FROM `vv_user` [ RunTime:0.0150s ]
SQL: SELECT * FROM `vv_user` WHERE `id` = 2 LIMIT 1   [ RunTime:0.0004s ]
NOTIC: [8] Use of undefined constant id - assumed 'id' C:\Users\lwg\Desktop\1\Application\Home\Controller\HomeController.class.php 第 129 行.
SQL: SHOW COLUMNS FROM `vv_data` [ RunTime:0.0130s ]
SQL: SELECT * FROM `vv_data` WHERE ( date=20190212 ) LIMIT 1   [ RunTime:0.0002s ]
NOTIC: [8] Undefined index: isopen C:\Users\lwg\Desktop\1\Application\Home\Controller\HomeController.class.php 第 175 行.
NOTIC: [8] Undefined variable: adsPic C:\Users\lwg\Desktop\1\Application\Home\Controller\HomeController.class.php 第 208 行.
NOTIC: [8] Undefined index: uid C:\Users\lwg\Desktop\1\Application\Home\Controller\HomeController.class.php 第 209 行.
SQL: SHOW COLUMNS FROM `vv_book` [ RunTime:0.0074s ]
SQL: SELECT * FROM `vv_book` WHERE `bookcate` LIKE '%10%' ORDER BY is_new desc,id desc LIMIT 50   [ RunTime:0.0002s ]
INFO: [ view_parse ] --START--
INFO: [ template_filter ] --START--
INFO: Run Behavior\ContentReplaceBehavior [ RunTime:0.000100s ]
INFO: [ template_filter ] --END-- [ RunTime:0.000140s ]
INFO: Run Behavior\ParseTemplateBehavior [ RunTime:0.013586s ]
INFO: [ view_parse ] --END-- [ RunTime:0.013632s ]
INFO: [ view_filter ] --START--
INFO: Run Behavior\WriteHtmlCacheBehavior [ RunTime:0.000947s ]
INFO: [ view_filter ] --END-- [ RunTime:0.000978s ]
INFO: [ app_end ] --START--
INFO: Run Behavior\ShowPageTraceBehavior [ RunTime:0.001316s ]
INFO: [ app_end ] --END-- [ RunTime:0.001365s ]

[ 2019-02-13T21:52:53+08:00 ] 127.0.0.1 /index.php?m=&c=Book&a=index
INFO: [ app_init ] --START--
INFO: Run Behavior\BuildLiteBehavior [ RunTime:0.000013s ]
INFO: [ app_init ] --END-- [ RunTime:0.000795s ]
INFO: [ app_begin ] --START--
INFO: Run Behavior\ReadHtmlCacheBehavior [ RunTime:0.001867s ]
INFO: [ app_begin ] --END-- [ RunTime:0.001917s ]
SQL: SHOW COLUMNS FROM `vv_config` [ RunTime:0.0183s ]
SQL: SELECT * FROM `vv_config`  [ RunTime:0.0006s ]
NOTIC: [8] Undefined index: imei C:\Users\lwg\Desktop\1\Application\Home\Controller\HomeController.class.php 第 32 行.
NOTIC: [8] Undefined index: chapid C:\Users\lwg\Desktop\1\Application\Home\Controller\HomeController.class.php 第 42 行.
NOTIC: [8] unserialize(): Error at offset 75 of 79 bytes C:\Users\lwg\Desktop\1\Application\Home\Controller\HomeController.class.php 第 63 行.
NOTIC: [8] unserialize(): Error at offset 45 of 108 bytes C:\Users\lwg\Desktop\1\Application\Home\Controller\HomeController.class.php 第 63 行.
NOTIC: [8] Undefined index: user_id C:\Users\lwg\Desktop\1\Application\Home\Controller\HomeController.class.php 第 71 行.
SQL: SHOW COLUMNS FROM `vv_user` [ RunTime:0.0285s ]
SQL: SELECT * FROM `vv_user` WHERE `id` = 2 LIMIT 1   [ RunTime:0.0004s ]
NOTIC: [8] Use of undefined constant id - assumed 'id' C:\Users\lwg\Desktop\1\Application\Home\Controller\HomeController.class.php 第 129 行.
SQL: SHOW COLUMNS FROM `vv_data` [ RunTime:0.0107s ]
SQL: SELECT * FROM `vv_data` WHERE ( date=20190212 ) LIMIT 1   [ RunTime:0.0003s ]
NOTIC: [8] Undefined index: isopen C:\Users\lwg\Desktop\1\Application\Home\Controller\HomeController.class.php 第 175 行.
NOTIC: [8] Undefined variable: adsPic C:\Users\lwg\Desktop\1\Application\Home\Controller\HomeController.class.php 第 208 行.
NOTIC: [8] Undefined index: uid C:\Users\lwg\Desktop\1\Application\Home\Controller\HomeController.class.php 第 209 行.
SQL: SHOW COLUMNS FROM `vv_book` [ RunTime:0.0112s ]
SQL: SELECT * FROM `vv_book` WHERE `bookcate` LIKE '%5%' ORDER BY sort desc LIMIT 6   [ RunTime:0.0003s ]
SQL: SELECT * FROM `vv_book` WHERE `bookcate` LIKE '%6%' ORDER BY sort desc LIMIT 6   [ RunTime:0.0003s ]
SQL: SELECT * FROM `vv_book` WHERE `bookcate` LIKE '%7%' ORDER BY sort desc LIMIT 6   [ RunTime:0.0003s ]
SQL: SELECT * FROM `vv_book` WHERE `bookcate` LIKE '%8%' ORDER BY sort desc LIMIT 6   [ RunTime:0.0003s ]
SQL: SELECT * FROM `vv_book` WHERE `bookcate` LIKE '%9%' ORDER BY sort desc LIMIT 6   [ RunTime:0.0003s ]
SQL: SELECT * FROM `vv_book` WHERE `bookcate` LIKE '%10%' ORDER BY sort desc LIMIT 6   [ RunTime:0.0002s ]
SQL: SELECT * FROM `vv_book` WHERE `free_type` = 1 ORDER BY sort desc  [ RunTime:0.0003s ]
NOTIC: [2] Missing argument 2 for Common\Util\ddwechat::setParam(), called in C:\Users\lwg\Desktop\1\Application\Home\Controller\BookController.class.php on line 29 and defined C:\Users\lwg\Desktop\1\Application\Common\Util\ddwechat.class.php 第 39 行.
INFO: [ view_parse ] --START--
INFO: [ template_filter ] --START--
INFO: Run Behavior\ContentReplaceBehavior [ RunTime:0.000128s ]
INFO: [ template_filter ] --END-- [ RunTime:0.000181s ]
NOTIC: [8] Undefined variable: share C:\Users\lwg\Desktop\1\Application\Runtime\Cache\Home\88fd1496475deb2aa861d336784d55ed.php 第 195 行.
NOTIC: [8] Undefined index: thirdcode C:\Users\lwg\Desktop\1\Application\Runtime\Cache\Home\88fd1496475deb2aa861d336784d55ed.php 第 251 行.
INFO: Run Behavior\ParseTemplateBehavior [ RunTime:0.043939s ]
INFO: [ view_parse ] --END-- [ RunTime:0.044021s ]
INFO: [ view_filter ] --START--
INFO: Run Behavior\WriteHtmlCacheBehavior [ RunTime:0.001865s ]
INFO: [ view_filter ] --END-- [ RunTime:0.001906s ]
INFO: [ app_end ] --START--
INFO: Run Behavior\ShowPageTraceBehavior [ RunTime:0.002187s ]
INFO: [ app_end ] --END-- [ RunTime:0.002237s ]

[ 2019-02-13T21:53:12+08:00 ] 127.0.0.1 /index.php?m=&c=Mh&a=index
INFO: [ app_init ] --START--
INFO: Run Behavior\BuildLiteBehavior [ RunTime:0.000012s ]
INFO: [ app_init ] --END-- [ RunTime:0.000686s ]
INFO: [ app_begin ] --START--
INFO: Run Behavior\ReadHtmlCacheBehavior [ RunTime:0.001834s ]
INFO: [ app_begin ] --END-- [ RunTime:0.001906s ]
SQL: SHOW COLUMNS FROM `vv_config` [ RunTime:0.0157s ]
SQL: SELECT * FROM `vv_config`  [ RunTime:0.0005s ]
NOTIC: [8] Undefined index: imei C:\Users\lwg\Desktop\1\Application\Home\Controller\HomeController.class.php 第 32 行.
NOTIC: [8] Undefined index: chapid C:\Users\lwg\Desktop\1\Application\Home\Controller\HomeController.class.php 第 42 行.
NOTIC: [8] unserialize(): Error at offset 75 of 79 bytes C:\Users\lwg\Desktop\1\Application\Home\Controller\HomeController.class.php 第 63 行.
NOTIC: [8] unserialize(): Error at offset 45 of 108 bytes C:\Users\lwg\Desktop\1\Application\Home\Controller\HomeController.class.php 第 63 行.
NOTIC: [8] Undefined index: user_id C:\Users\lwg\Desktop\1\Application\Home\Controller\HomeController.class.php 第 71 行.
SQL: SHOW COLUMNS FROM `vv_user` [ RunTime:0.0103s ]
SQL: SELECT * FROM `vv_user` WHERE `id` = 2 LIMIT 1   [ RunTime:0.0004s ]
NOTIC: [8] Use of undefined constant id - assumed 'id' C:\Users\lwg\Desktop\1\Application\Home\Controller\HomeController.class.php 第 129 行.
SQL: SHOW COLUMNS FROM `vv_data` [ RunTime:0.0089s ]
SQL: SELECT * FROM `vv_data` WHERE ( date=20190212 ) LIMIT 1   [ RunTime:0.0002s ]
NOTIC: [8] Undefined index: isopen C:\Users\lwg\Desktop\1\Application\Home\Controller\HomeController.class.php 第 175 行.
NOTIC: [8] Undefined variable: adsPic C:\Users\lwg\Desktop\1\Application\Home\Controller\HomeController.class.php 第 208 行.
NOTIC: [8] Undefined index: uid C:\Users\lwg\Desktop\1\Application\Home\Controller\HomeController.class.php 第 209 行.
NOTIC: [8] Undefined index: sort C:\Users\lwg\Desktop\1\Application\Home\Controller\MhController.class.php 第 23 行.
SQL: SHOW COLUMNS FROM `vv_mh_list` [ RunTime:0.0099s ]
SQL: SELECT * FROM `vv_mh_list` WHERE `mhcate` LIKE '%5%' ORDER BY sort desc LIMIT 6   [ RunTime:0.0003s ]
NOTIC: [8] Undefined index: sort C:\Users\lwg\Desktop\1\Application\Home\Controller\MhController.class.php 第 23 行.
SQL: SELECT * FROM `vv_mh_list` WHERE `mhcate` LIKE '%6%' ORDER BY sort desc LIMIT 6   [ RunTime:0.0002s ]
NOTIC: [8] Undefined index: sort C:\Users\lwg\Desktop\1\Application\Home\Controller\MhController.class.php 第 23 行.
SQL: SELECT * FROM `vv_mh_list` WHERE `mhcate` LIKE '%7%' ORDER BY sort desc LIMIT 6   [ RunTime:0.0002s ]
NOTIC: [8] Undefined index: sort C:\Users\lwg\Desktop\1\Application\Home\Controller\MhController.class.php 第 23 行.
SQL: SELECT * FROM `vv_mh_list` WHERE `mhcate` LIKE '%8%' ORDER BY sort desc LIMIT 6   [ RunTime:0.0002s ]
NOTIC: [8] Undefined index: sort C:\Users\lwg\Desktop\1\Application\Home\Controller\MhController.class.php 第 23 行.
SQL: SELECT * FROM `vv_mh_list` WHERE `mhcate` LIKE '%9%' ORDER BY sort desc LIMIT 6   [ RunTime:0.0002s ]
NOTIC: [8] Undefined index: sort C:\Users\lwg\Desktop\1\Application\Home\Controller\MhController.class.php 第 23 行.
SQL: SELECT * FROM `vv_mh_list` WHERE `mhcate` LIKE '%10%' ORDER BY sort desc LIMIT 6   [ RunTime:0.0002s ]
NOTIC: [8] Undefined index: sort C:\Users\lwg\Desktop\1\Application\Home\Controller\MhController.class.php 第 23 行.
SQL: SELECT * FROM `vv_mh_list` WHERE `mhcate` LIKE '%11%' ORDER BY sort desc LIMIT 6   [ RunTime:0.0002s ]
NOTIC: [8] Undefined index: sort C:\Users\lwg\Desktop\1\Application\Home\Controller\MhController.class.php 第 23 行.
SQL: SELECT * FROM `vv_mh_list` WHERE `mhcate` LIKE '%12%' ORDER BY sort desc LIMIT 6   [ RunTime:0.0002s ]
SQL: SELECT * FROM `vv_mh_list` WHERE `free_type` = 1 ORDER BY sort desc  [ RunTime:0.0002s ]
NOTIC: [2] Missing argument 2 for Common\Util\ddwechat::setParam(), called in C:\Users\lwg\Desktop\1\Application\Home\Controller\MhController.class.php on line 32 and defined C:\Users\lwg\Desktop\1\Application\Common\Util\ddwechat.class.php 第 39 行.
INFO: [ view_parse ] --START--
INFO: [ template_filter ] --START--
INFO: Run Behavior\ContentReplaceBehavior [ RunTime:0.000093s ]
INFO: [ template_filter ] --END-- [ RunTime:0.000132s ]
NOTIC: [8] Undefined variable: share C:\Users\lwg\Desktop\1\Application\Runtime\Cache\Home\67199abba7efdab949490dffef721944.php 第 203 行.
NOTIC: [8] Undefined variable: share C:\Users\lwg\Desktop\1\Application\Runtime\Cache\Home\67199abba7efdab949490dffef721944.php 第 204 行.
NOTIC: [8] Undefined variable: share C:\Users\lwg\Desktop\1\Application\Runtime\Cache\Home\67199abba7efdab949490dffef721944.php 第 205 行.
NOTIC: [8] Undefined index: thirdcode C:\Users\lwg\Desktop\1\Application\Runtime\Cache\Home\67199abba7efdab949490dffef721944.php 第 252 行.
INFO: Run Behavior\ParseTemplateBehavior [ RunTime:0.038133s ]
INFO: [ view_parse ] --END-- [ RunTime:0.038209s ]
INFO: [ view_filter ] --START--
INFO: Run Behavior\WriteHtmlCacheBehavior [ RunTime:0.002777s ]
INFO: [ view_filter ] --END-- [ RunTime:0.002823s ]
INFO: [ app_end ] --START--
INFO: Run Behavior\ShowPageTraceBehavior [ RunTime:0.002503s ]
INFO: [ app_end ] --END-- [ RunTime:0.002575s ]

[ 2019-02-13T21:54:10+08:00 ] 127.0.0.1 /index.php?m=&c=Mh&a=my
INFO: [ app_init ] --START--
INFO: Run Behavior\BuildLiteBehavior [ RunTime:0.000012s ]
INFO: [ app_init ] --END-- [ RunTime:0.000500s ]
INFO: [ app_begin ] --START--
INFO: Run Behavior\ReadHtmlCacheBehavior [ RunTime:0.001247s ]
INFO: [ app_begin ] --END-- [ RunTime:0.001322s ]
SQL: SHOW COLUMNS FROM `vv_config` [ RunTime:0.0153s ]
SQL: SELECT * FROM `vv_config`  [ RunTime:0.0004s ]
NOTIC: [8] Undefined index: imei C:\Users\lwg\Desktop\1\Application\Home\Controller\HomeController.class.php 第 32 行.
NOTIC: [8] Undefined index: chapid C:\Users\lwg\Desktop\1\Application\Home\Controller\HomeController.class.php 第 42 行.
NOTIC: [8] unserialize(): Error at offset 75 of 79 bytes C:\Users\lwg\Desktop\1\Application\Home\Controller\HomeController.class.php 第 63 行.
NOTIC: [8] unserialize(): Error at offset 45 of 108 bytes C:\Users\lwg\Desktop\1\Application\Home\Controller\HomeController.class.php 第 63 行.
NOTIC: [8] Undefined index: user_id C:\Users\lwg\Desktop\1\Application\Home\Controller\HomeController.class.php 第 71 行.
SQL: SHOW COLUMNS FROM `vv_user` [ RunTime:0.0125s ]
SQL: SELECT * FROM `vv_user` WHERE `id` = 2 LIMIT 1   [ RunTime:0.0004s ]
NOTIC: [8] Use of undefined constant id - assumed 'id' C:\Users\lwg\Desktop\1\Application\Home\Controller\HomeController.class.php 第 129 行.
SQL: SHOW COLUMNS FROM `vv_data` [ RunTime:0.0113s ]
SQL: SELECT * FROM `vv_data` WHERE ( date=20190212 ) LIMIT 1   [ RunTime:0.0003s ]
NOTIC: [8] Undefined index: isopen C:\Users\lwg\Desktop\1\Application\Home\Controller\HomeController.class.php 第 175 行.
NOTIC: [8] Undefined variable: adsPic C:\Users\lwg\Desktop\1\Application\Home\Controller\HomeController.class.php 第 208 行.
NOTIC: [8] Undefined index: uid C:\Users\lwg\Desktop\1\Application\Home\Controller\HomeController.class.php 第 209 行.
SQL: SELECT * FROM `vv_user` WHERE `id` = 2 LIMIT 1   [ RunTime:0.0004s ]
SQL: SHOW COLUMNS FROM `vv_sign` [ RunTime:0.0087s ]
SQL: SELECT * FROM `vv_sign` WHERE `date` = '20190213' AND `user_id` = 2 LIMIT 1   [ RunTime:0.0002s ]
INFO: [ view_parse ] --START--
INFO: [ template_filter ] --START--
INFO: Run Behavior\ContentReplaceBehavior [ RunTime:0.000121s ]
INFO: [ template_filter ] --END-- [ RunTime:0.000157s ]
NOTIC: [8] Undefined index: gonggao C:\Users\lwg\Desktop\1\Application\Runtime\Cache\Home\6684dd730d555b80dcc179cd385fcd50.php 第 97 行.
NOTIC: [8] Undefined index: vip_level C:\Users\lwg\Desktop\1\Application\Runtime\Cache\Home\6684dd730d555b80dcc179cd385fcd50.php 第 107 行.
NOTIC: [8] Undefined variable: share C:\Users\lwg\Desktop\1\Application\Runtime\Cache\Home\6684dd730d555b80dcc179cd385fcd50.php 第 401 行.
NOTIC: [8] Undefined variable: share C:\Users\lwg\Desktop\1\Application\Runtime\Cache\Home\6684dd730d555b80dcc179cd385fcd50.php 第 402 行.
NOTIC: [8] Undefined variable: share C:\Users\lwg\Desktop\1\Application\Runtime\Cache\Home\6684dd730d555b80dcc179cd385fcd50.php 第 403 行.
NOTIC: [8] Undefined variable: jssdk C:\Users\lwg\Desktop\1\Application\Runtime\Cache\Home\6684dd730d555b80dcc179cd385fcd50.php 第 406 行.
NOTIC: [8] Undefined variable: jssdk C:\Users\lwg\Desktop\1\Application\Runtime\Cache\Home\6684dd730d555b80dcc179cd385fcd50.php 第 407 行.
NOTIC: [8] Undefined variable: jssdk C:\Users\lwg\Desktop\1\Application\Runtime\Cache\Home\6684dd730d555b80dcc179cd385fcd50.php 第 408 行.
NOTIC: [8] Undefined variable: jssdk C:\Users\lwg\Desktop\1\Application\Runtime\Cache\Home\6684dd730d555b80dcc179cd385fcd50.php 第 409 行.
NOTIC: [8] Undefined index: thirdcode C:\Users\lwg\Desktop\1\Application\Runtime\Cache\Home\6684dd730d555b80dcc179cd385fcd50.php 第 450 行.
INFO: Run Behavior\ParseTemplateBehavior [ RunTime:0.014402s ]
INFO: [ view_parse ] --END-- [ RunTime:0.014439s ]
INFO: [ view_filter ] --START--
INFO: Run Behavior\WriteHtmlCacheBehavior [ RunTime:0.000831s ]
INFO: [ view_filter ] --END-- [ RunTime:0.000858s ]
INFO: [ app_end ] --START--
INFO: Run Behavior\ShowPageTraceBehavior [ RunTime:0.001018s ]
INFO: [ app_end ] --END-- [ RunTime:0.001050s ]

[ 2019-02-13T21:54:11+08:00 ] 127.0.0.1 /index.php?m=&c=Mh&a=my&p_reload=1&reload_time=1550066050380
INFO: [ app_init ] --START--
INFO: Run Behavior\BuildLiteBehavior [ RunTime:0.000015s ]
INFO: [ app_init ] --END-- [ RunTime:0.000846s ]
INFO: [ app_begin ] --START--
INFO: Run Behavior\ReadHtmlCacheBehavior [ RunTime:0.001388s ]
INFO: [ app_begin ] --END-- [ RunTime:0.001450s ]
SQL: SHOW COLUMNS FROM `vv_config` [ RunTime:0.0205s ]
SQL: SELECT * FROM `vv_config`  [ RunTime:0.0007s ]
NOTIC: [8] Undefined index: imei C:\Users\lwg\Desktop\1\Application\Home\Controller\HomeController.class.php 第 32 行.
NOTIC: [8] Undefined index: chapid C:\Users\lwg\Desktop\1\Application\Home\Controller\HomeController.class.php 第 42 行.
NOTIC: [8] unserialize(): Error at offset 75 of 79 bytes C:\Users\lwg\Desktop\1\Application\Home\Controller\HomeController.class.php 第 63 行.
NOTIC: [8] unserialize(): Error at offset 45 of 108 bytes C:\Users\lwg\Desktop\1\Application\Home\Controller\HomeController.class.php 第 63 行.
NOTIC: [8] Undefined index: user_id C:\Users\lwg\Desktop\1\Application\Home\Controller\HomeController.class.php 第 71 行.
SQL: SHOW COLUMNS FROM `vv_user` [ RunTime:0.0236s ]
SQL: SELECT * FROM `vv_user` WHERE `id` = 2 LIMIT 1   [ RunTime:0.0006s ]
NOTIC: [8] Use of undefined constant id - assumed 'id' C:\Users\lwg\Desktop\1\Application\Home\Controller\HomeController.class.php 第 129 行.
SQL: SHOW COLUMNS FROM `vv_data` [ RunTime:0.0222s ]
SQL: SELECT * FROM `vv_data` WHERE ( date=20190212 ) LIMIT 1   [ RunTime:0.0003s ]
NOTIC: [8] Undefined index: isopen C:\Users\lwg\Desktop\1\Application\Home\Controller\HomeController.class.php 第 175 行.
NOTIC: [8] Undefined variable: adsPic C:\Users\lwg\Desktop\1\Application\Home\Controller\HomeController.class.php 第 208 行.
NOTIC: [8] Undefined index: uid C:\Users\lwg\Desktop\1\Application\Home\Controller\HomeController.class.php 第 209 行.
SQL: SELECT * FROM `vv_user` WHERE `id` = 2 LIMIT 1   [ RunTime:0.0004s ]
SQL: SHOW COLUMNS FROM `vv_sign` [ RunTime:0.0109s ]
SQL: SELECT * FROM `vv_sign` WHERE `date` = '20190213' AND `user_id` = 2 LIMIT 1   [ RunTime:0.0003s ]
INFO: [ view_parse ] --START--
INFO: [ template_filter ] --START--
INFO: Run Behavior\ContentReplaceBehavior [ RunTime:0.000130s ]
INFO: [ template_filter ] --END-- [ RunTime:0.000177s ]
NOTIC: [8] Undefined index: gonggao C:\Users\lwg\Desktop\1\Application\Runtime\Cache\Home\6684dd730d555b80dcc179cd385fcd50.php 第 97 行.
NOTIC: [8] Undefined index: vip_level C:\Users\lwg\Desktop\1\Application\Runtime\Cache\Home\6684dd730d555b80dcc179cd385fcd50.php 第 107 行.
NOTIC: [8] Undefined variable: share C:\Users\lwg\Desktop\1\Application\Runtime\Cache\Home\6684dd730d555b80dcc179cd385fcd50.php 第 401 行.
NOTIC: [8] Undefined variable: share C:\Users\lwg\Desktop\1\Application\Runtime\Cache\Home\6684dd730d555b80dcc179cd385fcd50.php 第 402 行.
NOTIC: [8] Undefined variable: share C:\Users\lwg\Desktop\1\Application\Runtime\Cache\Home\6684dd730d555b80dcc179cd385fcd50.php 第 403 行.
NOTIC: [8] Undefined variable: jssdk C:\Users\lwg\Desktop\1\Application\Runtime\Cache\Home\6684dd730d555b80dcc179cd385fcd50.php 第 406 行.
NOTIC: [8] Undefined variable: jssdk C:\Users\lwg\Desktop\1\Application\Runtime\Cache\Home\6684dd730d555b80dcc179cd385fcd50.php 第 407 行.
NOTIC: [8] Undefined variable: jssdk C:\Users\lwg\Desktop\1\Application\Runtime\Cache\Home\6684dd730d555b80dcc179cd385fcd50.php 第 408 行.
NOTIC: [8] Undefined variable: jssdk C:\Users\lwg\Desktop\1\Application\Runtime\Cache\Home\6684dd730d555b80dcc179cd385fcd50.php 第 409 行.
NOTIC: [8] Undefined index: thirdcode C:\Users\lwg\Desktop\1\Application\Runtime\Cache\Home\6684dd730d555b80dcc179cd385fcd50.php 第 450 行.
INFO: Run Behavior\ParseTemplateBehavior [ RunTime:0.021501s ]
INFO: [ view_parse ] --END-- [ RunTime:0.021556s ]
INFO: [ view_filter ] --START--
INFO: Run Behavior\WriteHtmlCacheBehavior [ RunTime:0.000854s ]
INFO: [ view_filter ] --END-- [ RunTime:0.000881s ]
INFO: [ app_end ] --START--
INFO: Run Behavior\ShowPageTraceBehavior [ RunTime:0.001182s ]
INFO: [ app_end ] --END-- [ RunTime:0.001222s ]

