[ 2019-07-03T19:24:40+08:00 ] 61.151.178.236 /
INFO: [ app_init ] --START--
INFO: Run Behavior\BuildLiteBehavior [ RunTime:0.000009s ]
INFO: [ app_init ] --END-- [ RunTime:0.000190s ]
INFO: [ app_begin ] --START--
INFO: Run Behavior\ReadHtmlCacheBehavior [ RunTime:0.000259s ]
INFO: [ app_begin ] --END-- [ RunTime:0.000304s ]
SQL: SHOW COLUMNS FROM `vv_config` [ RunTime:0.0005s ]
SQL: SELECT * FROM `vv_config`  [ RunTime:0.0001s ]
NOTIC: [8] Undefined index: imei /www/wwwroot/book.88guoji.cn/Application/Home/Controller/HomeController.class.php 第 32 行.
NOTIC: [8] Undefined index: chapid /www/wwwroot/book.88guoji.cn/Application/Home/Controller/HomeController.class.php 第 42 行.
NOTIC: [8] unserialize(): Error at offset 75 of 79 bytes /www/wwwroot/book.88guoji.cn/Application/Home/Controller/HomeController.class.php 第 63 行.
NOTIC: [8] unserialize(): Error at offset 45 of 108 bytes /www/wwwroot/book.88guoji.cn/Application/Home/Controller/HomeController.class.php 第 63 行.
NOTIC: [8] Undefined index: user_id /www/wwwroot/book.88guoji.cn/Application/Home/Controller/HomeController.class.php 第 71 行.
NOTIC: [2] curl_setopt(): CURLOPT_FOLLOWLOCATION cannot be activated when an open_basedir is set /www/wwwroot/book.88guoji.cn/Application/Common/Util/ddhttp.class.php 第 63 行.
NOTIC: [8] Undefined index: parent /www/wwwroot/book.88guoji.cn/Application/Home/Controller/HomeController.class.php 第 132 行.
NOTIC: [8] Undefined index: uloginid /www/wwwroot/book.88guoji.cn/Application/Home/Controller/HomeController.class.php 第 141 行.
NOTIC: [8] Undefined index: zidongzhuce /www/wwwroot/book.88guoji.cn/Application/Home/Controller/HomeController.class.php 第 149 行.
SQL: SHOW COLUMNS FROM `vv_data` [ RunTime:0.0005s ]
SQL: SELECT * FROM `vv_data` WHERE ( date=20190702 ) LIMIT 1   [ RunTime:0.0001s ]
SQL: SHOW COLUMNS FROM `vv_order` [ RunTime:0.0003s ]
SQL: SELECT COUNT(*) AS tp_count FROM `vv_order` WHERE `create_time` BETWEEN 1561996800 AND 1562083200 LIMIT 1   [ RunTime:0.0001s ]
SQL: SELECT SUM(money) AS tp_sum FROM `vv_order` WHERE `create_time` BETWEEN 1561996800 AND 1562083200 LIMIT 1   [ RunTime:0.0001s ]
SQL: SHOW COLUMNS FROM `vv_user` [ RunTime:0.0004s ]
SQL: SELECT COUNT(*) AS tp_count FROM `vv_user` WHERE ( sub_time between 1561996800 and 1562083200 ) LIMIT 1   [ RunTime:0.0004s ]
SQL: INSERT INTO `vv_data` (`orders`,`total`,`subs`,`date`) VALUES ('0','0','0','20190702') [ RunTime:0.0001s ]
NOTIC: [8] Undefined index: isopen /www/wwwroot/book.88guoji.cn/Application/Home/Controller/HomeController.class.php 第 175 行.
NOTIC: [8] Undefined variable: adsPic /www/wwwroot/book.88guoji.cn/Application/Home/Controller/HomeController.class.php 第 208 行.
NOTIC: [8] Undefined index: uid /www/wwwroot/book.88guoji.cn/Application/Home/Controller/HomeController.class.php 第 209 行.
NOTIC: [8] Undefined index: sort /www/wwwroot/book.88guoji.cn/Application/Home/Controller/MhController.class.php 第 22 行.
SQL: SHOW COLUMNS FROM `vv_mh_list` [ RunTime:0.0004s ]
SQL: SELECT * FROM `vv_mh_list` WHERE `mhcate` LIKE '%5%' ORDER BY sort desc LIMIT 6   [ RunTime:0.0001s ]
NOTIC: [8] Undefined index: sort /www/wwwroot/book.88guoji.cn/Application/Home/Controller/MhController.class.php 第 22 行.
SQL: SELECT * FROM `vv_mh_list` WHERE `mhcate` LIKE '%6%' ORDER BY sort desc LIMIT 6   [ RunTime:0.0000s ]
NOTIC: [8] Undefined index: sort /www/wwwroot/book.88guoji.cn/Application/Home/Controller/MhController.class.php 第 22 行.
SQL: SELECT * FROM `vv_mh_list` WHERE `mhcate` LIKE '%7%' ORDER BY sort desc LIMIT 6   [ RunTime:0.0000s ]
NOTIC: [8] Undefined index: sort /www/wwwroot/book.88guoji.cn/Application/Home/Controller/MhController.class.php 第 22 行.
SQL: SELECT * FROM `vv_mh_list` WHERE `mhcate` LIKE '%8%' ORDER BY sort desc LIMIT 6   [ RunTime:0.0001s ]
NOTIC: [8] Undefined index: sort /www/wwwroot/book.88guoji.cn/Application/Home/Controller/MhController.class.php 第 22 行.
SQL: SELECT * FROM `vv_mh_list` WHERE `mhcate` LIKE '%9%' ORDER BY sort desc LIMIT 6   [ RunTime:0.0000s ]
SQL: SELECT * FROM `vv_mh_list` WHERE `free_type` = 1 ORDER BY sort desc  [ RunTime:0.0000s ]
NOTIC: [2] Missing argument 2 for Common\Util\ddwechat::setParam(), called in /www/wwwroot/book.88guoji.cn/Application/Home/Controller/MhController.class.php on line 31 and defined /www/wwwroot/book.88guoji.cn/Application/Common/Util/ddwechat.class.php 第 39 行.
NOTIC: [2] curl_setopt(): CURLOPT_FOLLOWLOCATION cannot be activated when an open_basedir is set /www/wwwroot/book.88guoji.cn/Application/Common/Util/ddhttp.class.php 第 63 行.
NOTIC: [2] curl_setopt(): CURLOPT_FOLLOWLOCATION cannot be activated when an open_basedir is set /www/wwwroot/book.88guoji.cn/Application/Common/Util/ddhttp.class.php 第 63 行.
INFO: [ view_parse ] --START--
INFO: [ template_filter ] --START--
INFO: Run Behavior\ContentReplaceBehavior [ RunTime:0.000058s ]
INFO: [ template_filter ] --END-- [ RunTime:0.000106s ]
NOTIC: [8] Undefined variable: share /www/wwwroot/book.88guoji.cn/Application/Runtime/Cache/Home/67199abba7efdab949490dffef721944.php 第 209 行.
NOTIC: [8] Undefined variable: share /www/wwwroot/book.88guoji.cn/Application/Runtime/Cache/Home/67199abba7efdab949490dffef721944.php 第 210 行.
NOTIC: [8] Undefined variable: share /www/wwwroot/book.88guoji.cn/Application/Runtime/Cache/Home/67199abba7efdab949490dffef721944.php 第 211 行.
NOTIC: [8] Undefined index: thirdcode /www/wwwroot/book.88guoji.cn/Application/Runtime/Cache/Home/67199abba7efdab949490dffef721944.php 第 258 行.
INFO: Run Behavior\ParseTemplateBehavior [ RunTime:0.008332s ]
INFO: [ view_parse ] --END-- [ RunTime:0.008365s ]
INFO: [ view_filter ] --START--
INFO: Run Behavior\WriteHtmlCacheBehavior [ RunTime:0.000138s ]
INFO: [ view_filter ] --END-- [ RunTime:0.000155s ]
INFO: [ app_end ] --START--
INFO: Run Behavior\ShowPageTraceBehavior [ RunTime:0.000299s ]
INFO: [ app_end ] --END-- [ RunTime:0.000319s ]

