[ 2019-08-18T23:06:56+08:00 ] 127.0.0.1 /efucms.php?m=Admin&c=Video&a=index
INFO: [ app_init ] --START--
INFO: Run Behavior\BuildLiteBehavior [ RunTime:0.000011s ]
INFO: [ app_init ] --END-- [ RunTime:0.000721s ]
INFO: [ app_begin ] --START--
INFO: Run Behavior\ReadHtmlCacheBehavior [ RunTime:0.001098s ]
INFO: [ app_begin ] --END-- [ RunTime:0.001137s ]
SQL: SHOW COLUMNS FROM `vv_config` [ RunTime:0.0122s ]
SQL: SELECT * FROM `vv_config`  [ RunTime:0.0005s ]
NOTIC: [8] unserialize(): Error at offset 75 of 79 bytes D:\wwwroot\demo.52jscn.com\Application\Admin\Controller\AdminController.class.php 第 36 行.
NOTIC: [8] unserialize(): Error at offset 45 of 108 bytes D:\wwwroot\demo.52jscn.com\Application\Admin\Controller\AdminController.class.php 第 36 行.
SQL: SHOW COLUMNS FROM `vv_video` [ RunTime:0.0154s ]
SQL: SELECT COUNT(*) AS tp_count FROM `vv_video` LIMIT 1   [ RunTime:0.0003s ]
SQL: SELECT * FROM `vv_video` ORDER BY sort desc,id desc LIMIT 0,25   [ RunTime:0.0009s ]
INFO: [ view_parse ] --START--
INFO: [ template_filter ] --START--
INFO: Run Behavior\ContentReplaceBehavior [ RunTime:0.000112s ]
INFO: [ template_filter ] --END-- [ RunTime:0.000147s ]
INFO: Run Behavior\ParseTemplateBehavior [ RunTime:0.014478s ]
INFO: [ view_parse ] --END-- [ RunTime:0.014515s ]
INFO: [ view_filter ] --START--
INFO: Run Behavior\WriteHtmlCacheBehavior [ RunTime:0.000712s ]
INFO: [ view_filter ] --END-- [ RunTime:0.000742s ]
INFO: [ app_end ] --START--
INFO: Run Behavior\ShowPageTraceBehavior [ RunTime:0.000905s ]
INFO: [ app_end ] --END-- [ RunTime:0.000939s ]

[ 2019-08-18T23:07:01+08:00 ] 127.0.0.1 /efucms.php?m=Admin&c=Video&a=index
INFO: [ app_init ] --START--
INFO: Run Behavior\BuildLiteBehavior [ RunTime:0.000008s ]
INFO: [ app_init ] --END-- [ RunTime:0.000421s ]
INFO: [ app_begin ] --START--
INFO: Run Behavior\ReadHtmlCacheBehavior [ RunTime:0.000559s ]
INFO: [ app_begin ] --END-- [ RunTime:0.000594s ]
SQL: SHOW COLUMNS FROM `vv_config` [ RunTime:0.0158s ]
SQL: SELECT * FROM `vv_config`  [ RunTime:0.0004s ]
NOTIC: [8] unserialize(): Error at offset 75 of 79 bytes D:\wwwroot\demo.52jscn.com\Application\Admin\Controller\AdminController.class.php 第 36 行.
NOTIC: [8] unserialize(): Error at offset 45 of 108 bytes D:\wwwroot\demo.52jscn.com\Application\Admin\Controller\AdminController.class.php 第 36 行.
SQL: SHOW COLUMNS FROM `vv_video` [ RunTime:0.0120s ]
SQL: SELECT COUNT(*) AS tp_count FROM `vv_video` LIMIT 1   [ RunTime:0.0002s ]
SQL: SELECT * FROM `vv_video` ORDER BY sort desc,id desc LIMIT 0,25   [ RunTime:0.0003s ]
INFO: [ view_parse ] --START--
INFO: [ template_filter ] --START--
INFO: Run Behavior\ContentReplaceBehavior [ RunTime:0.000108s ]
INFO: [ template_filter ] --END-- [ RunTime:0.000139s ]
INFO: Run Behavior\ParseTemplateBehavior [ RunTime:0.009564s ]
INFO: [ view_parse ] --END-- [ RunTime:0.009599s ]
INFO: [ view_filter ] --START--
INFO: Run Behavior\WriteHtmlCacheBehavior [ RunTime:0.000404s ]
INFO: [ view_filter ] --END-- [ RunTime:0.000433s ]
INFO: [ app_end ] --START--
INFO: Run Behavior\ShowPageTraceBehavior [ RunTime:0.000606s ]
INFO: [ app_end ] --END-- [ RunTime:0.000639s ]

[ 2019-08-18T23:07:09+08:00 ] 127.0.0.1 /efucms.php?m=Admin&c=Product&a=index
INFO: [ app_init ] --START--
INFO: Run Behavior\BuildLiteBehavior [ RunTime:0.000009s ]
INFO: [ app_init ] --END-- [ RunTime:0.000417s ]
INFO: [ app_begin ] --START--
INFO: Run Behavior\ReadHtmlCacheBehavior [ RunTime:0.000571s ]
INFO: [ app_begin ] --END-- [ RunTime:0.000607s ]
SQL: SHOW COLUMNS FROM `vv_config` [ RunTime:0.0177s ]
SQL: SELECT * FROM `vv_config`  [ RunTime:0.0004s ]
NOTIC: [8] unserialize(): Error at offset 75 of 79 bytes D:\wwwroot\demo.52jscn.com\Application\Admin\Controller\AdminController.class.php 第 36 行.
NOTIC: [8] unserialize(): Error at offset 45 of 108 bytes D:\wwwroot\demo.52jscn.com\Application\Admin\Controller\AdminController.class.php 第 36 行.
NOTIC: [8] Undefined index: title D:\wwwroot\demo.52jscn.com\Application\Admin\Controller\ProductController.class.php 第 7 行.
NOTIC: [8] Undefined index: order D:\wwwroot\demo.52jscn.com\Application\Admin\Controller\ProductController.class.php 第 14 行.
NOTIC: [8] Undefined variable: where D:\wwwroot\demo.52jscn.com\Application\Admin\Controller\ProductController.class.php 第 18 行.
SQL: SHOW COLUMNS FROM `vv_mh_list` [ RunTime:0.0159s ]
SQL: SELECT COUNT(*) AS tp_count FROM `vv_mh_list` LIMIT 1   [ RunTime:0.0005s ]
SQL: SELECT * FROM `vv_mh_list` ORDER BY sort desc,id desc LIMIT 0,25   [ RunTime:0.0028s ]
INFO: [ view_parse ] --START--
INFO: [ template_filter ] --START--
INFO: Run Behavior\ContentReplaceBehavior [ RunTime:0.000142s ]
INFO: [ template_filter ] --END-- [ RunTime:0.000184s ]
NOTIC: [8] Undefined index: title D:\wwwroot\demo.52jscn.com\Application\Runtime\Cache\Admin\34e4b095905075aaede5ee9039415509.php 第 251 行.
NOTIC: [8] Undefined index: order D:\wwwroot\demo.52jscn.com\Application\Runtime\Cache\Admin\34e4b095905075aaede5ee9039415509.php 第 264 行.
NOTIC: [8] Undefined index: order D:\wwwroot\demo.52jscn.com\Application\Runtime\Cache\Admin\34e4b095905075aaede5ee9039415509.php 第 266 行.
NOTIC: [8] Undefined index: order D:\wwwroot\demo.52jscn.com\Application\Runtime\Cache\Admin\34e4b095905075aaede5ee9039415509.php 第 277 行.
NOTIC: [8] Undefined index: order D:\wwwroot\demo.52jscn.com\Application\Runtime\Cache\Admin\34e4b095905075aaede5ee9039415509.php 第 279 行.
NOTIC: [8] Undefined index: order D:\wwwroot\demo.52jscn.com\Application\Runtime\Cache\Admin\34e4b095905075aaede5ee9039415509.php 第 283 行.
NOTIC: [8] Undefined index: order D:\wwwroot\demo.52jscn.com\Application\Runtime\Cache\Admin\34e4b095905075aaede5ee9039415509.php 第 285 行.
NOTIC: [8] Undefined index: order D:\wwwroot\demo.52jscn.com\Application\Runtime\Cache\Admin\34e4b095905075aaede5ee9039415509.php 第 289 行.
NOTIC: [8] Undefined index: order D:\wwwroot\demo.52jscn.com\Application\Runtime\Cache\Admin\34e4b095905075aaede5ee9039415509.php 第 291 行.
INFO: Run Behavior\ParseTemplateBehavior [ RunTime:0.015147s ]
INFO: [ view_parse ] --END-- [ RunTime:0.015187s ]
INFO: [ view_filter ] --START--
INFO: Run Behavior\WriteHtmlCacheBehavior [ RunTime:0.000521s ]
INFO: [ view_filter ] --END-- [ RunTime:0.000552s ]
INFO: [ app_end ] --START--
INFO: Run Behavior\ShowPageTraceBehavior [ RunTime:0.000669s ]
INFO: [ app_end ] --END-- [ RunTime:0.000711s ]

[ 2019-08-18T23:07:15+08:00 ] 127.0.0.1 /efucms.php?m=Admin&c=Yook&a=index
INFO: [ app_init ] --START--
INFO: Run Behavior\BuildLiteBehavior [ RunTime:0.000009s ]
INFO: [ app_init ] --END-- [ RunTime:0.000429s ]
INFO: [ app_begin ] --START--
INFO: Run Behavior\ReadHtmlCacheBehavior [ RunTime:0.000568s ]
INFO: [ app_begin ] --END-- [ RunTime:0.000604s ]
NOTIC: [2] Declaration of Admin\Controller\YookController::upload($file) should be compatible with Admin\Controller\AdminController::upload() D:\wwwroot\demo.52jscn.com\Application\Admin\Controller\YookController.class.php 第 4 行.
SQL: SHOW COLUMNS FROM `vv_config` [ RunTime:0.0105s ]
SQL: SELECT * FROM `vv_config`  [ RunTime:0.0004s ]
NOTIC: [8] unserialize(): Error at offset 75 of 79 bytes D:\wwwroot\demo.52jscn.com\Application\Admin\Controller\AdminController.class.php 第 36 行.
NOTIC: [8] unserialize(): Error at offset 45 of 108 bytes D:\wwwroot\demo.52jscn.com\Application\Admin\Controller\AdminController.class.php 第 36 行.
NOTIC: [8] Undefined index: title D:\wwwroot\demo.52jscn.com\Application\Admin\Controller\YookController.class.php 第 7 行.
NOTIC: [8] Undefined index: order D:\wwwroot\demo.52jscn.com\Application\Admin\Controller\YookController.class.php 第 14 行.
NOTIC: [8] Undefined variable: where D:\wwwroot\demo.52jscn.com\Application\Admin\Controller\YookController.class.php 第 18 行.
SQL: SHOW COLUMNS FROM `vv_yook` [ RunTime:0.0147s ]
SQL: SELECT COUNT(*) AS tp_count FROM `vv_yook` LIMIT 1   [ RunTime:0.0004s ]
SQL: SELECT * FROM `vv_yook` ORDER BY sort desc LIMIT 0,25   [ RunTime:0.0009s ]
INFO: [ view_parse ] --START--
INFO: [ template_filter ] --START--
INFO: Run Behavior\ContentReplaceBehavior [ RunTime:0.000136s ]
INFO: [ template_filter ] --END-- [ RunTime:0.000169s ]
NOTIC: [8] Undefined index: title D:\wwwroot\demo.52jscn.com\Application\Runtime\Cache\Admin\6b370542adc3dd6fa8057422bcc6ee65.php 第 251 行.
NOTIC: [8] Undefined index: order D:\wwwroot\demo.52jscn.com\Application\Runtime\Cache\Admin\6b370542adc3dd6fa8057422bcc6ee65.php 第 272 行.
NOTIC: [8] Undefined index: order D:\wwwroot\demo.52jscn.com\Application\Runtime\Cache\Admin\6b370542adc3dd6fa8057422bcc6ee65.php 第 274 行.
NOTIC: [8] Undefined index: order D:\wwwroot\demo.52jscn.com\Application\Runtime\Cache\Admin\6b370542adc3dd6fa8057422bcc6ee65.php 第 278 行.
NOTIC: [8] Undefined index: order D:\wwwroot\demo.52jscn.com\Application\Runtime\Cache\Admin\6b370542adc3dd6fa8057422bcc6ee65.php 第 280 行.
NOTIC: [8] Undefined index: order D:\wwwroot\demo.52jscn.com\Application\Runtime\Cache\Admin\6b370542adc3dd6fa8057422bcc6ee65.php 第 284 行.
NOTIC: [8] Undefined index: order D:\wwwroot\demo.52jscn.com\Application\Runtime\Cache\Admin\6b370542adc3dd6fa8057422bcc6ee65.php 第 286 行.
INFO: Run Behavior\ParseTemplateBehavior [ RunTime:0.013329s ]
INFO: [ view_parse ] --END-- [ RunTime:0.013363s ]
INFO: [ view_filter ] --START--
INFO: Run Behavior\WriteHtmlCacheBehavior [ RunTime:0.000413s ]
INFO: [ view_filter ] --END-- [ RunTime:0.000442s ]
INFO: [ app_end ] --START--
INFO: Run Behavior\ShowPageTraceBehavior [ RunTime:0.000656s ]
INFO: [ app_end ] --END-- [ RunTime:0.000698s ]

[ 2019-08-18T23:07:21+08:00 ] 127.0.0.1 /efucms.php?m=Admin&c=Video&a=index
INFO: [ app_init ] --START--
INFO: Run Behavior\BuildLiteBehavior [ RunTime:0.000009s ]
INFO: [ app_init ] --END-- [ RunTime:0.000415s ]
INFO: [ app_begin ] --START--
INFO: Run Behavior\ReadHtmlCacheBehavior [ RunTime:0.000575s ]
INFO: [ app_begin ] --END-- [ RunTime:0.000701s ]
SQL: SHOW COLUMNS FROM `vv_config` [ RunTime:0.0159s ]
SQL: SELECT * FROM `vv_config`  [ RunTime:0.0004s ]
NOTIC: [8] unserialize(): Error at offset 75 of 79 bytes D:\wwwroot\demo.52jscn.com\Application\Admin\Controller\AdminController.class.php 第 36 行.
NOTIC: [8] unserialize(): Error at offset 45 of 108 bytes D:\wwwroot\demo.52jscn.com\Application\Admin\Controller\AdminController.class.php 第 36 行.
SQL: SHOW COLUMNS FROM `vv_video` [ RunTime:0.0154s ]
SQL: SELECT COUNT(*) AS tp_count FROM `vv_video` LIMIT 1   [ RunTime:0.0002s ]
SQL: SELECT * FROM `vv_video` ORDER BY sort desc,id desc LIMIT 0,25   [ RunTime:0.0004s ]
INFO: [ view_parse ] --START--
INFO: [ template_filter ] --START--
INFO: Run Behavior\ContentReplaceBehavior [ RunTime:0.000108s ]
INFO: [ template_filter ] --END-- [ RunTime:0.000140s ]
INFO: Run Behavior\ParseTemplateBehavior [ RunTime:0.009616s ]
INFO: [ view_parse ] --END-- [ RunTime:0.009652s ]
INFO: [ view_filter ] --START--
INFO: Run Behavior\WriteHtmlCacheBehavior [ RunTime:0.000405s ]
INFO: [ view_filter ] --END-- [ RunTime:0.000436s ]
INFO: [ app_end ] --START--
INFO: Run Behavior\ShowPageTraceBehavior [ RunTime:0.000602s ]
INFO: [ app_end ] --END-- [ RunTime:0.000634s ]

[ 2019-08-18T23:50:11+08:00 ] 127.0.0.1 /efucms.php?m=Admin&c=Product&a=index
INFO: [ app_init ] --START--
INFO: Run Behavior\BuildLiteBehavior [ RunTime:0.000009s ]
INFO: [ app_init ] --END-- [ RunTime:0.000707s ]
INFO: [ app_begin ] --START--
INFO: Run Behavior\ReadHtmlCacheBehavior [ RunTime:0.000885s ]
INFO: [ app_begin ] --END-- [ RunTime:0.000924s ]
SQL: SHOW COLUMNS FROM `vv_config` [ RunTime:0.0104s ]
SQL: SELECT * FROM `vv_config`  [ RunTime:0.0003s ]
NOTIC: [8] unserialize(): Error at offset 75 of 79 bytes D:\wwwroot\demo.52jscn.com\Application\Admin\Controller\AdminController.class.php 第 36 行.
NOTIC: [8] unserialize(): Error at offset 45 of 108 bytes D:\wwwroot\demo.52jscn.com\Application\Admin\Controller\AdminController.class.php 第 36 行.
NOTIC: [8] Undefined index: title D:\wwwroot\demo.52jscn.com\Application\Admin\Controller\ProductController.class.php 第 7 行.
NOTIC: [8] Undefined index: order D:\wwwroot\demo.52jscn.com\Application\Admin\Controller\ProductController.class.php 第 14 行.
NOTIC: [8] Undefined variable: where D:\wwwroot\demo.52jscn.com\Application\Admin\Controller\ProductController.class.php 第 18 行.
SQL: SHOW COLUMNS FROM `vv_mh_list` [ RunTime:0.0111s ]
SQL: SELECT COUNT(*) AS tp_count FROM `vv_mh_list` LIMIT 1   [ RunTime:0.0004s ]
SQL: SELECT * FROM `vv_mh_list` ORDER BY sort desc,id desc LIMIT 0,25   [ RunTime:0.0022s ]
INFO: [ view_parse ] --START--
INFO: [ template_filter ] --START--
INFO: Run Behavior\ContentReplaceBehavior [ RunTime:0.000162s ]
INFO: [ template_filter ] --END-- [ RunTime:0.000228s ]
NOTIC: [8] Undefined index: title D:\wwwroot\demo.52jscn.com\Application\Runtime\Cache\Admin\34e4b095905075aaede5ee9039415509.php 第 251 行.
NOTIC: [8] Undefined index: order D:\wwwroot\demo.52jscn.com\Application\Runtime\Cache\Admin\34e4b095905075aaede5ee9039415509.php 第 264 行.
NOTIC: [8] Undefined index: order D:\wwwroot\demo.52jscn.com\Application\Runtime\Cache\Admin\34e4b095905075aaede5ee9039415509.php 第 266 行.
NOTIC: [8] Undefined index: order D:\wwwroot\demo.52jscn.com\Application\Runtime\Cache\Admin\34e4b095905075aaede5ee9039415509.php 第 277 行.
NOTIC: [8] Undefined index: order D:\wwwroot\demo.52jscn.com\Application\Runtime\Cache\Admin\34e4b095905075aaede5ee9039415509.php 第 279 行.
NOTIC: [8] Undefined index: order D:\wwwroot\demo.52jscn.com\Application\Runtime\Cache\Admin\34e4b095905075aaede5ee9039415509.php 第 283 行.
NOTIC: [8] Undefined index: order D:\wwwroot\demo.52jscn.com\Application\Runtime\Cache\Admin\34e4b095905075aaede5ee9039415509.php 第 285 行.
NOTIC: [8] Undefined index: order D:\wwwroot\demo.52jscn.com\Application\Runtime\Cache\Admin\34e4b095905075aaede5ee9039415509.php 第 289 行.
NOTIC: [8] Undefined index: order D:\wwwroot\demo.52jscn.com\Application\Runtime\Cache\Admin\34e4b095905075aaede5ee9039415509.php 第 291 行.
INFO: Run Behavior\ParseTemplateBehavior [ RunTime:0.018792s ]
INFO: [ view_parse ] --END-- [ RunTime:0.018834s ]
INFO: [ view_filter ] --START--
INFO: Run Behavior\WriteHtmlCacheBehavior [ RunTime:0.000867s ]
INFO: [ view_filter ] --END-- [ RunTime:0.000899s ]
INFO: [ app_end ] --START--
INFO: Run Behavior\ShowPageTraceBehavior [ RunTime:0.001074s ]
INFO: [ app_end ] --END-- [ RunTime:0.001116s ]

[ 2019-08-18T23:54:19+08:00 ] 127.0.0.1 /efucms.php?m=Admin&c=Product&a=index
INFO: [ app_init ] --START--
INFO: Run Behavior\BuildLiteBehavior [ RunTime:0.000013s ]
INFO: [ app_init ] --END-- [ RunTime:0.000774s ]
INFO: [ app_begin ] --START--
INFO: Run Behavior\ReadHtmlCacheBehavior [ RunTime:0.000992s ]
INFO: [ app_begin ] --END-- [ RunTime:0.001035s ]
SQL: SHOW COLUMNS FROM `vv_config` [ RunTime:0.0119s ]
SQL: SELECT * FROM `vv_config`  [ RunTime:0.0004s ]
NOTIC: [8] unserialize(): Error at offset 75 of 79 bytes D:\wwwroot\demo.52jscn.com\Application\Admin\Controller\AdminController.class.php 第 36 行.
NOTIC: [8] unserialize(): Error at offset 45 of 108 bytes D:\wwwroot\demo.52jscn.com\Application\Admin\Controller\AdminController.class.php 第 36 行.
NOTIC: [8] Undefined index: title D:\wwwroot\demo.52jscn.com\Application\Admin\Controller\ProductController.class.php 第 7 行.
NOTIC: [8] Undefined index: order D:\wwwroot\demo.52jscn.com\Application\Admin\Controller\ProductController.class.php 第 14 行.
NOTIC: [8] Undefined variable: where D:\wwwroot\demo.52jscn.com\Application\Admin\Controller\ProductController.class.php 第 18 行.
SQL: SHOW COLUMNS FROM `vv_mh_list` [ RunTime:0.0103s ]
SQL: SELECT COUNT(*) AS tp_count FROM `vv_mh_list` LIMIT 1   [ RunTime:0.0002s ]
SQL: SELECT * FROM `vv_mh_list` ORDER BY sort desc,id desc LIMIT 0,25   [ RunTime:0.0003s ]
INFO: [ view_parse ] --START--
INFO: [ template_filter ] --START--
INFO: Run Behavior\ContentReplaceBehavior [ RunTime:0.000142s ]
INFO: [ template_filter ] --END-- [ RunTime:0.000180s ]
NOTIC: [8] Undefined index: title D:\wwwroot\demo.52jscn.com\Application\Runtime\Cache\Admin\34e4b095905075aaede5ee9039415509.php 第 251 行.
NOTIC: [8] Undefined index: order D:\wwwroot\demo.52jscn.com\Application\Runtime\Cache\Admin\34e4b095905075aaede5ee9039415509.php 第 264 行.
NOTIC: [8] Undefined index: order D:\wwwroot\demo.52jscn.com\Application\Runtime\Cache\Admin\34e4b095905075aaede5ee9039415509.php 第 266 行.
NOTIC: [8] Undefined index: order D:\wwwroot\demo.52jscn.com\Application\Runtime\Cache\Admin\34e4b095905075aaede5ee9039415509.php 第 277 行.
NOTIC: [8] Undefined index: order D:\wwwroot\demo.52jscn.com\Application\Runtime\Cache\Admin\34e4b095905075aaede5ee9039415509.php 第 279 行.
NOTIC: [8] Undefined index: order D:\wwwroot\demo.52jscn.com\Application\Runtime\Cache\Admin\34e4b095905075aaede5ee9039415509.php 第 283 行.
NOTIC: [8] Undefined index: order D:\wwwroot\demo.52jscn.com\Application\Runtime\Cache\Admin\34e4b095905075aaede5ee9039415509.php 第 285 行.
NOTIC: [8] Undefined index: order D:\wwwroot\demo.52jscn.com\Application\Runtime\Cache\Admin\34e4b095905075aaede5ee9039415509.php 第 289 行.
NOTIC: [8] Undefined index: order D:\wwwroot\demo.52jscn.com\Application\Runtime\Cache\Admin\34e4b095905075aaede5ee9039415509.php 第 291 行.
INFO: Run Behavior\ParseTemplateBehavior [ RunTime:0.017826s ]
INFO: [ view_parse ] --END-- [ RunTime:0.017875s ]
INFO: [ view_filter ] --START--
INFO: Run Behavior\WriteHtmlCacheBehavior [ RunTime:0.001153s ]
INFO: [ view_filter ] --END-- [ RunTime:0.001189s ]
INFO: [ app_end ] --START--
INFO: Run Behavior\ShowPageTraceBehavior [ RunTime:0.001286s ]
INFO: [ app_end ] --END-- [ RunTime:0.001329s ]

[ 2019-08-18T23:54:22+08:00 ] 127.0.0.1 /efucms.php?m=Admin&c=Product&a=index
INFO: [ app_init ] --START--
INFO: Run Behavior\BuildLiteBehavior [ RunTime:0.000009s ]
INFO: [ app_init ] --END-- [ RunTime:0.000419s ]
INFO: [ app_begin ] --START--
INFO: Run Behavior\ReadHtmlCacheBehavior [ RunTime:0.000565s ]
INFO: [ app_begin ] --END-- [ RunTime:0.000600s ]
SQL: SHOW COLUMNS FROM `vv_config` [ RunTime:0.0086s ]
SQL: SELECT * FROM `vv_config`  [ RunTime:0.0003s ]
NOTIC: [8] unserialize(): Error at offset 75 of 79 bytes D:\wwwroot\demo.52jscn.com\Application\Admin\Controller\AdminController.class.php 第 36 行.
NOTIC: [8] unserialize(): Error at offset 45 of 108 bytes D:\wwwroot\demo.52jscn.com\Application\Admin\Controller\AdminController.class.php 第 36 行.
NOTIC: [8] Undefined index: title D:\wwwroot\demo.52jscn.com\Application\Admin\Controller\ProductController.class.php 第 7 行.
NOTIC: [8] Undefined index: order D:\wwwroot\demo.52jscn.com\Application\Admin\Controller\ProductController.class.php 第 14 行.
NOTIC: [8] Undefined variable: where D:\wwwroot\demo.52jscn.com\Application\Admin\Controller\ProductController.class.php 第 18 行.
SQL: SHOW COLUMNS FROM `vv_mh_list` [ RunTime:0.0091s ]
SQL: SELECT COUNT(*) AS tp_count FROM `vv_mh_list` LIMIT 1   [ RunTime:0.0003s ]
SQL: SELECT * FROM `vv_mh_list` ORDER BY sort desc,id desc LIMIT 0,25   [ RunTime:0.0004s ]
INFO: [ view_parse ] --START--
INFO: [ template_filter ] --START--
INFO: Run Behavior\ContentReplaceBehavior [ RunTime:0.000137s ]
INFO: [ template_filter ] --END-- [ RunTime:0.000172s ]
NOTIC: [8] Undefined index: title D:\wwwroot\demo.52jscn.com\Application\Runtime\Cache\Admin\34e4b095905075aaede5ee9039415509.php 第 251 行.
NOTIC: [8] Undefined index: order D:\wwwroot\demo.52jscn.com\Application\Runtime\Cache\Admin\34e4b095905075aaede5ee9039415509.php 第 264 行.
NOTIC: [8] Undefined index: order D:\wwwroot\demo.52jscn.com\Application\Runtime\Cache\Admin\34e4b095905075aaede5ee9039415509.php 第 266 行.
NOTIC: [8] Undefined index: order D:\wwwroot\demo.52jscn.com\Application\Runtime\Cache\Admin\34e4b095905075aaede5ee9039415509.php 第 277 行.
NOTIC: [8] Undefined index: order D:\wwwroot\demo.52jscn.com\Application\Runtime\Cache\Admin\34e4b095905075aaede5ee9039415509.php 第 279 行.
NOTIC: [8] Undefined index: order D:\wwwroot\demo.52jscn.com\Application\Runtime\Cache\Admin\34e4b095905075aaede5ee9039415509.php 第 283 行.
NOTIC: [8] Undefined index: order D:\wwwroot\demo.52jscn.com\Application\Runtime\Cache\Admin\34e4b095905075aaede5ee9039415509.php 第 285 行.
NOTIC: [8] Undefined index: order D:\wwwroot\demo.52jscn.com\Application\Runtime\Cache\Admin\34e4b095905075aaede5ee9039415509.php 第 289 行.
NOTIC: [8] Undefined index: order D:\wwwroot\demo.52jscn.com\Application\Runtime\Cache\Admin\34e4b095905075aaede5ee9039415509.php 第 291 行.
INFO: Run Behavior\ParseTemplateBehavior [ RunTime:0.012933s ]
INFO: [ view_parse ] --END-- [ RunTime:0.012973s ]
INFO: [ view_filter ] --START--
INFO: Run Behavior\WriteHtmlCacheBehavior [ RunTime:0.000412s ]
INFO: [ view_filter ] --END-- [ RunTime:0.000443s ]
INFO: [ app_end ] --START--
INFO: Run Behavior\ShowPageTraceBehavior [ RunTime:0.000668s ]
INFO: [ app_end ] --END-- [ RunTime:0.000710s ]

[ 2019-08-18T23:54:24+08:00 ] 127.0.0.1 /efucms.php?m=Admin&c=Product&a=index
INFO: [ app_init ] --START--
INFO: Run Behavior\BuildLiteBehavior [ RunTime:0.000008s ]
INFO: [ app_init ] --END-- [ RunTime:0.000334s ]
INFO: [ app_begin ] --START--
INFO: Run Behavior\ReadHtmlCacheBehavior [ RunTime:0.000467s ]
INFO: [ app_begin ] --END-- [ RunTime:0.000493s ]
SQL: SHOW COLUMNS FROM `vv_config` [ RunTime:0.0089s ]
SQL: SELECT * FROM `vv_config`  [ RunTime:0.0003s ]
NOTIC: [8] unserialize(): Error at offset 75 of 79 bytes D:\wwwroot\demo.52jscn.com\Application\Admin\Controller\AdminController.class.php 第 36 行.
NOTIC: [8] unserialize(): Error at offset 45 of 108 bytes D:\wwwroot\demo.52jscn.com\Application\Admin\Controller\AdminController.class.php 第 36 行.
NOTIC: [8] Undefined index: title D:\wwwroot\demo.52jscn.com\Application\Admin\Controller\ProductController.class.php 第 7 行.
NOTIC: [8] Undefined index: order D:\wwwroot\demo.52jscn.com\Application\Admin\Controller\ProductController.class.php 第 14 行.
NOTIC: [8] Undefined variable: where D:\wwwroot\demo.52jscn.com\Application\Admin\Controller\ProductController.class.php 第 18 行.
SQL: SHOW COLUMNS FROM `vv_mh_list` [ RunTime:0.0094s ]
SQL: SELECT COUNT(*) AS tp_count FROM `vv_mh_list` LIMIT 1   [ RunTime:0.0002s ]
SQL: SELECT * FROM `vv_mh_list` ORDER BY sort desc,id desc LIMIT 0,25   [ RunTime:0.0004s ]
INFO: [ view_parse ] --START--
INFO: [ template_filter ] --START--
INFO: Run Behavior\ContentReplaceBehavior [ RunTime:0.000139s ]
INFO: [ template_filter ] --END-- [ RunTime:0.000174s ]
NOTIC: [8] Undefined index: title D:\wwwroot\demo.52jscn.com\Application\Runtime\Cache\Admin\34e4b095905075aaede5ee9039415509.php 第 251 行.
NOTIC: [8] Undefined index: order D:\wwwroot\demo.52jscn.com\Application\Runtime\Cache\Admin\34e4b095905075aaede5ee9039415509.php 第 264 行.
NOTIC: [8] Undefined index: order D:\wwwroot\demo.52jscn.com\Application\Runtime\Cache\Admin\34e4b095905075aaede5ee9039415509.php 第 266 行.
NOTIC: [8] Undefined index: order D:\wwwroot\demo.52jscn.com\Application\Runtime\Cache\Admin\34e4b095905075aaede5ee9039415509.php 第 277 行.
NOTIC: [8] Undefined index: order D:\wwwroot\demo.52jscn.com\Application\Runtime\Cache\Admin\34e4b095905075aaede5ee9039415509.php 第 279 行.
NOTIC: [8] Undefined index: order D:\wwwroot\demo.52jscn.com\Application\Runtime\Cache\Admin\34e4b095905075aaede5ee9039415509.php 第 283 行.
NOTIC: [8] Undefined index: order D:\wwwroot\demo.52jscn.com\Application\Runtime\Cache\Admin\34e4b095905075aaede5ee9039415509.php 第 285 行.
NOTIC: [8] Undefined index: order D:\wwwroot\demo.52jscn.com\Application\Runtime\Cache\Admin\34e4b095905075aaede5ee9039415509.php 第 289 行.
NOTIC: [8] Undefined index: order D:\wwwroot\demo.52jscn.com\Application\Runtime\Cache\Admin\34e4b095905075aaede5ee9039415509.php 第 291 行.
INFO: Run Behavior\ParseTemplateBehavior [ RunTime:0.012869s ]
INFO: [ view_parse ] --END-- [ RunTime:0.012910s ]
INFO: [ view_filter ] --START--
INFO: Run Behavior\WriteHtmlCacheBehavior [ RunTime:0.000429s ]
INFO: [ view_filter ] --END-- [ RunTime:0.000460s ]
INFO: [ app_end ] --START--
INFO: Run Behavior\ShowPageTraceBehavior [ RunTime:0.000627s ]
INFO: [ app_end ] --END-- [ RunTime:0.000662s ]

[ 2019-08-18T23:54:26+08:00 ] 127.0.0.1 /efucms.php?m=Admin&c=Product&a=index
INFO: [ app_init ] --START--
INFO: Run Behavior\BuildLiteBehavior [ RunTime:0.000010s ]
INFO: [ app_init ] --END-- [ RunTime:0.000440s ]
INFO: [ app_begin ] --START--
INFO: Run Behavior\ReadHtmlCacheBehavior [ RunTime:0.000573s ]
INFO: [ app_begin ] --END-- [ RunTime:0.000608s ]
SQL: SHOW COLUMNS FROM `vv_config` [ RunTime:0.0099s ]
SQL: SELECT * FROM `vv_config`  [ RunTime:0.0004s ]
NOTIC: [8] unserialize(): Error at offset 75 of 79 bytes D:\wwwroot\demo.52jscn.com\Application\Admin\Controller\AdminController.class.php 第 36 行.
NOTIC: [8] unserialize(): Error at offset 45 of 108 bytes D:\wwwroot\demo.52jscn.com\Application\Admin\Controller\AdminController.class.php 第 36 行.
NOTIC: [8] Undefined index: title D:\wwwroot\demo.52jscn.com\Application\Admin\Controller\ProductController.class.php 第 7 行.
NOTIC: [8] Undefined index: order D:\wwwroot\demo.52jscn.com\Application\Admin\Controller\ProductController.class.php 第 14 行.
NOTIC: [8] Undefined variable: where D:\wwwroot\demo.52jscn.com\Application\Admin\Controller\ProductController.class.php 第 18 行.
SQL: SHOW COLUMNS FROM `vv_mh_list` [ RunTime:0.0093s ]
SQL: SELECT COUNT(*) AS tp_count FROM `vv_mh_list` LIMIT 1   [ RunTime:0.0002s ]
SQL: SELECT * FROM `vv_mh_list` ORDER BY sort desc,id desc LIMIT 0,25   [ RunTime:0.0003s ]
INFO: [ view_parse ] --START--
INFO: [ template_filter ] --START--
INFO: Run Behavior\ContentReplaceBehavior [ RunTime:0.000140s ]
INFO: [ template_filter ] --END-- [ RunTime:0.000177s ]
NOTIC: [8] Undefined index: title D:\wwwroot\demo.52jscn.com\Application\Runtime\Cache\Admin\34e4b095905075aaede5ee9039415509.php 第 251 行.
NOTIC: [8] Undefined index: order D:\wwwroot\demo.52jscn.com\Application\Runtime\Cache\Admin\34e4b095905075aaede5ee9039415509.php 第 264 行.
NOTIC: [8] Undefined index: order D:\wwwroot\demo.52jscn.com\Application\Runtime\Cache\Admin\34e4b095905075aaede5ee9039415509.php 第 266 行.
NOTIC: [8] Undefined index: order D:\wwwroot\demo.52jscn.com\Application\Runtime\Cache\Admin\34e4b095905075aaede5ee9039415509.php 第 277 行.
NOTIC: [8] Undefined index: order D:\wwwroot\demo.52jscn.com\Application\Runtime\Cache\Admin\34e4b095905075aaede5ee9039415509.php 第 279 行.
NOTIC: [8] Undefined index: order D:\wwwroot\demo.52jscn.com\Application\Runtime\Cache\Admin\34e4b095905075aaede5ee9039415509.php 第 283 行.
NOTIC: [8] Undefined index: order D:\wwwroot\demo.52jscn.com\Application\Runtime\Cache\Admin\34e4b095905075aaede5ee9039415509.php 第 285 行.
NOTIC: [8] Undefined index: order D:\wwwroot\demo.52jscn.com\Application\Runtime\Cache\Admin\34e4b095905075aaede5ee9039415509.php 第 289 行.
NOTIC: [8] Undefined index: order D:\wwwroot\demo.52jscn.com\Application\Runtime\Cache\Admin\34e4b095905075aaede5ee9039415509.php 第 291 行.
INFO: Run Behavior\ParseTemplateBehavior [ RunTime:0.012459s ]
INFO: [ view_parse ] --END-- [ RunTime:0.012493s ]
INFO: [ view_filter ] --START--
INFO: Run Behavior\WriteHtmlCacheBehavior [ RunTime:0.000421s ]
INFO: [ view_filter ] --END-- [ RunTime:0.000450s ]
INFO: [ app_end ] --START--
INFO: Run Behavior\ShowPageTraceBehavior [ RunTime:0.000655s ]
INFO: [ app_end ] --END-- [ RunTime:0.000697s ]

[ 2019-08-18T23:54:28+08:00 ] 127.0.0.1 /efucms.php?m=Admin&c=Product&a=index
INFO: [ app_init ] --START--
INFO: Run Behavior\BuildLiteBehavior [ RunTime:0.000010s ]
INFO: [ app_init ] --END-- [ RunTime:0.000422s ]
INFO: [ app_begin ] --START--
INFO: Run Behavior\ReadHtmlCacheBehavior [ RunTime:0.000702s ]
INFO: [ app_begin ] --END-- [ RunTime:0.000737s ]
SQL: SHOW COLUMNS FROM `vv_config` [ RunTime:0.0094s ]
SQL: SELECT * FROM `vv_config`  [ RunTime:0.0003s ]
NOTIC: [8] unserialize(): Error at offset 75 of 79 bytes D:\wwwroot\demo.52jscn.com\Application\Admin\Controller\AdminController.class.php 第 36 行.
NOTIC: [8] unserialize(): Error at offset 45 of 108 bytes D:\wwwroot\demo.52jscn.com\Application\Admin\Controller\AdminController.class.php 第 36 行.
NOTIC: [8] Undefined index: title D:\wwwroot\demo.52jscn.com\Application\Admin\Controller\ProductController.class.php 第 7 行.
NOTIC: [8] Undefined index: order D:\wwwroot\demo.52jscn.com\Application\Admin\Controller\ProductController.class.php 第 14 行.
NOTIC: [8] Undefined variable: where D:\wwwroot\demo.52jscn.com\Application\Admin\Controller\ProductController.class.php 第 18 行.
SQL: SHOW COLUMNS FROM `vv_mh_list` [ RunTime:0.0090s ]
SQL: SELECT COUNT(*) AS tp_count FROM `vv_mh_list` LIMIT 1   [ RunTime:0.0002s ]
SQL: SELECT * FROM `vv_mh_list` ORDER BY sort desc,id desc LIMIT 0,25   [ RunTime:0.0003s ]
INFO: [ view_parse ] --START--
INFO: [ template_filter ] --START--
INFO: Run Behavior\ContentReplaceBehavior [ RunTime:0.000141s ]
INFO: [ template_filter ] --END-- [ RunTime:0.000183s ]
NOTIC: [8] Undefined index: title D:\wwwroot\demo.52jscn.com\Application\Runtime\Cache\Admin\34e4b095905075aaede5ee9039415509.php 第 251 行.
NOTIC: [8] Undefined index: order D:\wwwroot\demo.52jscn.com\Application\Runtime\Cache\Admin\34e4b095905075aaede5ee9039415509.php 第 264 行.
NOTIC: [8] Undefined index: order D:\wwwroot\demo.52jscn.com\Application\Runtime\Cache\Admin\34e4b095905075aaede5ee9039415509.php 第 266 行.
NOTIC: [8] Undefined index: order D:\wwwroot\demo.52jscn.com\Application\Runtime\Cache\Admin\34e4b095905075aaede5ee9039415509.php 第 277 行.
NOTIC: [8] Undefined index: order D:\wwwroot\demo.52jscn.com\Application\Runtime\Cache\Admin\34e4b095905075aaede5ee9039415509.php 第 279 行.
NOTIC: [8] Undefined index: order D:\wwwroot\demo.52jscn.com\Application\Runtime\Cache\Admin\34e4b095905075aaede5ee9039415509.php 第 283 行.
NOTIC: [8] Undefined index: order D:\wwwroot\demo.52jscn.com\Application\Runtime\Cache\Admin\34e4b095905075aaede5ee9039415509.php 第 285 行.
NOTIC: [8] Undefined index: order D:\wwwroot\demo.52jscn.com\Application\Runtime\Cache\Admin\34e4b095905075aaede5ee9039415509.php 第 289 行.
NOTIC: [8] Undefined index: order D:\wwwroot\demo.52jscn.com\Application\Runtime\Cache\Admin\34e4b095905075aaede5ee9039415509.php 第 291 行.
INFO: Run Behavior\ParseTemplateBehavior [ RunTime:0.013936s ]
INFO: [ view_parse ] --END-- [ RunTime:0.013981s ]
INFO: [ view_filter ] --START--
INFO: Run Behavior\WriteHtmlCacheBehavior [ RunTime:0.000425s ]
INFO: [ view_filter ] --END-- [ RunTime:0.000454s ]
INFO: [ app_end ] --START--
INFO: Run Behavior\ShowPageTraceBehavior [ RunTime:0.000674s ]
INFO: [ app_end ] --END-- [ RunTime:0.000717s ]

[ 2019-08-18T23:54:45+08:00 ] 127.0.0.1 /efucms.php?m=Admin&c=Config&a=mhcate
INFO: [ app_init ] --START--
INFO: Run Behavior\BuildLiteBehavior [ RunTime:0.000009s ]
INFO: [ app_init ] --END-- [ RunTime:0.000447s ]
INFO: [ app_begin ] --START--
INFO: Run Behavior\ReadHtmlCacheBehavior [ RunTime:0.000588s ]
INFO: [ app_begin ] --END-- [ RunTime:0.000625s ]
SQL: SHOW COLUMNS FROM `vv_config` [ RunTime:0.0088s ]
SQL: SELECT * FROM `vv_config`  [ RunTime:0.0003s ]
NOTIC: [8] unserialize(): Error at offset 75 of 79 bytes D:\wwwroot\demo.52jscn.com\Application\Admin\Controller\AdminController.class.php 第 36 行.
NOTIC: [8] unserialize(): Error at offset 45 of 108 bytes D:\wwwroot\demo.52jscn.com\Application\Admin\Controller\AdminController.class.php 第 36 行.
INFO: [ view_parse ] --START--
INFO: [ template_filter ] --START--
INFO: Run Behavior\ContentReplaceBehavior [ RunTime:0.000122s ]
INFO: [ template_filter ] --END-- [ RunTime:0.000158s ]
INFO: Run Behavior\ParseTemplateBehavior [ RunTime:0.011503s ]
INFO: [ view_parse ] --END-- [ RunTime:0.011542s ]
INFO: [ view_filter ] --START--
INFO: Run Behavior\WriteHtmlCacheBehavior [ RunTime:0.000435s ]
INFO: [ view_filter ] --END-- [ RunTime:0.000465s ]
INFO: [ app_end ] --START--
INFO: Run Behavior\ShowPageTraceBehavior [ RunTime:0.000641s ]
INFO: [ app_end ] --END-- [ RunTime:0.000682s ]

[ 2019-08-18T23:54:46+08:00 ] 127.0.0.1 /efucms.php?m=Admin&c=Config&a=upload&event=setPath&cur_index=1&url=.%2FPublic%2Fupload%2Fimages%2F1905%2F21%2F170119707736007021.png
INFO: [ app_init ] --START--
INFO: Run Behavior\BuildLiteBehavior [ RunTime:0.000011s ]
INFO: [ app_init ] --END-- [ RunTime:0.000452s ]
INFO: [ app_begin ] --START--
INFO: Run Behavior\ReadHtmlCacheBehavior [ RunTime:0.000583s ]
INFO: [ app_begin ] --END-- [ RunTime:0.000619s ]
SQL: SHOW COLUMNS FROM `vv_config` [ RunTime:0.0098s ]
SQL: SELECT * FROM `vv_config`  [ RunTime:0.0004s ]
NOTIC: [8] unserialize(): Error at offset 75 of 79 bytes D:\wwwroot\demo.52jscn.com\Application\Admin\Controller\AdminController.class.php 第 36 行.
NOTIC: [8] unserialize(): Error at offset 45 of 108 bytes D:\wwwroot\demo.52jscn.com\Application\Admin\Controller\AdminController.class.php 第 36 行.
INFO: [ view_parse ] --START--
INFO: [ template_filter ] --START--
INFO: Run Behavior\ContentReplaceBehavior [ RunTime:0.000028s ]
INFO: [ template_filter ] --END-- [ RunTime:0.000065s ]
INFO: Run Behavior\ParseTemplateBehavior [ RunTime:0.007806s ]
INFO: [ view_parse ] --END-- [ RunTime:0.007850s ]
INFO: [ view_filter ] --START--
INFO: Run Behavior\WriteHtmlCacheBehavior [ RunTime:0.000426s ]
INFO: [ view_filter ] --END-- [ RunTime:0.000465s ]
INFO: [ app_end ] --START--
INFO: Run Behavior\ShowPageTraceBehavior [ RunTime:0.000635s ]
INFO: [ app_end ] --END-- [ RunTime:0.000667s ]

[ 2019-08-18T23:54:47+08:00 ] 127.0.0.1 /efucms.php?m=Admin&c=Config&a=upload&event=setPath&cur_index=7&url=.%2FPublic%2Fupload%2Fimages%2F1811%2F24%2F020520150390001237.jpg
INFO: [ app_init ] --START--
INFO: Run Behavior\BuildLiteBehavior [ RunTime:0.000011s ]
INFO: [ app_init ] --END-- [ RunTime:0.000440s ]
INFO: [ app_begin ] --START--
INFO: Run Behavior\ReadHtmlCacheBehavior [ RunTime:0.000686s ]
INFO: [ app_begin ] --END-- [ RunTime:0.000733s ]
SQL: SHOW COLUMNS FROM `vv_config` [ RunTime:0.0152s ]
SQL: SELECT * FROM `vv_config`  [ RunTime:0.0004s ]
NOTIC: [8] unserialize(): Error at offset 75 of 79 bytes D:\wwwroot\demo.52jscn.com\Application\Admin\Controller\AdminController.class.php 第 36 行.
NOTIC: [8] unserialize(): Error at offset 45 of 108 bytes D:\wwwroot\demo.52jscn.com\Application\Admin\Controller\AdminController.class.php 第 36 行.
INFO: [ view_parse ] --START--
INFO: [ template_filter ] --START--
INFO: Run Behavior\ContentReplaceBehavior [ RunTime:0.000027s ]
INFO: [ template_filter ] --END-- [ RunTime:0.000060s ]
INFO: Run Behavior\ParseTemplateBehavior [ RunTime:0.005859s ]
INFO: [ view_parse ] --END-- [ RunTime:0.005897s ]
INFO: [ view_filter ] --START--
INFO: Run Behavior\WriteHtmlCacheBehavior [ RunTime:0.000409s ]
INFO: [ view_filter ] --END-- [ RunTime:0.000439s ]
INFO: [ app_end ] --START--
INFO: Run Behavior\ShowPageTraceBehavior [ RunTime:0.000609s ]
INFO: [ app_end ] --END-- [ RunTime:0.000743s ]

[ 2019-08-18T23:54:48+08:00 ] 127.0.0.1 /efucms.php?m=Admin&c=Config&a=upload&event=setPath&cur_index=2&url=.%2FPublic%2Fupload%2Fimages%2F1905%2F21%2F170122143013002364.png
INFO: [ app_init ] --START--
INFO: Run Behavior\BuildLiteBehavior [ RunTime:0.000012s ]
INFO: [ app_init ] --END-- [ RunTime:0.000631s ]
INFO: [ app_begin ] --START--
INFO: Run Behavior\ReadHtmlCacheBehavior [ RunTime:0.000745s ]
INFO: [ app_begin ] --END-- [ RunTime:0.000775s ]
SQL: SHOW COLUMNS FROM `vv_config` [ RunTime:0.0119s ]
SQL: SELECT * FROM `vv_config`  [ RunTime:0.0008s ]
NOTIC: [8] unserialize(): Error at offset 75 of 79 bytes D:\wwwroot\demo.52jscn.com\Application\Admin\Controller\AdminController.class.php 第 36 行.
NOTIC: [8] unserialize(): Error at offset 45 of 108 bytes D:\wwwroot\demo.52jscn.com\Application\Admin\Controller\AdminController.class.php 第 36 行.
INFO: [ view_parse ] --START--
INFO: [ template_filter ] --START--
INFO: Run Behavior\ContentReplaceBehavior [ RunTime:0.000059s ]
INFO: [ template_filter ] --END-- [ RunTime:0.000141s ]
INFO: Run Behavior\ParseTemplateBehavior [ RunTime:0.022708s ]
INFO: [ view_parse ] --END-- [ RunTime:0.022763s ]
INFO: [ view_filter ] --START--
INFO: Run Behavior\WriteHtmlCacheBehavior [ RunTime:0.000709s ]
INFO: [ view_filter ] --END-- [ RunTime:0.000740s ]
INFO: [ app_end ] --START--
INFO: Run Behavior\ShowPageTraceBehavior [ RunTime:0.000948s ]
INFO: [ app_end ] --END-- [ RunTime:0.000982s ]

[ 2019-08-18T23:54:49+08:00 ] 127.0.0.1 /efucms.php?m=Admin&c=Config&a=upload&event=setPath&cur_index=4&url=.%2FPublic%2Fupload%2Fimages%2F1905%2F21%2F170126505536008701.png
INFO: [ app_init ] --START--
INFO: Run Behavior\BuildLiteBehavior [ RunTime:0.000010s ]
INFO: [ app_init ] --END-- [ RunTime:0.000617s ]
INFO: [ app_begin ] --START--
INFO: Run Behavior\ReadHtmlCacheBehavior [ RunTime:0.000733s ]
INFO: [ app_begin ] --END-- [ RunTime:0.000766s ]
SQL: SHOW COLUMNS FROM `vv_config` [ RunTime:0.0177s ]
SQL: SELECT * FROM `vv_config`  [ RunTime:0.0005s ]
NOTIC: [8] unserialize(): Error at offset 75 of 79 bytes D:\wwwroot\demo.52jscn.com\Application\Admin\Controller\AdminController.class.php 第 36 行.
NOTIC: [8] unserialize(): Error at offset 45 of 108 bytes D:\wwwroot\demo.52jscn.com\Application\Admin\Controller\AdminController.class.php 第 36 行.
INFO: [ view_parse ] --START--
INFO: [ template_filter ] --START--
INFO: Run Behavior\ContentReplaceBehavior [ RunTime:0.000057s ]
INFO: [ template_filter ] --END-- [ RunTime:0.000141s ]
INFO: Run Behavior\ParseTemplateBehavior [ RunTime:0.020511s ]
INFO: [ view_parse ] --END-- [ RunTime:0.020555s ]
INFO: [ view_filter ] --START--
INFO: Run Behavior\WriteHtmlCacheBehavior [ RunTime:0.000776s ]
INFO: [ view_filter ] --END-- [ RunTime:0.000810s ]
INFO: [ app_end ] --START--
INFO: Run Behavior\ShowPageTraceBehavior [ RunTime:0.001053s ]
INFO: [ app_end ] --END-- [ RunTime:0.001089s ]

[ 2019-08-18T23:54:51+08:00 ] 127.0.0.1 /efucms.php?m=Admin&c=Config&a=upload&event=setPath&cur_index=3&url=.%2FPublic%2Fupload%2Fimages%2F1905%2F21%2F170124282732002192.png
INFO: [ app_init ] --START--
INFO: Run Behavior\BuildLiteBehavior [ RunTime:0.000010s ]
INFO: [ app_init ] --END-- [ RunTime:0.000620s ]
INFO: [ app_begin ] --START--
INFO: Run Behavior\ReadHtmlCacheBehavior [ RunTime:0.000724s ]
INFO: [ app_begin ] --END-- [ RunTime:0.000755s ]
SQL: SHOW COLUMNS FROM `vv_config` [ RunTime:0.0086s ]
SQL: SELECT * FROM `vv_config`  [ RunTime:0.0003s ]
NOTIC: [8] unserialize(): Error at offset 75 of 79 bytes D:\wwwroot\demo.52jscn.com\Application\Admin\Controller\AdminController.class.php 第 36 行.
NOTIC: [8] unserialize(): Error at offset 45 of 108 bytes D:\wwwroot\demo.52jscn.com\Application\Admin\Controller\AdminController.class.php 第 36 行.
INFO: [ view_parse ] --START--
INFO: [ template_filter ] --START--
INFO: Run Behavior\ContentReplaceBehavior [ RunTime:0.000030s ]
INFO: [ template_filter ] --END-- [ RunTime:0.000072s ]
INFO: Run Behavior\ParseTemplateBehavior [ RunTime:0.011770s ]
INFO: [ view_parse ] --END-- [ RunTime:0.011811s ]
INFO: [ view_filter ] --START--
INFO: Run Behavior\WriteHtmlCacheBehavior [ RunTime:0.000702s ]
INFO: [ view_filter ] --END-- [ RunTime:0.000733s ]
INFO: [ app_end ] --START--
INFO: Run Behavior\ShowPageTraceBehavior [ RunTime:0.000934s ]
INFO: [ app_end ] --END-- [ RunTime:0.000967s ]

[ 2019-08-18T23:54:52+08:00 ] 127.0.0.1 /efucms.php?m=Admin&c=Config&a=upload&event=setPath&cur_index=6&url=.%2FPublic%2Fupload%2Fimages%2F1811%2F24%2F020627369140001484.jpg
INFO: [ app_init ] --START--
INFO: Run Behavior\BuildLiteBehavior [ RunTime:0.000011s ]
INFO: [ app_init ] --END-- [ RunTime:0.000675s ]
INFO: [ app_begin ] --START--
INFO: Run Behavior\ReadHtmlCacheBehavior [ RunTime:0.000734s ]
INFO: [ app_begin ] --END-- [ RunTime:0.000764s ]
SQL: SHOW COLUMNS FROM `vv_config` [ RunTime:0.0073s ]
SQL: SELECT * FROM `vv_config`  [ RunTime:0.0002s ]
NOTIC: [8] unserialize(): Error at offset 75 of 79 bytes D:\wwwroot\demo.52jscn.com\Application\Admin\Controller\AdminController.class.php 第 36 行.
NOTIC: [8] unserialize(): Error at offset 45 of 108 bytes D:\wwwroot\demo.52jscn.com\Application\Admin\Controller\AdminController.class.php 第 36 行.
INFO: [ view_parse ] --START--
INFO: [ template_filter ] --START--
INFO: Run Behavior\ContentReplaceBehavior [ RunTime:0.000022s ]
INFO: [ template_filter ] --END-- [ RunTime:0.000049s ]
INFO: Run Behavior\ParseTemplateBehavior [ RunTime:0.009199s ]
INFO: [ view_parse ] --END-- [ RunTime:0.009230s ]
INFO: [ view_filter ] --START--
INFO: Run Behavior\WriteHtmlCacheBehavior [ RunTime:0.000555s ]
INFO: [ view_filter ] --END-- [ RunTime:0.000578s ]
INFO: [ app_end ] --START--
INFO: Run Behavior\ShowPageTraceBehavior [ RunTime:0.000742s ]
INFO: [ app_end ] --END-- [ RunTime:0.000768s ]

[ 2019-08-18T23:54:53+08:00 ] 127.0.0.1 /efucms.php?m=Admin&c=Config&a=upload&event=setPath&cur_index=5&url=.%2FPublic%2Fupload%2Fimages%2F1811%2F24%2F020516619140002925.jpg
INFO: [ app_init ] --START--
INFO: Run Behavior\BuildLiteBehavior [ RunTime:0.000010s ]
INFO: [ app_init ] --END-- [ RunTime:0.000580s ]
INFO: [ app_begin ] --START--
INFO: Run Behavior\ReadHtmlCacheBehavior [ RunTime:0.000701s ]
INFO: [ app_begin ] --END-- [ RunTime:0.000731s ]
SQL: SHOW COLUMNS FROM `vv_config` [ RunTime:0.0094s ]
SQL: SELECT * FROM `vv_config`  [ RunTime:0.0004s ]
NOTIC: [8] unserialize(): Error at offset 75 of 79 bytes D:\wwwroot\demo.52jscn.com\Application\Admin\Controller\AdminController.class.php 第 36 行.
NOTIC: [8] unserialize(): Error at offset 45 of 108 bytes D:\wwwroot\demo.52jscn.com\Application\Admin\Controller\AdminController.class.php 第 36 行.
INFO: [ view_parse ] --START--
INFO: [ template_filter ] --START--
INFO: Run Behavior\ContentReplaceBehavior [ RunTime:0.000034s ]
INFO: [ template_filter ] --END-- [ RunTime:0.000083s ]
INFO: Run Behavior\ParseTemplateBehavior [ RunTime:0.012182s ]
INFO: [ view_parse ] --END-- [ RunTime:0.012223s ]
INFO: [ view_filter ] --START--
INFO: Run Behavior\WriteHtmlCacheBehavior [ RunTime:0.000755s ]
INFO: [ view_filter ] --END-- [ RunTime:0.000788s ]
INFO: [ app_end ] --START--
INFO: Run Behavior\ShowPageTraceBehavior [ RunTime:0.005199s ]
INFO: [ app_end ] --END-- [ RunTime:0.005253s ]

[ 2019-08-18T23:54:54+08:00 ] 127.0.0.1 /efucms.php?m=Admin&c=Config&a=upload&event=setPath&cur_index=8&url=.%2FPublic%2Fupload%2Fimages%2F1811%2F24%2F020520150390001237.jpg
INFO: [ app_init ] --START--
INFO: Run Behavior\BuildLiteBehavior [ RunTime:0.000010s ]
INFO: [ app_init ] --END-- [ RunTime:0.000507s ]
INFO: [ app_begin ] --START--
INFO: Run Behavior\ReadHtmlCacheBehavior [ RunTime:0.000590s ]
INFO: [ app_begin ] --END-- [ RunTime:0.000626s ]
SQL: SHOW COLUMNS FROM `vv_config` [ RunTime:0.0112s ]
SQL: SELECT * FROM `vv_config`  [ RunTime:0.0003s ]
NOTIC: [8] unserialize(): Error at offset 75 of 79 bytes D:\wwwroot\demo.52jscn.com\Application\Admin\Controller\AdminController.class.php 第 36 行.
NOTIC: [8] unserialize(): Error at offset 45 of 108 bytes D:\wwwroot\demo.52jscn.com\Application\Admin\Controller\AdminController.class.php 第 36 行.
INFO: [ view_parse ] --START--
INFO: [ template_filter ] --START--
INFO: Run Behavior\ContentReplaceBehavior [ RunTime:0.000026s ]
INFO: [ template_filter ] --END-- [ RunTime:0.000060s ]
INFO: Run Behavior\ParseTemplateBehavior [ RunTime:0.005915s ]
INFO: [ view_parse ] --END-- [ RunTime:0.005953s ]
INFO: [ view_filter ] --START--
INFO: Run Behavior\WriteHtmlCacheBehavior [ RunTime:0.000405s ]
INFO: [ view_filter ] --END-- [ RunTime:0.000434s ]
INFO: [ app_end ] --START--
INFO: Run Behavior\ShowPageTraceBehavior [ RunTime:0.000613s ]
INFO: [ app_end ] --END-- [ RunTime:0.000644s ]

[ 2019-08-18T23:54:55+08:00 ] 127.0.0.1 /efucms.php?m=Admin&c=Config&a=upload&event=setPath&cur_index=9&url=
INFO: [ app_init ] --START--
INFO: Run Behavior\BuildLiteBehavior [ RunTime:0.000011s ]
INFO: [ app_init ] --END-- [ RunTime:0.000434s ]
INFO: [ app_begin ] --START--
INFO: Run Behavior\ReadHtmlCacheBehavior [ RunTime:0.000579s ]
INFO: [ app_begin ] --END-- [ RunTime:0.000615s ]
SQL: SHOW COLUMNS FROM `vv_config` [ RunTime:0.0087s ]
SQL: SELECT * FROM `vv_config`  [ RunTime:0.0003s ]
NOTIC: [8] unserialize(): Error at offset 75 of 79 bytes D:\wwwroot\demo.52jscn.com\Application\Admin\Controller\AdminController.class.php 第 36 行.
NOTIC: [8] unserialize(): Error at offset 45 of 108 bytes D:\wwwroot\demo.52jscn.com\Application\Admin\Controller\AdminController.class.php 第 36 行.
INFO: [ view_parse ] --START--
INFO: [ template_filter ] --START--
INFO: Run Behavior\ContentReplaceBehavior [ RunTime:0.000028s ]
INFO: [ template_filter ] --END-- [ RunTime:0.000062s ]
INFO: Run Behavior\ParseTemplateBehavior [ RunTime:0.006129s ]
INFO: [ view_parse ] --END-- [ RunTime:0.006169s ]
INFO: [ view_filter ] --START--
INFO: Run Behavior\WriteHtmlCacheBehavior [ RunTime:0.000412s ]
INFO: [ view_filter ] --END-- [ RunTime:0.000444s ]
INFO: [ app_end ] --START--
INFO: Run Behavior\ShowPageTraceBehavior [ RunTime:0.000632s ]
INFO: [ app_end ] --END-- [ RunTime:0.000663s ]

[ 2019-08-18T23:54:56+08:00 ] 127.0.0.1 /efucms.php?m=Admin&c=Product&a=index
INFO: [ app_init ] --START--
INFO: Run Behavior\BuildLiteBehavior [ RunTime:0.000013s ]
INFO: [ app_init ] --END-- [ RunTime:0.000602s ]
INFO: [ app_begin ] --START--
INFO: Run Behavior\ReadHtmlCacheBehavior [ RunTime:0.000811s ]
INFO: [ app_begin ] --END-- [ RunTime:0.000864s ]
SQL: SHOW COLUMNS FROM `vv_config` [ RunTime:0.0096s ]
SQL: SELECT * FROM `vv_config`  [ RunTime:0.0003s ]
NOTIC: [8] unserialize(): Error at offset 75 of 79 bytes D:\wwwroot\demo.52jscn.com\Application\Admin\Controller\AdminController.class.php 第 36 行.
NOTIC: [8] unserialize(): Error at offset 45 of 108 bytes D:\wwwroot\demo.52jscn.com\Application\Admin\Controller\AdminController.class.php 第 36 行.
NOTIC: [8] Undefined index: title D:\wwwroot\demo.52jscn.com\Application\Admin\Controller\ProductController.class.php 第 7 行.
NOTIC: [8] Undefined index: order D:\wwwroot\demo.52jscn.com\Application\Admin\Controller\ProductController.class.php 第 14 行.
NOTIC: [8] Undefined variable: where D:\wwwroot\demo.52jscn.com\Application\Admin\Controller\ProductController.class.php 第 18 行.
SQL: SHOW COLUMNS FROM `vv_mh_list` [ RunTime:0.0121s ]
SQL: SELECT COUNT(*) AS tp_count FROM `vv_mh_list` LIMIT 1   [ RunTime:0.0006s ]
SQL: SELECT * FROM `vv_mh_list` ORDER BY sort desc,id desc LIMIT 0,25   [ RunTime:0.0008s ]
INFO: [ view_parse ] --START--
INFO: [ template_filter ] --START--
INFO: Run Behavior\ContentReplaceBehavior [ RunTime:0.000145s ]
INFO: [ template_filter ] --END-- [ RunTime:0.000186s ]
NOTIC: [8] Undefined index: title D:\wwwroot\demo.52jscn.com\Application\Runtime\Cache\Admin\34e4b095905075aaede5ee9039415509.php 第 251 行.
NOTIC: [8] Undefined index: order D:\wwwroot\demo.52jscn.com\Application\Runtime\Cache\Admin\34e4b095905075aaede5ee9039415509.php 第 264 行.
NOTIC: [8] Undefined index: order D:\wwwroot\demo.52jscn.com\Application\Runtime\Cache\Admin\34e4b095905075aaede5ee9039415509.php 第 266 行.
NOTIC: [8] Undefined index: order D:\wwwroot\demo.52jscn.com\Application\Runtime\Cache\Admin\34e4b095905075aaede5ee9039415509.php 第 277 行.
NOTIC: [8] Undefined index: order D:\wwwroot\demo.52jscn.com\Application\Runtime\Cache\Admin\34e4b095905075aaede5ee9039415509.php 第 279 行.
NOTIC: [8] Undefined index: order D:\wwwroot\demo.52jscn.com\Application\Runtime\Cache\Admin\34e4b095905075aaede5ee9039415509.php 第 283 行.
NOTIC: [8] Undefined index: order D:\wwwroot\demo.52jscn.com\Application\Runtime\Cache\Admin\34e4b095905075aaede5ee9039415509.php 第 285 行.
NOTIC: [8] Undefined index: order D:\wwwroot\demo.52jscn.com\Application\Runtime\Cache\Admin\34e4b095905075aaede5ee9039415509.php 第 289 行.
NOTIC: [8] Undefined index: order D:\wwwroot\demo.52jscn.com\Application\Runtime\Cache\Admin\34e4b095905075aaede5ee9039415509.php 第 291 行.
INFO: Run Behavior\ParseTemplateBehavior [ RunTime:0.017000s ]
INFO: [ view_parse ] --END-- [ RunTime:0.017058s ]
INFO: [ view_filter ] --START--
INFO: Run Behavior\WriteHtmlCacheBehavior [ RunTime:0.000439s ]
INFO: [ view_filter ] --END-- [ RunTime:0.000469s ]
INFO: [ app_end ] --START--
INFO: Run Behavior\ShowPageTraceBehavior [ RunTime:0.000674s ]
INFO: [ app_end ] --END-- [ RunTime:0.000716s ]

