[ 2019-08-25T17:22:31+08:00 ] 127.0.0.1 /52jscn_admin.php?m=Admin&c=Config&a=mp
INFO: [ app_init ] --START--
INFO: Run Behavior\BuildLiteBehavior [ RunTime:0.000015s ]
INFO: [ app_init ] --END-- [ RunTime:0.000788s ]
INFO: [ app_begin ] --START--
INFO: Run Behavior\ReadHtmlCacheBehavior [ RunTime:0.000947s ]
INFO: [ app_begin ] --END-- [ RunTime:0.000987s ]
SQL: SHOW COLUMNS FROM `vv_config` [ RunTime:0.0144s ]
SQL: SELECT * FROM `vv_config`  [ RunTime:0.0010s ]
NOTIC: [8] unserialize(): Error at offset 75 of 79 bytes D:\wwwroot\demo.52jscn.com\Application\Admin\Controller\AdminController.class.php 第 36 行.
NOTIC: [8] unserialize(): Error at offset 45 of 108 bytes D:\wwwroot\demo.52jscn.com\Application\Admin\Controller\AdminController.class.php 第 36 行.
INFO: [ view_parse ] --START--
INFO: [ template_filter ] --START--
INFO: Run Behavior\ContentReplaceBehavior [ RunTime:0.000148s ]
INFO: [ template_filter ] --END-- [ RunTime:0.000210s ]
INFO: Run Behavior\ParseTemplateBehavior [ RunTime:0.026400s ]
INFO: [ view_parse ] --END-- [ RunTime:0.026456s ]
INFO: [ view_filter ] --START--
INFO: Run Behavior\WriteHtmlCacheBehavior [ RunTime:0.001566s ]
INFO: [ view_filter ] --END-- [ RunTime:0.001634s ]
INFO: [ app_end ] --START--
INFO: Run Behavior\ShowPageTraceBehavior [ RunTime:0.001177s ]
INFO: [ app_end ] --END-- [ RunTime:0.001230s ]

[ 2019-08-25T17:22:33+08:00 ] 127.0.0.1 /52jscn_admin.php?m=Admin&c=Config&a=mp
INFO: [ app_init ] --START--
INFO: Run Behavior\BuildLiteBehavior [ RunTime:0.000010s ]
INFO: [ app_init ] --END-- [ RunTime:0.000433s ]
INFO: [ app_begin ] --START--
INFO: Run Behavior\ReadHtmlCacheBehavior [ RunTime:0.000602s ]
INFO: [ app_begin ] --END-- [ RunTime:0.000637s ]
SQL: SHOW COLUMNS FROM `vv_config` [ RunTime:0.0171s ]
SQL: SELECT * FROM `vv_config`  [ RunTime:0.0007s ]
NOTIC: [8] unserialize(): Error at offset 75 of 79 bytes D:\wwwroot\demo.52jscn.com\Application\Admin\Controller\AdminController.class.php 第 36 行.
NOTIC: [8] unserialize(): Error at offset 45 of 108 bytes D:\wwwroot\demo.52jscn.com\Application\Admin\Controller\AdminController.class.php 第 36 行.
INFO: [ view_parse ] --START--
INFO: [ template_filter ] --START--
INFO: Run Behavior\ContentReplaceBehavior [ RunTime:0.000226s ]
INFO: [ template_filter ] --END-- [ RunTime:0.000301s ]
INFO: Run Behavior\ParseTemplateBehavior [ RunTime:0.016616s ]
INFO: [ view_parse ] --END-- [ RunTime:0.016694s ]
INFO: [ view_filter ] --START--
INFO: Run Behavior\WriteHtmlCacheBehavior [ RunTime:0.000858s ]
INFO: [ view_filter ] --END-- [ RunTime:0.000921s ]
INFO: [ app_end ] --START--
INFO: Run Behavior\ShowPageTraceBehavior [ RunTime:0.001243s ]
INFO: [ app_end ] --END-- [ RunTime:0.001313s ]

[ 2019-08-25T17:22:36+08:00 ] 127.0.0.1 /52jscn_admin.php?m=Admin&c=Config&a=site
INFO: [ app_init ] --START--
INFO: Run Behavior\BuildLiteBehavior [ RunTime:0.000009s ]
INFO: [ app_init ] --END-- [ RunTime:0.000451s ]
INFO: [ app_begin ] --START--
INFO: Run Behavior\ReadHtmlCacheBehavior [ RunTime:0.000635s ]
INFO: [ app_begin ] --END-- [ RunTime:0.000671s ]
SQL: SHOW COLUMNS FROM `vv_config` [ RunTime:0.0094s ]
SQL: SELECT * FROM `vv_config`  [ RunTime:0.0003s ]
NOTIC: [8] unserialize(): Error at offset 75 of 79 bytes D:\wwwroot\demo.52jscn.com\Application\Admin\Controller\AdminController.class.php 第 36 行.
NOTIC: [8] unserialize(): Error at offset 45 of 108 bytes D:\wwwroot\demo.52jscn.com\Application\Admin\Controller\AdminController.class.php 第 36 行.
INFO: [ view_parse ] --START--
INFO: [ template_filter ] --START--
INFO: Run Behavior\ContentReplaceBehavior [ RunTime:0.000131s ]
INFO: [ template_filter ] --END-- [ RunTime:0.000164s ]
NOTIC: [8] Undefined index: weixinlogin D:\wwwroot\demo.52jscn.com\Application\Runtime\Cache\Admin\e089353d3177b37e965d353d9ef4f07c.php 第 327 行.
NOTIC: [8] Undefined index: zidongzhuce D:\wwwroot\demo.52jscn.com\Application\Runtime\Cache\Admin\e089353d3177b37e965d353d9ef4f07c.php 第 329 行.
INFO: Run Behavior\ParseTemplateBehavior [ RunTime:0.010793s ]
INFO: [ view_parse ] --END-- [ RunTime:0.010826s ]
INFO: [ view_filter ] --START--
INFO: Run Behavior\WriteHtmlCacheBehavior [ RunTime:0.000432s ]
INFO: [ view_filter ] --END-- [ RunTime:0.000461s ]
INFO: [ app_end ] --START--
INFO: Run Behavior\ShowPageTraceBehavior [ RunTime:0.000614s ]
INFO: [ app_end ] --END-- [ RunTime:0.000647s ]

[ 2019-08-25T17:22:38+08:00 ] 127.0.0.1 /52jscn_admin.php?m=Admin&c=Config&a=upload&event=setPic&url=.%2FPublic%2Fupload%2Fimages%2F1905%2F19%2F225139325514002230.png
INFO: [ app_init ] --START--
INFO: Run Behavior\BuildLiteBehavior [ RunTime:0.000011s ]
INFO: [ app_init ] --END-- [ RunTime:0.000440s ]
INFO: [ app_begin ] --START--
INFO: Run Behavior\ReadHtmlCacheBehavior [ RunTime:0.000598s ]
INFO: [ app_begin ] --END-- [ RunTime:0.000637s ]
SQL: SHOW COLUMNS FROM `vv_config` [ RunTime:0.0095s ]
SQL: SELECT * FROM `vv_config`  [ RunTime:0.0003s ]
NOTIC: [8] unserialize(): Error at offset 75 of 79 bytes D:\wwwroot\demo.52jscn.com\Application\Admin\Controller\AdminController.class.php 第 36 行.
NOTIC: [8] unserialize(): Error at offset 45 of 108 bytes D:\wwwroot\demo.52jscn.com\Application\Admin\Controller\AdminController.class.php 第 36 行.
INFO: [ view_parse ] --START--
INFO: [ template_filter ] --START--
INFO: Run Behavior\ContentReplaceBehavior [ RunTime:0.000025s ]
INFO: [ template_filter ] --END-- [ RunTime:0.000059s ]
NOTIC: [8] Undefined index: cur_index D:\wwwroot\demo.52jscn.com\Application\Runtime\Cache\Admin\42684e41b5d7d3bd6b9e714a62a1e7f6.php 第 23 行.
INFO: Run Behavior\ParseTemplateBehavior [ RunTime:0.006743s ]
INFO: [ view_parse ] --END-- [ RunTime:0.006778s ]
INFO: [ view_filter ] --START--
INFO: Run Behavior\WriteHtmlCacheBehavior [ RunTime:0.000409s ]
INFO: [ view_filter ] --END-- [ RunTime:0.000439s ]
INFO: [ app_end ] --START--
INFO: Run Behavior\ShowPageTraceBehavior [ RunTime:0.000621s ]
INFO: [ app_end ] --END-- [ RunTime:0.000652s ]

[ 2019-08-25T23:36:18+08:00 ] 127.0.0.1 /52jscn_admin.php?m=Admin&c=Config&a=site
INFO: [ app_init ] --START--
INFO: Run Behavior\BuildLiteBehavior [ RunTime:0.000011s ]
INFO: [ app_init ] --END-- [ RunTime:0.000740s ]
INFO: [ app_begin ] --START--
INFO: Run Behavior\ReadHtmlCacheBehavior [ RunTime:0.001125s ]
INFO: [ app_begin ] --END-- [ RunTime:0.001164s ]
SQL: SHOW COLUMNS FROM `vv_config` [ RunTime:0.0112s ]
SQL: SELECT * FROM `vv_config`  [ RunTime:0.0004s ]
NOTIC: [8] unserialize(): Error at offset 75 of 79 bytes D:\wwwroot\demo.52jscn.com\Application\Admin\Controller\AdminController.class.php 第 36 行.
NOTIC: [8] unserialize(): Error at offset 45 of 108 bytes D:\wwwroot\demo.52jscn.com\Application\Admin\Controller\AdminController.class.php 第 36 行.
INFO: [ view_parse ] --START--
INFO: [ template_filter ] --START--
INFO: Run Behavior\ContentReplaceBehavior [ RunTime:0.000134s ]
INFO: [ template_filter ] --END-- [ RunTime:0.000166s ]
ERR: syntax error, unexpected '<'

[ 2019-08-25T23:39:23+08:00 ] 127.0.0.1 /52jscn_admin.php?m=Admin&c=Config&a=site
INFO: [ app_init ] --START--
INFO: Run Behavior\BuildLiteBehavior [ RunTime:0.000011s ]
INFO: [ app_init ] --END-- [ RunTime:0.000764s ]
INFO: [ app_begin ] --START--
INFO: Run Behavior\ReadHtmlCacheBehavior [ RunTime:0.000888s ]
INFO: [ app_begin ] --END-- [ RunTime:0.000927s ]
SQL: SHOW COLUMNS FROM `vv_config` [ RunTime:0.0126s ]
SQL: SELECT * FROM `vv_config`  [ RunTime:0.0043s ]
NOTIC: [8] unserialize(): Error at offset 75 of 79 bytes D:\wwwroot\demo.52jscn.com\Application\Admin\Controller\AdminController.class.php 第 36 行.
NOTIC: [8] unserialize(): Error at offset 45 of 108 bytes D:\wwwroot\demo.52jscn.com\Application\Admin\Controller\AdminController.class.php 第 36 行.
INFO: [ view_parse ] --START--
INFO: [ template_filter ] --START--
INFO: Run Behavior\ContentReplaceBehavior [ RunTime:0.000198s ]
INFO: [ template_filter ] --END-- [ RunTime:0.000278s ]
NOTIC: [8] Undefined index: weixinlogin D:\wwwroot\demo.52jscn.com\Application\Runtime\Cache\Admin\e089353d3177b37e965d353d9ef4f07c.php 第 327 行.
NOTIC: [8] Undefined index: zidongzhuce D:\wwwroot\demo.52jscn.com\Application\Runtime\Cache\Admin\e089353d3177b37e965d353d9ef4f07c.php 第 329 行.
INFO: Run Behavior\ParseTemplateBehavior [ RunTime:0.018134s ]
INFO: [ view_parse ] --END-- [ RunTime:0.018167s ]
INFO: [ view_filter ] --START--
INFO: Run Behavior\WriteHtmlCacheBehavior [ RunTime:0.000757s ]
INFO: [ view_filter ] --END-- [ RunTime:0.000786s ]
INFO: [ app_end ] --START--
INFO: Run Behavior\ShowPageTraceBehavior [ RunTime:0.000989s ]
INFO: [ app_end ] --END-- [ RunTime:0.001026s ]

[ 2019-08-25T23:39:24+08:00 ] 127.0.0.1 /52jscn_admin.php?m=Admin&c=Config&a=upload&event=setPic&url=.%2FPublic%2Fupload%2Fimages%2F1905%2F19%2F225139325514002230.png
INFO: [ app_init ] --START--
INFO: Run Behavior\BuildLiteBehavior [ RunTime:0.000010s ]
INFO: [ app_init ] --END-- [ RunTime:0.000445s ]
INFO: [ app_begin ] --START--
INFO: Run Behavior\ReadHtmlCacheBehavior [ RunTime:0.000600s ]
INFO: [ app_begin ] --END-- [ RunTime:0.000637s ]
SQL: SHOW COLUMNS FROM `vv_config` [ RunTime:0.0164s ]
SQL: SELECT * FROM `vv_config`  [ RunTime:0.0003s ]
NOTIC: [8] unserialize(): Error at offset 75 of 79 bytes D:\wwwroot\demo.52jscn.com\Application\Admin\Controller\AdminController.class.php 第 36 行.
NOTIC: [8] unserialize(): Error at offset 45 of 108 bytes D:\wwwroot\demo.52jscn.com\Application\Admin\Controller\AdminController.class.php 第 36 行.
INFO: [ view_parse ] --START--
INFO: [ template_filter ] --START--
INFO: Run Behavior\ContentReplaceBehavior [ RunTime:0.000027s ]
INFO: [ template_filter ] --END-- [ RunTime:0.000059s ]
NOTIC: [8] Undefined index: cur_index D:\wwwroot\demo.52jscn.com\Application\Runtime\Cache\Admin\42684e41b5d7d3bd6b9e714a62a1e7f6.php 第 23 行.
INFO: Run Behavior\ParseTemplateBehavior [ RunTime:0.006811s ]
INFO: [ view_parse ] --END-- [ RunTime:0.006845s ]
INFO: [ view_filter ] --START--
INFO: Run Behavior\WriteHtmlCacheBehavior [ RunTime:0.000404s ]
INFO: [ view_filter ] --END-- [ RunTime:0.000433s ]
INFO: [ app_end ] --START--
INFO: Run Behavior\ShowPageTraceBehavior [ RunTime:0.000624s ]
INFO: [ app_end ] --END-- [ RunTime:0.000655s ]

