[ 2019-05-25T14:33:03+08:00 ] 221.204.157.62 /efucms.php?m=Admin&c=Book&a=index
INFO: [ app_init ] --START--
INFO: Run Behavior\BuildLiteBehavior [ RunTime:0.000011s ]
INFO: [ app_init ] --END-- [ RunTime:0.000313s ]
INFO: [ app_begin ] --START--
INFO: Run Behavior\ReadHtmlCacheBehavior [ RunTime:0.000446s ]
INFO: [ app_begin ] --END-- [ RunTime:0.000485s ]
INFO: [ view_parse ] --START--
INFO: [ template_filter ] --START--
INFO: Run Behavior\ContentReplaceBehavior [ RunTime:0.000037s ]
INFO: [ template_filter ] --END-- [ RunTime:0.000080s ]
INFO: Run Behavior\ParseTemplateBehavior [ RunTime:0.005972s ]
INFO: [ view_parse ] --END-- [ RunTime:0.006047s ]
INFO: [ view_filter ] --START--
INFO: Run Behavior\WriteHtmlCacheBehavior [ RunTime:0.000227s ]
INFO: [ view_filter ] --END-- [ RunTime:0.000285s ]

[ 2019-05-25T14:33:07+08:00 ] 221.204.157.62 /efucms.php?m=Admin&c=Index&a=login
INFO: [ app_init ] --START--
INFO: Run Behavior\BuildLiteBehavior [ RunTime:0.000011s ]
INFO: [ app_init ] --END-- [ RunTime:0.000313s ]
INFO: [ app_begin ] --START--
INFO: Run Behavior\ReadHtmlCacheBehavior [ RunTime:0.000482s ]
INFO: [ app_begin ] --END-- [ RunTime:0.000533s ]
SQL: SHOW COLUMNS FROM `vv_config` [ RunTime:0.0011s ]
SQL: SELECT * FROM `vv_config`  [ RunTime:0.0004s ]
NOTIC: [8] unserialize(): Error at offset 75 of 79 bytes /www/wwwroot/book.22555522.com/Application/Admin/Controller/AdminController.class.php 第 36 行.
NOTIC: [8] unserialize(): Error at offset 45 of 108 bytes /www/wwwroot/book.22555522.com/Application/Admin/Controller/AdminController.class.php 第 36 行.
INFO: [ view_parse ] --START--
INFO: [ template_filter ] --START--
INFO: Run Behavior\ContentReplaceBehavior [ RunTime:0.000042s ]
INFO: [ template_filter ] --END-- [ RunTime:0.000122s ]
INFO: Run Behavior\ParseTemplateBehavior [ RunTime:0.006165s ]
INFO: [ view_parse ] --END-- [ RunTime:0.006214s ]
INFO: [ view_filter ] --START--
INFO: Run Behavior\WriteHtmlCacheBehavior [ RunTime:0.000326s ]
INFO: [ view_filter ] --END-- [ RunTime:0.000371s ]
INFO: [ app_end ] --START--
INFO: Run Behavior\ShowPageTraceBehavior [ RunTime:0.000528s ]
INFO: [ app_end ] --END-- [ RunTime:0.000562s ]

[ 2019-05-25T14:33:12+08:00 ] 221.204.157.62 /efucms.php?m=Admin&c=Index&a=login
INFO: [ app_init ] --START--
INFO: Run Behavior\BuildLiteBehavior [ RunTime:0.000010s ]
INFO: [ app_init ] --END-- [ RunTime:0.000285s ]
INFO: [ app_begin ] --START--
INFO: Run Behavior\ReadHtmlCacheBehavior [ RunTime:0.000403s ]
INFO: [ app_begin ] --END-- [ RunTime:0.000441s ]
SQL: SHOW COLUMNS FROM `vv_config` [ RunTime:0.0012s ]
SQL: SELECT * FROM `vv_config`  [ RunTime:0.0004s ]
NOTIC: [8] unserialize(): Error at offset 75 of 79 bytes /www/wwwroot/book.22555522.com/Application/Admin/Controller/AdminController.class.php 第 36 行.
NOTIC: [8] unserialize(): Error at offset 45 of 108 bytes /www/wwwroot/book.22555522.com/Application/Admin/Controller/AdminController.class.php 第 36 行.
SQL: SHOW COLUMNS FROM `vv_admin` [ RunTime:0.0007s ]
SQL: SELECT * FROM `vv_admin` WHERE ( username='admin' ) LIMIT 1   [ RunTime:0.0003s ]

[ 2019-05-25T14:33:13+08:00 ] 221.204.157.62 /efucms.php?m=Admin&c=Admin&a=welcome
INFO: [ app_init ] --START--
INFO: Run Behavior\BuildLiteBehavior [ RunTime:0.000011s ]
INFO: [ app_init ] --END-- [ RunTime:0.000328s ]
INFO: [ app_begin ] --START--
INFO: Run Behavior\ReadHtmlCacheBehavior [ RunTime:0.000446s ]
INFO: [ app_begin ] --END-- [ RunTime:0.000486s ]
SQL: SHOW COLUMNS FROM `vv_config` [ RunTime:0.0011s ]
SQL: SELECT * FROM `vv_config`  [ RunTime:0.0004s ]
NOTIC: [8] unserialize(): Error at offset 75 of 79 bytes /www/wwwroot/book.22555522.com/Application/Admin/Controller/AdminController.class.php 第 36 行.
NOTIC: [8] unserialize(): Error at offset 45 of 108 bytes /www/wwwroot/book.22555522.com/Application/Admin/Controller/AdminController.class.php 第 36 行.
NOTIC: [8] Undefined variable: info /www/wwwroot/book.22555522.com/Application/Admin/Controller/AdminController.class.php 第 45 行.
INFO: [ view_parse ] --START--
INFO: [ template_filter ] --START--
INFO: Run Behavior\ContentReplaceBehavior [ RunTime:0.000052s ]
INFO: [ template_filter ] --END-- [ RunTime:0.000090s ]
INFO: Run Behavior\ParseTemplateBehavior [ RunTime:0.011162s ]
INFO: [ view_parse ] --END-- [ RunTime:0.011231s ]
INFO: [ view_filter ] --START--
INFO: Run Behavior\WriteHtmlCacheBehavior [ RunTime:0.000215s ]
INFO: [ view_filter ] --END-- [ RunTime:0.000245s ]
INFO: [ app_end ] --START--
INFO: Run Behavior\ShowPageTraceBehavior [ RunTime:0.000487s ]
INFO: [ app_end ] --END-- [ RunTime:0.000525s ]

[ 2019-05-25T14:33:23+08:00 ] 221.204.157.62 /efucms.php?m=Admin&c=User&a=index
INFO: [ app_init ] --START--
INFO: Run Behavior\BuildLiteBehavior [ RunTime:0.000012s ]
INFO: [ app_init ] --END-- [ RunTime:0.000413s ]
INFO: [ app_begin ] --START--
INFO: Run Behavior\ReadHtmlCacheBehavior [ RunTime:0.000510s ]
INFO: [ app_begin ] --END-- [ RunTime:0.000568s ]
NOTIC: [2048] Declaration of Admin\Controller\UserController::set_col() should be compatible with Admin\Controller\AdminController::set_col($table = NULL) /www/wwwroot/book.22555522.com/Application/Admin/Controller/UserController.class.php 第 4 行.
SQL: SHOW COLUMNS FROM `vv_config` [ RunTime:0.0010s ]
SQL: SELECT * FROM `vv_config`  [ RunTime:0.0005s ]
NOTIC: [8] unserialize(): Error at offset 75 of 79 bytes /www/wwwroot/book.22555522.com/Application/Admin/Controller/AdminController.class.php 第 36 行.
NOTIC: [8] unserialize(): Error at offset 45 of 108 bytes /www/wwwroot/book.22555522.com/Application/Admin/Controller/AdminController.class.php 第 36 行.
NOTIC: [8] Undefined index: vip /www/wwwroot/book.22555522.com/Application/Admin/Controller/UserController.class.php 第 16 行.
NOTIC: [8] Undefined index: order /www/wwwroot/book.22555522.com/Application/Admin/Controller/UserController.class.php 第 25 行.
SQL: SHOW COLUMNS FROM `vv_tpl` [ RunTime:0.0006s ]
SQL: SELECT * FROM `vv_tpl` ORDER BY id desc  [ RunTime:0.0002s ]
NOTIC: [8] Undefined variable: where /www/wwwroot/book.22555522.com/Application/Admin/Controller/UserController.class.php 第 32 行.
NOTIC: [8] Undefined variable: order /www/wwwroot/book.22555522.com/Application/Admin/Controller/UserController.class.php 第 32 行.
SQL: SHOW COLUMNS FROM `vv_user` [ RunTime:0.0009s ]
SQL: SELECT COUNT(*) AS tp_count FROM `vv_user` LIMIT 1   [ RunTime:0.0001s ]
SQL: SELECT * FROM `vv_user` ORDER BY id desc LIMIT 0,25   [ RunTime:0.0005s ]
INFO: [ view_parse ] --START--
INFO: [ template_filter ] --START--
INFO: Run Behavior\ContentReplaceBehavior [ RunTime:0.000088s ]
INFO: [ template_filter ] --END-- [ RunTime:0.000142s ]
NOTIC: [8] Undefined index: vip /www/wwwroot/book.22555522.com/Application/Runtime/Cache/Admin/65e605872ed5d34210f5b33beb13f5a3.php 第 257 行.
NOTIC: [8] Undefined index: id /www/wwwroot/book.22555522.com/Application/Runtime/Cache/Admin/65e605872ed5d34210f5b33beb13f5a3.php 第 263 行.
NOTIC: [8] Undefined index: name /www/wwwroot/book.22555522.com/Application/Runtime/Cache/Admin/65e605872ed5d34210f5b33beb13f5a3.php 第 265 行.
NOTIC: [8] Undefined index: order /www/wwwroot/book.22555522.com/Application/Runtime/Cache/Admin/65e605872ed5d34210f5b33beb13f5a3.php 第 280 行.
NOTIC: [8] Undefined index: order /www/wwwroot/book.22555522.com/Application/Runtime/Cache/Admin/65e605872ed5d34210f5b33beb13f5a3.php 第 282 行.
NOTIC: [8] Undefined index: order /www/wwwroot/book.22555522.com/Application/Runtime/Cache/Admin/65e605872ed5d34210f5b33beb13f5a3.php 第 290 行.
NOTIC: [8] Undefined index: order /www/wwwroot/book.22555522.com/Application/Runtime/Cache/Admin/65e605872ed5d34210f5b33beb13f5a3.php 第 292 行.
NOTIC: [8] Undefined index: order /www/wwwroot/book.22555522.com/Application/Runtime/Cache/Admin/65e605872ed5d34210f5b33beb13f5a3.php 第 297 行.
NOTIC: [8] Undefined index: order /www/wwwroot/book.22555522.com/Application/Runtime/Cache/Admin/65e605872ed5d34210f5b33beb13f5a3.php 第 299 行.
NOTIC: [8] Undefined index: order /www/wwwroot/book.22555522.com/Application/Runtime/Cache/Admin/65e605872ed5d34210f5b33beb13f5a3.php 第 303 行.
NOTIC: [8] Undefined index: order /www/wwwroot/book.22555522.com/Application/Runtime/Cache/Admin/65e605872ed5d34210f5b33beb13f5a3.php 第 305 行.
NOTIC: [8] Undefined index: order /www/wwwroot/book.22555522.com/Application/Runtime/Cache/Admin/65e605872ed5d34210f5b33beb13f5a3.php 第 309 行.
NOTIC: [8] Undefined index: order /www/wwwroot/book.22555522.com/Application/Runtime/Cache/Admin/65e605872ed5d34210f5b33beb13f5a3.php 第 311 行.
NOTIC: [8] Undefined index: order /www/wwwroot/book.22555522.com/Application/Runtime/Cache/Admin/65e605872ed5d34210f5b33beb13f5a3.php 第 315 行.
NOTIC: [8] Undefined index: order /www/wwwroot/book.22555522.com/Application/Runtime/Cache/Admin/65e605872ed5d34210f5b33beb13f5a3.php 第 317 行.
INFO: Run Behavior\ParseTemplateBehavior [ RunTime:0.017787s ]
INFO: [ view_parse ] --END-- [ RunTime:0.017826s ]
INFO: [ view_filter ] --START--
INFO: Run Behavior\WriteHtmlCacheBehavior [ RunTime:0.000228s ]
INFO: [ view_filter ] --END-- [ RunTime:0.000260s ]
INFO: [ app_end ] --START--
INFO: Run Behavior\ShowPageTraceBehavior [ RunTime:0.000493s ]
INFO: [ app_end ] --END-- [ RunTime:0.000530s ]

[ 2019-05-25T14:33:38+08:00 ] 221.204.157.62 /efucms.php?m=Admin&c=User&a=setMoney
INFO: [ app_init ] --START--
INFO: Run Behavior\BuildLiteBehavior [ RunTime:0.000012s ]
INFO: [ app_init ] --END-- [ RunTime:0.000327s ]
INFO: [ app_begin ] --START--
INFO: Run Behavior\ReadHtmlCacheBehavior [ RunTime:0.000422s ]
INFO: [ app_begin ] --END-- [ RunTime:0.000460s ]
NOTIC: [2048] Declaration of Admin\Controller\UserController::set_col() should be compatible with Admin\Controller\AdminController::set_col($table = NULL) /www/wwwroot/book.22555522.com/Application/Admin/Controller/UserController.class.php 第 4 行.
SQL: SHOW COLUMNS FROM `vv_config` [ RunTime:0.0011s ]
SQL: SELECT * FROM `vv_config`  [ RunTime:0.0003s ]
NOTIC: [8] unserialize(): Error at offset 75 of 79 bytes /www/wwwroot/book.22555522.com/Application/Admin/Controller/AdminController.class.php 第 36 行.
NOTIC: [8] unserialize(): Error at offset 45 of 108 bytes /www/wwwroot/book.22555522.com/Application/Admin/Controller/AdminController.class.php 第 36 行.
SQL: SHOW COLUMNS FROM `vv_user` [ RunTime:0.0010s ]
SQL: UPDATE `vv_user` SET `money`=money+1000 WHERE `id` = 650 [ RunTime:0.0004s ]

[ 2019-05-25T14:33:43+08:00 ] 221.204.157.62 /efucms.php?m=Admin&c=User&a=index
INFO: [ app_init ] --START--
INFO: Run Behavior\BuildLiteBehavior [ RunTime:0.000013s ]
INFO: [ app_init ] --END-- [ RunTime:0.000384s ]
INFO: [ app_begin ] --START--
INFO: Run Behavior\ReadHtmlCacheBehavior [ RunTime:0.000476s ]
INFO: [ app_begin ] --END-- [ RunTime:0.000519s ]
NOTIC: [2048] Declaration of Admin\Controller\UserController::set_col() should be compatible with Admin\Controller\AdminController::set_col($table = NULL) /www/wwwroot/book.22555522.com/Application/Admin/Controller/UserController.class.php 第 4 行.
SQL: SHOW COLUMNS FROM `vv_config` [ RunTime:0.0011s ]
SQL: SELECT * FROM `vv_config`  [ RunTime:0.0003s ]
NOTIC: [8] unserialize(): Error at offset 75 of 79 bytes /www/wwwroot/book.22555522.com/Application/Admin/Controller/AdminController.class.php 第 36 行.
NOTIC: [8] unserialize(): Error at offset 45 of 108 bytes /www/wwwroot/book.22555522.com/Application/Admin/Controller/AdminController.class.php 第 36 行.
NOTIC: [8] Undefined index: vip /www/wwwroot/book.22555522.com/Application/Admin/Controller/UserController.class.php 第 16 行.
NOTIC: [8] Undefined index: order /www/wwwroot/book.22555522.com/Application/Admin/Controller/UserController.class.php 第 25 行.
SQL: SHOW COLUMNS FROM `vv_tpl` [ RunTime:0.0007s ]
SQL: SELECT * FROM `vv_tpl` ORDER BY id desc  [ RunTime:0.0002s ]
NOTIC: [8] Undefined variable: where /www/wwwroot/book.22555522.com/Application/Admin/Controller/UserController.class.php 第 32 行.
NOTIC: [8] Undefined variable: order /www/wwwroot/book.22555522.com/Application/Admin/Controller/UserController.class.php 第 32 行.
SQL: SHOW COLUMNS FROM `vv_user` [ RunTime:0.0010s ]
SQL: SELECT COUNT(*) AS tp_count FROM `vv_user` LIMIT 1   [ RunTime:0.0002s ]
SQL: SELECT * FROM `vv_user` ORDER BY id desc LIMIT 0,25   [ RunTime:0.0005s ]
INFO: [ view_parse ] --START--
INFO: [ template_filter ] --START--
INFO: Run Behavior\ContentReplaceBehavior [ RunTime:0.000067s ]
INFO: [ template_filter ] --END-- [ RunTime:0.000103s ]
NOTIC: [8] Undefined index: vip /www/wwwroot/book.22555522.com/Application/Runtime/Cache/Admin/65e605872ed5d34210f5b33beb13f5a3.php 第 257 行.
NOTIC: [8] Undefined index: id /www/wwwroot/book.22555522.com/Application/Runtime/Cache/Admin/65e605872ed5d34210f5b33beb13f5a3.php 第 263 行.
NOTIC: [8] Undefined index: name /www/wwwroot/book.22555522.com/Application/Runtime/Cache/Admin/65e605872ed5d34210f5b33beb13f5a3.php 第 265 行.
NOTIC: [8] Undefined index: order /www/wwwroot/book.22555522.com/Application/Runtime/Cache/Admin/65e605872ed5d34210f5b33beb13f5a3.php 第 280 行.
NOTIC: [8] Undefined index: order /www/wwwroot/book.22555522.com/Application/Runtime/Cache/Admin/65e605872ed5d34210f5b33beb13f5a3.php 第 282 行.
NOTIC: [8] Undefined index: order /www/wwwroot/book.22555522.com/Application/Runtime/Cache/Admin/65e605872ed5d34210f5b33beb13f5a3.php 第 290 行.
NOTIC: [8] Undefined index: order /www/wwwroot/book.22555522.com/Application/Runtime/Cache/Admin/65e605872ed5d34210f5b33beb13f5a3.php 第 292 行.
NOTIC: [8] Undefined index: order /www/wwwroot/book.22555522.com/Application/Runtime/Cache/Admin/65e605872ed5d34210f5b33beb13f5a3.php 第 297 行.
NOTIC: [8] Undefined index: order /www/wwwroot/book.22555522.com/Application/Runtime/Cache/Admin/65e605872ed5d34210f5b33beb13f5a3.php 第 299 行.
NOTIC: [8] Undefined index: order /www/wwwroot/book.22555522.com/Application/Runtime/Cache/Admin/65e605872ed5d34210f5b33beb13f5a3.php 第 303 行.
NOTIC: [8] Undefined index: order /www/wwwroot/book.22555522.com/Application/Runtime/Cache/Admin/65e605872ed5d34210f5b33beb13f5a3.php 第 305 行.
NOTIC: [8] Undefined index: order /www/wwwroot/book.22555522.com/Application/Runtime/Cache/Admin/65e605872ed5d34210f5b33beb13f5a3.php 第 309 行.
NOTIC: [8] Undefined index: order /www/wwwroot/book.22555522.com/Application/Runtime/Cache/Admin/65e605872ed5d34210f5b33beb13f5a3.php 第 311 行.
NOTIC: [8] Undefined index: order /www/wwwroot/book.22555522.com/Application/Runtime/Cache/Admin/65e605872ed5d34210f5b33beb13f5a3.php 第 315 行.
NOTIC: [8] Undefined index: order /www/wwwroot/book.22555522.com/Application/Runtime/Cache/Admin/65e605872ed5d34210f5b33beb13f5a3.php 第 317 行.
INFO: Run Behavior\ParseTemplateBehavior [ RunTime:0.017722s ]
INFO: [ view_parse ] --END-- [ RunTime:0.017758s ]
INFO: [ view_filter ] --START--
INFO: Run Behavior\WriteHtmlCacheBehavior [ RunTime:0.000202s ]
INFO: [ view_filter ] --END-- [ RunTime:0.000232s ]
INFO: [ app_end ] --START--
INFO: Run Behavior\ShowPageTraceBehavior [ RunTime:0.000487s ]
INFO: [ app_end ] --END-- [ RunTime:0.000530s ]

[ 2019-05-25T14:34:35+08:00 ] 221.204.157.62 /efucms.php?m=Admin&c=Video&a=index
INFO: [ app_init ] --START--
INFO: Run Behavior\BuildLiteBehavior [ RunTime:0.000012s ]
INFO: [ app_init ] --END-- [ RunTime:0.000337s ]
INFO: [ app_begin ] --START--
INFO: Run Behavior\ReadHtmlCacheBehavior [ RunTime:0.000427s ]
INFO: [ app_begin ] --END-- [ RunTime:0.000481s ]
NOTIC: [2048] Declaration of Admin\Controller\VideoController::upload() should be compatible with Admin\Controller\AdminController::upload() /www/wwwroot/book.22555522.com/Application/Admin/Controller/VideoController.class.php 第 4 行.
SQL: SHOW COLUMNS FROM `vv_config` [ RunTime:0.0013s ]
SQL: SELECT * FROM `vv_config`  [ RunTime:0.0004s ]
NOTIC: [8] unserialize(): Error at offset 75 of 79 bytes /www/wwwroot/book.22555522.com/Application/Admin/Controller/AdminController.class.php 第 36 行.
NOTIC: [8] unserialize(): Error at offset 45 of 108 bytes /www/wwwroot/book.22555522.com/Application/Admin/Controller/AdminController.class.php 第 36 行.
NOTIC: [8] Undefined index: title /www/wwwroot/book.22555522.com/Application/Admin/Controller/VideoController.class.php 第 7 行.
NOTIC: [8] Undefined index: order /www/wwwroot/book.22555522.com/Application/Admin/Controller/VideoController.class.php 第 14 行.
NOTIC: [8] Undefined variable: where /www/wwwroot/book.22555522.com/Application/Admin/Controller/VideoController.class.php 第 18 行.
SQL: SHOW COLUMNS FROM `vv_video` [ RunTime:0.0008s ]
SQL: SELECT COUNT(*) AS tp_count FROM `vv_video` LIMIT 1   [ RunTime:0.0002s ]
SQL: SELECT * FROM `vv_video` ORDER BY sort desc LIMIT 0,25   [ RunTime:0.0002s ]
INFO: [ view_parse ] --START--
INFO: [ template_filter ] --START--
INFO: Run Behavior\ContentReplaceBehavior [ RunTime:0.000055s ]
INFO: [ template_filter ] --END-- [ RunTime:0.000092s ]
NOTIC: [8] Undefined index: title /www/wwwroot/book.22555522.com/Application/Runtime/Cache/Admin/a1139c397cab62ab83c0f7dbd7530fa9.php 第 246 行.
NOTIC: [8] Undefined index: order /www/wwwroot/book.22555522.com/Application/Runtime/Cache/Admin/a1139c397cab62ab83c0f7dbd7530fa9.php 第 267 行.
NOTIC: [8] Undefined index: order /www/wwwroot/book.22555522.com/Application/Runtime/Cache/Admin/a1139c397cab62ab83c0f7dbd7530fa9.php 第 269 行.
NOTIC: [8] Undefined index: order /www/wwwroot/book.22555522.com/Application/Runtime/Cache/Admin/a1139c397cab62ab83c0f7dbd7530fa9.php 第 273 行.
NOTIC: [8] Undefined index: order /www/wwwroot/book.22555522.com/Application/Runtime/Cache/Admin/a1139c397cab62ab83c0f7dbd7530fa9.php 第 275 行.
NOTIC: [8] Undefined index: order /www/wwwroot/book.22555522.com/Application/Runtime/Cache/Admin/a1139c397cab62ab83c0f7dbd7530fa9.php 第 279 行.
NOTIC: [8] Undefined index: order /www/wwwroot/book.22555522.com/Application/Runtime/Cache/Admin/a1139c397cab62ab83c0f7dbd7530fa9.php 第 281 行.
INFO: Run Behavior\ParseTemplateBehavior [ RunTime:0.015940s ]
INFO: [ view_parse ] --END-- [ RunTime:0.015977s ]
INFO: [ view_filter ] --START--
INFO: Run Behavior\WriteHtmlCacheBehavior [ RunTime:0.000224s ]
INFO: [ view_filter ] --END-- [ RunTime:0.000255s ]
INFO: [ app_end ] --START--
INFO: Run Behavior\ShowPageTraceBehavior [ RunTime:0.000482s ]
INFO: [ app_end ] --END-- [ RunTime:0.000520s ]

[ 2019-05-25T14:34:37+08:00 ] 221.204.157.62 /efucms.php?m=Admin&c=Video&a=edit
INFO: [ app_init ] --START--
INFO: Run Behavior\BuildLiteBehavior [ RunTime:0.000010s ]
INFO: [ app_init ] --END-- [ RunTime:0.000335s ]
INFO: [ app_begin ] --START--
INFO: Run Behavior\ReadHtmlCacheBehavior [ RunTime:0.000453s ]
INFO: [ app_begin ] --END-- [ RunTime:0.000505s ]
NOTIC: [2048] Declaration of Admin\Controller\VideoController::upload() should be compatible with Admin\Controller\AdminController::upload() /www/wwwroot/book.22555522.com/Application/Admin/Controller/VideoController.class.php 第 4 行.
SQL: SHOW COLUMNS FROM `vv_config` [ RunTime:0.0010s ]
SQL: SELECT * FROM `vv_config`  [ RunTime:0.0003s ]
NOTIC: [8] unserialize(): Error at offset 75 of 79 bytes /www/wwwroot/book.22555522.com/Application/Admin/Controller/AdminController.class.php 第 36 行.
NOTIC: [8] unserialize(): Error at offset 45 of 108 bytes /www/wwwroot/book.22555522.com/Application/Admin/Controller/AdminController.class.php 第 36 行.
NOTIC: [8] Undefined index: id /www/wwwroot/book.22555522.com/Application/Admin/Controller/VideoController.class.php 第 47 行.
INFO: [ view_parse ] --START--
INFO: [ template_filter ] --START--
INFO: Run Behavior\ContentReplaceBehavior [ RunTime:0.000077s ]
INFO: [ template_filter ] --END-- [ RunTime:0.000114s ]
NOTIC: [8] Undefined variable: info /www/wwwroot/book.22555522.com/Application/Runtime/Cache/Admin/a46c5503ded71216fb8f7f4497e4c88a.php 第 254 行.
NOTIC: [8] Undefined variable: info /www/wwwroot/book.22555522.com/Application/Runtime/Cache/Admin/a46c5503ded71216fb8f7f4497e4c88a.php 第 260 行.
NOTIC: [8] Undefined variable: info /www/wwwroot/book.22555522.com/Application/Runtime/Cache/Admin/a46c5503ded71216fb8f7f4497e4c88a.php 第 266 行.
NOTIC: [8] Undefined variable: bookcate /www/wwwroot/book.22555522.com/Application/Runtime/Cache/Admin/a46c5503ded71216fb8f7f4497e4c88a.php 第 272 行.
NOTIC: [2] in_array() expects parameter 2 to be array, null given /www/wwwroot/book.22555522.com/Application/Runtime/Cache/Admin/a46c5503ded71216fb8f7f4497e4c88a.php 第 272 行.
NOTIC: [8] Undefined variable: bookcate /www/wwwroot/book.22555522.com/Application/Runtime/Cache/Admin/a46c5503ded71216fb8f7f4497e4c88a.php 第 272 行.
NOTIC: [2] in_array() expects parameter 2 to be array, null given /www/wwwroot/book.22555522.com/Application/Runtime/Cache/Admin/a46c5503ded71216fb8f7f4497e4c88a.php 第 272 行.
NOTIC: [8] Undefined variable: bookcate /www/wwwroot/book.22555522.com/Application/Runtime/Cache/Admin/a46c5503ded71216fb8f7f4497e4c88a.php 第 272 行.
NOTIC: [2] in_array() expects parameter 2 to be array, null given /www/wwwroot/book.22555522.com/Application/Runtime/Cache/Admin/a46c5503ded71216fb8f7f4497e4c88a.php 第 272 行.
NOTIC: [8] Undefined variable: bookcate /www/wwwroot/book.22555522.com/Application/Runtime/Cache/Admin/a46c5503ded71216fb8f7f4497e4c88a.php 第 272 行.
NOTIC: [2] in_array() expects parameter 2 to be array, null given /www/wwwroot/book.22555522.com/Application/Runtime/Cache/Admin/a46c5503ded71216fb8f7f4497e4c88a.php 第 272 行.
NOTIC: [8] Undefined variable: arrcateids /www/wwwroot/book.22555522.com/Application/Runtime/Cache/Admin/a46c5503ded71216fb8f7f4497e4c88a.php 第 278 行.
NOTIC: [2] in_array() expects parameter 2 to be array, null given /www/wwwroot/book.22555522.com/Application/Runtime/Cache/Admin/a46c5503ded71216fb8f7f4497e4c88a.php 第 278 行.
NOTIC: [8] Undefined variable: arrcateids /www/wwwroot/book.22555522.com/Application/Runtime/Cache/Admin/a46c5503ded71216fb8f7f4497e4c88a.php 第 279 行.
NOTIC: [2] in_array() expects parameter 2 to be array, null given /www/wwwroot/book.22555522.com/Application/Runtime/Cache/Admin/a46c5503ded71216fb8f7f4497e4c88a.php 第 279 行.
NOTIC: [8] Undefined variable: arrcateids /www/wwwroot/book.22555522.com/Application/Runtime/Cache/Admin/a46c5503ded71216fb8f7f4497e4c88a.php 第 280 行.
NOTIC: [2] in_array() expects parameter 2 to be array, null given /www/wwwroot/book.22555522.com/Application/Runtime/Cache/Admin/a46c5503ded71216fb8f7f4497e4c88a.php 第 280 行.
NOTIC: [8] Undefined variable: arrcateids /www/wwwroot/book.22555522.com/Application/Runtime/Cache/Admin/a46c5503ded71216fb8f7f4497e4c88a.php 第 281 行.
NOTIC: [2] in_array() expects parameter 2 to be array, null given /www/wwwroot/book.22555522.com/Application/Runtime/Cache/Admin/a46c5503ded71216fb8f7f4497e4c88a.php 第 281 行.
NOTIC: [8] Undefined variable: arrcateids /www/wwwroot/book.22555522.com/Application/Runtime/Cache/Admin/a46c5503ded71216fb8f7f4497e4c88a.php 第 282 行.
NOTIC: [2] in_array() expects parameter 2 to be array, null given /www/wwwroot/book.22555522.com/Application/Runtime/Cache/Admin/a46c5503ded71216fb8f7f4497e4c88a.php 第 282 行.
NOTIC: [8] Undefined variable: arrcateids /www/wwwroot/book.22555522.com/Application/Runtime/Cache/Admin/a46c5503ded71216fb8f7f4497e4c88a.php 第 283 行.
NOTIC: [2] in_array() expects parameter 2 to be array, null given /www/wwwroot/book.22555522.com/Application/Runtime/Cache/Admin/a46c5503ded71216fb8f7f4497e4c88a.php 第 283 行.
NOTIC: [8] Undefined variable: arrcateids /www/wwwroot/book.22555522.com/Application/Runtime/Cache/Admin/a46c5503ded71216fb8f7f4497e4c88a.php 第 284 行.
NOTIC: [2] in_array() expects parameter 2 to be array, null given /www/wwwroot/book.22555522.com/Application/Runtime/Cache/Admin/a46c5503ded71216fb8f7f4497e4c88a.php 第 284 行.
NOTIC: [8] Undefined variable: arrcateids /www/wwwroot/book.22555522.com/Application/Runtime/Cache/Admin/a46c5503ded71216fb8f7f4497e4c88a.php 第 285 行.
NOTIC: [2] in_array() expects parameter 2 to be array, null given /www/wwwroot/book.22555522.com/Application/Runtime/Cache/Admin/a46c5503ded71216fb8f7f4497e4c88a.php 第 285 行.
NOTIC: [8] Undefined variable: arrcateids /www/wwwroot/book.22555522.com/Application/Runtime/Cache/Admin/a46c5503ded71216fb8f7f4497e4c88a.php 第 286 行.
NOTIC: [2] in_array() expects parameter 2 to be array, null given /www/wwwroot/book.22555522.com/Application/Runtime/Cache/Admin/a46c5503ded71216fb8f7f4497e4c88a.php 第 286 行.
NOTIC: [8] Undefined variable: arrcateids /www/wwwroot/book.22555522.com/Application/Runtime/Cache/Admin/a46c5503ded71216fb8f7f4497e4c88a.php 第 287 行.
NOTIC: [2] in_array() expects parameter 2 to be array, null given /www/wwwroot/book.22555522.com/Application/Runtime/Cache/Admin/a46c5503ded71216fb8f7f4497e4c88a.php 第 287 行.
NOTIC: [8] Undefined variable: arrcateids /www/wwwroot/book.22555522.com/Application/Runtime/Cache/Admin/a46c5503ded71216fb8f7f4497e4c88a.php 第 288 行.
NOTIC: [2] in_array() expects parameter 2 to be array, null given /www/wwwroot/book.22555522.com/Application/Runtime/Cache/Admin/a46c5503ded71216fb8f7f4497e4c88a.php 第 288 行.
NOTIC: [8] Undefined variable: arrcateids /www/wwwroot/book.22555522.com/Application/Runtime/Cache/Admin/a46c5503ded71216fb8f7f4497e4c88a.php 第 289 行.
NOTIC: [2] in_array() expects parameter 2 to be array, null given /www/wwwroot/book.22555522.com/Application/Runtime/Cache/Admin/a46c5503ded71216fb8f7f4497e4c88a.php 第 289 行.
NOTIC: [8] Undefined variable: arrcateids /www/wwwroot/book.22555522.com/Application/Runtime/Cache/Admin/a46c5503ded71216fb8f7f4497e4c88a.php 第 290 行.
NOTIC: [2] in_array() expects parameter 2 to be array, null given /www/wwwroot/book.22555522.com/Application/Runtime/Cache/Admin/a46c5503ded71216fb8f7f4497e4c88a.php 第 290 行.
NOTIC: [8] Undefined variable: info /www/wwwroot/book.22555522.com/Application/Runtime/Cache/Admin/a46c5503ded71216fb8f7f4497e4c88a.php 第 296 行.
NOTIC: [8] Undefined variable: info /www/wwwroot/book.22555522.com/Application/Runtime/Cache/Admin/a46c5503ded71216fb8f7f4497e4c88a.php 第 297 行.
NOTIC: [8] Undefined variable: info /www/wwwroot/book.22555522.com/Application/Runtime/Cache/Admin/a46c5503ded71216fb8f7f4497e4c88a.php 第 303 行.
NOTIC: [8] Undefined variable: info /www/wwwroot/book.22555522.com/Application/Runtime/Cache/Admin/a46c5503ded71216fb8f7f4497e4c88a.php 第 303 行.
NOTIC: [8] Undefined variable: info /www/wwwroot/book.22555522.com/Application/Runtime/Cache/Admin/a46c5503ded71216fb8f7f4497e4c88a.php 第 309 行.
NOTIC: [8] Undefined variable: info /www/wwwroot/book.22555522.com/Application/Runtime/Cache/Admin/a46c5503ded71216fb8f7f4497e4c88a.php 第 315 行.
NOTIC: [8] Undefined variable: info /www/wwwroot/book.22555522.com/Application/Runtime/Cache/Admin/a46c5503ded71216fb8f7f4497e4c88a.php 第 321 行.
NOTIC: [8] Undefined variable: info /www/wwwroot/book.22555522.com/Application/Runtime/Cache/Admin/a46c5503ded71216fb8f7f4497e4c88a.php 第 327 行.
NOTIC: [8] Undefined variable: info /www/wwwroot/book.22555522.com/Application/Runtime/Cache/Admin/a46c5503ded71216fb8f7f4497e4c88a.php 第 328 行.
NOTIC: [8] Undefined variable: info /www/wwwroot/book.22555522.com/Application/Runtime/Cache/Admin/a46c5503ded71216fb8f7f4497e4c88a.php 第 334 行.
NOTIC: [8] Undefined variable: info /www/wwwroot/book.22555522.com/Application/Runtime/Cache/Admin/a46c5503ded71216fb8f7f4497e4c88a.php 第 335 行.
NOTIC: [8] Undefined variable: info /www/wwwroot/book.22555522.com/Application/Runtime/Cache/Admin/a46c5503ded71216fb8f7f4497e4c88a.php 第 341 行.
NOTIC: [8] Undefined variable: info /www/wwwroot/book.22555522.com/Application/Runtime/Cache/Admin/a46c5503ded71216fb8f7f4497e4c88a.php 第 342 行.
NOTIC: [8] Undefined variable: info /www/wwwroot/book.22555522.com/Application/Runtime/Cache/Admin/a46c5503ded71216fb8f7f4497e4c88a.php 第 351 行.
NOTIC: [8] Undefined variable: info /www/wwwroot/book.22555522.com/Application/Runtime/Cache/Admin/a46c5503ded71216fb8f7f4497e4c88a.php 第 359 行.
NOTIC: [8] Undefined variable: info /www/wwwroot/book.22555522.com/Application/Runtime/Cache/Admin/a46c5503ded71216fb8f7f4497e4c88a.php 第 369 行.
INFO: Run Behavior\ParseTemplateBehavior [ RunTime:0.016831s ]
INFO: [ view_parse ] --END-- [ RunTime:0.016892s ]
INFO: [ view_filter ] --START--
INFO: Run Behavior\WriteHtmlCacheBehavior [ RunTime:0.000210s ]
INFO: [ view_filter ] --END-- [ RunTime:0.000256s ]
INFO: [ app_end ] --START--
INFO: Run Behavior\ShowPageTraceBehavior [ RunTime:0.000437s ]
INFO: [ app_end ] --END-- [ RunTime:0.000486s ]

[ 2019-05-25T14:35:55+08:00 ] 221.204.157.62 /efucms.php?m=Admin&c=Video&a=edit
INFO: [ app_init ] --START--
INFO: Run Behavior\BuildLiteBehavior [ RunTime:0.000012s ]
INFO: [ app_init ] --END-- [ RunTime:0.000307s ]
INFO: [ app_begin ] --START--
INFO: Run Behavior\ReadHtmlCacheBehavior [ RunTime:0.000444s ]
INFO: [ app_begin ] --END-- [ RunTime:0.000484s ]
NOTIC: [2048] Declaration of Admin\Controller\VideoController::upload() should be compatible with Admin\Controller\AdminController::upload() /www/wwwroot/book.22555522.com/Application/Admin/Controller/VideoController.class.php 第 4 行.
SQL: SHOW COLUMNS FROM `vv_config` [ RunTime:0.0011s ]
SQL: SELECT * FROM `vv_config`  [ RunTime:0.0004s ]
NOTIC: [8] unserialize(): Error at offset 75 of 79 bytes /www/wwwroot/book.22555522.com/Application/Admin/Controller/AdminController.class.php 第 36 行.
NOTIC: [8] unserialize(): Error at offset 45 of 108 bytes /www/wwwroot/book.22555522.com/Application/Admin/Controller/AdminController.class.php 第 36 行.
SQL: SHOW COLUMNS FROM `vv_video` [ RunTime:0.0008s ]
SQL: INSERT INTO `vv_video` (`title`,`author`,`sort`,`free_type`,`pay_num`,`reader`,`likes`,`collect`,`is_new`,`is_recomm`,`status`,`cover_pic`,`detail_pic`,`summary`,`cateids`,`bookcate`,`create_time`,`update_time`) VALUES ('要你对我XXX免费','我','1','2','1','411','421','311','1','1','1','http://pic.xcmh.cc/pic/3/zainageyutian/zainageyutianfengmianl.jpg','http://pic.xcmh.cc/pic/3/zainageyutian/zainageyutianfengmianl.jpg','测试的简介','1','5','1558766154','1558766154') [ RunTime:0.0004s ]
INFO: [ view_parse ] --START--
INFO: [ template_filter ] --START--
INFO: Run Behavior\ContentReplaceBehavior [ RunTime:0.000035s ]
INFO: [ template_filter ] --END-- [ RunTime:0.000072s ]
INFO: Run Behavior\ParseTemplateBehavior [ RunTime:0.005592s ]
INFO: [ view_parse ] --END-- [ RunTime:0.005633s ]
INFO: [ view_filter ] --START--
INFO: Run Behavior\WriteHtmlCacheBehavior [ RunTime:0.000238s ]
INFO: [ view_filter ] --END-- [ RunTime:0.000271s ]

[ 2019-05-25T14:35:56+08:00 ] 221.204.157.62 /efucms.php?m=Admin&c=Video&a=index
INFO: [ app_init ] --START--
INFO: Run Behavior\BuildLiteBehavior [ RunTime:0.000015s ]
INFO: [ app_init ] --END-- [ RunTime:0.000499s ]
INFO: [ app_begin ] --START--
INFO: Run Behavior\ReadHtmlCacheBehavior [ RunTime:0.000706s ]
INFO: [ app_begin ] --END-- [ RunTime:0.000785s ]
NOTIC: [2048] Declaration of Admin\Controller\VideoController::upload() should be compatible with Admin\Controller\AdminController::upload() /www/wwwroot/book.22555522.com/Application/Admin/Controller/VideoController.class.php 第 4 行.
SQL: SHOW COLUMNS FROM `vv_config` [ RunTime:0.0011s ]
SQL: SELECT * FROM `vv_config`  [ RunTime:0.0004s ]
NOTIC: [8] unserialize(): Error at offset 75 of 79 bytes /www/wwwroot/book.22555522.com/Application/Admin/Controller/AdminController.class.php 第 36 行.
NOTIC: [8] unserialize(): Error at offset 45 of 108 bytes /www/wwwroot/book.22555522.com/Application/Admin/Controller/AdminController.class.php 第 36 行.
NOTIC: [8] Undefined index: title /www/wwwroot/book.22555522.com/Application/Admin/Controller/VideoController.class.php 第 7 行.
NOTIC: [8] Undefined index: order /www/wwwroot/book.22555522.com/Application/Admin/Controller/VideoController.class.php 第 14 行.
NOTIC: [8] Undefined variable: where /www/wwwroot/book.22555522.com/Application/Admin/Controller/VideoController.class.php 第 18 行.
SQL: SHOW COLUMNS FROM `vv_video` [ RunTime:0.0009s ]
SQL: SELECT COUNT(*) AS tp_count FROM `vv_video` LIMIT 1   [ RunTime:0.0002s ]
SQL: SELECT * FROM `vv_video` ORDER BY sort desc LIMIT 0,25   [ RunTime:0.0003s ]
INFO: [ view_parse ] --START--
INFO: [ template_filter ] --START--
INFO: Run Behavior\ContentReplaceBehavior [ RunTime:0.000060s ]
INFO: [ template_filter ] --END-- [ RunTime:0.000114s ]
NOTIC: [8] Undefined index: title /www/wwwroot/book.22555522.com/Application/Runtime/Cache/Admin/a1139c397cab62ab83c0f7dbd7530fa9.php 第 246 行.
NOTIC: [8] Undefined index: order /www/wwwroot/book.22555522.com/Application/Runtime/Cache/Admin/a1139c397cab62ab83c0f7dbd7530fa9.php 第 267 行.
NOTIC: [8] Undefined index: order /www/wwwroot/book.22555522.com/Application/Runtime/Cache/Admin/a1139c397cab62ab83c0f7dbd7530fa9.php 第 269 行.
NOTIC: [8] Undefined index: order /www/wwwroot/book.22555522.com/Application/Runtime/Cache/Admin/a1139c397cab62ab83c0f7dbd7530fa9.php 第 273 行.
NOTIC: [8] Undefined index: order /www/wwwroot/book.22555522.com/Application/Runtime/Cache/Admin/a1139c397cab62ab83c0f7dbd7530fa9.php 第 275 行.
NOTIC: [8] Undefined index: order /www/wwwroot/book.22555522.com/Application/Runtime/Cache/Admin/a1139c397cab62ab83c0f7dbd7530fa9.php 第 279 行.
NOTIC: [8] Undefined index: order /www/wwwroot/book.22555522.com/Application/Runtime/Cache/Admin/a1139c397cab62ab83c0f7dbd7530fa9.php 第 281 行.
INFO: Run Behavior\ParseTemplateBehavior [ RunTime:0.014835s ]
INFO: [ view_parse ] --END-- [ RunTime:0.014874s ]
INFO: [ view_filter ] --START--
INFO: Run Behavior\WriteHtmlCacheBehavior [ RunTime:0.000229s ]
INFO: [ view_filter ] --END-- [ RunTime:0.000305s ]
INFO: [ app_end ] --START--
INFO: Run Behavior\ShowPageTraceBehavior [ RunTime:0.000469s ]
INFO: [ app_end ] --END-- [ RunTime:0.000509s ]

[ 2019-05-25T14:36:01+08:00 ] 221.204.157.62 /efucms.php?m=Admin&c=Video&a=episodes&yid=3
INFO: [ app_init ] --START--
INFO: Run Behavior\BuildLiteBehavior [ RunTime:0.000012s ]
INFO: [ app_init ] --END-- [ RunTime:0.000337s ]
INFO: [ app_begin ] --START--
INFO: Run Behavior\ReadHtmlCacheBehavior [ RunTime:0.000504s ]
INFO: [ app_begin ] --END-- [ RunTime:0.000563s ]
NOTIC: [2048] Declaration of Admin\Controller\VideoController::upload() should be compatible with Admin\Controller\AdminController::upload() /www/wwwroot/book.22555522.com/Application/Admin/Controller/VideoController.class.php 第 4 行.
SQL: SHOW COLUMNS FROM `vv_config` [ RunTime:0.0011s ]
SQL: SELECT * FROM `vv_config`  [ RunTime:0.0004s ]
NOTIC: [8] unserialize(): Error at offset 75 of 79 bytes /www/wwwroot/book.22555522.com/Application/Admin/Controller/AdminController.class.php 第 36 行.
NOTIC: [8] unserialize(): Error at offset 45 of 108 bytes /www/wwwroot/book.22555522.com/Application/Admin/Controller/AdminController.class.php 第 36 行.
SQL: SHOW COLUMNS FROM `vv_video` [ RunTime:0.0008s ]
SQL: SELECT * FROM `vv_video` WHERE ( id=3 ) LIMIT 1   [ RunTime:0.0004s ]
SQL: SHOW COLUMNS FROM `vv_video_episodes` [ RunTime:0.0007s ]
SQL: SELECT COUNT(*) AS tp_count FROM `vv_video_episodes` WHERE `yid` = 3 LIMIT 1   [ RunTime:0.0002s ]
SQL: SELECT * FROM `vv_video_episodes` WHERE `yid` = 3 ORDER BY id desc LIMIT 0,25   [ RunTime:0.0002s ]
INFO: [ view_parse ] --START--
INFO: [ template_filter ] --START--
INFO: Run Behavior\ContentReplaceBehavior [ RunTime:0.000051s ]
INFO: [ template_filter ] --END-- [ RunTime:0.000090s ]
INFO: Run Behavior\ParseTemplateBehavior [ RunTime:0.011845s ]
INFO: [ view_parse ] --END-- [ RunTime:0.011897s ]
INFO: [ view_filter ] --START--
INFO: Run Behavior\WriteHtmlCacheBehavior [ RunTime:0.000213s ]
INFO: [ view_filter ] --END-- [ RunTime:0.000257s ]
INFO: [ app_end ] --START--
INFO: Run Behavior\ShowPageTraceBehavior [ RunTime:0.000624s ]
INFO: [ app_end ] --END-- [ RunTime:0.000661s ]

[ 2019-05-25T14:36:02+08:00 ] 221.204.157.62 /efucms.php?m=Admin&c=Video&a=episodesedit&yid=3
INFO: [ app_init ] --START--
INFO: Run Behavior\BuildLiteBehavior [ RunTime:0.000011s ]
INFO: [ app_init ] --END-- [ RunTime:0.000350s ]
INFO: [ app_begin ] --START--
INFO: Run Behavior\ReadHtmlCacheBehavior [ RunTime:0.000448s ]
INFO: [ app_begin ] --END-- [ RunTime:0.000486s ]
NOTIC: [2048] Declaration of Admin\Controller\VideoController::upload() should be compatible with Admin\Controller\AdminController::upload() /www/wwwroot/book.22555522.com/Application/Admin/Controller/VideoController.class.php 第 4 行.
SQL: SHOW COLUMNS FROM `vv_config` [ RunTime:0.0007s ]
SQL: SELECT * FROM `vv_config`  [ RunTime:0.0004s ]
NOTIC: [8] unserialize(): Error at offset 75 of 79 bytes /www/wwwroot/book.22555522.com/Application/Admin/Controller/AdminController.class.php 第 36 行.
NOTIC: [8] unserialize(): Error at offset 45 of 108 bytes /www/wwwroot/book.22555522.com/Application/Admin/Controller/AdminController.class.php 第 36 行.
NOTIC: [8] Undefined index: id /www/wwwroot/book.22555522.com/Application/Admin/Controller/VideoController.class.php 第 106 行.
SQL: SHOW COLUMNS FROM `vv_video` [ RunTime:0.0009s ]
SQL: SELECT * FROM `vv_video` WHERE ( id=3 ) LIMIT 1   [ RunTime:0.0003s ]
INFO: [ view_parse ] --START--
INFO: [ template_filter ] --START--
INFO: Run Behavior\ContentReplaceBehavior [ RunTime:0.000082s ]
INFO: [ template_filter ] --END-- [ RunTime:0.000128s ]
NOTIC: [8] Undefined variable: info /www/wwwroot/book.22555522.com/Application/Runtime/Cache/Admin/fc08731e5e8134767cbbdc4694885f78.php 第 254 行.
NOTIC: [8] Undefined variable: info /www/wwwroot/book.22555522.com/Application/Runtime/Cache/Admin/fc08731e5e8134767cbbdc4694885f78.php 第 260 行.
NOTIC: [8] Undefined variable: info /www/wwwroot/book.22555522.com/Application/Runtime/Cache/Admin/fc08731e5e8134767cbbdc4694885f78.php 第 266 行.
NOTIC: [8] Undefined variable: info /www/wwwroot/book.22555522.com/Application/Runtime/Cache/Admin/fc08731e5e8134767cbbdc4694885f78.php 第 272 行.
NOTIC: [8] Undefined variable: info /www/wwwroot/book.22555522.com/Application/Runtime/Cache/Admin/fc08731e5e8134767cbbdc4694885f78.php 第 278 行.
NOTIC: [8] Undefined variable: info /www/wwwroot/book.22555522.com/Application/Runtime/Cache/Admin/fc08731e5e8134767cbbdc4694885f78.php 第 284 行.
NOTIC: [8] Undefined variable: info /www/wwwroot/book.22555522.com/Application/Runtime/Cache/Admin/fc08731e5e8134767cbbdc4694885f78.php 第 290 行.
INFO: Run Behavior\ParseTemplateBehavior [ RunTime:0.012625s ]
INFO: [ view_parse ] --END-- [ RunTime:0.012664s ]
INFO: [ view_filter ] --START--
INFO: Run Behavior\WriteHtmlCacheBehavior [ RunTime:0.000221s ]
INFO: [ view_filter ] --END-- [ RunTime:0.000255s ]
INFO: [ app_end ] --START--
INFO: Run Behavior\ShowPageTraceBehavior [ RunTime:0.000589s ]
INFO: [ app_end ] --END-- [ RunTime:0.000629s ]

[ 2019-05-25T14:36:46+08:00 ] 221.204.157.62 /efucms.php?m=Admin&c=Video&a=episodesedit&yid=3
INFO: [ app_init ] --START--
INFO: Run Behavior\BuildLiteBehavior [ RunTime:0.000013s ]
INFO: [ app_init ] --END-- [ RunTime:0.000401s ]
INFO: [ app_begin ] --START--
INFO: Run Behavior\ReadHtmlCacheBehavior [ RunTime:0.000417s ]
INFO: [ app_begin ] --END-- [ RunTime:0.000457s ]
NOTIC: [2048] Declaration of Admin\Controller\VideoController::upload() should be compatible with Admin\Controller\AdminController::upload() /www/wwwroot/book.22555522.com/Application/Admin/Controller/VideoController.class.php 第 4 行.
SQL: SHOW COLUMNS FROM `vv_config` [ RunTime:0.0013s ]
SQL: SELECT * FROM `vv_config`  [ RunTime:0.0005s ]
NOTIC: [8] unserialize(): Error at offset 75 of 79 bytes /www/wwwroot/book.22555522.com/Application/Admin/Controller/AdminController.class.php 第 36 行.
NOTIC: [8] unserialize(): Error at offset 45 of 108 bytes /www/wwwroot/book.22555522.com/Application/Admin/Controller/AdminController.class.php 第 36 行.
SQL: SHOW COLUMNS FROM `vv_video_episodes` [ RunTime:0.0009s ]
SQL: INSERT INTO `vv_video_episodes` (`title`,`money`,`ji_no`,`before`,`next`,`likes`,`info`,`yid`,`create_time`,`update_time`) VALUES ('我不免费哦','100','1','0','2','234','https://tudou.com-l-tudou.com/share/a25328715ddbaafaf2a70718e94220ac','3','1558766205','1558766205') [ RunTime:0.0004s ]
SQL: SELECT COUNT(*) AS tp_count FROM `vv_video_episodes` WHERE ( yid=3 ) LIMIT 1   [ RunTime:0.0002s ]
SQL: SHOW COLUMNS FROM `vv_video` [ RunTime:0.0010s ]
SQL: UPDATE `vv_video` SET `episodes`='1' WHERE ( id=3 ) [ RunTime:0.0003s ]
INFO: [ view_parse ] --START--
INFO: [ template_filter ] --START--
INFO: Run Behavior\ContentReplaceBehavior [ RunTime:0.000090s ]
INFO: [ template_filter ] --END-- [ RunTime:0.000159s ]
INFO: Run Behavior\ParseTemplateBehavior [ RunTime:0.006843s ]
INFO: [ view_parse ] --END-- [ RunTime:0.006895s ]
INFO: [ view_filter ] --START--
INFO: Run Behavior\WriteHtmlCacheBehavior [ RunTime:0.000274s ]
INFO: [ view_filter ] --END-- [ RunTime:0.000331s ]

[ 2019-05-25T14:36:47+08:00 ] 221.204.157.62 /efucms.php?m=Admin&c=Video&a=episodes&yid=3
INFO: [ app_init ] --START--
INFO: Run Behavior\BuildLiteBehavior [ RunTime:0.000012s ]
INFO: [ app_init ] --END-- [ RunTime:0.000330s ]
INFO: [ app_begin ] --START--
INFO: Run Behavior\ReadHtmlCacheBehavior [ RunTime:0.000441s ]
INFO: [ app_begin ] --END-- [ RunTime:0.000482s ]
NOTIC: [2048] Declaration of Admin\Controller\VideoController::upload() should be compatible with Admin\Controller\AdminController::upload() /www/wwwroot/book.22555522.com/Application/Admin/Controller/VideoController.class.php 第 4 行.
SQL: SHOW COLUMNS FROM `vv_config` [ RunTime:0.0011s ]
SQL: SELECT * FROM `vv_config`  [ RunTime:0.0004s ]
NOTIC: [8] unserialize(): Error at offset 75 of 79 bytes /www/wwwroot/book.22555522.com/Application/Admin/Controller/AdminController.class.php 第 36 行.
NOTIC: [8] unserialize(): Error at offset 45 of 108 bytes /www/wwwroot/book.22555522.com/Application/Admin/Controller/AdminController.class.php 第 36 行.
SQL: SHOW COLUMNS FROM `vv_video` [ RunTime:0.0008s ]
SQL: SELECT * FROM `vv_video` WHERE ( id=3 ) LIMIT 1   [ RunTime:0.0003s ]
SQL: SHOW COLUMNS FROM `vv_video_episodes` [ RunTime:0.0007s ]
SQL: SELECT COUNT(*) AS tp_count FROM `vv_video_episodes` WHERE `yid` = 3 LIMIT 1   [ RunTime:0.0002s ]
SQL: SELECT * FROM `vv_video_episodes` WHERE `yid` = 3 ORDER BY id desc LIMIT 0,25   [ RunTime:0.0003s ]
INFO: [ view_parse ] --START--
INFO: [ template_filter ] --START--
INFO: Run Behavior\ContentReplaceBehavior [ RunTime:0.000062s ]
INFO: [ template_filter ] --END-- [ RunTime:0.000099s ]
INFO: Run Behavior\ParseTemplateBehavior [ RunTime:0.012064s ]
INFO: [ view_parse ] --END-- [ RunTime:0.012105s ]
INFO: [ view_filter ] --START--
INFO: Run Behavior\WriteHtmlCacheBehavior [ RunTime:0.000255s ]
INFO: [ view_filter ] --END-- [ RunTime:0.000288s ]
INFO: [ app_end ] --START--
INFO: Run Behavior\ShowPageTraceBehavior [ RunTime:0.000477s ]
INFO: [ app_end ] --END-- [ RunTime:0.000515s ]

[ 2019-05-25T18:10:52+08:00 ] 221.204.157.62 /efucms.php?m=Admin&c=Book&a=index
INFO: [ app_init ] --START--
INFO: Run Behavior\BuildLiteBehavior [ RunTime:0.000012s ]
INFO: [ app_init ] --END-- [ RunTime:0.000344s ]
INFO: [ app_begin ] --START--
INFO: Run Behavior\ReadHtmlCacheBehavior [ RunTime:0.000537s ]
INFO: [ app_begin ] --END-- [ RunTime:0.000587s ]
INFO: [ view_parse ] --START--
INFO: [ template_filter ] --START--
INFO: Run Behavior\ContentReplaceBehavior [ RunTime:0.000058s ]
INFO: [ template_filter ] --END-- [ RunTime:0.000108s ]
INFO: Run Behavior\ParseTemplateBehavior [ RunTime:0.006478s ]
INFO: [ view_parse ] --END-- [ RunTime:0.006541s ]
INFO: [ view_filter ] --START--
INFO: Run Behavior\WriteHtmlCacheBehavior [ RunTime:0.000217s ]
INFO: [ view_filter ] --END-- [ RunTime:0.000395s ]

[ 2019-05-25T18:10:55+08:00 ] 221.204.157.62 /efucms.php?m=Admin&c=Index&a=login
INFO: [ app_init ] --START--
INFO: Run Behavior\BuildLiteBehavior [ RunTime:0.000011s ]
INFO: [ app_init ] --END-- [ RunTime:0.000315s ]
INFO: [ app_begin ] --START--
INFO: Run Behavior\ReadHtmlCacheBehavior [ RunTime:0.000446s ]
INFO: [ app_begin ] --END-- [ RunTime:0.000498s ]
SQL: SHOW COLUMNS FROM `vv_config` [ RunTime:0.0012s ]
SQL: SELECT * FROM `vv_config`  [ RunTime:0.0004s ]
NOTIC: [8] unserialize(): Error at offset 75 of 79 bytes /www/wwwroot/book.22555522.com/Application/Admin/Controller/AdminController.class.php 第 36 行.
NOTIC: [8] unserialize(): Error at offset 45 of 108 bytes /www/wwwroot/book.22555522.com/Application/Admin/Controller/AdminController.class.php 第 36 行.
INFO: [ view_parse ] --START--
INFO: [ template_filter ] --START--
INFO: Run Behavior\ContentReplaceBehavior [ RunTime:0.000056s ]
INFO: [ template_filter ] --END-- [ RunTime:0.000107s ]
INFO: Run Behavior\ParseTemplateBehavior [ RunTime:0.006351s ]
INFO: [ view_parse ] --END-- [ RunTime:0.006393s ]
INFO: [ view_filter ] --START--
INFO: Run Behavior\WriteHtmlCacheBehavior [ RunTime:0.000221s ]
INFO: [ view_filter ] --END-- [ RunTime:0.000259s ]
INFO: [ app_end ] --START--
INFO: Run Behavior\ShowPageTraceBehavior [ RunTime:0.000528s ]
INFO: [ app_end ] --END-- [ RunTime:0.000564s ]

[ 2019-05-25T18:11:02+08:00 ] 221.204.157.62 /efucms.php?m=Admin&c=Index&a=login
INFO: [ app_init ] --START--
INFO: Run Behavior\BuildLiteBehavior [ RunTime:0.000010s ]
INFO: [ app_init ] --END-- [ RunTime:0.000351s ]
INFO: [ app_begin ] --START--
INFO: Run Behavior\ReadHtmlCacheBehavior [ RunTime:0.000443s ]
INFO: [ app_begin ] --END-- [ RunTime:0.000496s ]
SQL: SHOW COLUMNS FROM `vv_config` [ RunTime:0.0011s ]
SQL: SELECT * FROM `vv_config`  [ RunTime:0.0003s ]
NOTIC: [8] unserialize(): Error at offset 75 of 79 bytes /www/wwwroot/book.22555522.com/Application/Admin/Controller/AdminController.class.php 第 36 行.
NOTIC: [8] unserialize(): Error at offset 45 of 108 bytes /www/wwwroot/book.22555522.com/Application/Admin/Controller/AdminController.class.php 第 36 行.
SQL: SHOW COLUMNS FROM `vv_admin` [ RunTime:0.0008s ]
SQL: SELECT * FROM `vv_admin` WHERE ( username='admin' ) LIMIT 1   [ RunTime:0.0003s ]

[ 2019-05-25T18:11:02+08:00 ] 221.204.157.62 /efucms.php?m=Admin&c=Admin&a=welcome
INFO: [ app_init ] --START--
INFO: Run Behavior\BuildLiteBehavior [ RunTime:0.000010s ]
INFO: [ app_init ] --END-- [ RunTime:0.000330s ]
INFO: [ app_begin ] --START--
INFO: Run Behavior\ReadHtmlCacheBehavior [ RunTime:0.000467s ]
INFO: [ app_begin ] --END-- [ RunTime:0.000517s ]
SQL: SHOW COLUMNS FROM `vv_config` [ RunTime:0.0011s ]
SQL: SELECT * FROM `vv_config`  [ RunTime:0.0004s ]
NOTIC: [8] unserialize(): Error at offset 75 of 79 bytes /www/wwwroot/book.22555522.com/Application/Admin/Controller/AdminController.class.php 第 36 行.
NOTIC: [8] unserialize(): Error at offset 45 of 108 bytes /www/wwwroot/book.22555522.com/Application/Admin/Controller/AdminController.class.php 第 36 行.
NOTIC: [8] Undefined variable: info /www/wwwroot/book.22555522.com/Application/Admin/Controller/AdminController.class.php 第 45 行.
INFO: [ view_parse ] --START--
INFO: [ template_filter ] --START--
INFO: Run Behavior\ContentReplaceBehavior [ RunTime:0.000052s ]
INFO: [ template_filter ] --END-- [ RunTime:0.000090s ]
INFO: Run Behavior\ParseTemplateBehavior [ RunTime:0.011505s ]
INFO: [ view_parse ] --END-- [ RunTime:0.011557s ]
INFO: [ view_filter ] --START--
INFO: Run Behavior\WriteHtmlCacheBehavior [ RunTime:0.000234s ]
INFO: [ view_filter ] --END-- [ RunTime:0.000264s ]
INFO: [ app_end ] --START--
INFO: Run Behavior\ShowPageTraceBehavior [ RunTime:0.000462s ]
INFO: [ app_end ] --END-- [ RunTime:0.000495s ]

[ 2019-05-25T18:15:06+08:00 ] 221.204.157.62 /efucms.php?m=Admin&c=User&a=index
INFO: [ app_init ] --START--
INFO: Run Behavior\BuildLiteBehavior [ RunTime:0.000010s ]
INFO: [ app_init ] --END-- [ RunTime:0.000300s ]
INFO: [ app_begin ] --START--
INFO: Run Behavior\ReadHtmlCacheBehavior [ RunTime:0.000436s ]
INFO: [ app_begin ] --END-- [ RunTime:0.000472s ]
NOTIC: [2048] Declaration of Admin\Controller\UserController::set_col() should be compatible with Admin\Controller\AdminController::set_col($table = NULL) /www/wwwroot/book.22555522.com/Application/Admin/Controller/UserController.class.php 第 4 行.
SQL: SHOW COLUMNS FROM `vv_config` [ RunTime:0.0011s ]
SQL: SELECT * FROM `vv_config`  [ RunTime:0.0004s ]
NOTIC: [8] unserialize(): Error at offset 75 of 79 bytes /www/wwwroot/book.22555522.com/Application/Admin/Controller/AdminController.class.php 第 36 行.
NOTIC: [8] unserialize(): Error at offset 45 of 108 bytes /www/wwwroot/book.22555522.com/Application/Admin/Controller/AdminController.class.php 第 36 行.
NOTIC: [8] Undefined index: vip /www/wwwroot/book.22555522.com/Application/Admin/Controller/UserController.class.php 第 16 行.
NOTIC: [8] Undefined index: order /www/wwwroot/book.22555522.com/Application/Admin/Controller/UserController.class.php 第 25 行.
SQL: SHOW COLUMNS FROM `vv_tpl` [ RunTime:0.0007s ]
SQL: SELECT * FROM `vv_tpl` ORDER BY id desc  [ RunTime:0.0002s ]
NOTIC: [8] Undefined variable: where /www/wwwroot/book.22555522.com/Application/Admin/Controller/UserController.class.php 第 32 行.
NOTIC: [8] Undefined variable: order /www/wwwroot/book.22555522.com/Application/Admin/Controller/UserController.class.php 第 32 行.
SQL: SHOW COLUMNS FROM `vv_user` [ RunTime:0.0010s ]
SQL: SELECT COUNT(*) AS tp_count FROM `vv_user` LIMIT 1   [ RunTime:0.0002s ]
SQL: SELECT * FROM `vv_user` ORDER BY id desc LIMIT 0,25   [ RunTime:0.0005s ]
INFO: [ view_parse ] --START--
INFO: [ template_filter ] --START--
INFO: Run Behavior\ContentReplaceBehavior [ RunTime:0.000097s ]
INFO: [ template_filter ] --END-- [ RunTime:0.000137s ]
NOTIC: [8] Undefined index: vip /www/wwwroot/book.22555522.com/Application/Runtime/Cache/Admin/65e605872ed5d34210f5b33beb13f5a3.php 第 257 行.
NOTIC: [8] Undefined index: id /www/wwwroot/book.22555522.com/Application/Runtime/Cache/Admin/65e605872ed5d34210f5b33beb13f5a3.php 第 263 行.
NOTIC: [8] Undefined index: name /www/wwwroot/book.22555522.com/Application/Runtime/Cache/Admin/65e605872ed5d34210f5b33beb13f5a3.php 第 265 行.
NOTIC: [8] Undefined index: order /www/wwwroot/book.22555522.com/Application/Runtime/Cache/Admin/65e605872ed5d34210f5b33beb13f5a3.php 第 280 行.
NOTIC: [8] Undefined index: order /www/wwwroot/book.22555522.com/Application/Runtime/Cache/Admin/65e605872ed5d34210f5b33beb13f5a3.php 第 282 行.
NOTIC: [8] Undefined index: order /www/wwwroot/book.22555522.com/Application/Runtime/Cache/Admin/65e605872ed5d34210f5b33beb13f5a3.php 第 290 行.
NOTIC: [8] Undefined index: order /www/wwwroot/book.22555522.com/Application/Runtime/Cache/Admin/65e605872ed5d34210f5b33beb13f5a3.php 第 292 行.
NOTIC: [8] Undefined index: order /www/wwwroot/book.22555522.com/Application/Runtime/Cache/Admin/65e605872ed5d34210f5b33beb13f5a3.php 第 297 行.
NOTIC: [8] Undefined index: order /www/wwwroot/book.22555522.com/Application/Runtime/Cache/Admin/65e605872ed5d34210f5b33beb13f5a3.php 第 299 行.
NOTIC: [8] Undefined index: order /www/wwwroot/book.22555522.com/Application/Runtime/Cache/Admin/65e605872ed5d34210f5b33beb13f5a3.php 第 303 行.
NOTIC: [8] Undefined index: order /www/wwwroot/book.22555522.com/Application/Runtime/Cache/Admin/65e605872ed5d34210f5b33beb13f5a3.php 第 305 行.
NOTIC: [8] Undefined index: order /www/wwwroot/book.22555522.com/Application/Runtime/Cache/Admin/65e605872ed5d34210f5b33beb13f5a3.php 第 309 行.
NOTIC: [8] Undefined index: order /www/wwwroot/book.22555522.com/Application/Runtime/Cache/Admin/65e605872ed5d34210f5b33beb13f5a3.php 第 311 行.
NOTIC: [8] Undefined index: order /www/wwwroot/book.22555522.com/Application/Runtime/Cache/Admin/65e605872ed5d34210f5b33beb13f5a3.php 第 315 行.
NOTIC: [8] Undefined index: order /www/wwwroot/book.22555522.com/Application/Runtime/Cache/Admin/65e605872ed5d34210f5b33beb13f5a3.php 第 317 行.
INFO: Run Behavior\ParseTemplateBehavior [ RunTime:0.018159s ]
INFO: [ view_parse ] --END-- [ RunTime:0.018198s ]
INFO: [ view_filter ] --START--
INFO: Run Behavior\WriteHtmlCacheBehavior [ RunTime:0.000223s ]
INFO: [ view_filter ] --END-- [ RunTime:0.000256s ]
INFO: [ app_end ] --START--
INFO: Run Behavior\ShowPageTraceBehavior [ RunTime:0.000470s ]
INFO: [ app_end ] --END-- [ RunTime:0.000509s ]

[ 2019-05-25T18:15:09+08:00 ] 221.204.157.62 /efucms.php?m=Admin&c=User&a=setVip&id=651
INFO: [ app_init ] --START--
INFO: Run Behavior\BuildLiteBehavior [ RunTime:0.000013s ]
INFO: [ app_init ] --END-- [ RunTime:0.000344s ]
INFO: [ app_begin ] --START--
INFO: Run Behavior\ReadHtmlCacheBehavior [ RunTime:0.000471s ]
INFO: [ app_begin ] --END-- [ RunTime:0.000510s ]
NOTIC: [2048] Declaration of Admin\Controller\UserController::set_col() should be compatible with Admin\Controller\AdminController::set_col($table = NULL) /www/wwwroot/book.22555522.com/Application/Admin/Controller/UserController.class.php 第 4 行.
SQL: SHOW COLUMNS FROM `vv_config` [ RunTime:0.0011s ]
SQL: SELECT * FROM `vv_config`  [ RunTime:0.0004s ]
NOTIC: [8] unserialize(): Error at offset 75 of 79 bytes /www/wwwroot/book.22555522.com/Application/Admin/Controller/AdminController.class.php 第 36 行.
NOTIC: [8] unserialize(): Error at offset 45 of 108 bytes /www/wwwroot/book.22555522.com/Application/Admin/Controller/AdminController.class.php 第 36 行.
SQL: SHOW COLUMNS FROM `vv_user` [ RunTime:0.0010s ]
SQL: SELECT * FROM `vv_user` WHERE `id` = 651 LIMIT 1   [ RunTime:0.0003s ]
SQL: UPDATE `vv_user` SET `vip`='1',`vip_s_time`='1558779309',`vip_e_time`='1590401709' WHERE `id` = 651 [ RunTime:0.0003s ]
INFO: [ view_parse ] --START--
INFO: [ template_filter ] --START--
INFO: Run Behavior\ContentReplaceBehavior [ RunTime:0.000034s ]
INFO: [ template_filter ] --END-- [ RunTime:0.000072s ]
INFO: Run Behavior\ParseTemplateBehavior [ RunTime:0.005527s ]
INFO: [ view_parse ] --END-- [ RunTime:0.005566s ]
INFO: [ view_filter ] --START--
INFO: Run Behavior\WriteHtmlCacheBehavior [ RunTime:0.000262s ]
INFO: [ view_filter ] --END-- [ RunTime:0.000295s ]
INFO: [ app_end ] --START--
INFO: Run Behavior\ShowPageTraceBehavior [ RunTime:0.000491s ]
INFO: [ app_end ] --END-- [ RunTime:0.000524s ]

[ 2019-05-25T18:15:10+08:00 ] 221.204.157.62 /efucms.php?m=Admin&c=User&a=index
INFO: [ app_init ] --START--
INFO: Run Behavior\BuildLiteBehavior [ RunTime:0.000012s ]
INFO: [ app_init ] --END-- [ RunTime:0.000347s ]
INFO: [ app_begin ] --START--
INFO: Run Behavior\ReadHtmlCacheBehavior [ RunTime:0.000405s ]
INFO: [ app_begin ] --END-- [ RunTime:0.000442s ]
NOTIC: [2048] Declaration of Admin\Controller\UserController::set_col() should be compatible with Admin\Controller\AdminController::set_col($table = NULL) /www/wwwroot/book.22555522.com/Application/Admin/Controller/UserController.class.php 第 4 行.
SQL: SHOW COLUMNS FROM `vv_config` [ RunTime:0.0011s ]
SQL: SELECT * FROM `vv_config`  [ RunTime:0.0003s ]
NOTIC: [8] unserialize(): Error at offset 75 of 79 bytes /www/wwwroot/book.22555522.com/Application/Admin/Controller/AdminController.class.php 第 36 行.
NOTIC: [8] unserialize(): Error at offset 45 of 108 bytes /www/wwwroot/book.22555522.com/Application/Admin/Controller/AdminController.class.php 第 36 行.
NOTIC: [8] Undefined index: vip /www/wwwroot/book.22555522.com/Application/Admin/Controller/UserController.class.php 第 16 行.
NOTIC: [8] Undefined index: order /www/wwwroot/book.22555522.com/Application/Admin/Controller/UserController.class.php 第 25 行.
SQL: SHOW COLUMNS FROM `vv_tpl` [ RunTime:0.0007s ]
SQL: SELECT * FROM `vv_tpl` ORDER BY id desc  [ RunTime:0.0002s ]
NOTIC: [8] Undefined variable: where /www/wwwroot/book.22555522.com/Application/Admin/Controller/UserController.class.php 第 32 行.
NOTIC: [8] Undefined variable: order /www/wwwroot/book.22555522.com/Application/Admin/Controller/UserController.class.php 第 32 行.
SQL: SHOW COLUMNS FROM `vv_user` [ RunTime:0.0010s ]
SQL: SELECT COUNT(*) AS tp_count FROM `vv_user` LIMIT 1   [ RunTime:0.0002s ]
SQL: SELECT * FROM `vv_user` ORDER BY id desc LIMIT 0,25   [ RunTime:0.0006s ]
INFO: [ view_parse ] --START--
INFO: [ template_filter ] --START--
INFO: Run Behavior\ContentReplaceBehavior [ RunTime:0.000076s ]
INFO: [ template_filter ] --END-- [ RunTime:0.000119s ]
NOTIC: [8] Undefined index: vip /www/wwwroot/book.22555522.com/Application/Runtime/Cache/Admin/65e605872ed5d34210f5b33beb13f5a3.php 第 257 行.
NOTIC: [8] Undefined index: id /www/wwwroot/book.22555522.com/Application/Runtime/Cache/Admin/65e605872ed5d34210f5b33beb13f5a3.php 第 263 行.
NOTIC: [8] Undefined index: name /www/wwwroot/book.22555522.com/Application/Runtime/Cache/Admin/65e605872ed5d34210f5b33beb13f5a3.php 第 265 行.
NOTIC: [8] Undefined index: order /www/wwwroot/book.22555522.com/Application/Runtime/Cache/Admin/65e605872ed5d34210f5b33beb13f5a3.php 第 280 行.
NOTIC: [8] Undefined index: order /www/wwwroot/book.22555522.com/Application/Runtime/Cache/Admin/65e605872ed5d34210f5b33beb13f5a3.php 第 282 行.
NOTIC: [8] Undefined index: order /www/wwwroot/book.22555522.com/Application/Runtime/Cache/Admin/65e605872ed5d34210f5b33beb13f5a3.php 第 290 行.
NOTIC: [8] Undefined index: order /www/wwwroot/book.22555522.com/Application/Runtime/Cache/Admin/65e605872ed5d34210f5b33beb13f5a3.php 第 292 行.
NOTIC: [8] Undefined index: order /www/wwwroot/book.22555522.com/Application/Runtime/Cache/Admin/65e605872ed5d34210f5b33beb13f5a3.php 第 297 行.
NOTIC: [8] Undefined index: order /www/wwwroot/book.22555522.com/Application/Runtime/Cache/Admin/65e605872ed5d34210f5b33beb13f5a3.php 第 299 行.
NOTIC: [8] Undefined index: order /www/wwwroot/book.22555522.com/Application/Runtime/Cache/Admin/65e605872ed5d34210f5b33beb13f5a3.php 第 303 行.
NOTIC: [8] Undefined index: order /www/wwwroot/book.22555522.com/Application/Runtime/Cache/Admin/65e605872ed5d34210f5b33beb13f5a3.php 第 305 行.
NOTIC: [8] Undefined index: order /www/wwwroot/book.22555522.com/Application/Runtime/Cache/Admin/65e605872ed5d34210f5b33beb13f5a3.php 第 309 行.
NOTIC: [8] Undefined index: order /www/wwwroot/book.22555522.com/Application/Runtime/Cache/Admin/65e605872ed5d34210f5b33beb13f5a3.php 第 311 行.
NOTIC: [8] Undefined index: order /www/wwwroot/book.22555522.com/Application/Runtime/Cache/Admin/65e605872ed5d34210f5b33beb13f5a3.php 第 315 行.
NOTIC: [8] Undefined index: order /www/wwwroot/book.22555522.com/Application/Runtime/Cache/Admin/65e605872ed5d34210f5b33beb13f5a3.php 第 317 行.
INFO: Run Behavior\ParseTemplateBehavior [ RunTime:0.019022s ]
INFO: [ view_parse ] --END-- [ RunTime:0.019087s ]
INFO: [ view_filter ] --START--
INFO: Run Behavior\WriteHtmlCacheBehavior [ RunTime:0.000254s ]
INFO: [ view_filter ] --END-- [ RunTime:0.000288s ]
INFO: [ app_end ] --START--
INFO: Run Behavior\ShowPageTraceBehavior [ RunTime:0.000457s ]
INFO: [ app_end ] --END-- [ RunTime:0.000508s ]

[ 2019-05-25T18:34:34+08:00 ] 221.204.157.62 /efucms.php?m=Admin&c=User&a=setVip&id=651
INFO: [ app_init ] --START--
INFO: Run Behavior\BuildLiteBehavior [ RunTime:0.000016s ]
INFO: [ app_init ] --END-- [ RunTime:0.000356s ]
INFO: [ app_begin ] --START--
INFO: Run Behavior\ReadHtmlCacheBehavior [ RunTime:0.000463s ]
INFO: [ app_begin ] --END-- [ RunTime:0.000498s ]
NOTIC: [2048] Declaration of Admin\Controller\UserController::set_col() should be compatible with Admin\Controller\AdminController::set_col($table = NULL) /www/wwwroot/book.22555522.com/Application/Admin/Controller/UserController.class.php 第 4 行.
SQL: SHOW COLUMNS FROM `vv_config` [ RunTime:0.0011s ]
SQL: SELECT * FROM `vv_config`  [ RunTime:0.0004s ]
NOTIC: [8] unserialize(): Error at offset 75 of 79 bytes /www/wwwroot/book.22555522.com/Application/Admin/Controller/AdminController.class.php 第 36 行.
NOTIC: [8] unserialize(): Error at offset 45 of 108 bytes /www/wwwroot/book.22555522.com/Application/Admin/Controller/AdminController.class.php 第 36 行.
SQL: SHOW COLUMNS FROM `vv_user` [ RunTime:0.0009s ]
SQL: SELECT * FROM `vv_user` WHERE `id` = 651 LIMIT 1   [ RunTime:0.0003s ]
SQL: UPDATE `vv_user` SET `vip`='0',`vip_s_time`='0',`vip_e_time`='0' WHERE `id` = 651 [ RunTime:0.0003s ]
INFO: [ view_parse ] --START--
INFO: [ template_filter ] --START--
INFO: Run Behavior\ContentReplaceBehavior [ RunTime:0.000034s ]
INFO: [ template_filter ] --END-- [ RunTime:0.000074s ]
INFO: Run Behavior\ParseTemplateBehavior [ RunTime:0.005134s ]
INFO: [ view_parse ] --END-- [ RunTime:0.005183s ]
INFO: [ view_filter ] --START--
INFO: Run Behavior\WriteHtmlCacheBehavior [ RunTime:0.000302s ]
INFO: [ view_filter ] --END-- [ RunTime:0.000333s ]
INFO: [ app_end ] --START--
INFO: Run Behavior\ShowPageTraceBehavior [ RunTime:0.000476s ]
INFO: [ app_end ] --END-- [ RunTime:0.000507s ]

[ 2019-05-25T18:34:35+08:00 ] 221.204.157.62 /efucms.php?m=Admin&c=User&a=index
INFO: [ app_init ] --START--
INFO: Run Behavior\BuildLiteBehavior [ RunTime:0.000015s ]
INFO: [ app_init ] --END-- [ RunTime:0.000434s ]
INFO: [ app_begin ] --START--
INFO: Run Behavior\ReadHtmlCacheBehavior [ RunTime:0.000586s ]
INFO: [ app_begin ] --END-- [ RunTime:0.000646s ]
NOTIC: [2048] Declaration of Admin\Controller\UserController::set_col() should be compatible with Admin\Controller\AdminController::set_col($table = NULL) /www/wwwroot/book.22555522.com/Application/Admin/Controller/UserController.class.php 第 4 行.
SQL: SHOW COLUMNS FROM `vv_config` [ RunTime:0.0012s ]
SQL: SELECT * FROM `vv_config`  [ RunTime:0.0004s ]
NOTIC: [8] unserialize(): Error at offset 75 of 79 bytes /www/wwwroot/book.22555522.com/Application/Admin/Controller/AdminController.class.php 第 36 行.
NOTIC: [8] unserialize(): Error at offset 45 of 108 bytes /www/wwwroot/book.22555522.com/Application/Admin/Controller/AdminController.class.php 第 36 行.
NOTIC: [8] Undefined index: vip /www/wwwroot/book.22555522.com/Application/Admin/Controller/UserController.class.php 第 16 行.
NOTIC: [8] Undefined index: order /www/wwwroot/book.22555522.com/Application/Admin/Controller/UserController.class.php 第 25 行.
SQL: SHOW COLUMNS FROM `vv_tpl` [ RunTime:0.0007s ]
SQL: SELECT * FROM `vv_tpl` ORDER BY id desc  [ RunTime:0.0002s ]
NOTIC: [8] Undefined variable: where /www/wwwroot/book.22555522.com/Application/Admin/Controller/UserController.class.php 第 32 行.
NOTIC: [8] Undefined variable: order /www/wwwroot/book.22555522.com/Application/Admin/Controller/UserController.class.php 第 32 行.
SQL: SHOW COLUMNS FROM `vv_user` [ RunTime:0.0010s ]
SQL: SELECT COUNT(*) AS tp_count FROM `vv_user` LIMIT 1   [ RunTime:0.0002s ]
SQL: SELECT * FROM `vv_user` ORDER BY id desc LIMIT 0,25   [ RunTime:0.0006s ]
INFO: [ view_parse ] --START--
INFO: [ template_filter ] --START--
INFO: Run Behavior\ContentReplaceBehavior [ RunTime:0.000066s ]
INFO: [ template_filter ] --END-- [ RunTime:0.000101s ]
NOTIC: [8] Undefined index: vip /www/wwwroot/book.22555522.com/Application/Runtime/Cache/Admin/65e605872ed5d34210f5b33beb13f5a3.php 第 257 行.
NOTIC: [8] Undefined index: id /www/wwwroot/book.22555522.com/Application/Runtime/Cache/Admin/65e605872ed5d34210f5b33beb13f5a3.php 第 263 行.
NOTIC: [8] Undefined index: name /www/wwwroot/book.22555522.com/Application/Runtime/Cache/Admin/65e605872ed5d34210f5b33beb13f5a3.php 第 265 行.
NOTIC: [8] Undefined index: order /www/wwwroot/book.22555522.com/Application/Runtime/Cache/Admin/65e605872ed5d34210f5b33beb13f5a3.php 第 280 行.
NOTIC: [8] Undefined index: order /www/wwwroot/book.22555522.com/Application/Runtime/Cache/Admin/65e605872ed5d34210f5b33beb13f5a3.php 第 282 行.
NOTIC: [8] Undefined index: order /www/wwwroot/book.22555522.com/Application/Runtime/Cache/Admin/65e605872ed5d34210f5b33beb13f5a3.php 第 290 行.
NOTIC: [8] Undefined index: order /www/wwwroot/book.22555522.com/Application/Runtime/Cache/Admin/65e605872ed5d34210f5b33beb13f5a3.php 第 292 行.
NOTIC: [8] Undefined index: order /www/wwwroot/book.22555522.com/Application/Runtime/Cache/Admin/65e605872ed5d34210f5b33beb13f5a3.php 第 297 行.
NOTIC: [8] Undefined index: order /www/wwwroot/book.22555522.com/Application/Runtime/Cache/Admin/65e605872ed5d34210f5b33beb13f5a3.php 第 299 行.
NOTIC: [8] Undefined index: order /www/wwwroot/book.22555522.com/Application/Runtime/Cache/Admin/65e605872ed5d34210f5b33beb13f5a3.php 第 303 行.
NOTIC: [8] Undefined index: order /www/wwwroot/book.22555522.com/Application/Runtime/Cache/Admin/65e605872ed5d34210f5b33beb13f5a3.php 第 305 行.
NOTIC: [8] Undefined index: order /www/wwwroot/book.22555522.com/Application/Runtime/Cache/Admin/65e605872ed5d34210f5b33beb13f5a3.php 第 309 行.
NOTIC: [8] Undefined index: order /www/wwwroot/book.22555522.com/Application/Runtime/Cache/Admin/65e605872ed5d34210f5b33beb13f5a3.php 第 311 行.
NOTIC: [8] Undefined index: order /www/wwwroot/book.22555522.com/Application/Runtime/Cache/Admin/65e605872ed5d34210f5b33beb13f5a3.php 第 315 行.
NOTIC: [8] Undefined index: order /www/wwwroot/book.22555522.com/Application/Runtime/Cache/Admin/65e605872ed5d34210f5b33beb13f5a3.php 第 317 行.
INFO: Run Behavior\ParseTemplateBehavior [ RunTime:0.018167s ]
INFO: [ view_parse ] --END-- [ RunTime:0.018206s ]
INFO: [ view_filter ] --START--
INFO: Run Behavior\WriteHtmlCacheBehavior [ RunTime:0.000247s ]
INFO: [ view_filter ] --END-- [ RunTime:0.000278s ]
INFO: [ app_end ] --START--
INFO: Run Behavior\ShowPageTraceBehavior [ RunTime:0.000415s ]
INFO: [ app_end ] --END-- [ RunTime:0.000448s ]

[ 2019-05-25T18:36:35+08:00 ] 221.204.157.62 /efucms.php?m=Admin&c=User&a=setVip&id=651
INFO: [ app_init ] --START--
INFO: Run Behavior\BuildLiteBehavior [ RunTime:0.000016s ]
INFO: [ app_init ] --END-- [ RunTime:0.000329s ]
INFO: [ app_begin ] --START--
INFO: Run Behavior\ReadHtmlCacheBehavior [ RunTime:0.000430s ]
INFO: [ app_begin ] --END-- [ RunTime:0.000493s ]
NOTIC: [2048] Declaration of Admin\Controller\UserController::set_col() should be compatible with Admin\Controller\AdminController::set_col($table = NULL) /www/wwwroot/book.22555522.com/Application/Admin/Controller/UserController.class.php 第 4 行.
SQL: SHOW COLUMNS FROM `vv_config` [ RunTime:0.0011s ]
SQL: SELECT * FROM `vv_config`  [ RunTime:0.0004s ]
NOTIC: [8] unserialize(): Error at offset 75 of 79 bytes /www/wwwroot/book.22555522.com/Application/Admin/Controller/AdminController.class.php 第 36 行.
NOTIC: [8] unserialize(): Error at offset 45 of 108 bytes /www/wwwroot/book.22555522.com/Application/Admin/Controller/AdminController.class.php 第 36 行.
SQL: SHOW COLUMNS FROM `vv_user` [ RunTime:0.0009s ]
SQL: SELECT * FROM `vv_user` WHERE `id` = 651 LIMIT 1   [ RunTime:0.0003s ]
SQL: UPDATE `vv_user` SET `vip`='1',`vip_s_time`='1558780595',`vip_e_time`='1590402995' WHERE `id` = 651 [ RunTime:0.0003s ]
INFO: [ view_parse ] --START--
INFO: [ template_filter ] --START--
INFO: Run Behavior\ContentReplaceBehavior [ RunTime:0.000035s ]
INFO: [ template_filter ] --END-- [ RunTime:0.000102s ]
INFO: Run Behavior\ParseTemplateBehavior [ RunTime:0.006955s ]
INFO: [ view_parse ] --END-- [ RunTime:0.007027s ]
INFO: [ view_filter ] --START--
INFO: Run Behavior\WriteHtmlCacheBehavior [ RunTime:0.000248s ]
INFO: [ view_filter ] --END-- [ RunTime:0.000281s ]
INFO: [ app_end ] --START--
INFO: Run Behavior\ShowPageTraceBehavior [ RunTime:0.000546s ]
INFO: [ app_end ] --END-- [ RunTime:0.000624s ]

[ 2019-05-25T18:36:37+08:00 ] 221.204.157.62 /efucms.php?m=Admin&c=User&a=index
INFO: [ app_init ] --START--
INFO: Run Behavior\BuildLiteBehavior [ RunTime:0.000014s ]
INFO: [ app_init ] --END-- [ RunTime:0.000419s ]
INFO: [ app_begin ] --START--
INFO: Run Behavior\ReadHtmlCacheBehavior [ RunTime:0.000430s ]
INFO: [ app_begin ] --END-- [ RunTime:0.000469s ]
NOTIC: [2048] Declaration of Admin\Controller\UserController::set_col() should be compatible with Admin\Controller\AdminController::set_col($table = NULL) /www/wwwroot/book.22555522.com/Application/Admin/Controller/UserController.class.php 第 4 行.
SQL: SHOW COLUMNS FROM `vv_config` [ RunTime:0.0012s ]
SQL: SELECT * FROM `vv_config`  [ RunTime:0.0004s ]
NOTIC: [8] unserialize(): Error at offset 75 of 79 bytes /www/wwwroot/book.22555522.com/Application/Admin/Controller/AdminController.class.php 第 36 行.
NOTIC: [8] unserialize(): Error at offset 45 of 108 bytes /www/wwwroot/book.22555522.com/Application/Admin/Controller/AdminController.class.php 第 36 行.
NOTIC: [8] Undefined index: vip /www/wwwroot/book.22555522.com/Application/Admin/Controller/UserController.class.php 第 16 行.
NOTIC: [8] Undefined index: order /www/wwwroot/book.22555522.com/Application/Admin/Controller/UserController.class.php 第 25 行.
SQL: SHOW COLUMNS FROM `vv_tpl` [ RunTime:0.0006s ]
SQL: SELECT * FROM `vv_tpl` ORDER BY id desc  [ RunTime:0.0002s ]
NOTIC: [8] Undefined variable: where /www/wwwroot/book.22555522.com/Application/Admin/Controller/UserController.class.php 第 32 行.
NOTIC: [8] Undefined variable: order /www/wwwroot/book.22555522.com/Application/Admin/Controller/UserController.class.php 第 32 行.
SQL: SHOW COLUMNS FROM `vv_user` [ RunTime:0.0010s ]
SQL: SELECT COUNT(*) AS tp_count FROM `vv_user` LIMIT 1   [ RunTime:0.0002s ]
SQL: SELECT * FROM `vv_user` ORDER BY id desc LIMIT 0,25   [ RunTime:0.0006s ]
INFO: [ view_parse ] --START--
INFO: [ template_filter ] --START--
INFO: Run Behavior\ContentReplaceBehavior [ RunTime:0.000073s ]
INFO: [ template_filter ] --END-- [ RunTime:0.000114s ]
NOTIC: [8] Undefined index: vip /www/wwwroot/book.22555522.com/Application/Runtime/Cache/Admin/65e605872ed5d34210f5b33beb13f5a3.php 第 257 行.
NOTIC: [8] Undefined index: id /www/wwwroot/book.22555522.com/Application/Runtime/Cache/Admin/65e605872ed5d34210f5b33beb13f5a3.php 第 263 行.
NOTIC: [8] Undefined index: name /www/wwwroot/book.22555522.com/Application/Runtime/Cache/Admin/65e605872ed5d34210f5b33beb13f5a3.php 第 265 行.
NOTIC: [8] Undefined index: order /www/wwwroot/book.22555522.com/Application/Runtime/Cache/Admin/65e605872ed5d34210f5b33beb13f5a3.php 第 280 行.
NOTIC: [8] Undefined index: order /www/wwwroot/book.22555522.com/Application/Runtime/Cache/Admin/65e605872ed5d34210f5b33beb13f5a3.php 第 282 行.
NOTIC: [8] Undefined index: order /www/wwwroot/book.22555522.com/Application/Runtime/Cache/Admin/65e605872ed5d34210f5b33beb13f5a3.php 第 290 行.
NOTIC: [8] Undefined index: order /www/wwwroot/book.22555522.com/Application/Runtime/Cache/Admin/65e605872ed5d34210f5b33beb13f5a3.php 第 292 行.
NOTIC: [8] Undefined index: order /www/wwwroot/book.22555522.com/Application/Runtime/Cache/Admin/65e605872ed5d34210f5b33beb13f5a3.php 第 297 行.
NOTIC: [8] Undefined index: order /www/wwwroot/book.22555522.com/Application/Runtime/Cache/Admin/65e605872ed5d34210f5b33beb13f5a3.php 第 299 行.
NOTIC: [8] Undefined index: order /www/wwwroot/book.22555522.com/Application/Runtime/Cache/Admin/65e605872ed5d34210f5b33beb13f5a3.php 第 303 行.
NOTIC: [8] Undefined index: order /www/wwwroot/book.22555522.com/Application/Runtime/Cache/Admin/65e605872ed5d34210f5b33beb13f5a3.php 第 305 行.
NOTIC: [8] Undefined index: order /www/wwwroot/book.22555522.com/Application/Runtime/Cache/Admin/65e605872ed5d34210f5b33beb13f5a3.php 第 309 行.
NOTIC: [8] Undefined index: order /www/wwwroot/book.22555522.com/Application/Runtime/Cache/Admin/65e605872ed5d34210f5b33beb13f5a3.php 第 311 行.
NOTIC: [8] Undefined index: order /www/wwwroot/book.22555522.com/Application/Runtime/Cache/Admin/65e605872ed5d34210f5b33beb13f5a3.php 第 315 行.
NOTIC: [8] Undefined index: order /www/wwwroot/book.22555522.com/Application/Runtime/Cache/Admin/65e605872ed5d34210f5b33beb13f5a3.php 第 317 行.
INFO: Run Behavior\ParseTemplateBehavior [ RunTime:0.018583s ]
INFO: [ view_parse ] --END-- [ RunTime:0.018623s ]
INFO: [ view_filter ] --START--
INFO: Run Behavior\WriteHtmlCacheBehavior [ RunTime:0.000236s ]
INFO: [ view_filter ] --END-- [ RunTime:0.000266s ]
INFO: [ app_end ] --START--
INFO: Run Behavior\ShowPageTraceBehavior [ RunTime:0.000477s ]
INFO: [ app_end ] --END-- [ RunTime:0.000515s ]

[ 2019-05-25T18:37:42+08:00 ] 221.204.157.62 /efucms.php?m=Admin&c=User&a=setVip&id=651
INFO: [ app_init ] --START--
INFO: Run Behavior\BuildLiteBehavior [ RunTime:0.000040s ]
INFO: [ app_init ] --END-- [ RunTime:0.000346s ]
INFO: [ app_begin ] --START--
INFO: Run Behavior\ReadHtmlCacheBehavior [ RunTime:0.000460s ]
INFO: [ app_begin ] --END-- [ RunTime:0.000497s ]
NOTIC: [2048] Declaration of Admin\Controller\UserController::set_col() should be compatible with Admin\Controller\AdminController::set_col($table = NULL) /www/wwwroot/book.22555522.com/Application/Admin/Controller/UserController.class.php 第 4 行.
SQL: SHOW COLUMNS FROM `vv_config` [ RunTime:0.0011s ]
SQL: SELECT * FROM `vv_config`  [ RunTime:0.0004s ]
NOTIC: [8] unserialize(): Error at offset 75 of 79 bytes /www/wwwroot/book.22555522.com/Application/Admin/Controller/AdminController.class.php 第 36 行.
NOTIC: [8] unserialize(): Error at offset 45 of 108 bytes /www/wwwroot/book.22555522.com/Application/Admin/Controller/AdminController.class.php 第 36 行.
SQL: SHOW COLUMNS FROM `vv_user` [ RunTime:0.0010s ]
SQL: SELECT * FROM `vv_user` WHERE `id` = 651 LIMIT 1   [ RunTime:0.0003s ]
SQL: UPDATE `vv_user` SET `vip`='0',`vip_s_time`='0',`vip_e_time`='0' WHERE `id` = 651 [ RunTime:0.0003s ]
INFO: [ view_parse ] --START--
INFO: [ template_filter ] --START--
INFO: Run Behavior\ContentReplaceBehavior [ RunTime:0.000033s ]
INFO: [ template_filter ] --END-- [ RunTime:0.000072s ]
INFO: Run Behavior\ParseTemplateBehavior [ RunTime:0.005712s ]
INFO: [ view_parse ] --END-- [ RunTime:0.005752s ]
INFO: [ view_filter ] --START--
INFO: Run Behavior\WriteHtmlCacheBehavior [ RunTime:0.000260s ]
INFO: [ view_filter ] --END-- [ RunTime:0.000292s ]
INFO: [ app_end ] --START--
INFO: Run Behavior\ShowPageTraceBehavior [ RunTime:0.000515s ]
INFO: [ app_end ] --END-- [ RunTime:0.000550s ]

[ 2019-05-25T18:37:44+08:00 ] 221.204.157.62 /efucms.php?m=Admin&c=User&a=index
INFO: [ app_init ] --START--
INFO: Run Behavior\BuildLiteBehavior [ RunTime:0.000017s ]
INFO: [ app_init ] --END-- [ RunTime:0.000338s ]
INFO: [ app_begin ] --START--
INFO: Run Behavior\ReadHtmlCacheBehavior [ RunTime:0.000435s ]
INFO: [ app_begin ] --END-- [ RunTime:0.000489s ]
NOTIC: [2048] Declaration of Admin\Controller\UserController::set_col() should be compatible with Admin\Controller\AdminController::set_col($table = NULL) /www/wwwroot/book.22555522.com/Application/Admin/Controller/UserController.class.php 第 4 行.
SQL: SHOW COLUMNS FROM `vv_config` [ RunTime:0.0012s ]
SQL: SELECT * FROM `vv_config`  [ RunTime:0.0004s ]
NOTIC: [8] unserialize(): Error at offset 75 of 79 bytes /www/wwwroot/book.22555522.com/Application/Admin/Controller/AdminController.class.php 第 36 行.
NOTIC: [8] unserialize(): Error at offset 45 of 108 bytes /www/wwwroot/book.22555522.com/Application/Admin/Controller/AdminController.class.php 第 36 行.
NOTIC: [8] Undefined index: vip /www/wwwroot/book.22555522.com/Application/Admin/Controller/UserController.class.php 第 16 行.
NOTIC: [8] Undefined index: order /www/wwwroot/book.22555522.com/Application/Admin/Controller/UserController.class.php 第 25 行.
SQL: SHOW COLUMNS FROM `vv_tpl` [ RunTime:0.0007s ]
SQL: SELECT * FROM `vv_tpl` ORDER BY id desc  [ RunTime:0.0002s ]
NOTIC: [8] Undefined variable: where /www/wwwroot/book.22555522.com/Application/Admin/Controller/UserController.class.php 第 32 行.
NOTIC: [8] Undefined variable: order /www/wwwroot/book.22555522.com/Application/Admin/Controller/UserController.class.php 第 32 行.
SQL: SHOW COLUMNS FROM `vv_user` [ RunTime:0.0010s ]
SQL: SELECT COUNT(*) AS tp_count FROM `vv_user` LIMIT 1   [ RunTime:0.0001s ]
SQL: SELECT * FROM `vv_user` ORDER BY id desc LIMIT 0,25   [ RunTime:0.0006s ]
INFO: [ view_parse ] --START--
INFO: [ template_filter ] --START--
INFO: Run Behavior\ContentReplaceBehavior [ RunTime:0.000088s ]
INFO: [ template_filter ] --END-- [ RunTime:0.000141s ]
NOTIC: [8] Undefined index: vip /www/wwwroot/book.22555522.com/Application/Runtime/Cache/Admin/65e605872ed5d34210f5b33beb13f5a3.php 第 257 行.
NOTIC: [8] Undefined index: id /www/wwwroot/book.22555522.com/Application/Runtime/Cache/Admin/65e605872ed5d34210f5b33beb13f5a3.php 第 263 行.
NOTIC: [8] Undefined index: name /www/wwwroot/book.22555522.com/Application/Runtime/Cache/Admin/65e605872ed5d34210f5b33beb13f5a3.php 第 265 行.
NOTIC: [8] Undefined index: order /www/wwwroot/book.22555522.com/Application/Runtime/Cache/Admin/65e605872ed5d34210f5b33beb13f5a3.php 第 280 行.
NOTIC: [8] Undefined index: order /www/wwwroot/book.22555522.com/Application/Runtime/Cache/Admin/65e605872ed5d34210f5b33beb13f5a3.php 第 282 行.
NOTIC: [8] Undefined index: order /www/wwwroot/book.22555522.com/Application/Runtime/Cache/Admin/65e605872ed5d34210f5b33beb13f5a3.php 第 290 行.
NOTIC: [8] Undefined index: order /www/wwwroot/book.22555522.com/Application/Runtime/Cache/Admin/65e605872ed5d34210f5b33beb13f5a3.php 第 292 行.
NOTIC: [8] Undefined index: order /www/wwwroot/book.22555522.com/Application/Runtime/Cache/Admin/65e605872ed5d34210f5b33beb13f5a3.php 第 297 行.
NOTIC: [8] Undefined index: order /www/wwwroot/book.22555522.com/Application/Runtime/Cache/Admin/65e605872ed5d34210f5b33beb13f5a3.php 第 299 行.
NOTIC: [8] Undefined index: order /www/wwwroot/book.22555522.com/Application/Runtime/Cache/Admin/65e605872ed5d34210f5b33beb13f5a3.php 第 303 行.
NOTIC: [8] Undefined index: order /www/wwwroot/book.22555522.com/Application/Runtime/Cache/Admin/65e605872ed5d34210f5b33beb13f5a3.php 第 305 行.
NOTIC: [8] Undefined index: order /www/wwwroot/book.22555522.com/Application/Runtime/Cache/Admin/65e605872ed5d34210f5b33beb13f5a3.php 第 309 行.
NOTIC: [8] Undefined index: order /www/wwwroot/book.22555522.com/Application/Runtime/Cache/Admin/65e605872ed5d34210f5b33beb13f5a3.php 第 311 行.
NOTIC: [8] Undefined index: order /www/wwwroot/book.22555522.com/Application/Runtime/Cache/Admin/65e605872ed5d34210f5b33beb13f5a3.php 第 315 行.
NOTIC: [8] Undefined index: order /www/wwwroot/book.22555522.com/Application/Runtime/Cache/Admin/65e605872ed5d34210f5b33beb13f5a3.php 第 317 行.
INFO: Run Behavior\ParseTemplateBehavior [ RunTime:0.020338s ]
INFO: [ view_parse ] --END-- [ RunTime:0.020392s ]
INFO: [ view_filter ] --START--
INFO: Run Behavior\WriteHtmlCacheBehavior [ RunTime:0.000260s ]
INFO: [ view_filter ] --END-- [ RunTime:0.000307s ]
INFO: [ app_end ] --START--
INFO: Run Behavior\ShowPageTraceBehavior [ RunTime:0.000516s ]
INFO: [ app_end ] --END-- [ RunTime:0.000556s ]

[ 2019-05-25T18:37:59+08:00 ] 221.204.157.62 /efucms.php?m=Admin&c=User&a=setVip&id=651
INFO: [ app_init ] --START--
INFO: Run Behavior\BuildLiteBehavior [ RunTime:0.000011s ]
INFO: [ app_init ] --END-- [ RunTime:0.000342s ]
INFO: [ app_begin ] --START--
INFO: Run Behavior\ReadHtmlCacheBehavior [ RunTime:0.000473s ]
INFO: [ app_begin ] --END-- [ RunTime:0.000511s ]
NOTIC: [2048] Declaration of Admin\Controller\UserController::set_col() should be compatible with Admin\Controller\AdminController::set_col($table = NULL) /www/wwwroot/book.22555522.com/Application/Admin/Controller/UserController.class.php 第 4 行.
SQL: SHOW COLUMNS FROM `vv_config` [ RunTime:0.0014s ]
SQL: SELECT * FROM `vv_config`  [ RunTime:0.0005s ]
NOTIC: [8] unserialize(): Error at offset 75 of 79 bytes /www/wwwroot/book.22555522.com/Application/Admin/Controller/AdminController.class.php 第 36 行.
NOTIC: [8] unserialize(): Error at offset 45 of 108 bytes /www/wwwroot/book.22555522.com/Application/Admin/Controller/AdminController.class.php 第 36 行.
SQL: SHOW COLUMNS FROM `vv_user` [ RunTime:0.0014s ]
SQL: SELECT * FROM `vv_user` WHERE `id` = 651 LIMIT 1   [ RunTime:0.0003s ]
SQL: UPDATE `vv_user` SET `vip`='1',`vip_s_time`='1558780679',`vip_e_time`='1590403079' WHERE `id` = 651 [ RunTime:0.0003s ]
INFO: [ view_parse ] --START--
INFO: [ template_filter ] --START--
INFO: Run Behavior\ContentReplaceBehavior [ RunTime:0.000034s ]
INFO: [ template_filter ] --END-- [ RunTime:0.000073s ]
INFO: Run Behavior\ParseTemplateBehavior [ RunTime:0.005415s ]
INFO: [ view_parse ] --END-- [ RunTime:0.005453s ]
INFO: [ view_filter ] --START--
INFO: Run Behavior\WriteHtmlCacheBehavior [ RunTime:0.000223s ]
INFO: [ view_filter ] --END-- [ RunTime:0.000284s ]
INFO: [ app_end ] --START--
INFO: Run Behavior\ShowPageTraceBehavior [ RunTime:0.000445s ]
INFO: [ app_end ] --END-- [ RunTime:0.000503s ]

[ 2019-05-25T18:38:01+08:00 ] 221.204.157.62 /efucms.php?m=Admin&c=User&a=index
INFO: [ app_init ] --START--
INFO: Run Behavior\BuildLiteBehavior [ RunTime:0.000012s ]
INFO: [ app_init ] --END-- [ RunTime:0.000379s ]
INFO: [ app_begin ] --START--
INFO: Run Behavior\ReadHtmlCacheBehavior [ RunTime:0.000432s ]
INFO: [ app_begin ] --END-- [ RunTime:0.000468s ]
NOTIC: [2048] Declaration of Admin\Controller\UserController::set_col() should be compatible with Admin\Controller\AdminController::set_col($table = NULL) /www/wwwroot/book.22555522.com/Application/Admin/Controller/UserController.class.php 第 4 行.
SQL: SHOW COLUMNS FROM `vv_config` [ RunTime:0.0011s ]
SQL: SELECT * FROM `vv_config`  [ RunTime:0.0003s ]
NOTIC: [8] unserialize(): Error at offset 75 of 79 bytes /www/wwwroot/book.22555522.com/Application/Admin/Controller/AdminController.class.php 第 36 行.
NOTIC: [8] unserialize(): Error at offset 45 of 108 bytes /www/wwwroot/book.22555522.com/Application/Admin/Controller/AdminController.class.php 第 36 行.
NOTIC: [8] Undefined index: vip /www/wwwroot/book.22555522.com/Application/Admin/Controller/UserController.class.php 第 16 行.
NOTIC: [8] Undefined index: order /www/wwwroot/book.22555522.com/Application/Admin/Controller/UserController.class.php 第 25 行.
SQL: SHOW COLUMNS FROM `vv_tpl` [ RunTime:0.0006s ]
SQL: SELECT * FROM `vv_tpl` ORDER BY id desc  [ RunTime:0.0002s ]
NOTIC: [8] Undefined variable: where /www/wwwroot/book.22555522.com/Application/Admin/Controller/UserController.class.php 第 32 行.
NOTIC: [8] Undefined variable: order /www/wwwroot/book.22555522.com/Application/Admin/Controller/UserController.class.php 第 32 行.
SQL: SHOW COLUMNS FROM `vv_user` [ RunTime:0.0009s ]
SQL: SELECT COUNT(*) AS tp_count FROM `vv_user` LIMIT 1   [ RunTime:0.0002s ]
SQL: SELECT * FROM `vv_user` ORDER BY id desc LIMIT 0,25   [ RunTime:0.0005s ]
INFO: [ view_parse ] --START--
INFO: [ template_filter ] --START--
INFO: Run Behavior\ContentReplaceBehavior [ RunTime:0.000082s ]
INFO: [ template_filter ] --END-- [ RunTime:0.000121s ]
NOTIC: [8] Undefined index: vip /www/wwwroot/book.22555522.com/Application/Runtime/Cache/Admin/65e605872ed5d34210f5b33beb13f5a3.php 第 257 行.
NOTIC: [8] Undefined index: id /www/wwwroot/book.22555522.com/Application/Runtime/Cache/Admin/65e605872ed5d34210f5b33beb13f5a3.php 第 263 行.
NOTIC: [8] Undefined index: name /www/wwwroot/book.22555522.com/Application/Runtime/Cache/Admin/65e605872ed5d34210f5b33beb13f5a3.php 第 265 行.
NOTIC: [8] Undefined index: order /www/wwwroot/book.22555522.com/Application/Runtime/Cache/Admin/65e605872ed5d34210f5b33beb13f5a3.php 第 280 行.
NOTIC: [8] Undefined index: order /www/wwwroot/book.22555522.com/Application/Runtime/Cache/Admin/65e605872ed5d34210f5b33beb13f5a3.php 第 282 行.
NOTIC: [8] Undefined index: order /www/wwwroot/book.22555522.com/Application/Runtime/Cache/Admin/65e605872ed5d34210f5b33beb13f5a3.php 第 290 行.
NOTIC: [8] Undefined index: order /www/wwwroot/book.22555522.com/Application/Runtime/Cache/Admin/65e605872ed5d34210f5b33beb13f5a3.php 第 292 行.
NOTIC: [8] Undefined index: order /www/wwwroot/book.22555522.com/Application/Runtime/Cache/Admin/65e605872ed5d34210f5b33beb13f5a3.php 第 297 行.
NOTIC: [8] Undefined index: order /www/wwwroot/book.22555522.com/Application/Runtime/Cache/Admin/65e605872ed5d34210f5b33beb13f5a3.php 第 299 行.
NOTIC: [8] Undefined index: order /www/wwwroot/book.22555522.com/Application/Runtime/Cache/Admin/65e605872ed5d34210f5b33beb13f5a3.php 第 303 行.
NOTIC: [8] Undefined index: order /www/wwwroot/book.22555522.com/Application/Runtime/Cache/Admin/65e605872ed5d34210f5b33beb13f5a3.php 第 305 行.
NOTIC: [8] Undefined index: order /www/wwwroot/book.22555522.com/Application/Runtime/Cache/Admin/65e605872ed5d34210f5b33beb13f5a3.php 第 309 行.
NOTIC: [8] Undefined index: order /www/wwwroot/book.22555522.com/Application/Runtime/Cache/Admin/65e605872ed5d34210f5b33beb13f5a3.php 第 311 行.
NOTIC: [8] Undefined index: order /www/wwwroot/book.22555522.com/Application/Runtime/Cache/Admin/65e605872ed5d34210f5b33beb13f5a3.php 第 315 行.
NOTIC: [8] Undefined index: order /www/wwwroot/book.22555522.com/Application/Runtime/Cache/Admin/65e605872ed5d34210f5b33beb13f5a3.php 第 317 行.
INFO: Run Behavior\ParseTemplateBehavior [ RunTime:0.018361s ]
INFO: [ view_parse ] --END-- [ RunTime:0.018401s ]
INFO: [ view_filter ] --START--
INFO: Run Behavior\WriteHtmlCacheBehavior [ RunTime:0.000238s ]
INFO: [ view_filter ] --END-- [ RunTime:0.000284s ]
INFO: [ app_end ] --START--
INFO: Run Behavior\ShowPageTraceBehavior [ RunTime:0.000607s ]
INFO: [ app_end ] --END-- [ RunTime:0.000646s ]

