[ 2019-06-01T19:17:02+08:00 ] 221.204.157.62 /efucms.php
INFO: [ app_init ] --START--
INFO: Run Behavior\BuildLiteBehavior [ RunTime:0.000012s ]
INFO: [ app_init ] --END-- [ RunTime:0.000378s ]
INFO: [ app_begin ] --START--
INFO: Run Behavior\ReadHtmlCacheBehavior [ RunTime:0.000525s ]
INFO: [ app_begin ] --END-- [ RunTime:0.000572s ]
INFO: [ view_parse ] --START--
INFO: [ template_filter ] --START--
INFO: Run Behavior\ContentReplaceBehavior [ RunTime:0.000038s ]
INFO: [ template_filter ] --END-- [ RunTime:0.000083s ]
INFO: Run Behavior\ParseTemplateBehavior [ RunTime:0.005818s ]
INFO: [ view_parse ] --END-- [ RunTime:0.005869s ]
INFO: [ view_filter ] --START--
INFO: Run Behavior\WriteHtmlCacheBehavior [ RunTime:0.000224s ]
INFO: [ view_filter ] --END-- [ RunTime:0.000256s ]

[ 2019-06-01T19:17:05+08:00 ] 221.204.157.62 /efucms.php?m=Admin&c=Index&a=login
INFO: [ app_init ] --START--
INFO: Run Behavior\BuildLiteBehavior [ RunTime:0.000012s ]
INFO: [ app_init ] --END-- [ RunTime:0.000334s ]
INFO: [ app_begin ] --START--
INFO: Run Behavior\ReadHtmlCacheBehavior [ RunTime:0.000428s ]
INFO: [ app_begin ] --END-- [ RunTime:0.000469s ]
SQL: SHOW COLUMNS FROM `vv_config` [ RunTime:0.0007s ]
SQL: SELECT * FROM `vv_config`  [ RunTime:0.0004s ]
NOTIC: [8] unserialize(): Error at offset 75 of 79 bytes /www/wwwroot/book.22555522.com/Application/Admin/Controller/AdminController.class.php 第 36 行.
NOTIC: [8] unserialize(): Error at offset 45 of 108 bytes /www/wwwroot/book.22555522.com/Application/Admin/Controller/AdminController.class.php 第 36 行.
INFO: [ view_parse ] --START--
INFO: [ template_filter ] --START--
INFO: Run Behavior\ContentReplaceBehavior [ RunTime:0.000053s ]
INFO: [ template_filter ] --END-- [ RunTime:0.000113s ]
INFO: Run Behavior\ParseTemplateBehavior [ RunTime:0.005914s ]
INFO: [ view_parse ] --END-- [ RunTime:0.005954s ]
INFO: [ view_filter ] --START--
INFO: Run Behavior\WriteHtmlCacheBehavior [ RunTime:0.000206s ]
INFO: [ view_filter ] --END-- [ RunTime:0.000239s ]
INFO: [ app_end ] --START--
INFO: Run Behavior\ShowPageTraceBehavior [ RunTime:0.000485s ]
INFO: [ app_end ] --END-- [ RunTime:0.000519s ]

[ 2019-06-01T19:17:56+08:00 ] 221.204.157.62 /efucms.php?m=Admin&c=Index&a=login
INFO: [ app_init ] --START--
INFO: Run Behavior\BuildLiteBehavior [ RunTime:0.000010s ]
INFO: [ app_init ] --END-- [ RunTime:0.000315s ]
INFO: [ app_begin ] --START--
INFO: Run Behavior\ReadHtmlCacheBehavior [ RunTime:0.000419s ]
INFO: [ app_begin ] --END-- [ RunTime:0.000458s ]
SQL: SHOW COLUMNS FROM `vv_config` [ RunTime:0.0010s ]
SQL: SELECT * FROM `vv_config`  [ RunTime:0.0005s ]
NOTIC: [8] unserialize(): Error at offset 75 of 79 bytes /www/wwwroot/book.22555522.com/Application/Admin/Controller/AdminController.class.php 第 36 行.
NOTIC: [8] unserialize(): Error at offset 45 of 108 bytes /www/wwwroot/book.22555522.com/Application/Admin/Controller/AdminController.class.php 第 36 行.
SQL: SHOW COLUMNS FROM `vv_admin` [ RunTime:0.0009s ]
SQL: SELECT * FROM `vv_admin` WHERE ( username='admin' ) LIMIT 1   [ RunTime:0.0004s ]

[ 2019-06-01T19:17:57+08:00 ] 221.204.157.62 /efucms.php?m=Admin&c=Admin&a=welcome
INFO: [ app_init ] --START--
INFO: Run Behavior\BuildLiteBehavior [ RunTime:0.000011s ]
INFO: [ app_init ] --END-- [ RunTime:0.000304s ]
INFO: [ app_begin ] --START--
INFO: Run Behavior\ReadHtmlCacheBehavior [ RunTime:0.000425s ]
INFO: [ app_begin ] --END-- [ RunTime:0.000465s ]
SQL: SHOW COLUMNS FROM `vv_config` [ RunTime:0.0009s ]
SQL: SELECT * FROM `vv_config`  [ RunTime:0.0004s ]
NOTIC: [8] unserialize(): Error at offset 75 of 79 bytes /www/wwwroot/book.22555522.com/Application/Admin/Controller/AdminController.class.php 第 36 行.
NOTIC: [8] unserialize(): Error at offset 45 of 108 bytes /www/wwwroot/book.22555522.com/Application/Admin/Controller/AdminController.class.php 第 36 行.
NOTIC: [8] Undefined variable: info /www/wwwroot/book.22555522.com/Application/Admin/Controller/AdminController.class.php 第 45 行.
INFO: [ view_parse ] --START--
INFO: [ template_filter ] --START--
INFO: Run Behavior\ContentReplaceBehavior [ RunTime:0.000053s ]
INFO: [ template_filter ] --END-- [ RunTime:0.000094s ]
INFO: Run Behavior\ParseTemplateBehavior [ RunTime:0.016293s ]
INFO: [ view_parse ] --END-- [ RunTime:0.016335s ]
INFO: [ view_filter ] --START--
INFO: Run Behavior\WriteHtmlCacheBehavior [ RunTime:0.000233s ]
INFO: [ view_filter ] --END-- [ RunTime:0.000296s ]
INFO: [ app_end ] --START--
INFO: Run Behavior\ShowPageTraceBehavior [ RunTime:0.000472s ]
INFO: [ app_end ] --END-- [ RunTime:0.000526s ]

