[ 2019-05-27T06:38:51+08:00 ] 221.204.157.62 /efucms.php?m=Admin&c=Book&a=index
INFO: [ app_init ] --START--
INFO: Run Behavior\BuildLiteBehavior [ RunTime:0.000020s ]
INFO: [ app_init ] --END-- [ RunTime:0.000339s ]
INFO: [ app_begin ] --START--
INFO: Run Behavior\ReadHtmlCacheBehavior [ RunTime:0.000449s ]
INFO: [ app_begin ] --END-- [ RunTime:0.000491s ]
INFO: [ view_parse ] --START--
INFO: [ template_filter ] --START--
INFO: Run Behavior\ContentReplaceBehavior [ RunTime:0.000047s ]
INFO: [ template_filter ] --END-- [ RunTime:0.000091s ]
INFO: Run Behavior\ParseTemplateBehavior [ RunTime:0.010711s ]
INFO: [ view_parse ] --END-- [ RunTime:0.010771s ]
INFO: [ view_filter ] --START--
INFO: Run Behavior\WriteHtmlCacheBehavior [ RunTime:0.000241s ]
INFO: [ view_filter ] --END-- [ RunTime:0.000272s ]

[ 2019-05-27T06:38:55+08:00 ] 221.204.157.62 /efucms.php?m=Admin&c=Index&a=login
INFO: [ app_init ] --START--
INFO: Run Behavior\BuildLiteBehavior [ RunTime:0.000012s ]
INFO: [ app_init ] --END-- [ RunTime:0.000310s ]
INFO: [ app_begin ] --START--
INFO: Run Behavior\ReadHtmlCacheBehavior [ RunTime:0.000442s ]
INFO: [ app_begin ] --END-- [ RunTime:0.000483s ]
SQL: SHOW COLUMNS FROM `vv_config` [ RunTime:0.0009s ]
SQL: SELECT * FROM `vv_config`  [ RunTime:0.0004s ]
NOTIC: [8] unserialize(): Error at offset 75 of 79 bytes /www/wwwroot/book.22555522.com/Application/Admin/Controller/AdminController.class.php 第 36 行.
NOTIC: [8] unserialize(): Error at offset 45 of 108 bytes /www/wwwroot/book.22555522.com/Application/Admin/Controller/AdminController.class.php 第 36 行.
INFO: [ view_parse ] --START--
INFO: [ template_filter ] --START--
INFO: Run Behavior\ContentReplaceBehavior [ RunTime:0.000041s ]
INFO: [ template_filter ] --END-- [ RunTime:0.000098s ]
INFO: Run Behavior\ParseTemplateBehavior [ RunTime:0.007710s ]
INFO: [ view_parse ] --END-- [ RunTime:0.007755s ]
INFO: [ view_filter ] --START--
INFO: Run Behavior\WriteHtmlCacheBehavior [ RunTime:0.000399s ]
INFO: [ view_filter ] --END-- [ RunTime:0.000432s ]
INFO: [ app_end ] --START--
INFO: Run Behavior\ShowPageTraceBehavior [ RunTime:0.000502s ]
INFO: [ app_end ] --END-- [ RunTime:0.000548s ]

[ 2019-05-27T06:38:57+08:00 ] 221.204.157.62 /efucms.php?m=Admin&c=Index&a=login
INFO: [ app_init ] --START--
INFO: Run Behavior\BuildLiteBehavior [ RunTime:0.000011s ]
INFO: [ app_init ] --END-- [ RunTime:0.000321s ]
INFO: [ app_begin ] --START--
INFO: Run Behavior\ReadHtmlCacheBehavior [ RunTime:0.000483s ]
INFO: [ app_begin ] --END-- [ RunTime:0.000537s ]
SQL: SHOW COLUMNS FROM `vv_config` [ RunTime:0.0008s ]
SQL: SELECT * FROM `vv_config`  [ RunTime:0.0004s ]
NOTIC: [8] unserialize(): Error at offset 75 of 79 bytes /www/wwwroot/book.22555522.com/Application/Admin/Controller/AdminController.class.php 第 36 行.
NOTIC: [8] unserialize(): Error at offset 45 of 108 bytes /www/wwwroot/book.22555522.com/Application/Admin/Controller/AdminController.class.php 第 36 行.
SQL: SHOW COLUMNS FROM `vv_admin` [ RunTime:0.0007s ]
SQL: SELECT * FROM `vv_admin` WHERE ( username='qazqaz' ) LIMIT 1   [ RunTime:0.0013s ]
INFO: [ view_parse ] --START--
INFO: [ template_filter ] --START--
INFO: Run Behavior\ContentReplaceBehavior [ RunTime:0.000040s ]
INFO: [ template_filter ] --END-- [ RunTime:0.000076s ]
INFO: Run Behavior\ParseTemplateBehavior [ RunTime:0.005733s ]
INFO: [ view_parse ] --END-- [ RunTime:0.005779s ]
INFO: [ view_filter ] --START--
INFO: Run Behavior\WriteHtmlCacheBehavior [ RunTime:0.000214s ]
INFO: [ view_filter ] --END-- [ RunTime:0.000247s ]
INFO: [ app_end ] --START--
INFO: Run Behavior\ShowPageTraceBehavior [ RunTime:0.000507s ]
INFO: [ app_end ] --END-- [ RunTime:0.000542s ]

[ 2019-05-27T06:39:02+08:00 ] 221.204.157.62 /efucms.php?m=Admin&c=Index&a=login
INFO: [ app_init ] --START--
INFO: Run Behavior\BuildLiteBehavior [ RunTime:0.000010s ]
INFO: [ app_init ] --END-- [ RunTime:0.000295s ]
INFO: [ app_begin ] --START--
INFO: Run Behavior\ReadHtmlCacheBehavior [ RunTime:0.000468s ]
INFO: [ app_begin ] --END-- [ RunTime:0.000509s ]
SQL: SHOW COLUMNS FROM `vv_config` [ RunTime:0.0009s ]
SQL: SELECT * FROM `vv_config`  [ RunTime:0.0004s ]
NOTIC: [8] unserialize(): Error at offset 75 of 79 bytes /www/wwwroot/book.22555522.com/Application/Admin/Controller/AdminController.class.php 第 36 行.
NOTIC: [8] unserialize(): Error at offset 45 of 108 bytes /www/wwwroot/book.22555522.com/Application/Admin/Controller/AdminController.class.php 第 36 行.
SQL: SHOW COLUMNS FROM `vv_admin` [ RunTime:0.0007s ]
SQL: SELECT * FROM `vv_admin` WHERE ( username='admin' ) LIMIT 1   [ RunTime:0.0003s ]

[ 2019-05-27T06:39:02+08:00 ] 221.204.157.62 /efucms.php?m=Admin&c=Admin&a=welcome
INFO: [ app_init ] --START--
INFO: Run Behavior\BuildLiteBehavior [ RunTime:0.000010s ]
INFO: [ app_init ] --END-- [ RunTime:0.000274s ]
INFO: [ app_begin ] --START--
INFO: Run Behavior\ReadHtmlCacheBehavior [ RunTime:0.000509s ]
INFO: [ app_begin ] --END-- [ RunTime:0.000561s ]
SQL: SHOW COLUMNS FROM `vv_config` [ RunTime:0.0009s ]
SQL: SELECT * FROM `vv_config`  [ RunTime:0.0004s ]
NOTIC: [8] unserialize(): Error at offset 75 of 79 bytes /www/wwwroot/book.22555522.com/Application/Admin/Controller/AdminController.class.php 第 36 行.
NOTIC: [8] unserialize(): Error at offset 45 of 108 bytes /www/wwwroot/book.22555522.com/Application/Admin/Controller/AdminController.class.php 第 36 行.
NOTIC: [8] Undefined variable: info /www/wwwroot/book.22555522.com/Application/Admin/Controller/AdminController.class.php 第 45 行.
INFO: [ view_parse ] --START--
INFO: [ template_filter ] --START--
INFO: Run Behavior\ContentReplaceBehavior [ RunTime:0.000069s ]
INFO: [ template_filter ] --END-- [ RunTime:0.000110s ]
INFO: Run Behavior\ParseTemplateBehavior [ RunTime:0.011729s ]
INFO: [ view_parse ] --END-- [ RunTime:0.011768s ]
INFO: [ view_filter ] --START--
INFO: Run Behavior\WriteHtmlCacheBehavior [ RunTime:0.000193s ]
INFO: [ view_filter ] --END-- [ RunTime:0.000222s ]
INFO: [ app_end ] --START--
INFO: Run Behavior\ShowPageTraceBehavior [ RunTime:0.000597s ]
INFO: [ app_end ] --END-- [ RunTime:0.000641s ]

[ 2019-05-27T06:39:08+08:00 ] 221.204.157.62 /efucms.php?m=Admin&c=Config&a=mhcate
INFO: [ app_init ] --START--
INFO: Run Behavior\BuildLiteBehavior [ RunTime:0.000011s ]
INFO: [ app_init ] --END-- [ RunTime:0.000325s ]
INFO: [ app_begin ] --START--
INFO: Run Behavior\ReadHtmlCacheBehavior [ RunTime:0.000445s ]
INFO: [ app_begin ] --END-- [ RunTime:0.000508s ]
SQL: SHOW COLUMNS FROM `vv_config` [ RunTime:0.0011s ]
SQL: SELECT * FROM `vv_config`  [ RunTime:0.0005s ]
NOTIC: [8] unserialize(): Error at offset 75 of 79 bytes /www/wwwroot/book.22555522.com/Application/Admin/Controller/AdminController.class.php 第 36 行.
NOTIC: [8] unserialize(): Error at offset 45 of 108 bytes /www/wwwroot/book.22555522.com/Application/Admin/Controller/AdminController.class.php 第 36 行.
INFO: [ view_parse ] --START--
INFO: [ template_filter ] --START--
INFO: Run Behavior\ContentReplaceBehavior [ RunTime:0.000076s ]
INFO: [ template_filter ] --END-- [ RunTime:0.000117s ]
INFO: Run Behavior\ParseTemplateBehavior [ RunTime:0.015850s ]
INFO: [ view_parse ] --END-- [ RunTime:0.015898s ]
INFO: [ view_filter ] --START--
INFO: Run Behavior\WriteHtmlCacheBehavior [ RunTime:0.000240s ]
INFO: [ view_filter ] --END-- [ RunTime:0.000273s ]
INFO: [ app_end ] --START--
INFO: Run Behavior\ShowPageTraceBehavior [ RunTime:0.000470s ]
INFO: [ app_end ] --END-- [ RunTime:0.000528s ]

[ 2019-05-27T06:39:09+08:00 ] 221.204.157.62 /efucms.php?m=Admin&c=Config&a=upload&event=setPath&cur_index=3&url=.%2FPublic%2Fupload%2Fimages%2F1905%2F21%2F170124282732002192.png
INFO: [ app_init ] --START--
INFO: Run Behavior\BuildLiteBehavior [ RunTime:0.000011s ]
INFO: [ app_init ] --END-- [ RunTime:0.000330s ]
INFO: [ app_begin ] --START--
INFO: Run Behavior\ReadHtmlCacheBehavior [ RunTime:0.000452s ]
INFO: [ app_begin ] --END-- [ RunTime:0.000492s ]
SQL: SHOW COLUMNS FROM `vv_config` [ RunTime:0.0010s ]
SQL: SELECT * FROM `vv_config`  [ RunTime:0.0004s ]
NOTIC: [8] unserialize(): Error at offset 75 of 79 bytes /www/wwwroot/book.22555522.com/Application/Admin/Controller/AdminController.class.php 第 36 行.
NOTIC: [8] unserialize(): Error at offset 45 of 108 bytes /www/wwwroot/book.22555522.com/Application/Admin/Controller/AdminController.class.php 第 36 行.
INFO: [ view_parse ] --START--
INFO: [ template_filter ] --START--
INFO: Run Behavior\ContentReplaceBehavior [ RunTime:0.000076s ]
INFO: [ template_filter ] --END-- [ RunTime:0.000115s ]
INFO: Run Behavior\ParseTemplateBehavior [ RunTime:0.009075s ]
INFO: [ view_parse ] --END-- [ RunTime:0.009135s ]
INFO: [ view_filter ] --START--
INFO: Run Behavior\WriteHtmlCacheBehavior [ RunTime:0.000250s ]
INFO: [ view_filter ] --END-- [ RunTime:0.000285s ]
INFO: [ app_end ] --START--
INFO: Run Behavior\ShowPageTraceBehavior [ RunTime:0.000523s ]
INFO: [ app_end ] --END-- [ RunTime:0.000564s ]

[ 2019-05-27T06:39:09+08:00 ] 221.204.157.62 /efucms.php?m=Admin&c=Config&a=upload&event=setPath&cur_index=6&url=.%2FPublic%2Fupload%2Fimages%2F1811%2F24%2F020627369140001484.jpg
INFO: [ app_init ] --START--
INFO: Run Behavior\BuildLiteBehavior [ RunTime:0.000010s ]
INFO: [ app_init ] --END-- [ RunTime:0.000292s ]
INFO: [ app_begin ] --START--
INFO: Run Behavior\ReadHtmlCacheBehavior [ RunTime:0.000441s ]
INFO: [ app_begin ] --END-- [ RunTime:0.000492s ]
SQL: SHOW COLUMNS FROM `vv_config` [ RunTime:0.0011s ]
SQL: SELECT * FROM `vv_config`  [ RunTime:0.0004s ]
NOTIC: [8] unserialize(): Error at offset 75 of 79 bytes /www/wwwroot/book.22555522.com/Application/Admin/Controller/AdminController.class.php 第 36 行.
NOTIC: [8] unserialize(): Error at offset 45 of 108 bytes /www/wwwroot/book.22555522.com/Application/Admin/Controller/AdminController.class.php 第 36 行.
INFO: [ view_parse ] --START--
INFO: [ template_filter ] --START--
INFO: Run Behavior\ContentReplaceBehavior [ RunTime:0.000044s ]
INFO: [ template_filter ] --END-- [ RunTime:0.000094s ]
INFO: Run Behavior\ParseTemplateBehavior [ RunTime:0.006280s ]
INFO: [ view_parse ] --END-- [ RunTime:0.006317s ]
INFO: [ view_filter ] --START--
INFO: Run Behavior\WriteHtmlCacheBehavior [ RunTime:0.000240s ]
INFO: [ view_filter ] --END-- [ RunTime:0.000274s ]
INFO: [ app_end ] --START--
INFO: Run Behavior\ShowPageTraceBehavior [ RunTime:0.000450s ]
INFO: [ app_end ] --END-- [ RunTime:0.000495s ]

[ 2019-05-27T06:39:10+08:00 ] 221.204.157.62 /efucms.php?m=Admin&c=Config&a=upload&event=setPath&cur_index=1&url=.%2FPublic%2Fupload%2Fimages%2F1905%2F21%2F170119707736007021.png
INFO: [ app_init ] --START--
INFO: Run Behavior\BuildLiteBehavior [ RunTime:0.000010s ]
INFO: [ app_init ] --END-- [ RunTime:0.000290s ]
INFO: [ app_begin ] --START--
INFO: Run Behavior\ReadHtmlCacheBehavior [ RunTime:0.000411s ]
INFO: [ app_begin ] --END-- [ RunTime:0.000450s ]
SQL: SHOW COLUMNS FROM `vv_config` [ RunTime:0.0009s ]
SQL: SELECT * FROM `vv_config`  [ RunTime:0.0004s ]
NOTIC: [8] unserialize(): Error at offset 75 of 79 bytes /www/wwwroot/book.22555522.com/Application/Admin/Controller/AdminController.class.php 第 36 行.
NOTIC: [8] unserialize(): Error at offset 45 of 108 bytes /www/wwwroot/book.22555522.com/Application/Admin/Controller/AdminController.class.php 第 36 行.
INFO: [ view_parse ] --START--
INFO: [ template_filter ] --START--
INFO: Run Behavior\ContentReplaceBehavior [ RunTime:0.000033s ]
INFO: [ template_filter ] --END-- [ RunTime:0.000099s ]
INFO: Run Behavior\ParseTemplateBehavior [ RunTime:0.006335s ]
INFO: [ view_parse ] --END-- [ RunTime:0.006377s ]
INFO: [ view_filter ] --START--
INFO: Run Behavior\WriteHtmlCacheBehavior [ RunTime:0.000252s ]
INFO: [ view_filter ] --END-- [ RunTime:0.000316s ]
INFO: [ app_end ] --START--
INFO: Run Behavior\ShowPageTraceBehavior [ RunTime:0.000463s ]
INFO: [ app_end ] --END-- [ RunTime:0.000506s ]

[ 2019-05-27T06:39:10+08:00 ] 221.204.157.62 /efucms.php?m=Admin&c=Config&a=upload&event=setPath&cur_index=4&url=.%2FPublic%2Fupload%2Fimages%2F1905%2F21%2F170126505536008701.png
INFO: [ app_init ] --START--
INFO: Run Behavior\BuildLiteBehavior [ RunTime:0.000015s ]
INFO: [ app_init ] --END-- [ RunTime:0.000299s ]
INFO: [ app_begin ] --START--
INFO: Run Behavior\ReadHtmlCacheBehavior [ RunTime:0.000486s ]
INFO: [ app_begin ] --END-- [ RunTime:0.000538s ]
SQL: SHOW COLUMNS FROM `vv_config` [ RunTime:0.0006s ]
SQL: SELECT * FROM `vv_config`  [ RunTime:0.0004s ]
NOTIC: [8] unserialize(): Error at offset 75 of 79 bytes /www/wwwroot/book.22555522.com/Application/Admin/Controller/AdminController.class.php 第 36 行.
NOTIC: [8] unserialize(): Error at offset 45 of 108 bytes /www/wwwroot/book.22555522.com/Application/Admin/Controller/AdminController.class.php 第 36 行.
INFO: [ view_parse ] --START--
INFO: [ template_filter ] --START--
INFO: Run Behavior\ContentReplaceBehavior [ RunTime:0.000033s ]
INFO: [ template_filter ] --END-- [ RunTime:0.000083s ]
INFO: Run Behavior\ParseTemplateBehavior [ RunTime:0.005826s ]
INFO: [ view_parse ] --END-- [ RunTime:0.005882s ]
INFO: [ view_filter ] --START--
INFO: Run Behavior\WriteHtmlCacheBehavior [ RunTime:0.000234s ]
INFO: [ view_filter ] --END-- [ RunTime:0.000266s ]
INFO: [ app_end ] --START--
INFO: Run Behavior\ShowPageTraceBehavior [ RunTime:0.000442s ]
INFO: [ app_end ] --END-- [ RunTime:0.000475s ]

[ 2019-05-27T06:39:10+08:00 ] 221.204.157.62 /efucms.php?m=Admin&c=Config&a=upload&event=setPath&cur_index=2&url=.%2FPublic%2Fupload%2Fimages%2F1905%2F21%2F170122143013002364.png
INFO: [ app_init ] --START--
INFO: Run Behavior\BuildLiteBehavior [ RunTime:0.000011s ]
INFO: [ app_init ] --END-- [ RunTime:0.000362s ]
INFO: [ app_begin ] --START--
INFO: Run Behavior\ReadHtmlCacheBehavior [ RunTime:0.000604s ]
INFO: [ app_begin ] --END-- [ RunTime:0.000664s ]
SQL: SHOW COLUMNS FROM `vv_config` [ RunTime:0.0011s ]
SQL: SELECT * FROM `vv_config`  [ RunTime:0.0004s ]
NOTIC: [8] unserialize(): Error at offset 75 of 79 bytes /www/wwwroot/book.22555522.com/Application/Admin/Controller/AdminController.class.php 第 36 行.
NOTIC: [8] unserialize(): Error at offset 45 of 108 bytes /www/wwwroot/book.22555522.com/Application/Admin/Controller/AdminController.class.php 第 36 行.
INFO: [ view_parse ] --START--
INFO: [ template_filter ] --START--
INFO: Run Behavior\ContentReplaceBehavior [ RunTime:0.000034s ]
INFO: [ template_filter ] --END-- [ RunTime:0.000079s ]
INFO: Run Behavior\ParseTemplateBehavior [ RunTime:0.006969s ]
INFO: [ view_parse ] --END-- [ RunTime:0.007030s ]
INFO: [ view_filter ] --START--
INFO: Run Behavior\WriteHtmlCacheBehavior [ RunTime:0.000217s ]
INFO: [ view_filter ] --END-- [ RunTime:0.000251s ]
INFO: [ app_end ] --START--
INFO: Run Behavior\ShowPageTraceBehavior [ RunTime:0.000553s ]
INFO: [ app_end ] --END-- [ RunTime:0.000589s ]

[ 2019-05-27T06:39:11+08:00 ] 221.204.157.62 /efucms.php?m=Admin&c=Config&a=upload&event=setPath&cur_index=9&url=
INFO: [ app_init ] --START--
INFO: Run Behavior\BuildLiteBehavior [ RunTime:0.000011s ]
INFO: [ app_init ] --END-- [ RunTime:0.000338s ]
INFO: [ app_begin ] --START--
INFO: Run Behavior\ReadHtmlCacheBehavior [ RunTime:0.000442s ]
INFO: [ app_begin ] --END-- [ RunTime:0.000485s ]
SQL: SHOW COLUMNS FROM `vv_config` [ RunTime:0.0009s ]
SQL: SELECT * FROM `vv_config`  [ RunTime:0.0004s ]
NOTIC: [8] unserialize(): Error at offset 75 of 79 bytes /www/wwwroot/book.22555522.com/Application/Admin/Controller/AdminController.class.php 第 36 行.
NOTIC: [8] unserialize(): Error at offset 45 of 108 bytes /www/wwwroot/book.22555522.com/Application/Admin/Controller/AdminController.class.php 第 36 行.
INFO: [ view_parse ] --START--
INFO: [ template_filter ] --START--
INFO: Run Behavior\ContentReplaceBehavior [ RunTime:0.000048s ]
INFO: [ template_filter ] --END-- [ RunTime:0.000091s ]
INFO: Run Behavior\ParseTemplateBehavior [ RunTime:0.006057s ]
INFO: [ view_parse ] --END-- [ RunTime:0.006098s ]
INFO: [ view_filter ] --START--
INFO: Run Behavior\WriteHtmlCacheBehavior [ RunTime:0.000224s ]
INFO: [ view_filter ] --END-- [ RunTime:0.000270s ]
INFO: [ app_end ] --START--
INFO: Run Behavior\ShowPageTraceBehavior [ RunTime:0.000502s ]
INFO: [ app_end ] --END-- [ RunTime:0.000550s ]

[ 2019-05-27T06:39:11+08:00 ] 221.204.157.62 /efucms.php?m=Admin&c=Config&a=upload&event=setPath&cur_index=7&url=.%2FPublic%2Fupload%2Fimages%2F1811%2F24%2F020520150390001237.jpg
INFO: [ app_init ] --START--
INFO: Run Behavior\BuildLiteBehavior [ RunTime:0.000009s ]
INFO: [ app_init ] --END-- [ RunTime:0.000275s ]
INFO: [ app_begin ] --START--
INFO: Run Behavior\ReadHtmlCacheBehavior [ RunTime:0.000408s ]
INFO: [ app_begin ] --END-- [ RunTime:0.000471s ]
SQL: SHOW COLUMNS FROM `vv_config` [ RunTime:0.0035s ]
SQL: SELECT * FROM `vv_config`  [ RunTime:0.0004s ]
NOTIC: [8] unserialize(): Error at offset 75 of 79 bytes /www/wwwroot/book.22555522.com/Application/Admin/Controller/AdminController.class.php 第 36 行.
NOTIC: [8] unserialize(): Error at offset 45 of 108 bytes /www/wwwroot/book.22555522.com/Application/Admin/Controller/AdminController.class.php 第 36 行.
INFO: [ view_parse ] --START--
INFO: [ template_filter ] --START--
INFO: Run Behavior\ContentReplaceBehavior [ RunTime:0.000031s ]
INFO: [ template_filter ] --END-- [ RunTime:0.000065s ]
INFO: Run Behavior\ParseTemplateBehavior [ RunTime:0.006482s ]
INFO: [ view_parse ] --END-- [ RunTime:0.006542s ]
INFO: [ view_filter ] --START--
INFO: Run Behavior\WriteHtmlCacheBehavior [ RunTime:0.000214s ]
INFO: [ view_filter ] --END-- [ RunTime:0.000270s ]
INFO: [ app_end ] --START--
INFO: Run Behavior\ShowPageTraceBehavior [ RunTime:0.000494s ]
INFO: [ app_end ] --END-- [ RunTime:0.000528s ]

[ 2019-05-27T06:39:11+08:00 ] 221.204.157.62 /efucms.php?m=Admin&c=Config&a=upload&event=setPath&cur_index=5&url=.%2FPublic%2Fupload%2Fimages%2F1811%2F24%2F020516619140002925.jpg
INFO: [ app_init ] --START--
INFO: Run Behavior\BuildLiteBehavior [ RunTime:0.000010s ]
INFO: [ app_init ] --END-- [ RunTime:0.000280s ]
INFO: [ app_begin ] --START--
INFO: Run Behavior\ReadHtmlCacheBehavior [ RunTime:0.000427s ]
INFO: [ app_begin ] --END-- [ RunTime:0.000462s ]
SQL: SHOW COLUMNS FROM `vv_config` [ RunTime:0.0009s ]
SQL: SELECT * FROM `vv_config`  [ RunTime:0.0006s ]
NOTIC: [8] unserialize(): Error at offset 75 of 79 bytes /www/wwwroot/book.22555522.com/Application/Admin/Controller/AdminController.class.php 第 36 行.
NOTIC: [8] unserialize(): Error at offset 45 of 108 bytes /www/wwwroot/book.22555522.com/Application/Admin/Controller/AdminController.class.php 第 36 行.
INFO: [ view_parse ] --START--
INFO: [ template_filter ] --START--
INFO: Run Behavior\ContentReplaceBehavior [ RunTime:0.000031s ]
INFO: [ template_filter ] --END-- [ RunTime:0.000072s ]
INFO: Run Behavior\ParseTemplateBehavior [ RunTime:0.007241s ]
INFO: [ view_parse ] --END-- [ RunTime:0.009018s ]
INFO: [ view_filter ] --START--
INFO: Run Behavior\WriteHtmlCacheBehavior [ RunTime:0.000246s ]
INFO: [ view_filter ] --END-- [ RunTime:0.000297s ]
INFO: [ app_end ] --START--
INFO: Run Behavior\ShowPageTraceBehavior [ RunTime:0.000567s ]
INFO: [ app_end ] --END-- [ RunTime:0.000613s ]

[ 2019-05-27T06:39:12+08:00 ] 221.204.157.62 /efucms.php?m=Admin&c=Config&a=upload&event=setPath&cur_index=8&url=.%2FPublic%2Fupload%2Fimages%2F1811%2F24%2F020520150390001237.jpg
INFO: [ app_init ] --START--
INFO: Run Behavior\BuildLiteBehavior [ RunTime:0.000011s ]
INFO: [ app_init ] --END-- [ RunTime:0.000321s ]
INFO: [ app_begin ] --START--
INFO: Run Behavior\ReadHtmlCacheBehavior [ RunTime:0.000521s ]
INFO: [ app_begin ] --END-- [ RunTime:0.000563s ]
SQL: SHOW COLUMNS FROM `vv_config` [ RunTime:0.0009s ]
SQL: SELECT * FROM `vv_config`  [ RunTime:0.0004s ]
NOTIC: [8] unserialize(): Error at offset 75 of 79 bytes /www/wwwroot/book.22555522.com/Application/Admin/Controller/AdminController.class.php 第 36 行.
NOTIC: [8] unserialize(): Error at offset 45 of 108 bytes /www/wwwroot/book.22555522.com/Application/Admin/Controller/AdminController.class.php 第 36 行.
INFO: [ view_parse ] --START--
INFO: [ template_filter ] --START--
INFO: Run Behavior\ContentReplaceBehavior [ RunTime:0.000038s ]
INFO: [ template_filter ] --END-- [ RunTime:0.000080s ]
INFO: Run Behavior\ParseTemplateBehavior [ RunTime:0.006316s ]
INFO: [ view_parse ] --END-- [ RunTime:0.006363s ]
INFO: [ view_filter ] --START--
INFO: Run Behavior\WriteHtmlCacheBehavior [ RunTime:0.000228s ]
INFO: [ view_filter ] --END-- [ RunTime:0.000265s ]
INFO: [ app_end ] --START--
INFO: Run Behavior\ShowPageTraceBehavior [ RunTime:0.000534s ]
INFO: [ app_end ] --END-- [ RunTime:0.000575s ]

[ 2019-05-27T09:55:20+08:00 ] 221.204.157.62 /efucms.php?m=Admin&c=Config&a=mhcate
INFO: [ app_init ] --START--
INFO: Run Behavior\BuildLiteBehavior [ RunTime:0.000011s ]
INFO: [ app_init ] --END-- [ RunTime:0.000418s ]
INFO: [ app_begin ] --START--
INFO: Run Behavior\ReadHtmlCacheBehavior [ RunTime:0.000575s ]
INFO: [ app_begin ] --END-- [ RunTime:0.000639s ]
INFO: [ view_parse ] --START--
INFO: [ template_filter ] --START--
INFO: Run Behavior\ContentReplaceBehavior [ RunTime:0.000038s ]
INFO: [ template_filter ] --END-- [ RunTime:0.000090s ]
INFO: Run Behavior\ParseTemplateBehavior [ RunTime:0.007665s ]
INFO: [ view_parse ] --END-- [ RunTime:0.007734s ]
INFO: [ view_filter ] --START--
INFO: Run Behavior\WriteHtmlCacheBehavior [ RunTime:0.000316s ]
INFO: [ view_filter ] --END-- [ RunTime:0.000361s ]

[ 2019-05-27T09:55:23+08:00 ] 221.204.157.62 /efucms.php?m=Admin&c=Index&a=login
INFO: [ app_init ] --START--
INFO: Run Behavior\BuildLiteBehavior [ RunTime:0.000011s ]
INFO: [ app_init ] --END-- [ RunTime:0.000291s ]
INFO: [ app_begin ] --START--
INFO: Run Behavior\ReadHtmlCacheBehavior [ RunTime:0.000486s ]
INFO: [ app_begin ] --END-- [ RunTime:0.000527s ]
SQL: SHOW COLUMNS FROM `vv_config` [ RunTime:0.0010s ]
SQL: SELECT * FROM `vv_config`  [ RunTime:0.0004s ]
NOTIC: [8] unserialize(): Error at offset 75 of 79 bytes /www/wwwroot/book.22555522.com/Application/Admin/Controller/AdminController.class.php 第 36 行.
NOTIC: [8] unserialize(): Error at offset 45 of 108 bytes /www/wwwroot/book.22555522.com/Application/Admin/Controller/AdminController.class.php 第 36 行.
INFO: [ view_parse ] --START--
INFO: [ template_filter ] --START--
INFO: Run Behavior\ContentReplaceBehavior [ RunTime:0.000046s ]
INFO: [ template_filter ] --END-- [ RunTime:0.000097s ]
INFO: Run Behavior\ParseTemplateBehavior [ RunTime:0.006876s ]
INFO: [ view_parse ] --END-- [ RunTime:0.006943s ]
INFO: [ view_filter ] --START--
INFO: Run Behavior\WriteHtmlCacheBehavior [ RunTime:0.000213s ]
INFO: [ view_filter ] --END-- [ RunTime:0.000252s ]
INFO: [ app_end ] --START--
INFO: Run Behavior\ShowPageTraceBehavior [ RunTime:0.000564s ]
INFO: [ app_end ] --END-- [ RunTime:0.000621s ]

[ 2019-05-27T22:39:14+08:00 ] 221.204.157.62 /efucms.php?m=Admin&c=Book&a=index
INFO: [ app_init ] --START--
INFO: Run Behavior\BuildLiteBehavior [ RunTime:0.000020s ]
INFO: [ app_init ] --END-- [ RunTime:0.000706s ]
INFO: [ app_begin ] --START--
INFO: Run Behavior\ReadHtmlCacheBehavior [ RunTime:0.000719s ]
INFO: [ app_begin ] --END-- [ RunTime:0.000817s ]
INFO: [ view_parse ] --START--
INFO: [ template_filter ] --START--
INFO: Run Behavior\ContentReplaceBehavior [ RunTime:0.000036s ]
INFO: [ template_filter ] --END-- [ RunTime:0.000077s ]
INFO: Run Behavior\ParseTemplateBehavior [ RunTime:0.005617s ]
INFO: [ view_parse ] --END-- [ RunTime:0.005668s ]
INFO: [ view_filter ] --START--
INFO: Run Behavior\WriteHtmlCacheBehavior [ RunTime:0.000214s ]
INFO: [ view_filter ] --END-- [ RunTime:0.000259s ]

