[ 2019-08-19T00:02:39+08:00 ] 127.0.0.1 /efucms.php?m=Admin&c=Product&a=index
INFO: [ app_init ] --START--
INFO: Run Behavior\BuildLiteBehavior [ RunTime:0.000010s ]
INFO: [ app_init ] --END-- [ RunTime:0.000593s ]
INFO: [ app_begin ] --START--
INFO: Run Behavior\ReadHtmlCacheBehavior [ RunTime:0.000747s ]
INFO: [ app_begin ] --END-- [ RunTime:0.000788s ]
SQL: SHOW COLUMNS FROM `vv_config` [ RunTime:0.0069s ]
SQL: SELECT * FROM `vv_config`  [ RunTime:0.0002s ]
NOTIC: [8] unserialize(): Error at offset 75 of 79 bytes D:\wwwroot\demo.52jscn.com\Application\Admin\Controller\AdminController.class.php 第 36 行.
NOTIC: [8] unserialize(): Error at offset 45 of 108 bytes D:\wwwroot\demo.52jscn.com\Application\Admin\Controller\AdminController.class.php 第 36 行.
NOTIC: [8] Undefined index: title D:\wwwroot\demo.52jscn.com\Application\Admin\Controller\ProductController.class.php 第 7 行.
NOTIC: [8] Undefined index: order D:\wwwroot\demo.52jscn.com\Application\Admin\Controller\ProductController.class.php 第 14 行.
NOTIC: [8] Undefined variable: where D:\wwwroot\demo.52jscn.com\Application\Admin\Controller\ProductController.class.php 第 18 行.
SQL: SHOW COLUMNS FROM `vv_mh_list` [ RunTime:0.0070s ]
SQL: SELECT COUNT(*) AS tp_count FROM `vv_mh_list` LIMIT 1   [ RunTime:0.0002s ]
SQL: SELECT * FROM `vv_mh_list` ORDER BY sort desc,id desc LIMIT 0,25   [ RunTime:0.0016s ]
INFO: [ view_parse ] --START--
INFO: [ template_filter ] --START--
INFO: Run Behavior\ContentReplaceBehavior [ RunTime:0.000111s ]
INFO: [ template_filter ] --END-- [ RunTime:0.000141s ]
NOTIC: [8] Undefined index: title D:\wwwroot\demo.52jscn.com\Application\Runtime\Cache\Admin\34e4b095905075aaede5ee9039415509.php 第 251 行.
NOTIC: [8] Undefined index: order D:\wwwroot\demo.52jscn.com\Application\Runtime\Cache\Admin\34e4b095905075aaede5ee9039415509.php 第 264 行.
NOTIC: [8] Undefined index: order D:\wwwroot\demo.52jscn.com\Application\Runtime\Cache\Admin\34e4b095905075aaede5ee9039415509.php 第 266 行.
NOTIC: [8] Undefined index: order D:\wwwroot\demo.52jscn.com\Application\Runtime\Cache\Admin\34e4b095905075aaede5ee9039415509.php 第 277 行.
NOTIC: [8] Undefined index: order D:\wwwroot\demo.52jscn.com\Application\Runtime\Cache\Admin\34e4b095905075aaede5ee9039415509.php 第 279 行.
NOTIC: [8] Undefined index: order D:\wwwroot\demo.52jscn.com\Application\Runtime\Cache\Admin\34e4b095905075aaede5ee9039415509.php 第 283 行.
NOTIC: [8] Undefined index: order D:\wwwroot\demo.52jscn.com\Application\Runtime\Cache\Admin\34e4b095905075aaede5ee9039415509.php 第 285 行.
NOTIC: [8] Undefined index: order D:\wwwroot\demo.52jscn.com\Application\Runtime\Cache\Admin\34e4b095905075aaede5ee9039415509.php 第 289 行.
NOTIC: [8] Undefined index: order D:\wwwroot\demo.52jscn.com\Application\Runtime\Cache\Admin\34e4b095905075aaede5ee9039415509.php 第 291 行.
INFO: Run Behavior\ParseTemplateBehavior [ RunTime:0.016153s ]
INFO: [ view_parse ] --END-- [ RunTime:0.016185s ]
INFO: [ view_filter ] --START--
INFO: Run Behavior\WriteHtmlCacheBehavior [ RunTime:0.000587s ]
INFO: [ view_filter ] --END-- [ RunTime:0.000611s ]
INFO: [ app_end ] --START--
INFO: Run Behavior\ShowPageTraceBehavior [ RunTime:0.000801s ]
INFO: [ app_end ] --END-- [ RunTime:0.000835s ]

[ 2019-08-19T00:02:41+08:00 ] 127.0.0.1 /efucms.php?m=Admin&c=Product&a=index
INFO: [ app_init ] --START--
INFO: Run Behavior\BuildLiteBehavior [ RunTime:0.000008s ]
INFO: [ app_init ] --END-- [ RunTime:0.000591s ]
INFO: [ app_begin ] --START--
INFO: Run Behavior\ReadHtmlCacheBehavior [ RunTime:0.000707s ]
INFO: [ app_begin ] --END-- [ RunTime:0.000737s ]
SQL: SHOW COLUMNS FROM `vv_config` [ RunTime:0.0089s ]
SQL: SELECT * FROM `vv_config`  [ RunTime:0.0004s ]
NOTIC: [8] unserialize(): Error at offset 75 of 79 bytes D:\wwwroot\demo.52jscn.com\Application\Admin\Controller\AdminController.class.php 第 36 行.
NOTIC: [8] unserialize(): Error at offset 45 of 108 bytes D:\wwwroot\demo.52jscn.com\Application\Admin\Controller\AdminController.class.php 第 36 行.
NOTIC: [8] Undefined index: title D:\wwwroot\demo.52jscn.com\Application\Admin\Controller\ProductController.class.php 第 7 行.
NOTIC: [8] Undefined index: order D:\wwwroot\demo.52jscn.com\Application\Admin\Controller\ProductController.class.php 第 14 行.
NOTIC: [8] Undefined variable: where D:\wwwroot\demo.52jscn.com\Application\Admin\Controller\ProductController.class.php 第 18 行.
SQL: SHOW COLUMNS FROM `vv_mh_list` [ RunTime:0.0092s ]
SQL: SELECT COUNT(*) AS tp_count FROM `vv_mh_list` LIMIT 1   [ RunTime:0.0002s ]
SQL: SELECT * FROM `vv_mh_list` ORDER BY sort desc,id desc LIMIT 0,25   [ RunTime:0.0004s ]
INFO: [ view_parse ] --START--
INFO: [ template_filter ] --START--
INFO: Run Behavior\ContentReplaceBehavior [ RunTime:0.000139s ]
INFO: [ template_filter ] --END-- [ RunTime:0.000173s ]
NOTIC: [8] Undefined index: title D:\wwwroot\demo.52jscn.com\Application\Runtime\Cache\Admin\34e4b095905075aaede5ee9039415509.php 第 251 行.
NOTIC: [8] Undefined index: order D:\wwwroot\demo.52jscn.com\Application\Runtime\Cache\Admin\34e4b095905075aaede5ee9039415509.php 第 264 行.
NOTIC: [8] Undefined index: order D:\wwwroot\demo.52jscn.com\Application\Runtime\Cache\Admin\34e4b095905075aaede5ee9039415509.php 第 266 行.
NOTIC: [8] Undefined index: order D:\wwwroot\demo.52jscn.com\Application\Runtime\Cache\Admin\34e4b095905075aaede5ee9039415509.php 第 277 行.
NOTIC: [8] Undefined index: order D:\wwwroot\demo.52jscn.com\Application\Runtime\Cache\Admin\34e4b095905075aaede5ee9039415509.php 第 279 行.
NOTIC: [8] Undefined index: order D:\wwwroot\demo.52jscn.com\Application\Runtime\Cache\Admin\34e4b095905075aaede5ee9039415509.php 第 283 行.
NOTIC: [8] Undefined index: order D:\wwwroot\demo.52jscn.com\Application\Runtime\Cache\Admin\34e4b095905075aaede5ee9039415509.php 第 285 行.
NOTIC: [8] Undefined index: order D:\wwwroot\demo.52jscn.com\Application\Runtime\Cache\Admin\34e4b095905075aaede5ee9039415509.php 第 289 行.
NOTIC: [8] Undefined index: order D:\wwwroot\demo.52jscn.com\Application\Runtime\Cache\Admin\34e4b095905075aaede5ee9039415509.php 第 291 行.
INFO: Run Behavior\ParseTemplateBehavior [ RunTime:0.016627s ]
INFO: [ view_parse ] --END-- [ RunTime:0.016665s ]
INFO: [ view_filter ] --START--
INFO: Run Behavior\WriteHtmlCacheBehavior [ RunTime:0.000763s ]
INFO: [ view_filter ] --END-- [ RunTime:0.000795s ]
INFO: [ app_end ] --START--
INFO: Run Behavior\ShowPageTraceBehavior [ RunTime:0.000999s ]
INFO: [ app_end ] --END-- [ RunTime:0.001043s ]

[ 2019-08-19T00:02:45+08:00 ] 127.0.0.1 /efucms.php?m=Admin&c=Book&a=index
INFO: [ app_init ] --START--
INFO: Run Behavior\BuildLiteBehavior [ RunTime:0.000010s ]
INFO: [ app_init ] --END-- [ RunTime:0.000446s ]
INFO: [ app_begin ] --START--
INFO: Run Behavior\ReadHtmlCacheBehavior [ RunTime:0.000588s ]
INFO: [ app_begin ] --END-- [ RunTime:0.000624s ]
SQL: SHOW COLUMNS FROM `vv_config` [ RunTime:0.0141s ]
SQL: SELECT * FROM `vv_config`  [ RunTime:0.0003s ]
NOTIC: [8] unserialize(): Error at offset 75 of 79 bytes D:\wwwroot\demo.52jscn.com\Application\Admin\Controller\AdminController.class.php 第 36 行.
NOTIC: [8] unserialize(): Error at offset 45 of 108 bytes D:\wwwroot\demo.52jscn.com\Application\Admin\Controller\AdminController.class.php 第 36 行.
NOTIC: [8] Undefined index: title D:\wwwroot\demo.52jscn.com\Application\Admin\Controller\BookController.class.php 第 7 行.
NOTIC: [8] Undefined index: order D:\wwwroot\demo.52jscn.com\Application\Admin\Controller\BookController.class.php 第 14 行.
NOTIC: [8] Undefined variable: where D:\wwwroot\demo.52jscn.com\Application\Admin\Controller\BookController.class.php 第 18 行.
SQL: SHOW COLUMNS FROM `vv_book` [ RunTime:0.0179s ]
SQL: SELECT COUNT(*) AS tp_count FROM `vv_book` LIMIT 1   [ RunTime:0.0005s ]
SQL: SELECT * FROM `vv_book` ORDER BY sort desc LIMIT 0,25   [ RunTime:0.0031s ]
INFO: [ view_parse ] --START--
INFO: [ template_filter ] --START--
INFO: Run Behavior\ContentReplaceBehavior [ RunTime:0.000300s ]
INFO: [ template_filter ] --END-- [ RunTime:0.000358s ]
NOTIC: [8] Undefined index: title D:\wwwroot\demo.52jscn.com\Application\Runtime\Cache\Admin\afa8c6529ef554789834553d1ae7ec47.php 第 251 行.
NOTIC: [8] Undefined index: order D:\wwwroot\demo.52jscn.com\Application\Runtime\Cache\Admin\afa8c6529ef554789834553d1ae7ec47.php 第 264 行.
NOTIC: [8] Undefined index: order D:\wwwroot\demo.52jscn.com\Application\Runtime\Cache\Admin\afa8c6529ef554789834553d1ae7ec47.php 第 266 行.
NOTIC: [8] Undefined index: order D:\wwwroot\demo.52jscn.com\Application\Runtime\Cache\Admin\afa8c6529ef554789834553d1ae7ec47.php 第 277 行.
NOTIC: [8] Undefined index: order D:\wwwroot\demo.52jscn.com\Application\Runtime\Cache\Admin\afa8c6529ef554789834553d1ae7ec47.php 第 279 行.
NOTIC: [8] Undefined index: order D:\wwwroot\demo.52jscn.com\Application\Runtime\Cache\Admin\afa8c6529ef554789834553d1ae7ec47.php 第 283 行.
NOTIC: [8] Undefined index: order D:\wwwroot\demo.52jscn.com\Application\Runtime\Cache\Admin\afa8c6529ef554789834553d1ae7ec47.php 第 285 行.
NOTIC: [8] Undefined index: order D:\wwwroot\demo.52jscn.com\Application\Runtime\Cache\Admin\afa8c6529ef554789834553d1ae7ec47.php 第 289 行.
NOTIC: [8] Undefined index: order D:\wwwroot\demo.52jscn.com\Application\Runtime\Cache\Admin\afa8c6529ef554789834553d1ae7ec47.php 第 291 行.
INFO: Run Behavior\ParseTemplateBehavior [ RunTime:0.016340s ]
INFO: [ view_parse ] --END-- [ RunTime:0.016439s ]
INFO: [ view_filter ] --START--
INFO: Run Behavior\WriteHtmlCacheBehavior [ RunTime:0.000434s ]
INFO: [ view_filter ] --END-- [ RunTime:0.000465s ]
INFO: [ app_end ] --START--
INFO: Run Behavior\ShowPageTraceBehavior [ RunTime:0.000651s ]
INFO: [ app_end ] --END-- [ RunTime:0.000688s ]

[ 2019-08-19T00:02:54+08:00 ] 127.0.0.1 /efucms.php?m=Admin&c=Book&a=index
INFO: [ app_init ] --START--
INFO: Run Behavior\BuildLiteBehavior [ RunTime:0.000011s ]
INFO: [ app_init ] --END-- [ RunTime:0.000743s ]
INFO: [ app_begin ] --START--
INFO: Run Behavior\ReadHtmlCacheBehavior [ RunTime:0.001183s ]
INFO: [ app_begin ] --END-- [ RunTime:0.001228s ]
SQL: SHOW COLUMNS FROM `vv_config` [ RunTime:0.0090s ]
SQL: SELECT * FROM `vv_config`  [ RunTime:0.0003s ]
NOTIC: [8] unserialize(): Error at offset 75 of 79 bytes D:\wwwroot\demo.52jscn.com\Application\Admin\Controller\AdminController.class.php 第 36 行.
NOTIC: [8] unserialize(): Error at offset 45 of 108 bytes D:\wwwroot\demo.52jscn.com\Application\Admin\Controller\AdminController.class.php 第 36 行.
NOTIC: [8] Undefined index: title D:\wwwroot\demo.52jscn.com\Application\Admin\Controller\BookController.class.php 第 7 行.
NOTIC: [8] Undefined index: order D:\wwwroot\demo.52jscn.com\Application\Admin\Controller\BookController.class.php 第 14 行.
NOTIC: [8] Undefined variable: where D:\wwwroot\demo.52jscn.com\Application\Admin\Controller\BookController.class.php 第 18 行.
SQL: SHOW COLUMNS FROM `vv_book` [ RunTime:0.0091s ]
SQL: SELECT COUNT(*) AS tp_count FROM `vv_book` LIMIT 1   [ RunTime:0.0002s ]
SQL: SELECT * FROM `vv_book` ORDER BY sort desc LIMIT 0,25   [ RunTime:0.0004s ]
INFO: [ view_parse ] --START--
INFO: [ template_filter ] --START--
INFO: Run Behavior\ContentReplaceBehavior [ RunTime:0.000139s ]
INFO: [ template_filter ] --END-- [ RunTime:0.000174s ]
NOTIC: [8] Undefined index: title D:\wwwroot\demo.52jscn.com\Application\Runtime\Cache\Admin\afa8c6529ef554789834553d1ae7ec47.php 第 251 行.
NOTIC: [8] Undefined index: order D:\wwwroot\demo.52jscn.com\Application\Runtime\Cache\Admin\afa8c6529ef554789834553d1ae7ec47.php 第 264 行.
NOTIC: [8] Undefined index: order D:\wwwroot\demo.52jscn.com\Application\Runtime\Cache\Admin\afa8c6529ef554789834553d1ae7ec47.php 第 266 行.
NOTIC: [8] Undefined index: order D:\wwwroot\demo.52jscn.com\Application\Runtime\Cache\Admin\afa8c6529ef554789834553d1ae7ec47.php 第 277 行.
NOTIC: [8] Undefined index: order D:\wwwroot\demo.52jscn.com\Application\Runtime\Cache\Admin\afa8c6529ef554789834553d1ae7ec47.php 第 279 行.
NOTIC: [8] Undefined index: order D:\wwwroot\demo.52jscn.com\Application\Runtime\Cache\Admin\afa8c6529ef554789834553d1ae7ec47.php 第 283 行.
NOTIC: [8] Undefined index: order D:\wwwroot\demo.52jscn.com\Application\Runtime\Cache\Admin\afa8c6529ef554789834553d1ae7ec47.php 第 285 行.
NOTIC: [8] Undefined index: order D:\wwwroot\demo.52jscn.com\Application\Runtime\Cache\Admin\afa8c6529ef554789834553d1ae7ec47.php 第 289 行.
NOTIC: [8] Undefined index: order D:\wwwroot\demo.52jscn.com\Application\Runtime\Cache\Admin\afa8c6529ef554789834553d1ae7ec47.php 第 291 行.
INFO: Run Behavior\ParseTemplateBehavior [ RunTime:0.016505s ]
INFO: [ view_parse ] --END-- [ RunTime:0.016547s ]
INFO: [ view_filter ] --START--
INFO: Run Behavior\WriteHtmlCacheBehavior [ RunTime:0.000736s ]
INFO: [ view_filter ] --END-- [ RunTime:0.000766s ]
INFO: [ app_end ] --START--
INFO: Run Behavior\ShowPageTraceBehavior [ RunTime:0.000988s ]
INFO: [ app_end ] --END-- [ RunTime:0.001030s ]

[ 2019-08-19T00:02:56+08:00 ] 127.0.0.1 /efucms.php?m=Admin&c=Book&a=index
INFO: [ app_init ] --START--
INFO: Run Behavior\BuildLiteBehavior [ RunTime:0.000008s ]
INFO: [ app_init ] --END-- [ RunTime:0.000369s ]
INFO: [ app_begin ] --START--
INFO: Run Behavior\ReadHtmlCacheBehavior [ RunTime:0.000470s ]
INFO: [ app_begin ] --END-- [ RunTime:0.000498s ]
SQL: SHOW COLUMNS FROM `vv_config` [ RunTime:0.0109s ]
SQL: SELECT * FROM `vv_config`  [ RunTime:0.0004s ]
NOTIC: [8] unserialize(): Error at offset 75 of 79 bytes D:\wwwroot\demo.52jscn.com\Application\Admin\Controller\AdminController.class.php 第 36 行.
NOTIC: [8] unserialize(): Error at offset 45 of 108 bytes D:\wwwroot\demo.52jscn.com\Application\Admin\Controller\AdminController.class.php 第 36 行.
NOTIC: [8] Undefined index: title D:\wwwroot\demo.52jscn.com\Application\Admin\Controller\BookController.class.php 第 7 行.
NOTIC: [8] Undefined index: order D:\wwwroot\demo.52jscn.com\Application\Admin\Controller\BookController.class.php 第 14 行.
NOTIC: [8] Undefined variable: where D:\wwwroot\demo.52jscn.com\Application\Admin\Controller\BookController.class.php 第 18 行.
SQL: SHOW COLUMNS FROM `vv_book` [ RunTime:0.0190s ]
SQL: SELECT COUNT(*) AS tp_count FROM `vv_book` LIMIT 1   [ RunTime:0.0004s ]
SQL: SELECT * FROM `vv_book` ORDER BY sort desc LIMIT 0,25   [ RunTime:0.0003s ]
INFO: [ view_parse ] --START--
INFO: [ template_filter ] --START--
INFO: Run Behavior\ContentReplaceBehavior [ RunTime:0.000140s ]
INFO: [ template_filter ] --END-- [ RunTime:0.000180s ]
NOTIC: [8] Undefined index: title D:\wwwroot\demo.52jscn.com\Application\Runtime\Cache\Admin\afa8c6529ef554789834553d1ae7ec47.php 第 251 行.
NOTIC: [8] Undefined index: order D:\wwwroot\demo.52jscn.com\Application\Runtime\Cache\Admin\afa8c6529ef554789834553d1ae7ec47.php 第 264 行.
NOTIC: [8] Undefined index: order D:\wwwroot\demo.52jscn.com\Application\Runtime\Cache\Admin\afa8c6529ef554789834553d1ae7ec47.php 第 266 行.
NOTIC: [8] Undefined index: order D:\wwwroot\demo.52jscn.com\Application\Runtime\Cache\Admin\afa8c6529ef554789834553d1ae7ec47.php 第 277 行.
NOTIC: [8] Undefined index: order D:\wwwroot\demo.52jscn.com\Application\Runtime\Cache\Admin\afa8c6529ef554789834553d1ae7ec47.php 第 279 行.
NOTIC: [8] Undefined index: order D:\wwwroot\demo.52jscn.com\Application\Runtime\Cache\Admin\afa8c6529ef554789834553d1ae7ec47.php 第 283 行.
NOTIC: [8] Undefined index: order D:\wwwroot\demo.52jscn.com\Application\Runtime\Cache\Admin\afa8c6529ef554789834553d1ae7ec47.php 第 285 行.
NOTIC: [8] Undefined index: order D:\wwwroot\demo.52jscn.com\Application\Runtime\Cache\Admin\afa8c6529ef554789834553d1ae7ec47.php 第 289 行.
NOTIC: [8] Undefined index: order D:\wwwroot\demo.52jscn.com\Application\Runtime\Cache\Admin\afa8c6529ef554789834553d1ae7ec47.php 第 291 行.
INFO: Run Behavior\ParseTemplateBehavior [ RunTime:0.017747s ]
INFO: [ view_parse ] --END-- [ RunTime:0.017865s ]
INFO: [ view_filter ] --START--
INFO: Run Behavior\WriteHtmlCacheBehavior [ RunTime:0.000890s ]
INFO: [ view_filter ] --END-- [ RunTime:0.000957s ]
INFO: [ app_end ] --START--
INFO: Run Behavior\ShowPageTraceBehavior [ RunTime:0.000676s ]
INFO: [ app_end ] --END-- [ RunTime:0.000718s ]

[ 2019-08-19T00:03:00+08:00 ] 127.0.0.1 /efucms.php?m=Admin&c=Product&a=index
INFO: [ app_init ] --START--
INFO: Run Behavior\BuildLiteBehavior [ RunTime:0.000010s ]
INFO: [ app_init ] --END-- [ RunTime:0.000477s ]
INFO: [ app_begin ] --START--
INFO: Run Behavior\ReadHtmlCacheBehavior [ RunTime:0.000619s ]
INFO: [ app_begin ] --END-- [ RunTime:0.000657s ]
SQL: SHOW COLUMNS FROM `vv_config` [ RunTime:0.0092s ]
SQL: SELECT * FROM `vv_config`  [ RunTime:0.0004s ]
NOTIC: [8] unserialize(): Error at offset 75 of 79 bytes D:\wwwroot\demo.52jscn.com\Application\Admin\Controller\AdminController.class.php 第 36 行.
NOTIC: [8] unserialize(): Error at offset 45 of 108 bytes D:\wwwroot\demo.52jscn.com\Application\Admin\Controller\AdminController.class.php 第 36 行.
NOTIC: [8] Undefined index: title D:\wwwroot\demo.52jscn.com\Application\Admin\Controller\ProductController.class.php 第 7 行.
NOTIC: [8] Undefined index: order D:\wwwroot\demo.52jscn.com\Application\Admin\Controller\ProductController.class.php 第 14 行.
NOTIC: [8] Undefined variable: where D:\wwwroot\demo.52jscn.com\Application\Admin\Controller\ProductController.class.php 第 18 行.
SQL: SHOW COLUMNS FROM `vv_mh_list` [ RunTime:0.0100s ]
SQL: SELECT COUNT(*) AS tp_count FROM `vv_mh_list` LIMIT 1   [ RunTime:0.0003s ]
SQL: SELECT * FROM `vv_mh_list` ORDER BY sort desc,id desc LIMIT 0,25   [ RunTime:0.0020s ]
INFO: [ view_parse ] --START--
INFO: [ template_filter ] --START--
INFO: Run Behavior\ContentReplaceBehavior [ RunTime:0.000165s ]
INFO: [ template_filter ] --END-- [ RunTime:0.000214s ]
NOTIC: [8] Undefined index: title D:\wwwroot\demo.52jscn.com\Application\Runtime\Cache\Admin\34e4b095905075aaede5ee9039415509.php 第 251 行.
NOTIC: [8] Undefined index: order D:\wwwroot\demo.52jscn.com\Application\Runtime\Cache\Admin\34e4b095905075aaede5ee9039415509.php 第 264 行.
NOTIC: [8] Undefined index: order D:\wwwroot\demo.52jscn.com\Application\Runtime\Cache\Admin\34e4b095905075aaede5ee9039415509.php 第 266 行.
NOTIC: [8] Undefined index: order D:\wwwroot\demo.52jscn.com\Application\Runtime\Cache\Admin\34e4b095905075aaede5ee9039415509.php 第 277 行.
NOTIC: [8] Undefined index: order D:\wwwroot\demo.52jscn.com\Application\Runtime\Cache\Admin\34e4b095905075aaede5ee9039415509.php 第 279 行.
NOTIC: [8] Undefined index: order D:\wwwroot\demo.52jscn.com\Application\Runtime\Cache\Admin\34e4b095905075aaede5ee9039415509.php 第 283 行.
NOTIC: [8] Undefined index: order D:\wwwroot\demo.52jscn.com\Application\Runtime\Cache\Admin\34e4b095905075aaede5ee9039415509.php 第 285 行.
NOTIC: [8] Undefined index: order D:\wwwroot\demo.52jscn.com\Application\Runtime\Cache\Admin\34e4b095905075aaede5ee9039415509.php 第 289 行.
NOTIC: [8] Undefined index: order D:\wwwroot\demo.52jscn.com\Application\Runtime\Cache\Admin\34e4b095905075aaede5ee9039415509.php 第 291 行.
INFO: Run Behavior\ParseTemplateBehavior [ RunTime:0.013488s ]
INFO: [ view_parse ] --END-- [ RunTime:0.013528s ]
INFO: [ view_filter ] --START--
INFO: Run Behavior\WriteHtmlCacheBehavior [ RunTime:0.000448s ]
INFO: [ view_filter ] --END-- [ RunTime:0.000481s ]
INFO: [ app_end ] --START--
INFO: Run Behavior\ShowPageTraceBehavior [ RunTime:0.000840s ]
INFO: [ app_end ] --END-- [ RunTime:0.000883s ]

[ 2019-08-19T00:03:04+08:00 ] 127.0.0.1 /efucms.php?m=Admin&c=Yook&a=index
INFO: [ app_init ] --START--
INFO: Run Behavior\BuildLiteBehavior [ RunTime:0.000010s ]
INFO: [ app_init ] --END-- [ RunTime:0.000446s ]
INFO: [ app_begin ] --START--
INFO: Run Behavior\ReadHtmlCacheBehavior [ RunTime:0.000616s ]
INFO: [ app_begin ] --END-- [ RunTime:0.000654s ]
NOTIC: [2] Declaration of Admin\Controller\YookController::upload($file) should be compatible with Admin\Controller\AdminController::upload() D:\wwwroot\demo.52jscn.com\Application\Admin\Controller\YookController.class.php 第 4 行.
SQL: SHOW COLUMNS FROM `vv_config` [ RunTime:0.0091s ]
SQL: SELECT * FROM `vv_config`  [ RunTime:0.0003s ]
NOTIC: [8] unserialize(): Error at offset 75 of 79 bytes D:\wwwroot\demo.52jscn.com\Application\Admin\Controller\AdminController.class.php 第 36 行.
NOTIC: [8] unserialize(): Error at offset 45 of 108 bytes D:\wwwroot\demo.52jscn.com\Application\Admin\Controller\AdminController.class.php 第 36 行.
NOTIC: [8] Undefined index: title D:\wwwroot\demo.52jscn.com\Application\Admin\Controller\YookController.class.php 第 7 行.
NOTIC: [8] Undefined index: order D:\wwwroot\demo.52jscn.com\Application\Admin\Controller\YookController.class.php 第 14 行.
NOTIC: [8] Undefined variable: where D:\wwwroot\demo.52jscn.com\Application\Admin\Controller\YookController.class.php 第 18 行.
SQL: SHOW COLUMNS FROM `vv_yook` [ RunTime:0.0109s ]
SQL: SELECT COUNT(*) AS tp_count FROM `vv_yook` LIMIT 1   [ RunTime:0.0002s ]
SQL: SELECT * FROM `vv_yook` ORDER BY sort desc LIMIT 0,25   [ RunTime:0.0002s ]
INFO: [ view_parse ] --START--
INFO: [ template_filter ] --START--
INFO: Run Behavior\ContentReplaceBehavior [ RunTime:0.000139s ]
INFO: [ template_filter ] --END-- [ RunTime:0.000183s ]
NOTIC: [8] Undefined index: title D:\wwwroot\demo.52jscn.com\Application\Runtime\Cache\Admin\6b370542adc3dd6fa8057422bcc6ee65.php 第 251 行.
NOTIC: [8] Undefined index: order D:\wwwroot\demo.52jscn.com\Application\Runtime\Cache\Admin\6b370542adc3dd6fa8057422bcc6ee65.php 第 272 行.
NOTIC: [8] Undefined index: order D:\wwwroot\demo.52jscn.com\Application\Runtime\Cache\Admin\6b370542adc3dd6fa8057422bcc6ee65.php 第 274 行.
NOTIC: [8] Undefined index: order D:\wwwroot\demo.52jscn.com\Application\Runtime\Cache\Admin\6b370542adc3dd6fa8057422bcc6ee65.php 第 278 行.
NOTIC: [8] Undefined index: order D:\wwwroot\demo.52jscn.com\Application\Runtime\Cache\Admin\6b370542adc3dd6fa8057422bcc6ee65.php 第 280 行.
NOTIC: [8] Undefined index: order D:\wwwroot\demo.52jscn.com\Application\Runtime\Cache\Admin\6b370542adc3dd6fa8057422bcc6ee65.php 第 284 行.
NOTIC: [8] Undefined index: order D:\wwwroot\demo.52jscn.com\Application\Runtime\Cache\Admin\6b370542adc3dd6fa8057422bcc6ee65.php 第 286 行.
INFO: Run Behavior\ParseTemplateBehavior [ RunTime:0.017800s ]
INFO: [ view_parse ] --END-- [ RunTime:0.017840s ]
INFO: [ view_filter ] --START--
INFO: Run Behavior\WriteHtmlCacheBehavior [ RunTime:0.000456s ]
INFO: [ view_filter ] --END-- [ RunTime:0.000486s ]
INFO: [ app_end ] --START--
INFO: Run Behavior\ShowPageTraceBehavior [ RunTime:0.000699s ]
INFO: [ app_end ] --END-- [ RunTime:0.000742s ]

[ 2019-08-19T00:03:07+08:00 ] 127.0.0.1 /efucms.php?m=Admin&c=Video&a=index
INFO: [ app_init ] --START--
INFO: Run Behavior\BuildLiteBehavior [ RunTime:0.000008s ]
INFO: [ app_init ] --END-- [ RunTime:0.000332s ]
INFO: [ app_begin ] --START--
INFO: Run Behavior\ReadHtmlCacheBehavior [ RunTime:0.000451s ]
INFO: [ app_begin ] --END-- [ RunTime:0.000478s ]
SQL: SHOW COLUMNS FROM `vv_config` [ RunTime:0.0079s ]
SQL: SELECT * FROM `vv_config`  [ RunTime:0.0003s ]
NOTIC: [8] unserialize(): Error at offset 75 of 79 bytes D:\wwwroot\demo.52jscn.com\Application\Admin\Controller\AdminController.class.php 第 36 行.
NOTIC: [8] unserialize(): Error at offset 45 of 108 bytes D:\wwwroot\demo.52jscn.com\Application\Admin\Controller\AdminController.class.php 第 36 行.
SQL: SHOW COLUMNS FROM `vv_video` [ RunTime:0.0084s ]
SQL: SELECT COUNT(*) AS tp_count FROM `vv_video` LIMIT 1   [ RunTime:0.0001s ]
SQL: SELECT * FROM `vv_video` ORDER BY sort desc,id desc LIMIT 0,25   [ RunTime:0.0002s ]
INFO: [ view_parse ] --START--
INFO: [ template_filter ] --START--
INFO: Run Behavior\ContentReplaceBehavior [ RunTime:0.000086s ]
INFO: [ template_filter ] --END-- [ RunTime:0.000114s ]
INFO: Run Behavior\ParseTemplateBehavior [ RunTime:0.008359s ]
INFO: [ view_parse ] --END-- [ RunTime:0.008388s ]
INFO: [ view_filter ] --START--
INFO: Run Behavior\WriteHtmlCacheBehavior [ RunTime:0.000324s ]
INFO: [ view_filter ] --END-- [ RunTime:0.000345s ]
INFO: [ app_end ] --START--
INFO: Run Behavior\ShowPageTraceBehavior [ RunTime:0.000482s ]
INFO: [ app_end ] --END-- [ RunTime:0.000508s ]

[ 2019-08-19T00:03:11+08:00 ] 127.0.0.1 /efucms.php?m=Admin&c=Product&a=index
INFO: [ app_init ] --START--
INFO: Run Behavior\BuildLiteBehavior [ RunTime:0.000007s ]
INFO: [ app_init ] --END-- [ RunTime:0.000328s ]
INFO: [ app_begin ] --START--
INFO: Run Behavior\ReadHtmlCacheBehavior [ RunTime:0.000450s ]
INFO: [ app_begin ] --END-- [ RunTime:0.000478s ]
SQL: SHOW COLUMNS FROM `vv_config` [ RunTime:0.0125s ]
SQL: SELECT * FROM `vv_config`  [ RunTime:0.0005s ]
NOTIC: [8] unserialize(): Error at offset 75 of 79 bytes D:\wwwroot\demo.52jscn.com\Application\Admin\Controller\AdminController.class.php 第 36 行.
NOTIC: [8] unserialize(): Error at offset 45 of 108 bytes D:\wwwroot\demo.52jscn.com\Application\Admin\Controller\AdminController.class.php 第 36 行.
NOTIC: [8] Undefined index: title D:\wwwroot\demo.52jscn.com\Application\Admin\Controller\ProductController.class.php 第 7 行.
NOTIC: [8] Undefined index: order D:\wwwroot\demo.52jscn.com\Application\Admin\Controller\ProductController.class.php 第 14 行.
NOTIC: [8] Undefined variable: where D:\wwwroot\demo.52jscn.com\Application\Admin\Controller\ProductController.class.php 第 18 行.
SQL: SHOW COLUMNS FROM `vv_mh_list` [ RunTime:0.0138s ]
SQL: SELECT COUNT(*) AS tp_count FROM `vv_mh_list` LIMIT 1   [ RunTime:0.0003s ]
SQL: SELECT * FROM `vv_mh_list` ORDER BY sort desc,id desc LIMIT 0,25   [ RunTime:0.0019s ]
INFO: [ view_parse ] --START--
INFO: [ template_filter ] --START--
INFO: Run Behavior\ContentReplaceBehavior [ RunTime:0.000139s ]
INFO: [ template_filter ] --END-- [ RunTime:0.000171s ]
NOTIC: [8] Undefined index: title D:\wwwroot\demo.52jscn.com\Application\Runtime\Cache\Admin\34e4b095905075aaede5ee9039415509.php 第 251 行.
NOTIC: [8] Undefined index: order D:\wwwroot\demo.52jscn.com\Application\Runtime\Cache\Admin\34e4b095905075aaede5ee9039415509.php 第 264 行.
NOTIC: [8] Undefined index: order D:\wwwroot\demo.52jscn.com\Application\Runtime\Cache\Admin\34e4b095905075aaede5ee9039415509.php 第 266 行.
NOTIC: [8] Undefined index: order D:\wwwroot\demo.52jscn.com\Application\Runtime\Cache\Admin\34e4b095905075aaede5ee9039415509.php 第 277 行.
NOTIC: [8] Undefined index: order D:\wwwroot\demo.52jscn.com\Application\Runtime\Cache\Admin\34e4b095905075aaede5ee9039415509.php 第 279 行.
NOTIC: [8] Undefined index: order D:\wwwroot\demo.52jscn.com\Application\Runtime\Cache\Admin\34e4b095905075aaede5ee9039415509.php 第 283 行.
NOTIC: [8] Undefined index: order D:\wwwroot\demo.52jscn.com\Application\Runtime\Cache\Admin\34e4b095905075aaede5ee9039415509.php 第 285 行.
NOTIC: [8] Undefined index: order D:\wwwroot\demo.52jscn.com\Application\Runtime\Cache\Admin\34e4b095905075aaede5ee9039415509.php 第 289 行.
NOTIC: [8] Undefined index: order D:\wwwroot\demo.52jscn.com\Application\Runtime\Cache\Admin\34e4b095905075aaede5ee9039415509.php 第 291 行.
INFO: Run Behavior\ParseTemplateBehavior [ RunTime:0.013306s ]
INFO: [ view_parse ] --END-- [ RunTime:0.013346s ]
INFO: [ view_filter ] --START--
INFO: Run Behavior\WriteHtmlCacheBehavior [ RunTime:0.000434s ]
INFO: [ view_filter ] --END-- [ RunTime:0.000463s ]
INFO: [ app_end ] --START--
INFO: Run Behavior\ShowPageTraceBehavior [ RunTime:0.000651s ]
INFO: [ app_end ] --END-- [ RunTime:0.000693s ]

[ 2019-08-19T00:05:18+08:00 ] 127.0.0.1 /efucms.php?m=Admin&c=Product&a=index
INFO: [ app_init ] --START--
INFO: Run Behavior\BuildLiteBehavior [ RunTime:0.000008s ]
INFO: [ app_init ] --END-- [ RunTime:0.000576s ]
INFO: [ app_begin ] --START--
INFO: Run Behavior\ReadHtmlCacheBehavior [ RunTime:0.000881s ]
INFO: [ app_begin ] --END-- [ RunTime:0.000919s ]
SQL: SHOW COLUMNS FROM `vv_config` [ RunTime:0.0090s ]
SQL: SELECT * FROM `vv_config`  [ RunTime:0.0004s ]
NOTIC: [8] unserialize(): Error at offset 75 of 79 bytes D:\wwwroot\demo.52jscn.com\Application\Admin\Controller\AdminController.class.php 第 36 行.
NOTIC: [8] unserialize(): Error at offset 45 of 108 bytes D:\wwwroot\demo.52jscn.com\Application\Admin\Controller\AdminController.class.php 第 36 行.
NOTIC: [8] Undefined index: title D:\wwwroot\demo.52jscn.com\Application\Admin\Controller\ProductController.class.php 第 7 行.
NOTIC: [8] Undefined index: order D:\wwwroot\demo.52jscn.com\Application\Admin\Controller\ProductController.class.php 第 14 行.
NOTIC: [8] Undefined variable: where D:\wwwroot\demo.52jscn.com\Application\Admin\Controller\ProductController.class.php 第 18 行.
SQL: SHOW COLUMNS FROM `vv_mh_list` [ RunTime:0.0095s ]
SQL: SELECT COUNT(*) AS tp_count FROM `vv_mh_list` LIMIT 1   [ RunTime:0.0003s ]
SQL: SELECT * FROM `vv_mh_list` ORDER BY sort desc,id desc LIMIT 0,25   [ RunTime:0.0020s ]
INFO: [ view_parse ] --START--
INFO: [ template_filter ] --START--
INFO: Run Behavior\ContentReplaceBehavior [ RunTime:0.000229s ]
INFO: [ template_filter ] --END-- [ RunTime:0.000301s ]
NOTIC: [8] Undefined index: title D:\wwwroot\demo.52jscn.com\Application\Runtime\Cache\Admin\34e4b095905075aaede5ee9039415509.php 第 251 行.
NOTIC: [8] Undefined index: order D:\wwwroot\demo.52jscn.com\Application\Runtime\Cache\Admin\34e4b095905075aaede5ee9039415509.php 第 264 行.
NOTIC: [8] Undefined index: order D:\wwwroot\demo.52jscn.com\Application\Runtime\Cache\Admin\34e4b095905075aaede5ee9039415509.php 第 266 行.
NOTIC: [8] Undefined index: order D:\wwwroot\demo.52jscn.com\Application\Runtime\Cache\Admin\34e4b095905075aaede5ee9039415509.php 第 277 行.
NOTIC: [8] Undefined index: order D:\wwwroot\demo.52jscn.com\Application\Runtime\Cache\Admin\34e4b095905075aaede5ee9039415509.php 第 279 行.
NOTIC: [8] Undefined index: order D:\wwwroot\demo.52jscn.com\Application\Runtime\Cache\Admin\34e4b095905075aaede5ee9039415509.php 第 283 行.
NOTIC: [8] Undefined index: order D:\wwwroot\demo.52jscn.com\Application\Runtime\Cache\Admin\34e4b095905075aaede5ee9039415509.php 第 285 行.
NOTIC: [8] Undefined index: order D:\wwwroot\demo.52jscn.com\Application\Runtime\Cache\Admin\34e4b095905075aaede5ee9039415509.php 第 289 行.
NOTIC: [8] Undefined index: order D:\wwwroot\demo.52jscn.com\Application\Runtime\Cache\Admin\34e4b095905075aaede5ee9039415509.php 第 291 行.
INFO: Run Behavior\ParseTemplateBehavior [ RunTime:0.019438s ]
INFO: [ view_parse ] --END-- [ RunTime:0.019477s ]
INFO: [ view_filter ] --START--
INFO: Run Behavior\WriteHtmlCacheBehavior [ RunTime:0.000765s ]
INFO: [ view_filter ] --END-- [ RunTime:0.000795s ]
INFO: [ app_end ] --START--
INFO: Run Behavior\ShowPageTraceBehavior [ RunTime:0.001688s ]
INFO: [ app_end ] --END-- [ RunTime:0.001759s ]

[ 2019-08-19T00:06:30+08:00 ] 127.0.0.1 /efucms.php?m=Admin&c=Product&a=index
INFO: [ app_init ] --START--
INFO: Run Behavior\BuildLiteBehavior [ RunTime:0.000010s ]
INFO: [ app_init ] --END-- [ RunTime:0.000428s ]
INFO: [ app_begin ] --START--
INFO: Run Behavior\ReadHtmlCacheBehavior [ RunTime:0.000583s ]
INFO: [ app_begin ] --END-- [ RunTime:0.000619s ]
SQL: SHOW COLUMNS FROM `vv_config` [ RunTime:0.0100s ]
SQL: SELECT * FROM `vv_config`  [ RunTime:0.0004s ]
NOTIC: [8] unserialize(): Error at offset 75 of 79 bytes D:\wwwroot\demo.52jscn.com\Application\Admin\Controller\AdminController.class.php 第 36 行.
NOTIC: [8] unserialize(): Error at offset 45 of 108 bytes D:\wwwroot\demo.52jscn.com\Application\Admin\Controller\AdminController.class.php 第 36 行.
NOTIC: [8] Undefined index: title D:\wwwroot\demo.52jscn.com\Application\Admin\Controller\ProductController.class.php 第 7 行.
NOTIC: [8] Undefined index: order D:\wwwroot\demo.52jscn.com\Application\Admin\Controller\ProductController.class.php 第 14 行.
NOTIC: [8] Undefined variable: where D:\wwwroot\demo.52jscn.com\Application\Admin\Controller\ProductController.class.php 第 18 行.
SQL: SHOW COLUMNS FROM `vv_mh_list` [ RunTime:0.0095s ]
SQL: SELECT COUNT(*) AS tp_count FROM `vv_mh_list` LIMIT 1   [ RunTime:0.0003s ]
SQL: SELECT * FROM `vv_mh_list` ORDER BY sort desc,id desc LIMIT 0,25   [ RunTime:0.0019s ]
INFO: [ view_parse ] --START--
INFO: [ template_filter ] --START--
INFO: Run Behavior\ContentReplaceBehavior [ RunTime:0.000139s ]
INFO: [ template_filter ] --END-- [ RunTime:0.000173s ]
NOTIC: [8] Undefined index: title D:\wwwroot\demo.52jscn.com\Application\Runtime\Cache\Admin\34e4b095905075aaede5ee9039415509.php 第 251 行.
NOTIC: [8] Undefined index: order D:\wwwroot\demo.52jscn.com\Application\Runtime\Cache\Admin\34e4b095905075aaede5ee9039415509.php 第 264 行.
NOTIC: [8] Undefined index: order D:\wwwroot\demo.52jscn.com\Application\Runtime\Cache\Admin\34e4b095905075aaede5ee9039415509.php 第 266 行.
NOTIC: [8] Undefined index: order D:\wwwroot\demo.52jscn.com\Application\Runtime\Cache\Admin\34e4b095905075aaede5ee9039415509.php 第 277 行.
NOTIC: [8] Undefined index: order D:\wwwroot\demo.52jscn.com\Application\Runtime\Cache\Admin\34e4b095905075aaede5ee9039415509.php 第 279 行.
NOTIC: [8] Undefined index: order D:\wwwroot\demo.52jscn.com\Application\Runtime\Cache\Admin\34e4b095905075aaede5ee9039415509.php 第 283 行.
NOTIC: [8] Undefined index: order D:\wwwroot\demo.52jscn.com\Application\Runtime\Cache\Admin\34e4b095905075aaede5ee9039415509.php 第 285 行.
NOTIC: [8] Undefined index: order D:\wwwroot\demo.52jscn.com\Application\Runtime\Cache\Admin\34e4b095905075aaede5ee9039415509.php 第 289 行.
NOTIC: [8] Undefined index: order D:\wwwroot\demo.52jscn.com\Application\Runtime\Cache\Admin\34e4b095905075aaede5ee9039415509.php 第 291 行.
INFO: Run Behavior\ParseTemplateBehavior [ RunTime:0.012764s ]
INFO: [ view_parse ] --END-- [ RunTime:0.012802s ]
INFO: [ view_filter ] --START--
INFO: Run Behavior\WriteHtmlCacheBehavior [ RunTime:0.000420s ]
INFO: [ view_filter ] --END-- [ RunTime:0.000450s ]
INFO: [ app_end ] --START--
INFO: Run Behavior\ShowPageTraceBehavior [ RunTime:0.000678s ]
INFO: [ app_end ] --END-- [ RunTime:0.000721s ]

[ 2019-08-19T00:45:49+08:00 ] 127.0.0.1 /efucms.php?m=Admin&c=Product&a=index
INFO: [ app_init ] --START--
INFO: Run Behavior\BuildLiteBehavior [ RunTime:0.000015s ]
INFO: [ app_init ] --END-- [ RunTime:0.000758s ]
INFO: [ app_begin ] --START--
INFO: Run Behavior\ReadHtmlCacheBehavior [ RunTime:0.000893s ]
INFO: [ app_begin ] --END-- [ RunTime:0.000931s ]
SQL: SHOW COLUMNS FROM `vv_config` [ RunTime:0.0108s ]
SQL: SELECT * FROM `vv_config`  [ RunTime:0.0003s ]
NOTIC: [8] unserialize(): Error at offset 75 of 79 bytes D:\wwwroot\demo.52jscn.com\Application\Admin\Controller\AdminController.class.php 第 36 行.
NOTIC: [8] unserialize(): Error at offset 45 of 108 bytes D:\wwwroot\demo.52jscn.com\Application\Admin\Controller\AdminController.class.php 第 36 行.
NOTIC: [8] Undefined index: title D:\wwwroot\demo.52jscn.com\Application\Admin\Controller\ProductController.class.php 第 7 行.
NOTIC: [8] Undefined index: order D:\wwwroot\demo.52jscn.com\Application\Admin\Controller\ProductController.class.php 第 14 行.
NOTIC: [8] Undefined variable: where D:\wwwroot\demo.52jscn.com\Application\Admin\Controller\ProductController.class.php 第 18 行.
SQL: SHOW COLUMNS FROM `vv_mh_list` [ RunTime:0.0098s ]
SQL: SELECT COUNT(*) AS tp_count FROM `vv_mh_list` LIMIT 1   [ RunTime:0.0003s ]
SQL: SELECT * FROM `vv_mh_list` ORDER BY sort desc,id desc LIMIT 0,25   [ RunTime:0.0021s ]
INFO: [ view_parse ] --START--
INFO: [ template_filter ] --START--
INFO: Run Behavior\ContentReplaceBehavior [ RunTime:0.000141s ]
INFO: [ template_filter ] --END-- [ RunTime:0.000183s ]
NOTIC: [8] Undefined index: title D:\wwwroot\demo.52jscn.com\Application\Runtime\Cache\Admin\34e4b095905075aaede5ee9039415509.php 第 251 行.
NOTIC: [8] Undefined index: order D:\wwwroot\demo.52jscn.com\Application\Runtime\Cache\Admin\34e4b095905075aaede5ee9039415509.php 第 264 行.
NOTIC: [8] Undefined index: order D:\wwwroot\demo.52jscn.com\Application\Runtime\Cache\Admin\34e4b095905075aaede5ee9039415509.php 第 266 行.
NOTIC: [8] Undefined index: order D:\wwwroot\demo.52jscn.com\Application\Runtime\Cache\Admin\34e4b095905075aaede5ee9039415509.php 第 277 行.
NOTIC: [8] Undefined index: order D:\wwwroot\demo.52jscn.com\Application\Runtime\Cache\Admin\34e4b095905075aaede5ee9039415509.php 第 279 行.
NOTIC: [8] Undefined index: order D:\wwwroot\demo.52jscn.com\Application\Runtime\Cache\Admin\34e4b095905075aaede5ee9039415509.php 第 283 行.
NOTIC: [8] Undefined index: order D:\wwwroot\demo.52jscn.com\Application\Runtime\Cache\Admin\34e4b095905075aaede5ee9039415509.php 第 285 行.
NOTIC: [8] Undefined index: order D:\wwwroot\demo.52jscn.com\Application\Runtime\Cache\Admin\34e4b095905075aaede5ee9039415509.php 第 289 行.
NOTIC: [8] Undefined index: order D:\wwwroot\demo.52jscn.com\Application\Runtime\Cache\Admin\34e4b095905075aaede5ee9039415509.php 第 291 行.
INFO: Run Behavior\ParseTemplateBehavior [ RunTime:0.018603s ]
INFO: [ view_parse ] --END-- [ RunTime:0.018704s ]
INFO: [ view_filter ] --START--
INFO: Run Behavior\WriteHtmlCacheBehavior [ RunTime:0.000763s ]
INFO: [ view_filter ] --END-- [ RunTime:0.000792s ]
INFO: [ app_end ] --START--
INFO: Run Behavior\ShowPageTraceBehavior [ RunTime:0.000948s ]
INFO: [ app_end ] --END-- [ RunTime:0.000985s ]

[ 2019-08-19T00:45:50+08:00 ] 127.0.0.1 /efucms.php?m=Admin&c=Product&a=index
INFO: [ app_init ] --START--
INFO: Run Behavior\BuildLiteBehavior [ RunTime:0.000015s ]
INFO: [ app_init ] --END-- [ RunTime:0.000765s ]
INFO: [ app_begin ] --START--
INFO: Run Behavior\ReadHtmlCacheBehavior [ RunTime:0.000960s ]
INFO: [ app_begin ] --END-- [ RunTime:0.001006s ]
SQL: SHOW COLUMNS FROM `vv_config` [ RunTime:0.0087s ]
SQL: SELECT * FROM `vv_config`  [ RunTime:0.0003s ]
NOTIC: [8] unserialize(): Error at offset 75 of 79 bytes D:\wwwroot\demo.52jscn.com\Application\Admin\Controller\AdminController.class.php 第 36 行.
NOTIC: [8] unserialize(): Error at offset 45 of 108 bytes D:\wwwroot\demo.52jscn.com\Application\Admin\Controller\AdminController.class.php 第 36 行.
NOTIC: [8] Undefined index: title D:\wwwroot\demo.52jscn.com\Application\Admin\Controller\ProductController.class.php 第 7 行.
NOTIC: [8] Undefined index: order D:\wwwroot\demo.52jscn.com\Application\Admin\Controller\ProductController.class.php 第 14 行.
NOTIC: [8] Undefined variable: where D:\wwwroot\demo.52jscn.com\Application\Admin\Controller\ProductController.class.php 第 18 行.
SQL: SHOW COLUMNS FROM `vv_mh_list` [ RunTime:0.0094s ]
SQL: SELECT COUNT(*) AS tp_count FROM `vv_mh_list` LIMIT 1   [ RunTime:0.0002s ]
SQL: SELECT * FROM `vv_mh_list` ORDER BY sort desc,id desc LIMIT 0,25   [ RunTime:0.0004s ]
INFO: [ view_parse ] --START--
INFO: [ template_filter ] --START--
INFO: Run Behavior\ContentReplaceBehavior [ RunTime:0.000141s ]
INFO: [ template_filter ] --END-- [ RunTime:0.000187s ]
NOTIC: [8] Undefined index: title D:\wwwroot\demo.52jscn.com\Application\Runtime\Cache\Admin\34e4b095905075aaede5ee9039415509.php 第 251 行.
NOTIC: [8] Undefined index: order D:\wwwroot\demo.52jscn.com\Application\Runtime\Cache\Admin\34e4b095905075aaede5ee9039415509.php 第 264 行.
NOTIC: [8] Undefined index: order D:\wwwroot\demo.52jscn.com\Application\Runtime\Cache\Admin\34e4b095905075aaede5ee9039415509.php 第 266 行.
NOTIC: [8] Undefined index: order D:\wwwroot\demo.52jscn.com\Application\Runtime\Cache\Admin\34e4b095905075aaede5ee9039415509.php 第 277 行.
NOTIC: [8] Undefined index: order D:\wwwroot\demo.52jscn.com\Application\Runtime\Cache\Admin\34e4b095905075aaede5ee9039415509.php 第 279 行.
NOTIC: [8] Undefined index: order D:\wwwroot\demo.52jscn.com\Application\Runtime\Cache\Admin\34e4b095905075aaede5ee9039415509.php 第 283 行.
NOTIC: [8] Undefined index: order D:\wwwroot\demo.52jscn.com\Application\Runtime\Cache\Admin\34e4b095905075aaede5ee9039415509.php 第 285 行.
NOTIC: [8] Undefined index: order D:\wwwroot\demo.52jscn.com\Application\Runtime\Cache\Admin\34e4b095905075aaede5ee9039415509.php 第 289 行.
NOTIC: [8] Undefined index: order D:\wwwroot\demo.52jscn.com\Application\Runtime\Cache\Admin\34e4b095905075aaede5ee9039415509.php 第 291 行.
INFO: Run Behavior\ParseTemplateBehavior [ RunTime:0.018488s ]
INFO: [ view_parse ] --END-- [ RunTime:0.018577s ]
INFO: [ view_filter ] --START--
INFO: Run Behavior\WriteHtmlCacheBehavior [ RunTime:0.000759s ]
INFO: [ view_filter ] --END-- [ RunTime:0.000790s ]
INFO: [ app_end ] --START--
INFO: Run Behavior\ShowPageTraceBehavior [ RunTime:0.000930s ]
INFO: [ app_end ] --END-- [ RunTime:0.000966s ]

[ 2019-08-19T00:45:52+08:00 ] 127.0.0.1 /efucms.php?m=Admin&c=Product&a=index&order=id&type=desc
INFO: [ app_init ] --START--
INFO: Run Behavior\BuildLiteBehavior [ RunTime:0.000022s ]
INFO: [ app_init ] --END-- [ RunTime:0.001164s ]
INFO: [ app_begin ] --START--
INFO: Run Behavior\ReadHtmlCacheBehavior [ RunTime:0.000944s ]
INFO: [ app_begin ] --END-- [ RunTime:0.000996s ]
SQL: SHOW COLUMNS FROM `vv_config` [ RunTime:0.0070s ]
SQL: SELECT * FROM `vv_config`  [ RunTime:0.0003s ]
NOTIC: [8] unserialize(): Error at offset 75 of 79 bytes D:\wwwroot\demo.52jscn.com\Application\Admin\Controller\AdminController.class.php 第 36 行.
NOTIC: [8] unserialize(): Error at offset 45 of 108 bytes D:\wwwroot\demo.52jscn.com\Application\Admin\Controller\AdminController.class.php 第 36 行.
NOTIC: [8] Undefined index: title D:\wwwroot\demo.52jscn.com\Application\Admin\Controller\ProductController.class.php 第 7 行.
NOTIC: [8] Undefined variable: where D:\wwwroot\demo.52jscn.com\Application\Admin\Controller\ProductController.class.php 第 18 行.
SQL: SHOW COLUMNS FROM `vv_mh_list` [ RunTime:0.0073s ]
SQL: SELECT COUNT(*) AS tp_count FROM `vv_mh_list` LIMIT 1   [ RunTime:0.0002s ]
SQL: SELECT * FROM `vv_mh_list` ORDER BY id desc LIMIT 0,25   [ RunTime:0.0007s ]
INFO: [ view_parse ] --START--
INFO: [ template_filter ] --START--
INFO: Run Behavior\ContentReplaceBehavior [ RunTime:0.000109s ]
INFO: [ template_filter ] --END-- [ RunTime:0.000137s ]
NOTIC: [8] Undefined index: title D:\wwwroot\demo.52jscn.com\Application\Runtime\Cache\Admin\34e4b095905075aaede5ee9039415509.php 第 251 行.
INFO: Run Behavior\ParseTemplateBehavior [ RunTime:0.014520s ]
INFO: [ view_parse ] --END-- [ RunTime:0.014609s ]
INFO: [ view_filter ] --START--
INFO: Run Behavior\WriteHtmlCacheBehavior [ RunTime:0.000589s ]
INFO: [ view_filter ] --END-- [ RunTime:0.000612s ]
INFO: [ app_end ] --START--
INFO: Run Behavior\ShowPageTraceBehavior [ RunTime:0.000793s ]
INFO: [ app_end ] --END-- [ RunTime:0.000827s ]

[ 2019-08-19T00:46:02+08:00 ] 127.0.0.1 /efucms.php?m=Admin&c=Product&a=index&order=id&type=desc&p=57
INFO: [ app_init ] --START--
INFO: Run Behavior\BuildLiteBehavior [ RunTime:0.000008s ]
INFO: [ app_init ] --END-- [ RunTime:0.000424s ]
INFO: [ app_begin ] --START--
INFO: Run Behavior\ReadHtmlCacheBehavior [ RunTime:0.000587s ]
INFO: [ app_begin ] --END-- [ RunTime:0.000623s ]
SQL: SHOW COLUMNS FROM `vv_config` [ RunTime:0.0090s ]
SQL: SELECT * FROM `vv_config`  [ RunTime:0.0003s ]
NOTIC: [8] unserialize(): Error at offset 75 of 79 bytes D:\wwwroot\demo.52jscn.com\Application\Admin\Controller\AdminController.class.php 第 36 行.
NOTIC: [8] unserialize(): Error at offset 45 of 108 bytes D:\wwwroot\demo.52jscn.com\Application\Admin\Controller\AdminController.class.php 第 36 行.
NOTIC: [8] Undefined index: title D:\wwwroot\demo.52jscn.com\Application\Admin\Controller\ProductController.class.php 第 7 行.
NOTIC: [8] Undefined variable: where D:\wwwroot\demo.52jscn.com\Application\Admin\Controller\ProductController.class.php 第 18 行.
SQL: SHOW COLUMNS FROM `vv_mh_list` [ RunTime:0.0095s ]
SQL: SELECT COUNT(*) AS tp_count FROM `vv_mh_list` LIMIT 1   [ RunTime:0.0003s ]
SQL: SELECT * FROM `vv_mh_list` ORDER BY id desc LIMIT 1400,25   [ RunTime:0.0122s ]
INFO: [ view_parse ] --START--
INFO: [ template_filter ] --START--
INFO: Run Behavior\ContentReplaceBehavior [ RunTime:0.000138s ]
INFO: [ template_filter ] --END-- [ RunTime:0.000173s ]
NOTIC: [8] Undefined index: title D:\wwwroot\demo.52jscn.com\Application\Runtime\Cache\Admin\34e4b095905075aaede5ee9039415509.php 第 251 行.
INFO: Run Behavior\ParseTemplateBehavior [ RunTime:0.011921s ]
INFO: [ view_parse ] --END-- [ RunTime:0.011966s ]
INFO: [ view_filter ] --START--
INFO: Run Behavior\WriteHtmlCacheBehavior [ RunTime:0.000448s ]
INFO: [ view_filter ] --END-- [ RunTime:0.000480s ]
INFO: [ app_end ] --START--
INFO: Run Behavior\ShowPageTraceBehavior [ RunTime:0.000647s ]
INFO: [ app_end ] --END-- [ RunTime:0.000686s ]

[ 2019-08-19T00:46:04+08:00 ] 127.0.0.1 /efucms.php?m=Admin&c=Product&a=index&order=id&type=desc&p=57
INFO: [ app_init ] --START--
INFO: Run Behavior\BuildLiteBehavior [ RunTime:0.000015s ]
INFO: [ app_init ] --END-- [ RunTime:0.000772s ]
INFO: [ app_begin ] --START--
INFO: Run Behavior\ReadHtmlCacheBehavior [ RunTime:0.000889s ]
INFO: [ app_begin ] --END-- [ RunTime:0.000928s ]
SQL: SHOW COLUMNS FROM `vv_config` [ RunTime:0.0105s ]
SQL: SELECT * FROM `vv_config`  [ RunTime:0.0006s ]
NOTIC: [8] unserialize(): Error at offset 75 of 79 bytes D:\wwwroot\demo.52jscn.com\Application\Admin\Controller\AdminController.class.php 第 36 行.
NOTIC: [8] unserialize(): Error at offset 45 of 108 bytes D:\wwwroot\demo.52jscn.com\Application\Admin\Controller\AdminController.class.php 第 36 行.
NOTIC: [8] Undefined index: title D:\wwwroot\demo.52jscn.com\Application\Admin\Controller\ProductController.class.php 第 7 行.
NOTIC: [8] Undefined variable: where D:\wwwroot\demo.52jscn.com\Application\Admin\Controller\ProductController.class.php 第 18 行.
SQL: SHOW COLUMNS FROM `vv_mh_list` [ RunTime:0.0098s ]
SQL: SELECT COUNT(*) AS tp_count FROM `vv_mh_list` LIMIT 1   [ RunTime:0.0003s ]
SQL: SELECT * FROM `vv_mh_list` ORDER BY id desc LIMIT 1400,25   [ RunTime:0.0121s ]
INFO: [ view_parse ] --START--
INFO: [ template_filter ] --START--
INFO: Run Behavior\ContentReplaceBehavior [ RunTime:0.000145s ]
INFO: [ template_filter ] --END-- [ RunTime:0.000193s ]
NOTIC: [8] Undefined index: title D:\wwwroot\demo.52jscn.com\Application\Runtime\Cache\Admin\34e4b095905075aaede5ee9039415509.php 第 251 行.
INFO: Run Behavior\ParseTemplateBehavior [ RunTime:0.018055s ]
INFO: [ view_parse ] --END-- [ RunTime:0.018094s ]
INFO: [ view_filter ] --START--
INFO: Run Behavior\WriteHtmlCacheBehavior [ RunTime:0.000775s ]
INFO: [ view_filter ] --END-- [ RunTime:0.000805s ]
INFO: [ app_end ] --START--
INFO: Run Behavior\ShowPageTraceBehavior [ RunTime:0.001018s ]
INFO: [ app_end ] --END-- [ RunTime:0.001062s ]

[ 2019-08-19T01:28:06+08:00 ] 127.0.0.1 /efucms.php?m=Admin&c=Product&a=index
INFO: [ app_init ] --START--
INFO: Run Behavior\BuildLiteBehavior [ RunTime:0.000015s ]
INFO: [ app_init ] --END-- [ RunTime:0.000768s ]
INFO: [ app_begin ] --START--
INFO: Run Behavior\ReadHtmlCacheBehavior [ RunTime:0.000958s ]
INFO: [ app_begin ] --END-- [ RunTime:0.001006s ]
SQL: SHOW COLUMNS FROM `vv_config` [ RunTime:0.0192s ]
SQL: SELECT * FROM `vv_config`  [ RunTime:0.0004s ]
NOTIC: [8] unserialize(): Error at offset 75 of 79 bytes D:\wwwroot\demo.52jscn.com\Application\Admin\Controller\AdminController.class.php 第 36 行.
NOTIC: [8] unserialize(): Error at offset 45 of 108 bytes D:\wwwroot\demo.52jscn.com\Application\Admin\Controller\AdminController.class.php 第 36 行.
NOTIC: [8] Undefined index: title D:\wwwroot\demo.52jscn.com\Application\Admin\Controller\ProductController.class.php 第 7 行.
NOTIC: [8] Undefined index: order D:\wwwroot\demo.52jscn.com\Application\Admin\Controller\ProductController.class.php 第 14 行.
NOTIC: [8] Undefined variable: where D:\wwwroot\demo.52jscn.com\Application\Admin\Controller\ProductController.class.php 第 18 行.
SQL: SHOW COLUMNS FROM `vv_mh_list` [ RunTime:0.0097s ]
SQL: SELECT COUNT(*) AS tp_count FROM `vv_mh_list` LIMIT 1   [ RunTime:0.0005s ]
SQL: SELECT * FROM `vv_mh_list` ORDER BY sort desc,id desc LIMIT 0,25   [ RunTime:0.0024s ]
INFO: [ view_parse ] --START--
INFO: [ template_filter ] --START--
INFO: Run Behavior\ContentReplaceBehavior [ RunTime:0.000142s ]
INFO: [ template_filter ] --END-- [ RunTime:0.000181s ]
NOTIC: [8] Undefined index: title D:\wwwroot\demo.52jscn.com\Application\Runtime\Cache\Admin\34e4b095905075aaede5ee9039415509.php 第 251 行.
NOTIC: [8] Undefined index: order D:\wwwroot\demo.52jscn.com\Application\Runtime\Cache\Admin\34e4b095905075aaede5ee9039415509.php 第 264 行.
NOTIC: [8] Undefined index: order D:\wwwroot\demo.52jscn.com\Application\Runtime\Cache\Admin\34e4b095905075aaede5ee9039415509.php 第 266 行.
NOTIC: [8] Undefined index: order D:\wwwroot\demo.52jscn.com\Application\Runtime\Cache\Admin\34e4b095905075aaede5ee9039415509.php 第 277 行.
NOTIC: [8] Undefined index: order D:\wwwroot\demo.52jscn.com\Application\Runtime\Cache\Admin\34e4b095905075aaede5ee9039415509.php 第 279 行.
NOTIC: [8] Undefined index: order D:\wwwroot\demo.52jscn.com\Application\Runtime\Cache\Admin\34e4b095905075aaede5ee9039415509.php 第 283 行.
NOTIC: [8] Undefined index: order D:\wwwroot\demo.52jscn.com\Application\Runtime\Cache\Admin\34e4b095905075aaede5ee9039415509.php 第 285 行.
NOTIC: [8] Undefined index: order D:\wwwroot\demo.52jscn.com\Application\Runtime\Cache\Admin\34e4b095905075aaede5ee9039415509.php 第 289 行.
NOTIC: [8] Undefined index: order D:\wwwroot\demo.52jscn.com\Application\Runtime\Cache\Admin\34e4b095905075aaede5ee9039415509.php 第 291 行.
INFO: Run Behavior\ParseTemplateBehavior [ RunTime:0.024972s ]
INFO: [ view_parse ] --END-- [ RunTime:0.025157s ]
INFO: [ view_filter ] --START--
INFO: Run Behavior\WriteHtmlCacheBehavior [ RunTime:0.000749s ]
INFO: [ view_filter ] --END-- [ RunTime:0.000779s ]
INFO: [ app_end ] --START--
INFO: Run Behavior\ShowPageTraceBehavior [ RunTime:0.001017s ]
INFO: [ app_end ] --END-- [ RunTime:0.001060s ]

[ 2019-08-19T01:28:10+08:00 ] 127.0.0.1 /efucms.php?m=Admin&c=Product&a=index
INFO: [ app_init ] --START--
INFO: Run Behavior\BuildLiteBehavior [ RunTime:0.000015s ]
INFO: [ app_init ] --END-- [ RunTime:0.000757s ]
INFO: [ app_begin ] --START--
INFO: Run Behavior\ReadHtmlCacheBehavior [ RunTime:0.000967s ]
INFO: [ app_begin ] --END-- [ RunTime:0.001011s ]
SQL: SHOW COLUMNS FROM `vv_config` [ RunTime:0.0125s ]
SQL: SELECT * FROM `vv_config`  [ RunTime:0.0003s ]
NOTIC: [8] unserialize(): Error at offset 75 of 79 bytes D:\wwwroot\demo.52jscn.com\Application\Admin\Controller\AdminController.class.php 第 36 行.
NOTIC: [8] unserialize(): Error at offset 45 of 108 bytes D:\wwwroot\demo.52jscn.com\Application\Admin\Controller\AdminController.class.php 第 36 行.
NOTIC: [8] Undefined index: title D:\wwwroot\demo.52jscn.com\Application\Admin\Controller\ProductController.class.php 第 7 行.
NOTIC: [8] Undefined index: order D:\wwwroot\demo.52jscn.com\Application\Admin\Controller\ProductController.class.php 第 14 行.
NOTIC: [8] Undefined variable: where D:\wwwroot\demo.52jscn.com\Application\Admin\Controller\ProductController.class.php 第 18 行.
SQL: SHOW COLUMNS FROM `vv_mh_list` [ RunTime:0.0093s ]
SQL: SELECT COUNT(*) AS tp_count FROM `vv_mh_list` LIMIT 1   [ RunTime:0.0004s ]
SQL: SELECT * FROM `vv_mh_list` ORDER BY sort desc,id desc LIMIT 0,25   [ RunTime:0.0023s ]
INFO: [ view_parse ] --START--
INFO: [ template_filter ] --START--
INFO: Run Behavior\ContentReplaceBehavior [ RunTime:0.000143s ]
INFO: [ template_filter ] --END-- [ RunTime:0.000188s ]
NOTIC: [8] Undefined index: title D:\wwwroot\demo.52jscn.com\Application\Runtime\Cache\Admin\34e4b095905075aaede5ee9039415509.php 第 251 行.
NOTIC: [8] Undefined index: order D:\wwwroot\demo.52jscn.com\Application\Runtime\Cache\Admin\34e4b095905075aaede5ee9039415509.php 第 264 行.
NOTIC: [8] Undefined index: order D:\wwwroot\demo.52jscn.com\Application\Runtime\Cache\Admin\34e4b095905075aaede5ee9039415509.php 第 266 行.
NOTIC: [8] Undefined index: order D:\wwwroot\demo.52jscn.com\Application\Runtime\Cache\Admin\34e4b095905075aaede5ee9039415509.php 第 277 行.
NOTIC: [8] Undefined index: order D:\wwwroot\demo.52jscn.com\Application\Runtime\Cache\Admin\34e4b095905075aaede5ee9039415509.php 第 279 行.
NOTIC: [8] Undefined index: order D:\wwwroot\demo.52jscn.com\Application\Runtime\Cache\Admin\34e4b095905075aaede5ee9039415509.php 第 283 行.
NOTIC: [8] Undefined index: order D:\wwwroot\demo.52jscn.com\Application\Runtime\Cache\Admin\34e4b095905075aaede5ee9039415509.php 第 285 行.
NOTIC: [8] Undefined index: order D:\wwwroot\demo.52jscn.com\Application\Runtime\Cache\Admin\34e4b095905075aaede5ee9039415509.php 第 289 行.
NOTIC: [8] Undefined index: order D:\wwwroot\demo.52jscn.com\Application\Runtime\Cache\Admin\34e4b095905075aaede5ee9039415509.php 第 291 行.
INFO: Run Behavior\ParseTemplateBehavior [ RunTime:0.019225s ]
INFO: [ view_parse ] --END-- [ RunTime:0.019334s ]
INFO: [ view_filter ] --START--
INFO: Run Behavior\WriteHtmlCacheBehavior [ RunTime:0.000749s ]
INFO: [ view_filter ] --END-- [ RunTime:0.000781s ]
INFO: [ app_end ] --START--
INFO: Run Behavior\ShowPageTraceBehavior [ RunTime:0.001023s ]
INFO: [ app_end ] --END-- [ RunTime:0.001067s ]

[ 2019-08-19T01:28:14+08:00 ] 127.0.0.1 /efucms.php?m=Admin&c=Product&a=index
INFO: [ app_init ] --START--
INFO: Run Behavior\BuildLiteBehavior [ RunTime:0.000014s ]
INFO: [ app_init ] --END-- [ RunTime:0.000787s ]
INFO: [ app_begin ] --START--
INFO: Run Behavior\ReadHtmlCacheBehavior [ RunTime:0.000933s ]
INFO: [ app_begin ] --END-- [ RunTime:0.000972s ]
SQL: SHOW COLUMNS FROM `vv_config` [ RunTime:0.0142s ]
SQL: SELECT * FROM `vv_config`  [ RunTime:0.0004s ]
NOTIC: [8] unserialize(): Error at offset 75 of 79 bytes D:\wwwroot\demo.52jscn.com\Application\Admin\Controller\AdminController.class.php 第 36 行.
NOTIC: [8] unserialize(): Error at offset 45 of 108 bytes D:\wwwroot\demo.52jscn.com\Application\Admin\Controller\AdminController.class.php 第 36 行.
NOTIC: [8] Undefined index: title D:\wwwroot\demo.52jscn.com\Application\Admin\Controller\ProductController.class.php 第 7 行.
NOTIC: [8] Undefined index: order D:\wwwroot\demo.52jscn.com\Application\Admin\Controller\ProductController.class.php 第 14 行.
NOTIC: [8] Undefined variable: where D:\wwwroot\demo.52jscn.com\Application\Admin\Controller\ProductController.class.php 第 18 行.
SQL: SHOW COLUMNS FROM `vv_mh_list` [ RunTime:0.0102s ]
SQL: SELECT COUNT(*) AS tp_count FROM `vv_mh_list` LIMIT 1   [ RunTime:0.0003s ]
SQL: SELECT * FROM `vv_mh_list` ORDER BY sort desc,id desc LIMIT 0,25   [ RunTime:0.0033s ]
INFO: [ view_parse ] --START--
INFO: [ template_filter ] --START--
INFO: Run Behavior\ContentReplaceBehavior [ RunTime:0.000140s ]
INFO: [ template_filter ] --END-- [ RunTime:0.000179s ]
NOTIC: [8] Undefined index: title D:\wwwroot\demo.52jscn.com\Application\Runtime\Cache\Admin\34e4b095905075aaede5ee9039415509.php 第 251 行.
NOTIC: [8] Undefined index: order D:\wwwroot\demo.52jscn.com\Application\Runtime\Cache\Admin\34e4b095905075aaede5ee9039415509.php 第 264 行.
NOTIC: [8] Undefined index: order D:\wwwroot\demo.52jscn.com\Application\Runtime\Cache\Admin\34e4b095905075aaede5ee9039415509.php 第 266 行.
NOTIC: [8] Undefined index: order D:\wwwroot\demo.52jscn.com\Application\Runtime\Cache\Admin\34e4b095905075aaede5ee9039415509.php 第 277 行.
NOTIC: [8] Undefined index: order D:\wwwroot\demo.52jscn.com\Application\Runtime\Cache\Admin\34e4b095905075aaede5ee9039415509.php 第 279 行.
NOTIC: [8] Undefined index: order D:\wwwroot\demo.52jscn.com\Application\Runtime\Cache\Admin\34e4b095905075aaede5ee9039415509.php 第 283 行.
NOTIC: [8] Undefined index: order D:\wwwroot\demo.52jscn.com\Application\Runtime\Cache\Admin\34e4b095905075aaede5ee9039415509.php 第 285 行.
NOTIC: [8] Undefined index: order D:\wwwroot\demo.52jscn.com\Application\Runtime\Cache\Admin\34e4b095905075aaede5ee9039415509.php 第 289 行.
NOTIC: [8] Undefined index: order D:\wwwroot\demo.52jscn.com\Application\Runtime\Cache\Admin\34e4b095905075aaede5ee9039415509.php 第 291 行.
INFO: Run Behavior\ParseTemplateBehavior [ RunTime:0.025843s ]
INFO: [ view_parse ] --END-- [ RunTime:0.026036s ]
INFO: [ view_filter ] --START--
INFO: Run Behavior\WriteHtmlCacheBehavior [ RunTime:0.000804s ]
INFO: [ view_filter ] --END-- [ RunTime:0.000837s ]
INFO: [ app_end ] --START--
INFO: Run Behavior\ShowPageTraceBehavior [ RunTime:0.001066s ]
INFO: [ app_end ] --END-- [ RunTime:0.001110s ]

[ 2019-08-19T01:28:36+08:00 ] 127.0.0.1 /efucms.php?m=Admin&c=Product&a=index
INFO: [ app_init ] --START--
INFO: Run Behavior\BuildLiteBehavior [ RunTime:0.000010s ]
INFO: [ app_init ] --END-- [ RunTime:0.000435s ]
INFO: [ app_begin ] --START--
INFO: Run Behavior\ReadHtmlCacheBehavior [ RunTime:0.000588s ]
INFO: [ app_begin ] --END-- [ RunTime:0.000624s ]
SQL: SHOW COLUMNS FROM `vv_config` [ RunTime:0.0108s ]
SQL: SELECT * FROM `vv_config`  [ RunTime:0.0003s ]
NOTIC: [8] unserialize(): Error at offset 75 of 79 bytes D:\wwwroot\demo.52jscn.com\Application\Admin\Controller\AdminController.class.php 第 36 行.
NOTIC: [8] unserialize(): Error at offset 45 of 108 bytes D:\wwwroot\demo.52jscn.com\Application\Admin\Controller\AdminController.class.php 第 36 行.
NOTIC: [8] Undefined index: title D:\wwwroot\demo.52jscn.com\Application\Admin\Controller\ProductController.class.php 第 7 行.
NOTIC: [8] Undefined index: order D:\wwwroot\demo.52jscn.com\Application\Admin\Controller\ProductController.class.php 第 14 行.
NOTIC: [8] Undefined variable: where D:\wwwroot\demo.52jscn.com\Application\Admin\Controller\ProductController.class.php 第 18 行.
SQL: SHOW COLUMNS FROM `vv_mh_list` [ RunTime:0.0116s ]
SQL: SELECT COUNT(*) AS tp_count FROM `vv_mh_list` LIMIT 1   [ RunTime:0.0005s ]
SQL: SELECT * FROM `vv_mh_list` ORDER BY sort desc,id desc LIMIT 0,25   [ RunTime:0.0039s ]
INFO: [ view_parse ] --START--
INFO: [ template_filter ] --START--
INFO: Run Behavior\ContentReplaceBehavior [ RunTime:0.000140s ]
INFO: [ template_filter ] --END-- [ RunTime:0.000177s ]
NOTIC: [8] Undefined index: title D:\wwwroot\demo.52jscn.com\Application\Runtime\Cache\Admin\34e4b095905075aaede5ee9039415509.php 第 251 行.
NOTIC: [8] Undefined index: order D:\wwwroot\demo.52jscn.com\Application\Runtime\Cache\Admin\34e4b095905075aaede5ee9039415509.php 第 264 行.
NOTIC: [8] Undefined index: order D:\wwwroot\demo.52jscn.com\Application\Runtime\Cache\Admin\34e4b095905075aaede5ee9039415509.php 第 266 行.
NOTIC: [8] Undefined index: order D:\wwwroot\demo.52jscn.com\Application\Runtime\Cache\Admin\34e4b095905075aaede5ee9039415509.php 第 277 行.
NOTIC: [8] Undefined index: order D:\wwwroot\demo.52jscn.com\Application\Runtime\Cache\Admin\34e4b095905075aaede5ee9039415509.php 第 279 行.
NOTIC: [8] Undefined index: order D:\wwwroot\demo.52jscn.com\Application\Runtime\Cache\Admin\34e4b095905075aaede5ee9039415509.php 第 283 行.
NOTIC: [8] Undefined index: order D:\wwwroot\demo.52jscn.com\Application\Runtime\Cache\Admin\34e4b095905075aaede5ee9039415509.php 第 285 行.
NOTIC: [8] Undefined index: order D:\wwwroot\demo.52jscn.com\Application\Runtime\Cache\Admin\34e4b095905075aaede5ee9039415509.php 第 289 行.
NOTIC: [8] Undefined index: order D:\wwwroot\demo.52jscn.com\Application\Runtime\Cache\Admin\34e4b095905075aaede5ee9039415509.php 第 291 行.
INFO: Run Behavior\ParseTemplateBehavior [ RunTime:0.012960s ]
INFO: [ view_parse ] --END-- [ RunTime:0.013064s ]
INFO: [ view_filter ] --START--
INFO: Run Behavior\WriteHtmlCacheBehavior [ RunTime:0.000434s ]
INFO: [ view_filter ] --END-- [ RunTime:0.000465s ]
INFO: [ app_end ] --START--
INFO: Run Behavior\ShowPageTraceBehavior [ RunTime:0.000681s ]
INFO: [ app_end ] --END-- [ RunTime:0.000725s ]

[ 2019-08-19T01:28:39+08:00 ] 127.0.0.1 /efucms.php?m=Admin&c=Product&a=index
INFO: [ app_init ] --START--
INFO: Run Behavior\BuildLiteBehavior [ RunTime:0.000010s ]
INFO: [ app_init ] --END-- [ RunTime:0.000455s ]
INFO: [ app_begin ] --START--
INFO: Run Behavior\ReadHtmlCacheBehavior [ RunTime:0.000662s ]
INFO: [ app_begin ] --END-- [ RunTime:0.000710s ]
SQL: SHOW COLUMNS FROM `vv_config` [ RunTime:0.0090s ]
SQL: SELECT * FROM `vv_config`  [ RunTime:0.0004s ]
NOTIC: [8] unserialize(): Error at offset 75 of 79 bytes D:\wwwroot\demo.52jscn.com\Application\Admin\Controller\AdminController.class.php 第 36 行.
NOTIC: [8] unserialize(): Error at offset 45 of 108 bytes D:\wwwroot\demo.52jscn.com\Application\Admin\Controller\AdminController.class.php 第 36 行.
NOTIC: [8] Undefined index: title D:\wwwroot\demo.52jscn.com\Application\Admin\Controller\ProductController.class.php 第 7 行.
NOTIC: [8] Undefined index: order D:\wwwroot\demo.52jscn.com\Application\Admin\Controller\ProductController.class.php 第 14 行.
NOTIC: [8] Undefined variable: where D:\wwwroot\demo.52jscn.com\Application\Admin\Controller\ProductController.class.php 第 18 行.
SQL: SHOW COLUMNS FROM `vv_mh_list` [ RunTime:0.0198s ]
SQL: SELECT COUNT(*) AS tp_count FROM `vv_mh_list` LIMIT 1   [ RunTime:0.0005s ]
SQL: SELECT * FROM `vv_mh_list` ORDER BY sort desc,id desc LIMIT 0,25   [ RunTime:0.0025s ]
INFO: [ view_parse ] --START--
INFO: [ template_filter ] --START--
INFO: Run Behavior\ContentReplaceBehavior [ RunTime:0.000139s ]
INFO: [ template_filter ] --END-- [ RunTime:0.000173s ]
NOTIC: [8] Undefined index: title D:\wwwroot\demo.52jscn.com\Application\Runtime\Cache\Admin\34e4b095905075aaede5ee9039415509.php 第 251 行.
NOTIC: [8] Undefined index: order D:\wwwroot\demo.52jscn.com\Application\Runtime\Cache\Admin\34e4b095905075aaede5ee9039415509.php 第 264 行.
NOTIC: [8] Undefined index: order D:\wwwroot\demo.52jscn.com\Application\Runtime\Cache\Admin\34e4b095905075aaede5ee9039415509.php 第 266 行.
NOTIC: [8] Undefined index: order D:\wwwroot\demo.52jscn.com\Application\Runtime\Cache\Admin\34e4b095905075aaede5ee9039415509.php 第 277 行.
NOTIC: [8] Undefined index: order D:\wwwroot\demo.52jscn.com\Application\Runtime\Cache\Admin\34e4b095905075aaede5ee9039415509.php 第 279 行.
NOTIC: [8] Undefined index: order D:\wwwroot\demo.52jscn.com\Application\Runtime\Cache\Admin\34e4b095905075aaede5ee9039415509.php 第 283 行.
NOTIC: [8] Undefined index: order D:\wwwroot\demo.52jscn.com\Application\Runtime\Cache\Admin\34e4b095905075aaede5ee9039415509.php 第 285 行.
NOTIC: [8] Undefined index: order D:\wwwroot\demo.52jscn.com\Application\Runtime\Cache\Admin\34e4b095905075aaede5ee9039415509.php 第 289 行.
NOTIC: [8] Undefined index: order D:\wwwroot\demo.52jscn.com\Application\Runtime\Cache\Admin\34e4b095905075aaede5ee9039415509.php 第 291 行.
INFO: Run Behavior\ParseTemplateBehavior [ RunTime:0.015735s ]
INFO: [ view_parse ] --END-- [ RunTime:0.015906s ]
INFO: [ view_filter ] --START--
INFO: Run Behavior\WriteHtmlCacheBehavior [ RunTime:0.000420s ]
INFO: [ view_filter ] --END-- [ RunTime:0.000459s ]
INFO: [ app_end ] --START--
INFO: Run Behavior\ShowPageTraceBehavior [ RunTime:0.000670s ]
INFO: [ app_end ] --END-- [ RunTime:0.000713s ]

[ 2019-08-19T01:28:46+08:00 ] 127.0.0.1 /efucms.php?m=Admin&c=Product&a=index
INFO: [ app_init ] --START--
INFO: Run Behavior\BuildLiteBehavior [ RunTime:0.000009s ]
INFO: [ app_init ] --END-- [ RunTime:0.000435s ]
INFO: [ app_begin ] --START--
INFO: Run Behavior\ReadHtmlCacheBehavior [ RunTime:0.000571s ]
INFO: [ app_begin ] --END-- [ RunTime:0.000606s ]
SQL: SHOW COLUMNS FROM `vv_config` [ RunTime:0.0107s ]
SQL: SELECT * FROM `vv_config`  [ RunTime:0.0007s ]
NOTIC: [8] unserialize(): Error at offset 75 of 79 bytes D:\wwwroot\demo.52jscn.com\Application\Admin\Controller\AdminController.class.php 第 36 行.
NOTIC: [8] unserialize(): Error at offset 45 of 108 bytes D:\wwwroot\demo.52jscn.com\Application\Admin\Controller\AdminController.class.php 第 36 行.
NOTIC: [8] Undefined index: title D:\wwwroot\demo.52jscn.com\Application\Admin\Controller\ProductController.class.php 第 7 行.
NOTIC: [8] Undefined index: order D:\wwwroot\demo.52jscn.com\Application\Admin\Controller\ProductController.class.php 第 14 行.
NOTIC: [8] Undefined variable: where D:\wwwroot\demo.52jscn.com\Application\Admin\Controller\ProductController.class.php 第 18 行.
SQL: SHOW COLUMNS FROM `vv_mh_list` [ RunTime:0.0108s ]
SQL: SELECT COUNT(*) AS tp_count FROM `vv_mh_list` LIMIT 1   [ RunTime:0.0003s ]
SQL: SELECT * FROM `vv_mh_list` ORDER BY sort desc,id desc LIMIT 0,25   [ RunTime:0.0021s ]
INFO: [ view_parse ] --START--
INFO: [ template_filter ] --START--
INFO: Run Behavior\ContentReplaceBehavior [ RunTime:0.000140s ]
INFO: [ template_filter ] --END-- [ RunTime:0.000176s ]
NOTIC: [8] Undefined index: title D:\wwwroot\demo.52jscn.com\Application\Runtime\Cache\Admin\34e4b095905075aaede5ee9039415509.php 第 251 行.
NOTIC: [8] Undefined index: order D:\wwwroot\demo.52jscn.com\Application\Runtime\Cache\Admin\34e4b095905075aaede5ee9039415509.php 第 264 行.
NOTIC: [8] Undefined index: order D:\wwwroot\demo.52jscn.com\Application\Runtime\Cache\Admin\34e4b095905075aaede5ee9039415509.php 第 266 行.
NOTIC: [8] Undefined index: order D:\wwwroot\demo.52jscn.com\Application\Runtime\Cache\Admin\34e4b095905075aaede5ee9039415509.php 第 277 行.
NOTIC: [8] Undefined index: order D:\wwwroot\demo.52jscn.com\Application\Runtime\Cache\Admin\34e4b095905075aaede5ee9039415509.php 第 279 行.
NOTIC: [8] Undefined index: order D:\wwwroot\demo.52jscn.com\Application\Runtime\Cache\Admin\34e4b095905075aaede5ee9039415509.php 第 283 行.
NOTIC: [8] Undefined index: order D:\wwwroot\demo.52jscn.com\Application\Runtime\Cache\Admin\34e4b095905075aaede5ee9039415509.php 第 285 行.
NOTIC: [8] Undefined index: order D:\wwwroot\demo.52jscn.com\Application\Runtime\Cache\Admin\34e4b095905075aaede5ee9039415509.php 第 289 行.
NOTIC: [8] Undefined index: order D:\wwwroot\demo.52jscn.com\Application\Runtime\Cache\Admin\34e4b095905075aaede5ee9039415509.php 第 291 行.
INFO: Run Behavior\ParseTemplateBehavior [ RunTime:0.012611s ]
INFO: [ view_parse ] --END-- [ RunTime:0.012711s ]
INFO: [ view_filter ] --START--
INFO: Run Behavior\WriteHtmlCacheBehavior [ RunTime:0.000449s ]
INFO: [ view_filter ] --END-- [ RunTime:0.000480s ]
INFO: [ app_end ] --START--
INFO: Run Behavior\ShowPageTraceBehavior [ RunTime:0.000685s ]
INFO: [ app_end ] --END-- [ RunTime:0.000728s ]

[ 2019-08-19T01:33:00+08:00 ] 127.0.0.1 /efucms.php?m=Admin&c=Product&a=index
INFO: [ app_init ] --START--
INFO: Run Behavior\BuildLiteBehavior [ RunTime:0.000011s ]
INFO: [ app_init ] --END-- [ RunTime:0.000448s ]
INFO: [ app_begin ] --START--
INFO: Run Behavior\ReadHtmlCacheBehavior [ RunTime:0.000613s ]
INFO: [ app_begin ] --END-- [ RunTime:0.000654s ]
SQL: SHOW COLUMNS FROM `vv_config` [ RunTime:0.0184s ]
SQL: SELECT * FROM `vv_config`  [ RunTime:0.0008s ]
NOTIC: [8] unserialize(): Error at offset 75 of 79 bytes D:\wwwroot\demo.52jscn.com\Application\Admin\Controller\AdminController.class.php 第 36 行.
NOTIC: [8] unserialize(): Error at offset 45 of 108 bytes D:\wwwroot\demo.52jscn.com\Application\Admin\Controller\AdminController.class.php 第 36 行.
NOTIC: [8] Undefined index: title D:\wwwroot\demo.52jscn.com\Application\Admin\Controller\ProductController.class.php 第 7 行.
NOTIC: [8] Undefined index: order D:\wwwroot\demo.52jscn.com\Application\Admin\Controller\ProductController.class.php 第 14 行.
NOTIC: [8] Undefined variable: where D:\wwwroot\demo.52jscn.com\Application\Admin\Controller\ProductController.class.php 第 18 行.
SQL: SHOW COLUMNS FROM `vv_mh_list` [ RunTime:0.0099s ]
SQL: SELECT COUNT(*) AS tp_count FROM `vv_mh_list` LIMIT 1   [ RunTime:0.0003s ]
SQL: SELECT * FROM `vv_mh_list` ORDER BY sort desc,id desc LIMIT 0,25   [ RunTime:0.0022s ]
INFO: [ view_parse ] --START--
INFO: [ template_filter ] --START--
INFO: Run Behavior\ContentReplaceBehavior [ RunTime:0.000146s ]
INFO: [ template_filter ] --END-- [ RunTime:0.000181s ]
NOTIC: [8] Undefined index: title D:\wwwroot\demo.52jscn.com\Application\Runtime\Cache\Admin\34e4b095905075aaede5ee9039415509.php 第 251 行.
NOTIC: [8] Undefined index: order D:\wwwroot\demo.52jscn.com\Application\Runtime\Cache\Admin\34e4b095905075aaede5ee9039415509.php 第 264 行.
NOTIC: [8] Undefined index: order D:\wwwroot\demo.52jscn.com\Application\Runtime\Cache\Admin\34e4b095905075aaede5ee9039415509.php 第 266 行.
NOTIC: [8] Undefined index: order D:\wwwroot\demo.52jscn.com\Application\Runtime\Cache\Admin\34e4b095905075aaede5ee9039415509.php 第 277 行.
NOTIC: [8] Undefined index: order D:\wwwroot\demo.52jscn.com\Application\Runtime\Cache\Admin\34e4b095905075aaede5ee9039415509.php 第 279 行.
NOTIC: [8] Undefined index: order D:\wwwroot\demo.52jscn.com\Application\Runtime\Cache\Admin\34e4b095905075aaede5ee9039415509.php 第 283 行.
NOTIC: [8] Undefined index: order D:\wwwroot\demo.52jscn.com\Application\Runtime\Cache\Admin\34e4b095905075aaede5ee9039415509.php 第 285 行.
NOTIC: [8] Undefined index: order D:\wwwroot\demo.52jscn.com\Application\Runtime\Cache\Admin\34e4b095905075aaede5ee9039415509.php 第 289 行.
NOTIC: [8] Undefined index: order D:\wwwroot\demo.52jscn.com\Application\Runtime\Cache\Admin\34e4b095905075aaede5ee9039415509.php 第 291 行.
INFO: Run Behavior\ParseTemplateBehavior [ RunTime:0.014757s ]
INFO: [ view_parse ] --END-- [ RunTime:0.014890s ]
INFO: [ view_filter ] --START--
INFO: Run Behavior\WriteHtmlCacheBehavior [ RunTime:0.000435s ]
INFO: [ view_filter ] --END-- [ RunTime:0.000466s ]
INFO: [ app_end ] --START--
INFO: Run Behavior\ShowPageTraceBehavior [ RunTime:0.000675s ]
INFO: [ app_end ] --END-- [ RunTime:0.000720s ]

