[ 2019-05-30T18:09:14+08:00 ] 58.246.221.163 /efucms.php
INFO: [ app_init ] --START--
INFO: Run Behavior\BuildLiteBehavior [ RunTime:0.000015s ]
INFO: [ app_init ] --END-- [ RunTime:0.000479s ]
INFO: [ app_begin ] --START--
INFO: Run Behavior\ReadHtmlCacheBehavior [ RunTime:0.000587s ]
INFO: [ app_begin ] --END-- [ RunTime:0.000640s ]
INFO: [ view_parse ] --START--
INFO: [ template_filter ] --START--
INFO: Run Behavior\ContentReplaceBehavior [ RunTime:0.000068s ]
INFO: [ template_filter ] --END-- [ RunTime:0.000143s ]
INFO: Run Behavior\ParseTemplateBehavior [ RunTime:0.010273s ]
INFO: [ view_parse ] --END-- [ RunTime:0.010345s ]
INFO: [ view_filter ] --START--
INFO: Run Behavior\WriteHtmlCacheBehavior [ RunTime:0.000341s ]
INFO: [ view_filter ] --END-- [ RunTime:0.000390s ]

[ 2019-05-30T18:09:17+08:00 ] 101.89.239.230 /efucms.php
INFO: [ app_init ] --START--
INFO: Run Behavior\BuildLiteBehavior [ RunTime:0.000011s ]
INFO: [ app_init ] --END-- [ RunTime:0.000326s ]
INFO: [ app_begin ] --START--
INFO: Run Behavior\ReadHtmlCacheBehavior [ RunTime:0.000414s ]
INFO: [ app_begin ] --END-- [ RunTime:0.000463s ]
INFO: [ view_parse ] --START--
INFO: [ template_filter ] --START--
INFO: Run Behavior\ContentReplaceBehavior [ RunTime:0.000036s ]
INFO: [ template_filter ] --END-- [ RunTime:0.000075s ]
INFO: Run Behavior\ParseTemplateBehavior [ RunTime:0.005623s ]
INFO: [ view_parse ] --END-- [ RunTime:0.005669s ]
INFO: [ view_filter ] --START--
INFO: Run Behavior\WriteHtmlCacheBehavior [ RunTime:0.000299s ]
INFO: [ view_filter ] --END-- [ RunTime:0.000331s ]

[ 2019-05-30T18:09:20+08:00 ] 101.89.239.230 /efucms.php?m=Admin&c=Index&a=login
INFO: [ app_init ] --START--
INFO: Run Behavior\BuildLiteBehavior [ RunTime:0.000012s ]
INFO: [ app_init ] --END-- [ RunTime:0.000357s ]
INFO: [ app_begin ] --START--
INFO: Run Behavior\ReadHtmlCacheBehavior [ RunTime:0.000467s ]
INFO: [ app_begin ] --END-- [ RunTime:0.000510s ]
SQL: SHOW COLUMNS FROM `vv_config` [ RunTime:0.0006s ]
SQL: SELECT * FROM `vv_config`  [ RunTime:0.0004s ]
NOTIC: [8] unserialize(): Error at offset 75 of 79 bytes /www/wwwroot/book.22555522.com/Application/Admin/Controller/AdminController.class.php 第 36 行.
NOTIC: [8] unserialize(): Error at offset 45 of 108 bytes /www/wwwroot/book.22555522.com/Application/Admin/Controller/AdminController.class.php 第 36 行.
INFO: [ view_parse ] --START--
INFO: [ template_filter ] --START--
INFO: Run Behavior\ContentReplaceBehavior [ RunTime:0.000045s ]
INFO: [ template_filter ] --END-- [ RunTime:0.000084s ]
INFO: Run Behavior\ParseTemplateBehavior [ RunTime:0.006031s ]
INFO: [ view_parse ] --END-- [ RunTime:0.006100s ]
INFO: [ view_filter ] --START--
INFO: Run Behavior\WriteHtmlCacheBehavior [ RunTime:0.000319s ]
INFO: [ view_filter ] --END-- [ RunTime:0.000352s ]
INFO: [ app_end ] --START--
INFO: Run Behavior\ShowPageTraceBehavior [ RunTime:0.000488s ]
INFO: [ app_end ] --END-- [ RunTime:0.000524s ]

[ 2019-05-30T18:16:37+08:00 ] 106.110.167.48 /efucms.php
INFO: [ app_init ] --START--
INFO: Run Behavior\BuildLiteBehavior [ RunTime:0.000011s ]
INFO: [ app_init ] --END-- [ RunTime:0.000322s ]
INFO: [ app_begin ] --START--
INFO: Run Behavior\ReadHtmlCacheBehavior [ RunTime:0.000472s ]
INFO: [ app_begin ] --END-- [ RunTime:0.000524s ]
INFO: [ view_parse ] --START--
INFO: [ template_filter ] --START--
INFO: Run Behavior\ContentReplaceBehavior [ RunTime:0.000037s ]
INFO: [ template_filter ] --END-- [ RunTime:0.000082s ]
INFO: Run Behavior\ParseTemplateBehavior [ RunTime:0.005800s ]
INFO: [ view_parse ] --END-- [ RunTime:0.005876s ]
INFO: [ view_filter ] --START--
INFO: Run Behavior\WriteHtmlCacheBehavior [ RunTime:0.000245s ]
INFO: [ view_filter ] --END-- [ RunTime:0.000278s ]

[ 2019-05-30T18:16:40+08:00 ] 106.110.167.48 /efucms.php?m=Admin&c=Index&a=login
INFO: [ app_init ] --START--
INFO: Run Behavior\BuildLiteBehavior [ RunTime:0.000012s ]
INFO: [ app_init ] --END-- [ RunTime:0.000351s ]
INFO: [ app_begin ] --START--
INFO: Run Behavior\ReadHtmlCacheBehavior [ RunTime:0.000478s ]
INFO: [ app_begin ] --END-- [ RunTime:0.000515s ]
SQL: SHOW COLUMNS FROM `vv_config` [ RunTime:0.0015s ]
SQL: SELECT * FROM `vv_config`  [ RunTime:0.0007s ]
NOTIC: [8] unserialize(): Error at offset 75 of 79 bytes /www/wwwroot/book.22555522.com/Application/Admin/Controller/AdminController.class.php 第 36 行.
NOTIC: [8] unserialize(): Error at offset 45 of 108 bytes /www/wwwroot/book.22555522.com/Application/Admin/Controller/AdminController.class.php 第 36 行.
INFO: [ view_parse ] --START--
INFO: [ template_filter ] --START--
INFO: Run Behavior\ContentReplaceBehavior [ RunTime:0.000074s ]
INFO: [ template_filter ] --END-- [ RunTime:0.000140s ]
INFO: Run Behavior\ParseTemplateBehavior [ RunTime:0.010893s ]
INFO: [ view_parse ] --END-- [ RunTime:0.010965s ]
INFO: [ view_filter ] --START--
INFO: Run Behavior\WriteHtmlCacheBehavior [ RunTime:0.000377s ]
INFO: [ view_filter ] --END-- [ RunTime:0.000437s ]
INFO: [ app_end ] --START--
INFO: Run Behavior\ShowPageTraceBehavior [ RunTime:0.002878s ]
INFO: [ app_end ] --END-- [ RunTime:0.002942s ]

[ 2019-05-30T18:16:43+08:00 ] 180.163.220.5 /efucms.php
INFO: [ app_init ] --START--
INFO: Run Behavior\BuildLiteBehavior [ RunTime:0.000011s ]
INFO: [ app_init ] --END-- [ RunTime:0.000322s ]
INFO: [ app_begin ] --START--
INFO: Run Behavior\ReadHtmlCacheBehavior [ RunTime:0.000425s ]
INFO: [ app_begin ] --END-- [ RunTime:0.000477s ]
INFO: [ view_parse ] --START--
INFO: [ template_filter ] --START--
INFO: Run Behavior\ContentReplaceBehavior [ RunTime:0.000071s ]
INFO: [ template_filter ] --END-- [ RunTime:0.000158s ]
INFO: Run Behavior\ParseTemplateBehavior [ RunTime:0.010239s ]
INFO: [ view_parse ] --END-- [ RunTime:0.010296s ]
INFO: [ view_filter ] --START--
INFO: Run Behavior\WriteHtmlCacheBehavior [ RunTime:0.000238s ]
INFO: [ view_filter ] --END-- [ RunTime:0.000277s ]

[ 2019-05-30T18:16:44+08:00 ] 180.163.220.5 /efucms.php?m=Admin&c=Index&a=login
INFO: [ app_init ] --START--
INFO: Run Behavior\BuildLiteBehavior [ RunTime:0.000014s ]
INFO: [ app_init ] --END-- [ RunTime:0.000459s ]
INFO: [ app_begin ] --START--
INFO: Run Behavior\ReadHtmlCacheBehavior [ RunTime:0.000591s ]
INFO: [ app_begin ] --END-- [ RunTime:0.000645s ]
SQL: SHOW COLUMNS FROM `vv_config` [ RunTime:0.0008s ]
SQL: SELECT * FROM `vv_config`  [ RunTime:0.0003s ]
NOTIC: [8] unserialize(): Error at offset 75 of 79 bytes /www/wwwroot/book.22555522.com/Application/Admin/Controller/AdminController.class.php 第 36 行.
NOTIC: [8] unserialize(): Error at offset 45 of 108 bytes /www/wwwroot/book.22555522.com/Application/Admin/Controller/AdminController.class.php 第 36 行.
INFO: [ view_parse ] --START--
INFO: [ template_filter ] --START--
INFO: Run Behavior\ContentReplaceBehavior [ RunTime:0.000038s ]
INFO: [ template_filter ] --END-- [ RunTime:0.000081s ]
INFO: Run Behavior\ParseTemplateBehavior [ RunTime:0.005939s ]
INFO: [ view_parse ] --END-- [ RunTime:0.005985s ]
INFO: [ view_filter ] --START--
INFO: Run Behavior\WriteHtmlCacheBehavior [ RunTime:0.000240s ]
INFO: [ view_filter ] --END-- [ RunTime:0.000282s ]
INFO: [ app_end ] --START--
INFO: Run Behavior\ShowPageTraceBehavior [ RunTime:0.000496s ]
INFO: [ app_end ] --END-- [ RunTime:0.000533s ]

[ 2019-05-30T18:17:13+08:00 ] 180.163.220.5 /efucms.php?m=Admin&c=Index&a=login
INFO: [ app_init ] --START--
INFO: Run Behavior\BuildLiteBehavior [ RunTime:0.000012s ]
INFO: [ app_init ] --END-- [ RunTime:0.000319s ]
INFO: [ app_begin ] --START--
INFO: Run Behavior\ReadHtmlCacheBehavior [ RunTime:0.000478s ]
INFO: [ app_begin ] --END-- [ RunTime:0.000516s ]
SQL: SHOW COLUMNS FROM `vv_config` [ RunTime:0.0010s ]
SQL: SELECT * FROM `vv_config`  [ RunTime:0.0004s ]
NOTIC: [8] unserialize(): Error at offset 75 of 79 bytes /www/wwwroot/book.22555522.com/Application/Admin/Controller/AdminController.class.php 第 36 行.
NOTIC: [8] unserialize(): Error at offset 45 of 108 bytes /www/wwwroot/book.22555522.com/Application/Admin/Controller/AdminController.class.php 第 36 行.
INFO: [ view_parse ] --START--
INFO: [ template_filter ] --START--
INFO: Run Behavior\ContentReplaceBehavior [ RunTime:0.000039s ]
INFO: [ template_filter ] --END-- [ RunTime:0.000073s ]
INFO: Run Behavior\ParseTemplateBehavior [ RunTime:0.006203s ]
INFO: [ view_parse ] --END-- [ RunTime:0.006243s ]
INFO: [ view_filter ] --START--
INFO: Run Behavior\WriteHtmlCacheBehavior [ RunTime:0.000256s ]
INFO: [ view_filter ] --END-- [ RunTime:0.000290s ]
INFO: [ app_end ] --START--
INFO: Run Behavior\ShowPageTraceBehavior [ RunTime:0.000513s ]
INFO: [ app_end ] --END-- [ RunTime:0.000559s ]

[ 2019-05-30T18:17:32+08:00 ] 106.110.167.48 /efucms.php?m=Admin&c=Index&a=login
INFO: [ app_init ] --START--
INFO: Run Behavior\BuildLiteBehavior [ RunTime:0.000011s ]
INFO: [ app_init ] --END-- [ RunTime:0.000347s ]
INFO: [ app_begin ] --START--
INFO: Run Behavior\ReadHtmlCacheBehavior [ RunTime:0.000547s ]
INFO: [ app_begin ] --END-- [ RunTime:0.000591s ]
SQL: SHOW COLUMNS FROM `vv_config` [ RunTime:0.0012s ]
SQL: SELECT * FROM `vv_config`  [ RunTime:0.0006s ]
NOTIC: [8] unserialize(): Error at offset 75 of 79 bytes /www/wwwroot/book.22555522.com/Application/Admin/Controller/AdminController.class.php 第 36 行.
NOTIC: [8] unserialize(): Error at offset 45 of 108 bytes /www/wwwroot/book.22555522.com/Application/Admin/Controller/AdminController.class.php 第 36 行.
SQL: SHOW COLUMNS FROM `vv_admin` [ RunTime:0.0011s ]
SQL: SELECT * FROM `vv_admin` WHERE ( username='admin' ) LIMIT 1   [ RunTime:0.0004s ]

[ 2019-05-30T18:17:32+08:00 ] 106.110.167.48 /efucms.php?m=Admin&c=Admin&a=welcome
INFO: [ app_init ] --START--
INFO: Run Behavior\BuildLiteBehavior [ RunTime:0.000010s ]
INFO: [ app_init ] --END-- [ RunTime:0.000288s ]
INFO: [ app_begin ] --START--
INFO: Run Behavior\ReadHtmlCacheBehavior [ RunTime:0.000424s ]
INFO: [ app_begin ] --END-- [ RunTime:0.000471s ]
SQL: SHOW COLUMNS FROM `vv_config` [ RunTime:0.0009s ]
SQL: SELECT * FROM `vv_config`  [ RunTime:0.0004s ]
NOTIC: [8] unserialize(): Error at offset 75 of 79 bytes /www/wwwroot/book.22555522.com/Application/Admin/Controller/AdminController.class.php 第 36 行.
NOTIC: [8] unserialize(): Error at offset 45 of 108 bytes /www/wwwroot/book.22555522.com/Application/Admin/Controller/AdminController.class.php 第 36 行.
NOTIC: [8] Undefined variable: info /www/wwwroot/book.22555522.com/Application/Admin/Controller/AdminController.class.php 第 45 行.
INFO: [ view_parse ] --START--
INFO: [ template_filter ] --START--
INFO: Run Behavior\ContentReplaceBehavior [ RunTime:0.000053s ]
INFO: [ template_filter ] --END-- [ RunTime:0.000090s ]
INFO: Run Behavior\ParseTemplateBehavior [ RunTime:0.012006s ]
INFO: [ view_parse ] --END-- [ RunTime:0.012043s ]
INFO: [ view_filter ] --START--
INFO: Run Behavior\WriteHtmlCacheBehavior [ RunTime:0.000214s ]
INFO: [ view_filter ] --END-- [ RunTime:0.000243s ]
INFO: [ app_end ] --START--
INFO: Run Behavior\ShowPageTraceBehavior [ RunTime:0.000392s ]
INFO: [ app_end ] --END-- [ RunTime:0.000424s ]

[ 2019-05-30T18:17:54+08:00 ] 106.110.167.48 /efucms.php?m=Admin&c=Config&a=yyb
INFO: [ app_init ] --START--
INFO: Run Behavior\BuildLiteBehavior [ RunTime:0.000012s ]
INFO: [ app_init ] --END-- [ RunTime:0.000394s ]
INFO: [ app_begin ] --START--
INFO: Run Behavior\ReadHtmlCacheBehavior [ RunTime:0.000537s ]
INFO: [ app_begin ] --END-- [ RunTime:0.000597s ]
SQL: SHOW COLUMNS FROM `vv_config` [ RunTime:0.0009s ]
SQL: SELECT * FROM `vv_config`  [ RunTime:0.0004s ]
NOTIC: [8] unserialize(): Error at offset 75 of 79 bytes /www/wwwroot/book.22555522.com/Application/Admin/Controller/AdminController.class.php 第 36 行.
NOTIC: [8] unserialize(): Error at offset 45 of 108 bytes /www/wwwroot/book.22555522.com/Application/Admin/Controller/AdminController.class.php 第 36 行.
INFO: [ view_parse ] --START--
INFO: [ template_filter ] --START--
INFO: Run Behavior\ContentReplaceBehavior [ RunTime:0.000059s ]
INFO: [ template_filter ] --END-- [ RunTime:0.000104s ]
INFO: Run Behavior\ParseTemplateBehavior [ RunTime:0.012113s ]
INFO: [ view_parse ] --END-- [ RunTime:0.012181s ]
INFO: [ view_filter ] --START--
INFO: Run Behavior\WriteHtmlCacheBehavior [ RunTime:0.000257s ]
INFO: [ view_filter ] --END-- [ RunTime:0.000290s ]
INFO: [ app_end ] --START--
INFO: Run Behavior\ShowPageTraceBehavior [ RunTime:0.000493s ]
INFO: [ app_end ] --END-- [ RunTime:0.000532s ]

[ 2019-05-30T18:18:04+08:00 ] 106.110.167.48 /efucms.php?m=Admin&c=Member&a=index
INFO: [ app_init ] --START--
INFO: Run Behavior\BuildLiteBehavior [ RunTime:0.000014s ]
INFO: [ app_init ] --END-- [ RunTime:0.000341s ]
INFO: [ app_begin ] --START--
INFO: Run Behavior\ReadHtmlCacheBehavior [ RunTime:0.000425s ]
INFO: [ app_begin ] --END-- [ RunTime:0.000467s ]
SQL: SHOW COLUMNS FROM `vv_config` [ RunTime:0.0007s ]
SQL: SELECT * FROM `vv_config`  [ RunTime:0.0004s ]
NOTIC: [8] unserialize(): Error at offset 75 of 79 bytes /www/wwwroot/book.22555522.com/Application/Admin/Controller/AdminController.class.php 第 36 行.
NOTIC: [8] unserialize(): Error at offset 45 of 108 bytes /www/wwwroot/book.22555522.com/Application/Admin/Controller/AdminController.class.php 第 36 行.
SQL: SHOW COLUMNS FROM `vv_member` [ RunTime:0.0007s ]
SQL: SELECT COUNT(*) AS tp_count FROM `vv_member` LIMIT 1   [ RunTime:0.0002s ]
SQL: SELECT * FROM `vv_member` ORDER BY id desc LIMIT 0,25   [ RunTime:0.0017s ]
SQL: SHOW COLUMNS FROM `vv_m_withdraw` [ RunTime:0.0005s ]
SQL: SELECT COUNT(*) AS tp_count FROM `vv_m_withdraw` WHERE `mid` = 3 AND `status` < 2 LIMIT 1   [ RunTime:0.0002s ]
SQL: SELECT COUNT(*) AS tp_count FROM `vv_m_withdraw` WHERE `mid` = 2 AND `status` < 2 LIMIT 1   [ RunTime:0.0002s ]
SQL: SELECT COUNT(*) AS tp_count FROM `vv_m_withdraw` WHERE `mid` = 1 AND `status` < 2 LIMIT 1   [ RunTime:0.0002s ]
INFO: [ view_parse ] --START--
INFO: [ template_filter ] --START--
INFO: Run Behavior\ContentReplaceBehavior [ RunTime:0.000069s ]
INFO: [ template_filter ] --END-- [ RunTime:0.000132s ]
INFO: Run Behavior\ParseTemplateBehavior [ RunTime:0.014307s ]
INFO: [ view_parse ] --END-- [ RunTime:0.014347s ]
INFO: [ view_filter ] --START--
INFO: Run Behavior\WriteHtmlCacheBehavior [ RunTime:0.000249s ]
INFO: [ view_filter ] --END-- [ RunTime:0.000279s ]
INFO: [ app_end ] --START--
INFO: Run Behavior\ShowPageTraceBehavior [ RunTime:0.000468s ]
INFO: [ app_end ] --END-- [ RunTime:0.000505s ]

[ 2019-05-30T18:18:09+08:00 ] 106.110.167.48 /efucms.php?m=Admin&c=Book&a=index
INFO: [ app_init ] --START--
INFO: Run Behavior\BuildLiteBehavior [ RunTime:0.000011s ]
INFO: [ app_init ] --END-- [ RunTime:0.000474s ]
INFO: [ app_begin ] --START--
INFO: Run Behavior\ReadHtmlCacheBehavior [ RunTime:0.000455s ]
INFO: [ app_begin ] --END-- [ RunTime:0.000495s ]
SQL: SHOW COLUMNS FROM `vv_config` [ RunTime:0.0008s ]
SQL: SELECT * FROM `vv_config`  [ RunTime:0.0004s ]
NOTIC: [8] unserialize(): Error at offset 75 of 79 bytes /www/wwwroot/book.22555522.com/Application/Admin/Controller/AdminController.class.php 第 36 行.
NOTIC: [8] unserialize(): Error at offset 45 of 108 bytes /www/wwwroot/book.22555522.com/Application/Admin/Controller/AdminController.class.php 第 36 行.
NOTIC: [8] Undefined index: title /www/wwwroot/book.22555522.com/Application/Admin/Controller/BookController.class.php 第 7 行.
NOTIC: [8] Undefined index: order /www/wwwroot/book.22555522.com/Application/Admin/Controller/BookController.class.php 第 14 行.
NOTIC: [8] Undefined variable: where /www/wwwroot/book.22555522.com/Application/Admin/Controller/BookController.class.php 第 18 行.
SQL: SHOW COLUMNS FROM `vv_book` [ RunTime:0.0008s ]
SQL: SELECT COUNT(*) AS tp_count FROM `vv_book` LIMIT 1   [ RunTime:0.0001s ]
SQL: SELECT * FROM `vv_book` ORDER BY sort desc LIMIT 0,25   [ RunTime:0.0013s ]
INFO: [ view_parse ] --START--
INFO: [ template_filter ] --START--
INFO: Run Behavior\ContentReplaceBehavior [ RunTime:0.000105s ]
INFO: [ template_filter ] --END-- [ RunTime:0.000145s ]
NOTIC: [8] Undefined index: title /www/wwwroot/book.22555522.com/Application/Runtime/Cache/Admin/afa8c6529ef554789834553d1ae7ec47.php 第 246 行.
NOTIC: [8] Undefined index: order /www/wwwroot/book.22555522.com/Application/Runtime/Cache/Admin/afa8c6529ef554789834553d1ae7ec47.php 第 259 行.
NOTIC: [8] Undefined index: order /www/wwwroot/book.22555522.com/Application/Runtime/Cache/Admin/afa8c6529ef554789834553d1ae7ec47.php 第 261 行.
NOTIC: [8] Undefined index: order /www/wwwroot/book.22555522.com/Application/Runtime/Cache/Admin/afa8c6529ef554789834553d1ae7ec47.php 第 272 行.
NOTIC: [8] Undefined index: order /www/wwwroot/book.22555522.com/Application/Runtime/Cache/Admin/afa8c6529ef554789834553d1ae7ec47.php 第 274 行.
NOTIC: [8] Undefined index: order /www/wwwroot/book.22555522.com/Application/Runtime/Cache/Admin/afa8c6529ef554789834553d1ae7ec47.php 第 278 行.
NOTIC: [8] Undefined index: order /www/wwwroot/book.22555522.com/Application/Runtime/Cache/Admin/afa8c6529ef554789834553d1ae7ec47.php 第 280 行.
NOTIC: [8] Undefined index: order /www/wwwroot/book.22555522.com/Application/Runtime/Cache/Admin/afa8c6529ef554789834553d1ae7ec47.php 第 284 行.
NOTIC: [8] Undefined index: order /www/wwwroot/book.22555522.com/Application/Runtime/Cache/Admin/afa8c6529ef554789834553d1ae7ec47.php 第 286 行.
INFO: Run Behavior\ParseTemplateBehavior [ RunTime:0.018911s ]
INFO: [ view_parse ] --END-- [ RunTime:0.018952s ]
INFO: [ view_filter ] --START--
INFO: Run Behavior\WriteHtmlCacheBehavior [ RunTime:0.000275s ]
INFO: [ view_filter ] --END-- [ RunTime:0.000310s ]
INFO: [ app_end ] --START--
INFO: Run Behavior\ShowPageTraceBehavior [ RunTime:0.000481s ]
INFO: [ app_end ] --END-- [ RunTime:0.000520s ]

[ 2019-05-30T18:18:29+08:00 ] 106.110.167.48 /efucms.php?m=Admin&c=Book&a=edit&id=249
INFO: [ app_init ] --START--
INFO: Run Behavior\BuildLiteBehavior [ RunTime:0.000011s ]
INFO: [ app_init ] --END-- [ RunTime:0.000300s ]
INFO: [ app_begin ] --START--
INFO: Run Behavior\ReadHtmlCacheBehavior [ RunTime:0.000423s ]
INFO: [ app_begin ] --END-- [ RunTime:0.000459s ]
SQL: SHOW COLUMNS FROM `vv_config` [ RunTime:0.0008s ]
SQL: SELECT * FROM `vv_config`  [ RunTime:0.0004s ]
NOTIC: [8] unserialize(): Error at offset 75 of 79 bytes /www/wwwroot/book.22555522.com/Application/Admin/Controller/AdminController.class.php 第 36 行.
NOTIC: [8] unserialize(): Error at offset 45 of 108 bytes /www/wwwroot/book.22555522.com/Application/Admin/Controller/AdminController.class.php 第 36 行.
SQL: SHOW COLUMNS FROM `vv_book` [ RunTime:0.0008s ]
SQL: SELECT * FROM `vv_book` WHERE `id` = 249 LIMIT 1   [ RunTime:0.0002s ]
INFO: [ view_parse ] --START--
INFO: [ template_filter ] --START--
INFO: Run Behavior\ContentReplaceBehavior [ RunTime:0.000068s ]
INFO: [ template_filter ] --END-- [ RunTime:0.000132s ]
INFO: Run Behavior\ParseTemplateBehavior [ RunTime:0.016820s ]
INFO: [ view_parse ] --END-- [ RunTime:0.016870s ]
INFO: [ view_filter ] --START--
INFO: Run Behavior\WriteHtmlCacheBehavior [ RunTime:0.000207s ]
INFO: [ view_filter ] --END-- [ RunTime:0.000250s ]
INFO: [ app_end ] --START--
INFO: Run Behavior\ShowPageTraceBehavior [ RunTime:0.000417s ]
INFO: [ app_end ] --END-- [ RunTime:0.000452s ]

[ 2019-05-30T18:18:29+08:00 ] 106.110.167.48 /efucms.php?m=Admin&c=Book&a=upload&event=setPics&url=
INFO: [ app_init ] --START--
INFO: Run Behavior\BuildLiteBehavior [ RunTime:0.000025s ]
INFO: [ app_init ] --END-- [ RunTime:0.000321s ]
INFO: [ app_begin ] --START--
INFO: Run Behavior\ReadHtmlCacheBehavior [ RunTime:0.000482s ]
INFO: [ app_begin ] --END-- [ RunTime:0.000519s ]
SQL: SHOW COLUMNS FROM `vv_config` [ RunTime:0.0008s ]
SQL: SELECT * FROM `vv_config`  [ RunTime:0.0004s ]
NOTIC: [8] unserialize(): Error at offset 75 of 79 bytes /www/wwwroot/book.22555522.com/Application/Admin/Controller/AdminController.class.php 第 36 行.
NOTIC: [8] unserialize(): Error at offset 45 of 108 bytes /www/wwwroot/book.22555522.com/Application/Admin/Controller/AdminController.class.php 第 36 行.
INFO: [ view_parse ] --START--
INFO: [ template_filter ] --START--
INFO: Run Behavior\ContentReplaceBehavior [ RunTime:0.000032s ]
INFO: [ template_filter ] --END-- [ RunTime:0.000079s ]
INFO: Run Behavior\ParseTemplateBehavior [ RunTime:0.006748s ]
INFO: [ view_parse ] --END-- [ RunTime:0.006821s ]
INFO: [ view_filter ] --START--
INFO: Run Behavior\WriteHtmlCacheBehavior [ RunTime:0.000254s ]
INFO: [ view_filter ] --END-- [ RunTime:0.000318s ]
INFO: [ app_end ] --START--
INFO: Run Behavior\ShowPageTraceBehavior [ RunTime:0.000563s ]
INFO: [ app_end ] --END-- [ RunTime:0.000607s ]

[ 2019-05-30T18:18:33+08:00 ] 42.236.10.114 /efucms.php?m=Admin&c=Book&a=edit&id=249
INFO: [ app_init ] --START--
INFO: Run Behavior\BuildLiteBehavior [ RunTime:0.000011s ]
INFO: [ app_init ] --END-- [ RunTime:0.000321s ]
INFO: [ app_begin ] --START--
INFO: Run Behavior\ReadHtmlCacheBehavior [ RunTime:0.000488s ]
INFO: [ app_begin ] --END-- [ RunTime:0.000525s ]
INFO: [ view_parse ] --START--
INFO: [ template_filter ] --START--
INFO: Run Behavior\ContentReplaceBehavior [ RunTime:0.000034s ]
INFO: [ template_filter ] --END-- [ RunTime:0.000074s ]
INFO: Run Behavior\ParseTemplateBehavior [ RunTime:0.006054s ]
INFO: [ view_parse ] --END-- [ RunTime:0.006189s ]
INFO: [ view_filter ] --START--
INFO: Run Behavior\WriteHtmlCacheBehavior [ RunTime:0.000225s ]
INFO: [ view_filter ] --END-- [ RunTime:0.000270s ]

[ 2019-05-30T18:18:35+08:00 ] 42.236.10.114 /efucms.php?m=Admin&c=Index&a=login
INFO: [ app_init ] --START--
INFO: Run Behavior\BuildLiteBehavior [ RunTime:0.000011s ]
INFO: [ app_init ] --END-- [ RunTime:0.000334s ]
INFO: [ app_begin ] --START--
INFO: Run Behavior\ReadHtmlCacheBehavior [ RunTime:0.000460s ]
INFO: [ app_begin ] --END-- [ RunTime:0.000498s ]
SQL: SHOW COLUMNS FROM `vv_config` [ RunTime:0.0008s ]
SQL: SELECT * FROM `vv_config`  [ RunTime:0.0004s ]
NOTIC: [8] unserialize(): Error at offset 75 of 79 bytes /www/wwwroot/book.22555522.com/Application/Admin/Controller/AdminController.class.php 第 36 行.
NOTIC: [8] unserialize(): Error at offset 45 of 108 bytes /www/wwwroot/book.22555522.com/Application/Admin/Controller/AdminController.class.php 第 36 行.
INFO: [ view_parse ] --START--
INFO: [ template_filter ] --START--
INFO: Run Behavior\ContentReplaceBehavior [ RunTime:0.000064s ]
INFO: [ template_filter ] --END-- [ RunTime:0.000098s ]
INFO: Run Behavior\ParseTemplateBehavior [ RunTime:0.005508s ]
INFO: [ view_parse ] --END-- [ RunTime:0.005546s ]
INFO: [ view_filter ] --START--
INFO: Run Behavior\WriteHtmlCacheBehavior [ RunTime:0.000283s ]
INFO: [ view_filter ] --END-- [ RunTime:0.000330s ]
INFO: [ app_end ] --START--
INFO: Run Behavior\ShowPageTraceBehavior [ RunTime:0.000492s ]
INFO: [ app_end ] --END-- [ RunTime:0.000524s ]

[ 2019-05-30T18:18:50+08:00 ] 106.110.167.48 /efucms.php?m=Admin&c=Book&a=index
INFO: [ app_init ] --START--
INFO: Run Behavior\BuildLiteBehavior [ RunTime:0.000010s ]
INFO: [ app_init ] --END-- [ RunTime:0.000365s ]
INFO: [ app_begin ] --START--
INFO: Run Behavior\ReadHtmlCacheBehavior [ RunTime:0.000403s ]
INFO: [ app_begin ] --END-- [ RunTime:0.000439s ]
SQL: SHOW COLUMNS FROM `vv_config` [ RunTime:0.0017s ]
SQL: SELECT * FROM `vv_config`  [ RunTime:0.0008s ]
NOTIC: [8] unserialize(): Error at offset 75 of 79 bytes /www/wwwroot/book.22555522.com/Application/Admin/Controller/AdminController.class.php 第 36 行.
NOTIC: [8] unserialize(): Error at offset 45 of 108 bytes /www/wwwroot/book.22555522.com/Application/Admin/Controller/AdminController.class.php 第 36 行.
NOTIC: [8] Undefined index: title /www/wwwroot/book.22555522.com/Application/Admin/Controller/BookController.class.php 第 7 行.
NOTIC: [8] Undefined index: order /www/wwwroot/book.22555522.com/Application/Admin/Controller/BookController.class.php 第 14 行.
NOTIC: [8] Undefined variable: where /www/wwwroot/book.22555522.com/Application/Admin/Controller/BookController.class.php 第 18 行.
SQL: SHOW COLUMNS FROM `vv_book` [ RunTime:0.0016s ]
SQL: SELECT COUNT(*) AS tp_count FROM `vv_book` LIMIT 1   [ RunTime:0.0002s ]
SQL: SELECT * FROM `vv_book` ORDER BY sort desc LIMIT 0,25   [ RunTime:0.0013s ]
INFO: [ view_parse ] --START--
INFO: [ template_filter ] --START--
INFO: Run Behavior\ContentReplaceBehavior [ RunTime:0.000056s ]
INFO: [ template_filter ] --END-- [ RunTime:0.000094s ]
NOTIC: [8] Undefined index: title /www/wwwroot/book.22555522.com/Application/Runtime/Cache/Admin/afa8c6529ef554789834553d1ae7ec47.php 第 246 行.
NOTIC: [8] Undefined index: order /www/wwwroot/book.22555522.com/Application/Runtime/Cache/Admin/afa8c6529ef554789834553d1ae7ec47.php 第 259 行.
NOTIC: [8] Undefined index: order /www/wwwroot/book.22555522.com/Application/Runtime/Cache/Admin/afa8c6529ef554789834553d1ae7ec47.php 第 261 行.
NOTIC: [8] Undefined index: order /www/wwwroot/book.22555522.com/Application/Runtime/Cache/Admin/afa8c6529ef554789834553d1ae7ec47.php 第 272 行.
NOTIC: [8] Undefined index: order /www/wwwroot/book.22555522.com/Application/Runtime/Cache/Admin/afa8c6529ef554789834553d1ae7ec47.php 第 274 行.
NOTIC: [8] Undefined index: order /www/wwwroot/book.22555522.com/Application/Runtime/Cache/Admin/afa8c6529ef554789834553d1ae7ec47.php 第 278 行.
NOTIC: [8] Undefined index: order /www/wwwroot/book.22555522.com/Application/Runtime/Cache/Admin/afa8c6529ef554789834553d1ae7ec47.php 第 280 行.
NOTIC: [8] Undefined index: order /www/wwwroot/book.22555522.com/Application/Runtime/Cache/Admin/afa8c6529ef554789834553d1ae7ec47.php 第 284 行.
NOTIC: [8] Undefined index: order /www/wwwroot/book.22555522.com/Application/Runtime/Cache/Admin/afa8c6529ef554789834553d1ae7ec47.php 第 286 行.
INFO: Run Behavior\ParseTemplateBehavior [ RunTime:0.017866s ]
INFO: [ view_parse ] --END-- [ RunTime:0.017915s ]
INFO: [ view_filter ] --START--
INFO: Run Behavior\WriteHtmlCacheBehavior [ RunTime:0.000231s ]
INFO: [ view_filter ] --END-- [ RunTime:0.000263s ]
INFO: [ app_end ] --START--
INFO: Run Behavior\ShowPageTraceBehavior [ RunTime:0.001107s ]
INFO: [ app_end ] --END-- [ RunTime:0.001142s ]

[ 2019-05-30T18:19:00+08:00 ] 106.110.167.48 /efucms.php?m=Admin&c=Index&a=login
INFO: [ app_init ] --START--
INFO: Run Behavior\BuildLiteBehavior [ RunTime:0.000011s ]
INFO: [ app_init ] --END-- [ RunTime:0.000332s ]
INFO: [ app_begin ] --START--
INFO: Run Behavior\ReadHtmlCacheBehavior [ RunTime:0.000462s ]
INFO: [ app_begin ] --END-- [ RunTime:0.000501s ]
SQL: SHOW COLUMNS FROM `vv_config` [ RunTime:0.0009s ]
SQL: SELECT * FROM `vv_config`  [ RunTime:0.0004s ]
NOTIC: [8] unserialize(): Error at offset 75 of 79 bytes /www/wwwroot/book.22555522.com/Application/Admin/Controller/AdminController.class.php 第 36 行.
NOTIC: [8] unserialize(): Error at offset 45 of 108 bytes /www/wwwroot/book.22555522.com/Application/Admin/Controller/AdminController.class.php 第 36 行.
INFO: [ view_parse ] --START--
INFO: [ template_filter ] --START--
INFO: Run Behavior\ContentReplaceBehavior [ RunTime:0.000043s ]
INFO: [ template_filter ] --END-- [ RunTime:0.000081s ]
INFO: Run Behavior\ParseTemplateBehavior [ RunTime:0.006135s ]
INFO: [ view_parse ] --END-- [ RunTime:0.006174s ]
INFO: [ view_filter ] --START--
INFO: Run Behavior\WriteHtmlCacheBehavior [ RunTime:0.000210s ]
INFO: [ view_filter ] --END-- [ RunTime:0.000258s ]
INFO: [ app_end ] --START--
INFO: Run Behavior\ShowPageTraceBehavior [ RunTime:0.000444s ]
INFO: [ app_end ] --END-- [ RunTime:0.000476s ]

[ 2019-05-30T18:20:23+08:00 ] 106.110.167.48 /efucms.php?m=Admin&c=Chapurl&a=index
INFO: [ app_init ] --START--
INFO: Run Behavior\BuildLiteBehavior [ RunTime:0.000012s ]
INFO: [ app_init ] --END-- [ RunTime:0.000309s ]
INFO: [ app_begin ] --START--
INFO: Run Behavior\ReadHtmlCacheBehavior [ RunTime:0.000425s ]
INFO: [ app_begin ] --END-- [ RunTime:0.000462s ]
SQL: SHOW COLUMNS FROM `vv_config` [ RunTime:0.0014s ]
SQL: SELECT * FROM `vv_config`  [ RunTime:0.0008s ]
NOTIC: [8] unserialize(): Error at offset 75 of 79 bytes /www/wwwroot/book.22555522.com/Application/Admin/Controller/AdminController.class.php 第 36 行.
NOTIC: [8] unserialize(): Error at offset 45 of 108 bytes /www/wwwroot/book.22555522.com/Application/Admin/Controller/AdminController.class.php 第 36 行.
NOTIC: [8] Undefined index: title /www/wwwroot/book.22555522.com/Application/Admin/Controller/ChapurlController.class.php 第 7 行.
SQL: SHOW COLUMNS FROM `vv_chapter` [ RunTime:0.0014s ]
SQL: SELECT COUNT(*) AS tp_count FROM `vv_chapter` WHERE `memid` = 0 LIMIT 1   [ RunTime:0.0004s ]
SQL: SELECT * FROM `vv_chapter` WHERE `memid` = 0 ORDER BY create_time desc LIMIT 0,25   [ RunTime:0.0004s ]
INFO: [ view_parse ] --START--
INFO: [ template_filter ] --START--
INFO: Run Behavior\ContentReplaceBehavior [ RunTime:0.000064s ]
INFO: [ template_filter ] --END-- [ RunTime:0.000112s ]
NOTIC: [8] Undefined index: title /www/wwwroot/book.22555522.com/Application/Runtime/Cache/Admin/9ca01ff6bf1ffa1800427027a8463abe.php 第 251 行.
INFO: Run Behavior\ParseTemplateBehavior [ RunTime:8.264160s ]
INFO: [ view_parse ] --END-- [ RunTime:8.264283s ]
INFO: [ view_filter ] --START--
INFO: Run Behavior\WriteHtmlCacheBehavior [ RunTime:0.000279s ]
INFO: [ view_filter ] --END-- [ RunTime:0.000324s ]
INFO: [ app_end ] --START--
INFO: Run Behavior\ShowPageTraceBehavior [ RunTime:0.000497s ]
INFO: [ app_end ] --END-- [ RunTime:0.000548s ]

[ 2019-05-30T18:20:29+08:00 ] 106.110.167.48 /efucms.php?m=Admin&c=Chapurl&a=index
INFO: [ app_init ] --START--
INFO: Run Behavior\BuildLiteBehavior [ RunTime:0.000012s ]
INFO: [ app_init ] --END-- [ RunTime:0.000381s ]
INFO: [ app_begin ] --START--
INFO: Run Behavior\ReadHtmlCacheBehavior [ RunTime:0.000491s ]
INFO: [ app_begin ] --END-- [ RunTime:0.000561s ]
SQL: SHOW COLUMNS FROM `vv_config` [ RunTime:0.0008s ]
SQL: SELECT * FROM `vv_config`  [ RunTime:0.0004s ]
NOTIC: [8] unserialize(): Error at offset 75 of 79 bytes /www/wwwroot/book.22555522.com/Application/Admin/Controller/AdminController.class.php 第 36 行.
NOTIC: [8] unserialize(): Error at offset 45 of 108 bytes /www/wwwroot/book.22555522.com/Application/Admin/Controller/AdminController.class.php 第 36 行.
NOTIC: [8] Undefined index: title /www/wwwroot/book.22555522.com/Application/Admin/Controller/ChapurlController.class.php 第 7 行.
SQL: SHOW COLUMNS FROM `vv_chapter` [ RunTime:0.0006s ]
SQL: SELECT COUNT(*) AS tp_count FROM `vv_chapter` WHERE `memid` = 0 LIMIT 1   [ RunTime:0.0002s ]
SQL: SELECT * FROM `vv_chapter` WHERE `memid` = 0 ORDER BY create_time desc LIMIT 0,25   [ RunTime:0.0002s ]
INFO: [ view_parse ] --START--
INFO: [ template_filter ] --START--
INFO: Run Behavior\ContentReplaceBehavior [ RunTime:0.000056s ]
INFO: [ template_filter ] --END-- [ RunTime:0.000094s ]
NOTIC: [8] Undefined index: title /www/wwwroot/book.22555522.com/Application/Runtime/Cache/Admin/9ca01ff6bf1ffa1800427027a8463abe.php 第 251 行.
INFO: Run Behavior\ParseTemplateBehavior [ RunTime:6.304802s ]
INFO: [ view_parse ] --END-- [ RunTime:6.304861s ]
INFO: [ view_filter ] --START--
INFO: Run Behavior\WriteHtmlCacheBehavior [ RunTime:0.000375s ]
INFO: [ view_filter ] --END-- [ RunTime:0.000406s ]
INFO: [ app_end ] --START--
INFO: Run Behavior\ShowPageTraceBehavior [ RunTime:0.000549s ]
INFO: [ app_end ] --END-- [ RunTime:0.000589s ]

